[2024-12-04T13:11:32.811+0700] {processor.py:186} INFO - Started process (PID=15788) to work on /home/dea/weather-monitoring/venv/lib/python3.10/site-packages/airflow/example_dags/subdags/subdag.py
[2024-12-04T13:11:32.813+0700] {processor.py:914} INFO - Processing file /home/dea/weather-monitoring/venv/lib/python3.10/site-packages/airflow/example_dags/subdags/subdag.py for tasks to queue
[2024-12-04T13:11:32.818+0700] {logging_mixin.py:190} INFO - [2024-12-04T13:11:32.816+0700] {dagbag.py:588} INFO - Filling up the DagBag from /home/dea/weather-monitoring/venv/lib/python3.10/site-packages/airflow/example_dags/subdags/subdag.py
[2024-12-04T13:11:32.822+0700] {processor.py:927} WARNING - No viable dags retrieved from /home/dea/weather-monitoring/venv/lib/python3.10/site-packages/airflow/example_dags/subdags/subdag.py
[2024-12-04T13:11:32.841+0700] {processor.py:208} INFO - Processing /home/dea/weather-monitoring/venv/lib/python3.10/site-packages/airflow/example_dags/subdags/subdag.py took 0.057 seconds
[2024-12-04T13:12:37.812+0700] {processor.py:186} INFO - Started process (PID=16647) to work on /home/dea/weather-monitoring/venv/lib/python3.10/site-packages/airflow/example_dags/subdags/subdag.py
[2024-12-04T13:12:37.813+0700] {processor.py:914} INFO - Processing file /home/dea/weather-monitoring/venv/lib/python3.10/site-packages/airflow/example_dags/subdags/subdag.py for tasks to queue
[2024-12-04T13:12:37.816+0700] {logging_mixin.py:190} INFO - [2024-12-04T13:12:37.816+0700] {dagbag.py:588} INFO - Filling up the DagBag from /home/dea/weather-monitoring/venv/lib/python3.10/site-packages/airflow/example_dags/subdags/subdag.py
[2024-12-04T13:12:37.820+0700] {processor.py:927} WARNING - No viable dags retrieved from /home/dea/weather-monitoring/venv/lib/python3.10/site-packages/airflow/example_dags/subdags/subdag.py
[2024-12-04T13:12:37.836+0700] {processor.py:208} INFO - Processing /home/dea/weather-monitoring/venv/lib/python3.10/site-packages/airflow/example_dags/subdags/subdag.py took 0.036 seconds
[2024-12-04T13:13:45.827+0700] {processor.py:186} INFO - Started process (PID=17378) to work on /home/dea/weather-monitoring/venv/lib/python3.10/site-packages/airflow/example_dags/subdags/subdag.py
[2024-12-04T13:13:45.829+0700] {processor.py:914} INFO - Processing file /home/dea/weather-monitoring/venv/lib/python3.10/site-packages/airflow/example_dags/subdags/subdag.py for tasks to queue
[2024-12-04T13:13:45.835+0700] {logging_mixin.py:190} INFO - [2024-12-04T13:13:45.834+0700] {dagbag.py:588} INFO - Filling up the DagBag from /home/dea/weather-monitoring/venv/lib/python3.10/site-packages/airflow/example_dags/subdags/subdag.py
[2024-12-04T13:13:45.841+0700] {processor.py:927} WARNING - No viable dags retrieved from /home/dea/weather-monitoring/venv/lib/python3.10/site-packages/airflow/example_dags/subdags/subdag.py
[2024-12-04T13:13:45.861+0700] {processor.py:208} INFO - Processing /home/dea/weather-monitoring/venv/lib/python3.10/site-packages/airflow/example_dags/subdags/subdag.py took 0.049 seconds
[2024-12-04T13:31:55.933+0700] {processor.py:186} INFO - Started process (PID=30461) to work on /home/dea/weather-monitoring/venv/lib/python3.10/site-packages/airflow/example_dags/subdags/subdag.py
[2024-12-04T13:31:55.934+0700] {processor.py:914} INFO - Processing file /home/dea/weather-monitoring/venv/lib/python3.10/site-packages/airflow/example_dags/subdags/subdag.py for tasks to queue
[2024-12-04T13:31:55.937+0700] {logging_mixin.py:190} INFO - [2024-12-04T13:31:55.936+0700] {dagbag.py:588} INFO - Filling up the DagBag from /home/dea/weather-monitoring/venv/lib/python3.10/site-packages/airflow/example_dags/subdags/subdag.py
[2024-12-04T13:31:55.940+0700] {processor.py:927} WARNING - No viable dags retrieved from /home/dea/weather-monitoring/venv/lib/python3.10/site-packages/airflow/example_dags/subdags/subdag.py
[2024-12-04T13:31:55.955+0700] {processor.py:208} INFO - Processing /home/dea/weather-monitoring/venv/lib/python3.10/site-packages/airflow/example_dags/subdags/subdag.py took 0.031 seconds
[2024-12-04T13:32:55.782+0700] {processor.py:186} INFO - Started process (PID=30739) to work on /home/dea/weather-monitoring/venv/lib/python3.10/site-packages/airflow/example_dags/subdags/subdag.py
[2024-12-04T13:32:55.783+0700] {processor.py:914} INFO - Processing file /home/dea/weather-monitoring/venv/lib/python3.10/site-packages/airflow/example_dags/subdags/subdag.py for tasks to queue
[2024-12-04T13:32:55.786+0700] {logging_mixin.py:190} INFO - [2024-12-04T13:32:55.785+0700] {dagbag.py:588} INFO - Filling up the DagBag from /home/dea/weather-monitoring/venv/lib/python3.10/site-packages/airflow/example_dags/subdags/subdag.py
[2024-12-04T13:32:55.789+0700] {processor.py:927} WARNING - No viable dags retrieved from /home/dea/weather-monitoring/venv/lib/python3.10/site-packages/airflow/example_dags/subdags/subdag.py
[2024-12-04T13:32:55.805+0700] {processor.py:208} INFO - Processing /home/dea/weather-monitoring/venv/lib/python3.10/site-packages/airflow/example_dags/subdags/subdag.py took 0.033 seconds
[2024-12-04T13:33:49.993+0700] {processor.py:186} INFO - Started process (PID=30955) to work on /home/dea/weather-monitoring/venv/lib/python3.10/site-packages/airflow/example_dags/subdags/subdag.py
[2024-12-04T13:33:49.995+0700] {processor.py:914} INFO - Processing file /home/dea/weather-monitoring/venv/lib/python3.10/site-packages/airflow/example_dags/subdags/subdag.py for tasks to queue
[2024-12-04T13:33:50.000+0700] {logging_mixin.py:190} INFO - [2024-12-04T13:33:49.999+0700] {dagbag.py:588} INFO - Filling up the DagBag from /home/dea/weather-monitoring/venv/lib/python3.10/site-packages/airflow/example_dags/subdags/subdag.py
[2024-12-04T13:33:50.006+0700] {processor.py:927} WARNING - No viable dags retrieved from /home/dea/weather-monitoring/venv/lib/python3.10/site-packages/airflow/example_dags/subdags/subdag.py
[2024-12-04T13:33:50.023+0700] {processor.py:208} INFO - Processing /home/dea/weather-monitoring/venv/lib/python3.10/site-packages/airflow/example_dags/subdags/subdag.py took 0.037 seconds
[2024-12-04T13:34:44.985+0700] {processor.py:186} INFO - Started process (PID=31255) to work on /home/dea/weather-monitoring/venv/lib/python3.10/site-packages/airflow/example_dags/subdags/subdag.py
[2024-12-04T13:34:44.989+0700] {processor.py:914} INFO - Processing file /home/dea/weather-monitoring/venv/lib/python3.10/site-packages/airflow/example_dags/subdags/subdag.py for tasks to queue
[2024-12-04T13:34:44.994+0700] {logging_mixin.py:190} INFO - [2024-12-04T13:34:44.993+0700] {dagbag.py:588} INFO - Filling up the DagBag from /home/dea/weather-monitoring/venv/lib/python3.10/site-packages/airflow/example_dags/subdags/subdag.py
[2024-12-04T13:34:44.998+0700] {processor.py:927} WARNING - No viable dags retrieved from /home/dea/weather-monitoring/venv/lib/python3.10/site-packages/airflow/example_dags/subdags/subdag.py
[2024-12-04T13:34:45.013+0700] {processor.py:208} INFO - Processing /home/dea/weather-monitoring/venv/lib/python3.10/site-packages/airflow/example_dags/subdags/subdag.py took 0.036 seconds
[2024-12-04T13:35:15.971+0700] {processor.py:186} INFO - Started process (PID=31411) to work on /home/dea/weather-monitoring/venv/lib/python3.10/site-packages/airflow/example_dags/subdags/subdag.py
[2024-12-04T13:35:15.972+0700] {processor.py:914} INFO - Processing file /home/dea/weather-monitoring/venv/lib/python3.10/site-packages/airflow/example_dags/subdags/subdag.py for tasks to queue
[2024-12-04T13:35:15.976+0700] {logging_mixin.py:190} INFO - [2024-12-04T13:35:15.975+0700] {dagbag.py:588} INFO - Filling up the DagBag from /home/dea/weather-monitoring/venv/lib/python3.10/site-packages/airflow/example_dags/subdags/subdag.py
[2024-12-04T13:35:15.979+0700] {processor.py:927} WARNING - No viable dags retrieved from /home/dea/weather-monitoring/venv/lib/python3.10/site-packages/airflow/example_dags/subdags/subdag.py
[2024-12-04T13:35:15.994+0700] {processor.py:208} INFO - Processing /home/dea/weather-monitoring/venv/lib/python3.10/site-packages/airflow/example_dags/subdags/subdag.py took 0.031 seconds
[2024-12-04T14:09:26.009+0700] {processor.py:186} INFO - Started process (PID=36985) to work on /home/dea/weather-monitoring/venv/lib/python3.10/site-packages/airflow/example_dags/subdags/subdag.py
[2024-12-04T14:09:26.011+0700] {processor.py:914} INFO - Processing file /home/dea/weather-monitoring/venv/lib/python3.10/site-packages/airflow/example_dags/subdags/subdag.py for tasks to queue
[2024-12-04T14:09:26.016+0700] {logging_mixin.py:190} INFO - [2024-12-04T14:09:26.015+0700] {dagbag.py:588} INFO - Filling up the DagBag from /home/dea/weather-monitoring/venv/lib/python3.10/site-packages/airflow/example_dags/subdags/subdag.py
[2024-12-04T14:09:26.020+0700] {processor.py:927} WARNING - No viable dags retrieved from /home/dea/weather-monitoring/venv/lib/python3.10/site-packages/airflow/example_dags/subdags/subdag.py
[2024-12-04T14:09:26.040+0700] {processor.py:208} INFO - Processing /home/dea/weather-monitoring/venv/lib/python3.10/site-packages/airflow/example_dags/subdags/subdag.py took 0.043 seconds
[2024-12-04T14:10:33.235+0700] {processor.py:186} INFO - Started process (PID=37619) to work on /home/dea/weather-monitoring/venv/lib/python3.10/site-packages/airflow/example_dags/subdags/subdag.py
[2024-12-04T14:10:33.237+0700] {processor.py:914} INFO - Processing file /home/dea/weather-monitoring/venv/lib/python3.10/site-packages/airflow/example_dags/subdags/subdag.py for tasks to queue
[2024-12-04T14:10:33.242+0700] {logging_mixin.py:190} INFO - [2024-12-04T14:10:33.241+0700] {dagbag.py:588} INFO - Filling up the DagBag from /home/dea/weather-monitoring/venv/lib/python3.10/site-packages/airflow/example_dags/subdags/subdag.py
[2024-12-04T14:10:33.249+0700] {processor.py:927} WARNING - No viable dags retrieved from /home/dea/weather-monitoring/venv/lib/python3.10/site-packages/airflow/example_dags/subdags/subdag.py
[2024-12-04T14:10:33.271+0700] {processor.py:208} INFO - Processing /home/dea/weather-monitoring/venv/lib/python3.10/site-packages/airflow/example_dags/subdags/subdag.py took 0.051 seconds
[2024-12-04T14:11:08.718+0700] {processor.py:186} INFO - Started process (PID=37778) to work on /home/dea/weather-monitoring/venv/lib/python3.10/site-packages/airflow/example_dags/subdags/subdag.py
[2024-12-04T14:11:08.720+0700] {processor.py:914} INFO - Processing file /home/dea/weather-monitoring/venv/lib/python3.10/site-packages/airflow/example_dags/subdags/subdag.py for tasks to queue
[2024-12-04T14:11:08.727+0700] {logging_mixin.py:190} INFO - [2024-12-04T14:11:08.726+0700] {dagbag.py:588} INFO - Filling up the DagBag from /home/dea/weather-monitoring/venv/lib/python3.10/site-packages/airflow/example_dags/subdags/subdag.py
[2024-12-04T14:11:08.738+0700] {processor.py:927} WARNING - No viable dags retrieved from /home/dea/weather-monitoring/venv/lib/python3.10/site-packages/airflow/example_dags/subdags/subdag.py
[2024-12-04T14:11:08.792+0700] {processor.py:208} INFO - Processing /home/dea/weather-monitoring/venv/lib/python3.10/site-packages/airflow/example_dags/subdags/subdag.py took 0.127 seconds
[2024-12-04T14:40:17.404+0700] {processor.py:186} INFO - Started process (PID=45274) to work on /home/dea/weather-monitoring/venv/lib/python3.10/site-packages/airflow/example_dags/subdags/subdag.py
[2024-12-04T14:40:17.407+0700] {processor.py:914} INFO - Processing file /home/dea/weather-monitoring/venv/lib/python3.10/site-packages/airflow/example_dags/subdags/subdag.py for tasks to queue
[2024-12-04T14:40:17.414+0700] {logging_mixin.py:190} INFO - [2024-12-04T14:40:17.413+0700] {dagbag.py:588} INFO - Filling up the DagBag from /home/dea/weather-monitoring/venv/lib/python3.10/site-packages/airflow/example_dags/subdags/subdag.py
[2024-12-04T14:40:17.419+0700] {processor.py:927} WARNING - No viable dags retrieved from /home/dea/weather-monitoring/venv/lib/python3.10/site-packages/airflow/example_dags/subdags/subdag.py
[2024-12-04T14:40:17.491+0700] {processor.py:208} INFO - Processing /home/dea/weather-monitoring/venv/lib/python3.10/site-packages/airflow/example_dags/subdags/subdag.py took 0.113 seconds
[2024-12-04T14:40:47.782+0700] {processor.py:186} INFO - Started process (PID=45877) to work on /home/dea/weather-monitoring/venv/lib/python3.10/site-packages/airflow/example_dags/subdags/subdag.py
[2024-12-04T14:40:47.785+0700] {processor.py:914} INFO - Processing file /home/dea/weather-monitoring/venv/lib/python3.10/site-packages/airflow/example_dags/subdags/subdag.py for tasks to queue
[2024-12-04T14:40:47.804+0700] {logging_mixin.py:190} INFO - [2024-12-04T14:40:47.803+0700] {dagbag.py:588} INFO - Filling up the DagBag from /home/dea/weather-monitoring/venv/lib/python3.10/site-packages/airflow/example_dags/subdags/subdag.py
[2024-12-04T14:40:47.818+0700] {processor.py:927} WARNING - No viable dags retrieved from /home/dea/weather-monitoring/venv/lib/python3.10/site-packages/airflow/example_dags/subdags/subdag.py
[2024-12-04T14:40:47.901+0700] {processor.py:208} INFO - Processing /home/dea/weather-monitoring/venv/lib/python3.10/site-packages/airflow/example_dags/subdags/subdag.py took 0.158 seconds
[2024-12-04T14:41:18.765+0700] {processor.py:186} INFO - Started process (PID=46078) to work on /home/dea/weather-monitoring/venv/lib/python3.10/site-packages/airflow/example_dags/subdags/subdag.py
[2024-12-04T14:41:18.768+0700] {processor.py:914} INFO - Processing file /home/dea/weather-monitoring/venv/lib/python3.10/site-packages/airflow/example_dags/subdags/subdag.py for tasks to queue
[2024-12-04T14:41:18.774+0700] {logging_mixin.py:190} INFO - [2024-12-04T14:41:18.773+0700] {dagbag.py:588} INFO - Filling up the DagBag from /home/dea/weather-monitoring/venv/lib/python3.10/site-packages/airflow/example_dags/subdags/subdag.py
[2024-12-04T14:41:18.781+0700] {processor.py:927} WARNING - No viable dags retrieved from /home/dea/weather-monitoring/venv/lib/python3.10/site-packages/airflow/example_dags/subdags/subdag.py
[2024-12-04T14:41:18.917+0700] {processor.py:208} INFO - Processing /home/dea/weather-monitoring/venv/lib/python3.10/site-packages/airflow/example_dags/subdags/subdag.py took 0.202 seconds
[2024-12-04T14:41:49.086+0700] {processor.py:186} INFO - Started process (PID=46453) to work on /home/dea/weather-monitoring/venv/lib/python3.10/site-packages/airflow/example_dags/subdags/subdag.py
[2024-12-04T14:41:49.088+0700] {processor.py:914} INFO - Processing file /home/dea/weather-monitoring/venv/lib/python3.10/site-packages/airflow/example_dags/subdags/subdag.py for tasks to queue
[2024-12-04T14:41:49.118+0700] {logging_mixin.py:190} INFO - [2024-12-04T14:41:49.114+0700] {dagbag.py:588} INFO - Filling up the DagBag from /home/dea/weather-monitoring/venv/lib/python3.10/site-packages/airflow/example_dags/subdags/subdag.py
[2024-12-04T14:41:49.158+0700] {processor.py:927} WARNING - No viable dags retrieved from /home/dea/weather-monitoring/venv/lib/python3.10/site-packages/airflow/example_dags/subdags/subdag.py
[2024-12-04T14:41:49.285+0700] {processor.py:208} INFO - Processing /home/dea/weather-monitoring/venv/lib/python3.10/site-packages/airflow/example_dags/subdags/subdag.py took 0.268 seconds
[2024-12-04T14:42:19.513+0700] {processor.py:186} INFO - Started process (PID=46760) to work on /home/dea/weather-monitoring/venv/lib/python3.10/site-packages/airflow/example_dags/subdags/subdag.py
[2024-12-04T14:42:19.517+0700] {processor.py:914} INFO - Processing file /home/dea/weather-monitoring/venv/lib/python3.10/site-packages/airflow/example_dags/subdags/subdag.py for tasks to queue
[2024-12-04T14:42:19.525+0700] {logging_mixin.py:190} INFO - [2024-12-04T14:42:19.524+0700] {dagbag.py:588} INFO - Filling up the DagBag from /home/dea/weather-monitoring/venv/lib/python3.10/site-packages/airflow/example_dags/subdags/subdag.py
[2024-12-04T14:42:19.532+0700] {processor.py:927} WARNING - No viable dags retrieved from /home/dea/weather-monitoring/venv/lib/python3.10/site-packages/airflow/example_dags/subdags/subdag.py
[2024-12-04T14:42:19.585+0700] {processor.py:208} INFO - Processing /home/dea/weather-monitoring/venv/lib/python3.10/site-packages/airflow/example_dags/subdags/subdag.py took 0.110 seconds
[2024-12-04T14:42:49.975+0700] {processor.py:186} INFO - Started process (PID=47507) to work on /home/dea/weather-monitoring/venv/lib/python3.10/site-packages/airflow/example_dags/subdags/subdag.py
[2024-12-04T14:42:49.977+0700] {processor.py:914} INFO - Processing file /home/dea/weather-monitoring/venv/lib/python3.10/site-packages/airflow/example_dags/subdags/subdag.py for tasks to queue
[2024-12-04T14:42:49.982+0700] {logging_mixin.py:190} INFO - [2024-12-04T14:42:49.982+0700] {dagbag.py:588} INFO - Filling up the DagBag from /home/dea/weather-monitoring/venv/lib/python3.10/site-packages/airflow/example_dags/subdags/subdag.py
[2024-12-04T14:42:49.988+0700] {processor.py:927} WARNING - No viable dags retrieved from /home/dea/weather-monitoring/venv/lib/python3.10/site-packages/airflow/example_dags/subdags/subdag.py
[2024-12-04T14:42:50.039+0700] {processor.py:208} INFO - Processing /home/dea/weather-monitoring/venv/lib/python3.10/site-packages/airflow/example_dags/subdags/subdag.py took 0.084 seconds
[2024-12-04T14:43:20.758+0700] {processor.py:186} INFO - Started process (PID=47675) to work on /home/dea/weather-monitoring/venv/lib/python3.10/site-packages/airflow/example_dags/subdags/subdag.py
[2024-12-04T14:43:20.760+0700] {processor.py:914} INFO - Processing file /home/dea/weather-monitoring/venv/lib/python3.10/site-packages/airflow/example_dags/subdags/subdag.py for tasks to queue
[2024-12-04T14:43:20.766+0700] {logging_mixin.py:190} INFO - [2024-12-04T14:43:20.765+0700] {dagbag.py:588} INFO - Filling up the DagBag from /home/dea/weather-monitoring/venv/lib/python3.10/site-packages/airflow/example_dags/subdags/subdag.py
[2024-12-04T14:43:20.773+0700] {processor.py:927} WARNING - No viable dags retrieved from /home/dea/weather-monitoring/venv/lib/python3.10/site-packages/airflow/example_dags/subdags/subdag.py
[2024-12-04T14:43:20.842+0700] {processor.py:208} INFO - Processing /home/dea/weather-monitoring/venv/lib/python3.10/site-packages/airflow/example_dags/subdags/subdag.py took 0.104 seconds
[2024-12-04T14:43:51.842+0700] {processor.py:186} INFO - Started process (PID=47826) to work on /home/dea/weather-monitoring/venv/lib/python3.10/site-packages/airflow/example_dags/subdags/subdag.py
[2024-12-04T14:43:51.844+0700] {processor.py:914} INFO - Processing file /home/dea/weather-monitoring/venv/lib/python3.10/site-packages/airflow/example_dags/subdags/subdag.py for tasks to queue
[2024-12-04T14:43:51.849+0700] {logging_mixin.py:190} INFO - [2024-12-04T14:43:51.848+0700] {dagbag.py:588} INFO - Filling up the DagBag from /home/dea/weather-monitoring/venv/lib/python3.10/site-packages/airflow/example_dags/subdags/subdag.py
[2024-12-04T14:43:51.854+0700] {processor.py:927} WARNING - No viable dags retrieved from /home/dea/weather-monitoring/venv/lib/python3.10/site-packages/airflow/example_dags/subdags/subdag.py
[2024-12-04T14:43:51.896+0700] {processor.py:208} INFO - Processing /home/dea/weather-monitoring/venv/lib/python3.10/site-packages/airflow/example_dags/subdags/subdag.py took 0.070 seconds
[2024-12-04T14:44:22.409+0700] {processor.py:186} INFO - Started process (PID=47957) to work on /home/dea/weather-monitoring/venv/lib/python3.10/site-packages/airflow/example_dags/subdags/subdag.py
[2024-12-04T14:44:22.411+0700] {processor.py:914} INFO - Processing file /home/dea/weather-monitoring/venv/lib/python3.10/site-packages/airflow/example_dags/subdags/subdag.py for tasks to queue
[2024-12-04T14:44:22.418+0700] {logging_mixin.py:190} INFO - [2024-12-04T14:44:22.417+0700] {dagbag.py:588} INFO - Filling up the DagBag from /home/dea/weather-monitoring/venv/lib/python3.10/site-packages/airflow/example_dags/subdags/subdag.py
[2024-12-04T14:44:22.424+0700] {processor.py:927} WARNING - No viable dags retrieved from /home/dea/weather-monitoring/venv/lib/python3.10/site-packages/airflow/example_dags/subdags/subdag.py
[2024-12-04T14:44:22.470+0700] {processor.py:208} INFO - Processing /home/dea/weather-monitoring/venv/lib/python3.10/site-packages/airflow/example_dags/subdags/subdag.py took 0.080 seconds
[2024-12-04T14:44:52.990+0700] {processor.py:186} INFO - Started process (PID=48527) to work on /home/dea/weather-monitoring/venv/lib/python3.10/site-packages/airflow/example_dags/subdags/subdag.py
[2024-12-04T14:44:53.049+0700] {processor.py:914} INFO - Processing file /home/dea/weather-monitoring/venv/lib/python3.10/site-packages/airflow/example_dags/subdags/subdag.py for tasks to queue
[2024-12-04T14:44:53.128+0700] {logging_mixin.py:190} INFO - [2024-12-04T14:44:53.122+0700] {dagbag.py:588} INFO - Filling up the DagBag from /home/dea/weather-monitoring/venv/lib/python3.10/site-packages/airflow/example_dags/subdags/subdag.py
[2024-12-04T14:44:53.218+0700] {processor.py:927} WARNING - No viable dags retrieved from /home/dea/weather-monitoring/venv/lib/python3.10/site-packages/airflow/example_dags/subdags/subdag.py
[2024-12-04T14:44:53.513+0700] {processor.py:208} INFO - Processing /home/dea/weather-monitoring/venv/lib/python3.10/site-packages/airflow/example_dags/subdags/subdag.py took 0.714 seconds
[2024-12-04T14:45:23.822+0700] {processor.py:186} INFO - Started process (PID=49310) to work on /home/dea/weather-monitoring/venv/lib/python3.10/site-packages/airflow/example_dags/subdags/subdag.py
[2024-12-04T14:45:23.825+0700] {processor.py:914} INFO - Processing file /home/dea/weather-monitoring/venv/lib/python3.10/site-packages/airflow/example_dags/subdags/subdag.py for tasks to queue
[2024-12-04T14:45:23.841+0700] {logging_mixin.py:190} INFO - [2024-12-04T14:45:23.840+0700] {dagbag.py:588} INFO - Filling up the DagBag from /home/dea/weather-monitoring/venv/lib/python3.10/site-packages/airflow/example_dags/subdags/subdag.py
[2024-12-04T14:45:23.848+0700] {processor.py:927} WARNING - No viable dags retrieved from /home/dea/weather-monitoring/venv/lib/python3.10/site-packages/airflow/example_dags/subdags/subdag.py
[2024-12-04T14:45:23.923+0700] {processor.py:208} INFO - Processing /home/dea/weather-monitoring/venv/lib/python3.10/site-packages/airflow/example_dags/subdags/subdag.py took 0.148 seconds
[2024-12-04T14:45:54.491+0700] {processor.py:186} INFO - Started process (PID=50080) to work on /home/dea/weather-monitoring/venv/lib/python3.10/site-packages/airflow/example_dags/subdags/subdag.py
[2024-12-04T14:45:54.505+0700] {processor.py:914} INFO - Processing file /home/dea/weather-monitoring/venv/lib/python3.10/site-packages/airflow/example_dags/subdags/subdag.py for tasks to queue
[2024-12-04T14:45:54.527+0700] {logging_mixin.py:190} INFO - [2024-12-04T14:45:54.526+0700] {dagbag.py:588} INFO - Filling up the DagBag from /home/dea/weather-monitoring/venv/lib/python3.10/site-packages/airflow/example_dags/subdags/subdag.py
[2024-12-04T14:45:54.535+0700] {processor.py:927} WARNING - No viable dags retrieved from /home/dea/weather-monitoring/venv/lib/python3.10/site-packages/airflow/example_dags/subdags/subdag.py
[2024-12-04T14:45:54.605+0700] {processor.py:208} INFO - Processing /home/dea/weather-monitoring/venv/lib/python3.10/site-packages/airflow/example_dags/subdags/subdag.py took 0.166 seconds
[2024-12-04T14:46:25.310+0700] {processor.py:186} INFO - Started process (PID=50852) to work on /home/dea/weather-monitoring/venv/lib/python3.10/site-packages/airflow/example_dags/subdags/subdag.py
[2024-12-04T14:46:25.314+0700] {processor.py:914} INFO - Processing file /home/dea/weather-monitoring/venv/lib/python3.10/site-packages/airflow/example_dags/subdags/subdag.py for tasks to queue
[2024-12-04T14:46:25.323+0700] {logging_mixin.py:190} INFO - [2024-12-04T14:46:25.322+0700] {dagbag.py:588} INFO - Filling up the DagBag from /home/dea/weather-monitoring/venv/lib/python3.10/site-packages/airflow/example_dags/subdags/subdag.py
[2024-12-04T14:46:25.329+0700] {processor.py:927} WARNING - No viable dags retrieved from /home/dea/weather-monitoring/venv/lib/python3.10/site-packages/airflow/example_dags/subdags/subdag.py
[2024-12-04T14:46:25.387+0700] {processor.py:208} INFO - Processing /home/dea/weather-monitoring/venv/lib/python3.10/site-packages/airflow/example_dags/subdags/subdag.py took 0.096 seconds
[2024-12-04T14:46:55.648+0700] {processor.py:186} INFO - Started process (PID=51411) to work on /home/dea/weather-monitoring/venv/lib/python3.10/site-packages/airflow/example_dags/subdags/subdag.py
[2024-12-04T14:46:55.652+0700] {processor.py:914} INFO - Processing file /home/dea/weather-monitoring/venv/lib/python3.10/site-packages/airflow/example_dags/subdags/subdag.py for tasks to queue
[2024-12-04T14:46:55.666+0700] {logging_mixin.py:190} INFO - [2024-12-04T14:46:55.664+0700] {dagbag.py:588} INFO - Filling up the DagBag from /home/dea/weather-monitoring/venv/lib/python3.10/site-packages/airflow/example_dags/subdags/subdag.py
[2024-12-04T14:46:55.684+0700] {processor.py:927} WARNING - No viable dags retrieved from /home/dea/weather-monitoring/venv/lib/python3.10/site-packages/airflow/example_dags/subdags/subdag.py
[2024-12-04T14:46:55.748+0700] {processor.py:208} INFO - Processing /home/dea/weather-monitoring/venv/lib/python3.10/site-packages/airflow/example_dags/subdags/subdag.py took 0.119 seconds
[2024-12-04T14:47:26.099+0700] {processor.py:186} INFO - Started process (PID=51947) to work on /home/dea/weather-monitoring/venv/lib/python3.10/site-packages/airflow/example_dags/subdags/subdag.py
[2024-12-04T14:47:26.102+0700] {processor.py:914} INFO - Processing file /home/dea/weather-monitoring/venv/lib/python3.10/site-packages/airflow/example_dags/subdags/subdag.py for tasks to queue
[2024-12-04T14:47:26.110+0700] {logging_mixin.py:190} INFO - [2024-12-04T14:47:26.109+0700] {dagbag.py:588} INFO - Filling up the DagBag from /home/dea/weather-monitoring/venv/lib/python3.10/site-packages/airflow/example_dags/subdags/subdag.py
[2024-12-04T14:47:26.116+0700] {processor.py:927} WARNING - No viable dags retrieved from /home/dea/weather-monitoring/venv/lib/python3.10/site-packages/airflow/example_dags/subdags/subdag.py
[2024-12-04T14:47:26.175+0700] {processor.py:208} INFO - Processing /home/dea/weather-monitoring/venv/lib/python3.10/site-packages/airflow/example_dags/subdags/subdag.py took 0.092 seconds
[2024-12-04T14:47:56.405+0700] {processor.py:186} INFO - Started process (PID=52338) to work on /home/dea/weather-monitoring/venv/lib/python3.10/site-packages/airflow/example_dags/subdags/subdag.py
[2024-12-04T14:47:56.409+0700] {processor.py:914} INFO - Processing file /home/dea/weather-monitoring/venv/lib/python3.10/site-packages/airflow/example_dags/subdags/subdag.py for tasks to queue
[2024-12-04T14:47:56.420+0700] {logging_mixin.py:190} INFO - [2024-12-04T14:47:56.419+0700] {dagbag.py:588} INFO - Filling up the DagBag from /home/dea/weather-monitoring/venv/lib/python3.10/site-packages/airflow/example_dags/subdags/subdag.py
[2024-12-04T14:47:56.428+0700] {processor.py:927} WARNING - No viable dags retrieved from /home/dea/weather-monitoring/venv/lib/python3.10/site-packages/airflow/example_dags/subdags/subdag.py
[2024-12-04T14:47:56.514+0700] {processor.py:208} INFO - Processing /home/dea/weather-monitoring/venv/lib/python3.10/site-packages/airflow/example_dags/subdags/subdag.py took 0.136 seconds
[2024-12-04T14:48:26.780+0700] {processor.py:186} INFO - Started process (PID=52749) to work on /home/dea/weather-monitoring/venv/lib/python3.10/site-packages/airflow/example_dags/subdags/subdag.py
[2024-12-04T14:48:26.782+0700] {processor.py:914} INFO - Processing file /home/dea/weather-monitoring/venv/lib/python3.10/site-packages/airflow/example_dags/subdags/subdag.py for tasks to queue
[2024-12-04T14:48:26.787+0700] {logging_mixin.py:190} INFO - [2024-12-04T14:48:26.786+0700] {dagbag.py:588} INFO - Filling up the DagBag from /home/dea/weather-monitoring/venv/lib/python3.10/site-packages/airflow/example_dags/subdags/subdag.py
[2024-12-04T14:48:26.792+0700] {processor.py:927} WARNING - No viable dags retrieved from /home/dea/weather-monitoring/venv/lib/python3.10/site-packages/airflow/example_dags/subdags/subdag.py
[2024-12-04T14:48:26.855+0700] {processor.py:208} INFO - Processing /home/dea/weather-monitoring/venv/lib/python3.10/site-packages/airflow/example_dags/subdags/subdag.py took 0.090 seconds
[2024-12-04T14:48:57.354+0700] {processor.py:186} INFO - Started process (PID=53090) to work on /home/dea/weather-monitoring/venv/lib/python3.10/site-packages/airflow/example_dags/subdags/subdag.py
[2024-12-04T14:48:57.356+0700] {processor.py:914} INFO - Processing file /home/dea/weather-monitoring/venv/lib/python3.10/site-packages/airflow/example_dags/subdags/subdag.py for tasks to queue
[2024-12-04T14:48:57.363+0700] {logging_mixin.py:190} INFO - [2024-12-04T14:48:57.362+0700] {dagbag.py:588} INFO - Filling up the DagBag from /home/dea/weather-monitoring/venv/lib/python3.10/site-packages/airflow/example_dags/subdags/subdag.py
[2024-12-04T14:48:57.371+0700] {processor.py:927} WARNING - No viable dags retrieved from /home/dea/weather-monitoring/venv/lib/python3.10/site-packages/airflow/example_dags/subdags/subdag.py
[2024-12-04T14:48:57.444+0700] {processor.py:208} INFO - Processing /home/dea/weather-monitoring/venv/lib/python3.10/site-packages/airflow/example_dags/subdags/subdag.py took 0.109 seconds
[2024-12-04T14:49:27.885+0700] {processor.py:186} INFO - Started process (PID=53647) to work on /home/dea/weather-monitoring/venv/lib/python3.10/site-packages/airflow/example_dags/subdags/subdag.py
[2024-12-04T14:49:27.887+0700] {processor.py:914} INFO - Processing file /home/dea/weather-monitoring/venv/lib/python3.10/site-packages/airflow/example_dags/subdags/subdag.py for tasks to queue
[2024-12-04T14:49:27.894+0700] {logging_mixin.py:190} INFO - [2024-12-04T14:49:27.893+0700] {dagbag.py:588} INFO - Filling up the DagBag from /home/dea/weather-monitoring/venv/lib/python3.10/site-packages/airflow/example_dags/subdags/subdag.py
[2024-12-04T14:49:27.901+0700] {processor.py:927} WARNING - No viable dags retrieved from /home/dea/weather-monitoring/venv/lib/python3.10/site-packages/airflow/example_dags/subdags/subdag.py
[2024-12-04T14:49:27.951+0700] {processor.py:208} INFO - Processing /home/dea/weather-monitoring/venv/lib/python3.10/site-packages/airflow/example_dags/subdags/subdag.py took 0.086 seconds
[2024-12-04T14:49:58.702+0700] {processor.py:186} INFO - Started process (PID=54221) to work on /home/dea/weather-monitoring/venv/lib/python3.10/site-packages/airflow/example_dags/subdags/subdag.py
[2024-12-04T14:49:58.704+0700] {processor.py:914} INFO - Processing file /home/dea/weather-monitoring/venv/lib/python3.10/site-packages/airflow/example_dags/subdags/subdag.py for tasks to queue
[2024-12-04T14:49:58.709+0700] {logging_mixin.py:190} INFO - [2024-12-04T14:49:58.709+0700] {dagbag.py:588} INFO - Filling up the DagBag from /home/dea/weather-monitoring/venv/lib/python3.10/site-packages/airflow/example_dags/subdags/subdag.py
[2024-12-04T14:49:58.714+0700] {processor.py:927} WARNING - No viable dags retrieved from /home/dea/weather-monitoring/venv/lib/python3.10/site-packages/airflow/example_dags/subdags/subdag.py
[2024-12-04T14:49:58.771+0700] {processor.py:208} INFO - Processing /home/dea/weather-monitoring/venv/lib/python3.10/site-packages/airflow/example_dags/subdags/subdag.py took 0.087 seconds
[2024-12-04T14:50:35.498+0700] {processor.py:186} INFO - Started process (PID=55330) to work on /home/dea/weather-monitoring/venv/lib/python3.10/site-packages/airflow/example_dags/subdags/subdag.py
[2024-12-04T14:50:35.509+0700] {processor.py:914} INFO - Processing file /home/dea/weather-monitoring/venv/lib/python3.10/site-packages/airflow/example_dags/subdags/subdag.py for tasks to queue
[2024-12-04T14:50:35.512+0700] {logging_mixin.py:190} INFO - [2024-12-04T14:50:35.512+0700] {dagbag.py:588} INFO - Filling up the DagBag from /home/dea/weather-monitoring/venv/lib/python3.10/site-packages/airflow/example_dags/subdags/subdag.py
[2024-12-04T14:50:35.523+0700] {processor.py:927} WARNING - No viable dags retrieved from /home/dea/weather-monitoring/venv/lib/python3.10/site-packages/airflow/example_dags/subdags/subdag.py
[2024-12-04T14:50:35.683+0700] {processor.py:208} INFO - Processing /home/dea/weather-monitoring/venv/lib/python3.10/site-packages/airflow/example_dags/subdags/subdag.py took 0.225 seconds
[2024-12-04T14:51:06.406+0700] {processor.py:186} INFO - Started process (PID=56144) to work on /home/dea/weather-monitoring/venv/lib/python3.10/site-packages/airflow/example_dags/subdags/subdag.py
[2024-12-04T14:51:06.410+0700] {processor.py:914} INFO - Processing file /home/dea/weather-monitoring/venv/lib/python3.10/site-packages/airflow/example_dags/subdags/subdag.py for tasks to queue
[2024-12-04T14:51:06.426+0700] {logging_mixin.py:190} INFO - [2024-12-04T14:51:06.413+0700] {dagbag.py:588} INFO - Filling up the DagBag from /home/dea/weather-monitoring/venv/lib/python3.10/site-packages/airflow/example_dags/subdags/subdag.py
[2024-12-04T14:51:06.431+0700] {processor.py:927} WARNING - No viable dags retrieved from /home/dea/weather-monitoring/venv/lib/python3.10/site-packages/airflow/example_dags/subdags/subdag.py
[2024-12-04T14:51:06.530+0700] {processor.py:208} INFO - Processing /home/dea/weather-monitoring/venv/lib/python3.10/site-packages/airflow/example_dags/subdags/subdag.py took 0.215 seconds
[2024-12-04T14:51:37.191+0700] {processor.py:186} INFO - Started process (PID=57100) to work on /home/dea/weather-monitoring/venv/lib/python3.10/site-packages/airflow/example_dags/subdags/subdag.py
[2024-12-04T14:51:37.194+0700] {processor.py:914} INFO - Processing file /home/dea/weather-monitoring/venv/lib/python3.10/site-packages/airflow/example_dags/subdags/subdag.py for tasks to queue
[2024-12-04T14:51:37.198+0700] {logging_mixin.py:190} INFO - [2024-12-04T14:51:37.197+0700] {dagbag.py:588} INFO - Filling up the DagBag from /home/dea/weather-monitoring/venv/lib/python3.10/site-packages/airflow/example_dags/subdags/subdag.py
[2024-12-04T14:51:37.204+0700] {processor.py:927} WARNING - No viable dags retrieved from /home/dea/weather-monitoring/venv/lib/python3.10/site-packages/airflow/example_dags/subdags/subdag.py
[2024-12-04T14:51:37.304+0700] {processor.py:208} INFO - Processing /home/dea/weather-monitoring/venv/lib/python3.10/site-packages/airflow/example_dags/subdags/subdag.py took 0.245 seconds
[2024-12-04T14:52:07.495+0700] {processor.py:186} INFO - Started process (PID=57779) to work on /home/dea/weather-monitoring/venv/lib/python3.10/site-packages/airflow/example_dags/subdags/subdag.py
[2024-12-04T14:52:07.502+0700] {processor.py:914} INFO - Processing file /home/dea/weather-monitoring/venv/lib/python3.10/site-packages/airflow/example_dags/subdags/subdag.py for tasks to queue
[2024-12-04T14:52:07.514+0700] {logging_mixin.py:190} INFO - [2024-12-04T14:52:07.504+0700] {dagbag.py:588} INFO - Filling up the DagBag from /home/dea/weather-monitoring/venv/lib/python3.10/site-packages/airflow/example_dags/subdags/subdag.py
[2024-12-04T14:52:07.520+0700] {processor.py:927} WARNING - No viable dags retrieved from /home/dea/weather-monitoring/venv/lib/python3.10/site-packages/airflow/example_dags/subdags/subdag.py
[2024-12-04T14:52:07.618+0700] {processor.py:208} INFO - Processing /home/dea/weather-monitoring/venv/lib/python3.10/site-packages/airflow/example_dags/subdags/subdag.py took 0.147 seconds
[2024-12-04T14:52:38.120+0700] {processor.py:186} INFO - Started process (PID=58327) to work on /home/dea/weather-monitoring/venv/lib/python3.10/site-packages/airflow/example_dags/subdags/subdag.py
[2024-12-04T14:52:38.124+0700] {processor.py:914} INFO - Processing file /home/dea/weather-monitoring/venv/lib/python3.10/site-packages/airflow/example_dags/subdags/subdag.py for tasks to queue
[2024-12-04T14:52:38.132+0700] {logging_mixin.py:190} INFO - [2024-12-04T14:52:38.131+0700] {dagbag.py:588} INFO - Filling up the DagBag from /home/dea/weather-monitoring/venv/lib/python3.10/site-packages/airflow/example_dags/subdags/subdag.py
[2024-12-04T14:52:38.139+0700] {processor.py:927} WARNING - No viable dags retrieved from /home/dea/weather-monitoring/venv/lib/python3.10/site-packages/airflow/example_dags/subdags/subdag.py
[2024-12-04T14:52:38.211+0700] {processor.py:208} INFO - Processing /home/dea/weather-monitoring/venv/lib/python3.10/site-packages/airflow/example_dags/subdags/subdag.py took 0.107 seconds
[2024-12-04T14:53:10.091+0700] {processor.py:186} INFO - Started process (PID=59030) to work on /home/dea/weather-monitoring/venv/lib/python3.10/site-packages/airflow/example_dags/subdags/subdag.py
[2024-12-04T14:53:10.094+0700] {processor.py:914} INFO - Processing file /home/dea/weather-monitoring/venv/lib/python3.10/site-packages/airflow/example_dags/subdags/subdag.py for tasks to queue
[2024-12-04T14:53:10.099+0700] {logging_mixin.py:190} INFO - [2024-12-04T14:53:10.099+0700] {dagbag.py:588} INFO - Filling up the DagBag from /home/dea/weather-monitoring/venv/lib/python3.10/site-packages/airflow/example_dags/subdags/subdag.py
[2024-12-04T14:53:10.126+0700] {processor.py:927} WARNING - No viable dags retrieved from /home/dea/weather-monitoring/venv/lib/python3.10/site-packages/airflow/example_dags/subdags/subdag.py
[2024-12-04T14:53:10.209+0700] {processor.py:208} INFO - Processing /home/dea/weather-monitoring/venv/lib/python3.10/site-packages/airflow/example_dags/subdags/subdag.py took 0.205 seconds
[2024-12-04T14:53:40.444+0700] {processor.py:186} INFO - Started process (PID=59885) to work on /home/dea/weather-monitoring/venv/lib/python3.10/site-packages/airflow/example_dags/subdags/subdag.py
[2024-12-04T14:53:40.458+0700] {processor.py:914} INFO - Processing file /home/dea/weather-monitoring/venv/lib/python3.10/site-packages/airflow/example_dags/subdags/subdag.py for tasks to queue
[2024-12-04T14:53:40.462+0700] {logging_mixin.py:190} INFO - [2024-12-04T14:53:40.460+0700] {dagbag.py:588} INFO - Filling up the DagBag from /home/dea/weather-monitoring/venv/lib/python3.10/site-packages/airflow/example_dags/subdags/subdag.py
[2024-12-04T14:53:40.468+0700] {processor.py:927} WARNING - No viable dags retrieved from /home/dea/weather-monitoring/venv/lib/python3.10/site-packages/airflow/example_dags/subdags/subdag.py
[2024-12-04T14:53:40.575+0700] {processor.py:208} INFO - Processing /home/dea/weather-monitoring/venv/lib/python3.10/site-packages/airflow/example_dags/subdags/subdag.py took 0.171 seconds
[2024-12-04T14:54:13.650+0700] {processor.py:186} INFO - Started process (PID=61025) to work on /home/dea/weather-monitoring/venv/lib/python3.10/site-packages/airflow/example_dags/subdags/subdag.py
[2024-12-04T14:54:13.659+0700] {processor.py:914} INFO - Processing file /home/dea/weather-monitoring/venv/lib/python3.10/site-packages/airflow/example_dags/subdags/subdag.py for tasks to queue
[2024-12-04T14:54:13.729+0700] {logging_mixin.py:190} INFO - [2024-12-04T14:54:13.727+0700] {dagbag.py:588} INFO - Filling up the DagBag from /home/dea/weather-monitoring/venv/lib/python3.10/site-packages/airflow/example_dags/subdags/subdag.py
[2024-12-04T14:54:13.862+0700] {processor.py:927} WARNING - No viable dags retrieved from /home/dea/weather-monitoring/venv/lib/python3.10/site-packages/airflow/example_dags/subdags/subdag.py
[2024-12-04T14:54:14.390+0700] {processor.py:208} INFO - Processing /home/dea/weather-monitoring/venv/lib/python3.10/site-packages/airflow/example_dags/subdags/subdag.py took 0.979 seconds
[2024-12-04T14:54:45.054+0700] {processor.py:186} INFO - Started process (PID=61806) to work on /home/dea/weather-monitoring/venv/lib/python3.10/site-packages/airflow/example_dags/subdags/subdag.py
[2024-12-04T14:54:45.066+0700] {processor.py:914} INFO - Processing file /home/dea/weather-monitoring/venv/lib/python3.10/site-packages/airflow/example_dags/subdags/subdag.py for tasks to queue
[2024-12-04T14:54:45.069+0700] {logging_mixin.py:190} INFO - [2024-12-04T14:54:45.068+0700] {dagbag.py:588} INFO - Filling up the DagBag from /home/dea/weather-monitoring/venv/lib/python3.10/site-packages/airflow/example_dags/subdags/subdag.py
[2024-12-04T14:54:45.089+0700] {processor.py:927} WARNING - No viable dags retrieved from /home/dea/weather-monitoring/venv/lib/python3.10/site-packages/airflow/example_dags/subdags/subdag.py
[2024-12-04T14:54:45.388+0700] {processor.py:208} INFO - Processing /home/dea/weather-monitoring/venv/lib/python3.10/site-packages/airflow/example_dags/subdags/subdag.py took 0.474 seconds
[2024-12-04T14:55:16.126+0700] {processor.py:186} INFO - Started process (PID=62511) to work on /home/dea/weather-monitoring/venv/lib/python3.10/site-packages/airflow/example_dags/subdags/subdag.py
[2024-12-04T14:55:16.128+0700] {processor.py:914} INFO - Processing file /home/dea/weather-monitoring/venv/lib/python3.10/site-packages/airflow/example_dags/subdags/subdag.py for tasks to queue
[2024-12-04T14:55:16.148+0700] {logging_mixin.py:190} INFO - [2024-12-04T14:55:16.147+0700] {dagbag.py:588} INFO - Filling up the DagBag from /home/dea/weather-monitoring/venv/lib/python3.10/site-packages/airflow/example_dags/subdags/subdag.py
[2024-12-04T14:55:16.183+0700] {processor.py:927} WARNING - No viable dags retrieved from /home/dea/weather-monitoring/venv/lib/python3.10/site-packages/airflow/example_dags/subdags/subdag.py
[2024-12-04T14:55:16.276+0700] {processor.py:208} INFO - Processing /home/dea/weather-monitoring/venv/lib/python3.10/site-packages/airflow/example_dags/subdags/subdag.py took 0.256 seconds
[2024-12-04T14:55:46.895+0700] {processor.py:186} INFO - Started process (PID=63146) to work on /home/dea/weather-monitoring/venv/lib/python3.10/site-packages/airflow/example_dags/subdags/subdag.py
[2024-12-04T14:55:46.902+0700] {processor.py:914} INFO - Processing file /home/dea/weather-monitoring/venv/lib/python3.10/site-packages/airflow/example_dags/subdags/subdag.py for tasks to queue
[2024-12-04T14:55:46.916+0700] {logging_mixin.py:190} INFO - [2024-12-04T14:55:46.915+0700] {dagbag.py:588} INFO - Filling up the DagBag from /home/dea/weather-monitoring/venv/lib/python3.10/site-packages/airflow/example_dags/subdags/subdag.py
[2024-12-04T14:55:46.944+0700] {processor.py:927} WARNING - No viable dags retrieved from /home/dea/weather-monitoring/venv/lib/python3.10/site-packages/airflow/example_dags/subdags/subdag.py
[2024-12-04T14:55:47.096+0700] {processor.py:208} INFO - Processing /home/dea/weather-monitoring/venv/lib/python3.10/site-packages/airflow/example_dags/subdags/subdag.py took 0.316 seconds
[2024-12-04T14:56:17.592+0700] {processor.py:186} INFO - Started process (PID=63920) to work on /home/dea/weather-monitoring/venv/lib/python3.10/site-packages/airflow/example_dags/subdags/subdag.py
[2024-12-04T14:56:17.598+0700] {processor.py:914} INFO - Processing file /home/dea/weather-monitoring/venv/lib/python3.10/site-packages/airflow/example_dags/subdags/subdag.py for tasks to queue
[2024-12-04T14:56:17.604+0700] {logging_mixin.py:190} INFO - [2024-12-04T14:56:17.604+0700] {dagbag.py:588} INFO - Filling up the DagBag from /home/dea/weather-monitoring/venv/lib/python3.10/site-packages/airflow/example_dags/subdags/subdag.py
[2024-12-04T14:56:17.610+0700] {processor.py:927} WARNING - No viable dags retrieved from /home/dea/weather-monitoring/venv/lib/python3.10/site-packages/airflow/example_dags/subdags/subdag.py
[2024-12-04T14:56:17.682+0700] {processor.py:208} INFO - Processing /home/dea/weather-monitoring/venv/lib/python3.10/site-packages/airflow/example_dags/subdags/subdag.py took 0.104 seconds
[2024-12-04T14:56:48.635+0700] {processor.py:186} INFO - Started process (PID=64720) to work on /home/dea/weather-monitoring/venv/lib/python3.10/site-packages/airflow/example_dags/subdags/subdag.py
[2024-12-04T14:56:48.641+0700] {processor.py:914} INFO - Processing file /home/dea/weather-monitoring/venv/lib/python3.10/site-packages/airflow/example_dags/subdags/subdag.py for tasks to queue
[2024-12-04T14:56:48.645+0700] {logging_mixin.py:190} INFO - [2024-12-04T14:56:48.644+0700] {dagbag.py:588} INFO - Filling up the DagBag from /home/dea/weather-monitoring/venv/lib/python3.10/site-packages/airflow/example_dags/subdags/subdag.py
[2024-12-04T14:56:48.649+0700] {processor.py:927} WARNING - No viable dags retrieved from /home/dea/weather-monitoring/venv/lib/python3.10/site-packages/airflow/example_dags/subdags/subdag.py
[2024-12-04T14:56:48.762+0700] {processor.py:208} INFO - Processing /home/dea/weather-monitoring/venv/lib/python3.10/site-packages/airflow/example_dags/subdags/subdag.py took 0.274 seconds
[2024-12-04T14:57:19.170+0700] {processor.py:186} INFO - Started process (PID=65454) to work on /home/dea/weather-monitoring/venv/lib/python3.10/site-packages/airflow/example_dags/subdags/subdag.py
[2024-12-04T14:57:19.177+0700] {processor.py:914} INFO - Processing file /home/dea/weather-monitoring/venv/lib/python3.10/site-packages/airflow/example_dags/subdags/subdag.py for tasks to queue
[2024-12-04T14:57:19.179+0700] {logging_mixin.py:190} INFO - [2024-12-04T14:57:19.179+0700] {dagbag.py:588} INFO - Filling up the DagBag from /home/dea/weather-monitoring/venv/lib/python3.10/site-packages/airflow/example_dags/subdags/subdag.py
[2024-12-04T14:57:19.205+0700] {processor.py:927} WARNING - No viable dags retrieved from /home/dea/weather-monitoring/venv/lib/python3.10/site-packages/airflow/example_dags/subdags/subdag.py
[2024-12-04T14:57:19.309+0700] {processor.py:208} INFO - Processing /home/dea/weather-monitoring/venv/lib/python3.10/site-packages/airflow/example_dags/subdags/subdag.py took 0.188 seconds
[2024-12-04T14:57:49.847+0700] {processor.py:186} INFO - Started process (PID=66153) to work on /home/dea/weather-monitoring/venv/lib/python3.10/site-packages/airflow/example_dags/subdags/subdag.py
[2024-12-04T14:57:49.850+0700] {processor.py:914} INFO - Processing file /home/dea/weather-monitoring/venv/lib/python3.10/site-packages/airflow/example_dags/subdags/subdag.py for tasks to queue
[2024-12-04T14:57:49.852+0700] {logging_mixin.py:190} INFO - [2024-12-04T14:57:49.852+0700] {dagbag.py:588} INFO - Filling up the DagBag from /home/dea/weather-monitoring/venv/lib/python3.10/site-packages/airflow/example_dags/subdags/subdag.py
[2024-12-04T14:57:49.857+0700] {processor.py:927} WARNING - No viable dags retrieved from /home/dea/weather-monitoring/venv/lib/python3.10/site-packages/airflow/example_dags/subdags/subdag.py
[2024-12-04T14:57:49.900+0700] {processor.py:208} INFO - Processing /home/dea/weather-monitoring/venv/lib/python3.10/site-packages/airflow/example_dags/subdags/subdag.py took 0.066 seconds
[2024-12-04T14:58:20.031+0700] {processor.py:186} INFO - Started process (PID=67008) to work on /home/dea/weather-monitoring/venv/lib/python3.10/site-packages/airflow/example_dags/subdags/subdag.py
[2024-12-04T14:58:20.033+0700] {processor.py:914} INFO - Processing file /home/dea/weather-monitoring/venv/lib/python3.10/site-packages/airflow/example_dags/subdags/subdag.py for tasks to queue
[2024-12-04T14:58:20.035+0700] {logging_mixin.py:190} INFO - [2024-12-04T14:58:20.034+0700] {dagbag.py:588} INFO - Filling up the DagBag from /home/dea/weather-monitoring/venv/lib/python3.10/site-packages/airflow/example_dags/subdags/subdag.py
[2024-12-04T14:58:20.039+0700] {processor.py:927} WARNING - No viable dags retrieved from /home/dea/weather-monitoring/venv/lib/python3.10/site-packages/airflow/example_dags/subdags/subdag.py
[2024-12-04T14:58:20.114+0700] {processor.py:208} INFO - Processing /home/dea/weather-monitoring/venv/lib/python3.10/site-packages/airflow/example_dags/subdags/subdag.py took 0.098 seconds
[2024-12-04T14:58:50.494+0700] {processor.py:186} INFO - Started process (PID=67770) to work on /home/dea/weather-monitoring/venv/lib/python3.10/site-packages/airflow/example_dags/subdags/subdag.py
[2024-12-04T14:58:50.495+0700] {processor.py:914} INFO - Processing file /home/dea/weather-monitoring/venv/lib/python3.10/site-packages/airflow/example_dags/subdags/subdag.py for tasks to queue
[2024-12-04T14:58:50.497+0700] {logging_mixin.py:190} INFO - [2024-12-04T14:58:50.497+0700] {dagbag.py:588} INFO - Filling up the DagBag from /home/dea/weather-monitoring/venv/lib/python3.10/site-packages/airflow/example_dags/subdags/subdag.py
[2024-12-04T14:58:50.501+0700] {processor.py:927} WARNING - No viable dags retrieved from /home/dea/weather-monitoring/venv/lib/python3.10/site-packages/airflow/example_dags/subdags/subdag.py
[2024-12-04T14:58:50.545+0700] {processor.py:208} INFO - Processing /home/dea/weather-monitoring/venv/lib/python3.10/site-packages/airflow/example_dags/subdags/subdag.py took 0.074 seconds
[2024-12-04T14:59:20.752+0700] {processor.py:186} INFO - Started process (PID=68799) to work on /home/dea/weather-monitoring/venv/lib/python3.10/site-packages/airflow/example_dags/subdags/subdag.py
[2024-12-04T14:59:20.758+0700] {processor.py:914} INFO - Processing file /home/dea/weather-monitoring/venv/lib/python3.10/site-packages/airflow/example_dags/subdags/subdag.py for tasks to queue
[2024-12-04T14:59:20.800+0700] {logging_mixin.py:190} INFO - [2024-12-04T14:59:20.799+0700] {dagbag.py:588} INFO - Filling up the DagBag from /home/dea/weather-monitoring/venv/lib/python3.10/site-packages/airflow/example_dags/subdags/subdag.py
[2024-12-04T14:59:20.819+0700] {processor.py:927} WARNING - No viable dags retrieved from /home/dea/weather-monitoring/venv/lib/python3.10/site-packages/airflow/example_dags/subdags/subdag.py
[2024-12-04T14:59:20.955+0700] {processor.py:208} INFO - Processing /home/dea/weather-monitoring/venv/lib/python3.10/site-packages/airflow/example_dags/subdags/subdag.py took 0.293 seconds
[2024-12-04T14:59:51.317+0700] {processor.py:186} INFO - Started process (PID=69863) to work on /home/dea/weather-monitoring/venv/lib/python3.10/site-packages/airflow/example_dags/subdags/subdag.py
[2024-12-04T14:59:51.327+0700] {processor.py:914} INFO - Processing file /home/dea/weather-monitoring/venv/lib/python3.10/site-packages/airflow/example_dags/subdags/subdag.py for tasks to queue
[2024-12-04T14:59:51.330+0700] {logging_mixin.py:190} INFO - [2024-12-04T14:59:51.329+0700] {dagbag.py:588} INFO - Filling up the DagBag from /home/dea/weather-monitoring/venv/lib/python3.10/site-packages/airflow/example_dags/subdags/subdag.py
[2024-12-04T14:59:51.335+0700] {processor.py:927} WARNING - No viable dags retrieved from /home/dea/weather-monitoring/venv/lib/python3.10/site-packages/airflow/example_dags/subdags/subdag.py
[2024-12-04T14:59:51.437+0700] {processor.py:208} INFO - Processing /home/dea/weather-monitoring/venv/lib/python3.10/site-packages/airflow/example_dags/subdags/subdag.py took 0.184 seconds
[2024-12-04T15:00:22.291+0700] {processor.py:186} INFO - Started process (PID=71117) to work on /home/dea/weather-monitoring/venv/lib/python3.10/site-packages/airflow/example_dags/subdags/subdag.py
[2024-12-04T15:00:22.293+0700] {processor.py:914} INFO - Processing file /home/dea/weather-monitoring/venv/lib/python3.10/site-packages/airflow/example_dags/subdags/subdag.py for tasks to queue
[2024-12-04T15:00:22.295+0700] {logging_mixin.py:190} INFO - [2024-12-04T15:00:22.295+0700] {dagbag.py:588} INFO - Filling up the DagBag from /home/dea/weather-monitoring/venv/lib/python3.10/site-packages/airflow/example_dags/subdags/subdag.py
[2024-12-04T15:00:22.315+0700] {processor.py:927} WARNING - No viable dags retrieved from /home/dea/weather-monitoring/venv/lib/python3.10/site-packages/airflow/example_dags/subdags/subdag.py
[2024-12-04T15:00:22.473+0700] {processor.py:208} INFO - Processing /home/dea/weather-monitoring/venv/lib/python3.10/site-packages/airflow/example_dags/subdags/subdag.py took 0.234 seconds
[2024-12-04T15:00:54.311+0700] {processor.py:186} INFO - Started process (PID=72377) to work on /home/dea/weather-monitoring/venv/lib/python3.10/site-packages/airflow/example_dags/subdags/subdag.py
[2024-12-04T15:00:54.324+0700] {processor.py:914} INFO - Processing file /home/dea/weather-monitoring/venv/lib/python3.10/site-packages/airflow/example_dags/subdags/subdag.py for tasks to queue
[2024-12-04T15:00:54.398+0700] {logging_mixin.py:190} INFO - [2024-12-04T15:00:54.327+0700] {dagbag.py:588} INFO - Filling up the DagBag from /home/dea/weather-monitoring/venv/lib/python3.10/site-packages/airflow/example_dags/subdags/subdag.py
[2024-12-04T15:00:54.433+0700] {processor.py:927} WARNING - No viable dags retrieved from /home/dea/weather-monitoring/venv/lib/python3.10/site-packages/airflow/example_dags/subdags/subdag.py
[2024-12-04T15:00:55.207+0700] {processor.py:208} INFO - Processing /home/dea/weather-monitoring/venv/lib/python3.10/site-packages/airflow/example_dags/subdags/subdag.py took 1.059 seconds
[2024-12-04T15:01:29.324+0700] {processor.py:186} INFO - Started process (PID=72858) to work on /home/dea/weather-monitoring/venv/lib/python3.10/site-packages/airflow/example_dags/subdags/subdag.py
[2024-12-04T15:01:29.370+0700] {processor.py:914} INFO - Processing file /home/dea/weather-monitoring/venv/lib/python3.10/site-packages/airflow/example_dags/subdags/subdag.py for tasks to queue
[2024-12-04T15:01:29.373+0700] {logging_mixin.py:190} INFO - [2024-12-04T15:01:29.372+0700] {dagbag.py:588} INFO - Filling up the DagBag from /home/dea/weather-monitoring/venv/lib/python3.10/site-packages/airflow/example_dags/subdags/subdag.py
[2024-12-04T15:01:29.474+0700] {processor.py:927} WARNING - No viable dags retrieved from /home/dea/weather-monitoring/venv/lib/python3.10/site-packages/airflow/example_dags/subdags/subdag.py
[2024-12-04T15:01:29.680+0700] {processor.py:208} INFO - Processing /home/dea/weather-monitoring/venv/lib/python3.10/site-packages/airflow/example_dags/subdags/subdag.py took 0.512 seconds
[2024-12-04T15:01:59.977+0700] {processor.py:186} INFO - Started process (PID=74357) to work on /home/dea/weather-monitoring/venv/lib/python3.10/site-packages/airflow/example_dags/subdags/subdag.py
[2024-12-04T15:01:59.983+0700] {processor.py:914} INFO - Processing file /home/dea/weather-monitoring/venv/lib/python3.10/site-packages/airflow/example_dags/subdags/subdag.py for tasks to queue
[2024-12-04T15:01:59.986+0700] {logging_mixin.py:190} INFO - [2024-12-04T15:01:59.985+0700] {dagbag.py:588} INFO - Filling up the DagBag from /home/dea/weather-monitoring/venv/lib/python3.10/site-packages/airflow/example_dags/subdags/subdag.py
[2024-12-04T15:01:59.994+0700] {processor.py:927} WARNING - No viable dags retrieved from /home/dea/weather-monitoring/venv/lib/python3.10/site-packages/airflow/example_dags/subdags/subdag.py
[2024-12-04T15:02:00.156+0700] {processor.py:208} INFO - Processing /home/dea/weather-monitoring/venv/lib/python3.10/site-packages/airflow/example_dags/subdags/subdag.py took 0.215 seconds
[2024-12-04T15:02:30.438+0700] {processor.py:186} INFO - Started process (PID=75401) to work on /home/dea/weather-monitoring/venv/lib/python3.10/site-packages/airflow/example_dags/subdags/subdag.py
[2024-12-04T15:02:30.446+0700] {processor.py:914} INFO - Processing file /home/dea/weather-monitoring/venv/lib/python3.10/site-packages/airflow/example_dags/subdags/subdag.py for tasks to queue
[2024-12-04T15:02:30.448+0700] {logging_mixin.py:190} INFO - [2024-12-04T15:02:30.448+0700] {dagbag.py:588} INFO - Filling up the DagBag from /home/dea/weather-monitoring/venv/lib/python3.10/site-packages/airflow/example_dags/subdags/subdag.py
[2024-12-04T15:02:30.454+0700] {processor.py:927} WARNING - No viable dags retrieved from /home/dea/weather-monitoring/venv/lib/python3.10/site-packages/airflow/example_dags/subdags/subdag.py
[2024-12-04T15:02:30.571+0700] {processor.py:208} INFO - Processing /home/dea/weather-monitoring/venv/lib/python3.10/site-packages/airflow/example_dags/subdags/subdag.py took 0.179 seconds
[2024-12-04T15:03:01.529+0700] {processor.py:186} INFO - Started process (PID=76547) to work on /home/dea/weather-monitoring/venv/lib/python3.10/site-packages/airflow/example_dags/subdags/subdag.py
[2024-12-04T15:03:01.550+0700] {processor.py:914} INFO - Processing file /home/dea/weather-monitoring/venv/lib/python3.10/site-packages/airflow/example_dags/subdags/subdag.py for tasks to queue
[2024-12-04T15:03:01.553+0700] {logging_mixin.py:190} INFO - [2024-12-04T15:03:01.552+0700] {dagbag.py:588} INFO - Filling up the DagBag from /home/dea/weather-monitoring/venv/lib/python3.10/site-packages/airflow/example_dags/subdags/subdag.py
[2024-12-04T15:03:01.566+0700] {processor.py:927} WARNING - No viable dags retrieved from /home/dea/weather-monitoring/venv/lib/python3.10/site-packages/airflow/example_dags/subdags/subdag.py
[2024-12-04T15:03:01.700+0700] {processor.py:208} INFO - Processing /home/dea/weather-monitoring/venv/lib/python3.10/site-packages/airflow/example_dags/subdags/subdag.py took 0.215 seconds
[2024-12-04T15:03:32.548+0700] {processor.py:186} INFO - Started process (PID=77714) to work on /home/dea/weather-monitoring/venv/lib/python3.10/site-packages/airflow/example_dags/subdags/subdag.py
[2024-12-04T15:03:32.565+0700] {processor.py:914} INFO - Processing file /home/dea/weather-monitoring/venv/lib/python3.10/site-packages/airflow/example_dags/subdags/subdag.py for tasks to queue
[2024-12-04T15:03:32.568+0700] {logging_mixin.py:190} INFO - [2024-12-04T15:03:32.567+0700] {dagbag.py:588} INFO - Filling up the DagBag from /home/dea/weather-monitoring/venv/lib/python3.10/site-packages/airflow/example_dags/subdags/subdag.py
[2024-12-04T15:03:32.573+0700] {processor.py:927} WARNING - No viable dags retrieved from /home/dea/weather-monitoring/venv/lib/python3.10/site-packages/airflow/example_dags/subdags/subdag.py
[2024-12-04T15:03:32.715+0700] {processor.py:208} INFO - Processing /home/dea/weather-monitoring/venv/lib/python3.10/site-packages/airflow/example_dags/subdags/subdag.py took 0.186 seconds
[2024-12-04T15:04:02.853+0700] {processor.py:186} INFO - Started process (PID=78733) to work on /home/dea/weather-monitoring/venv/lib/python3.10/site-packages/airflow/example_dags/subdags/subdag.py
[2024-12-04T15:04:02.871+0700] {processor.py:914} INFO - Processing file /home/dea/weather-monitoring/venv/lib/python3.10/site-packages/airflow/example_dags/subdags/subdag.py for tasks to queue
[2024-12-04T15:04:02.873+0700] {logging_mixin.py:190} INFO - [2024-12-04T15:04:02.873+0700] {dagbag.py:588} INFO - Filling up the DagBag from /home/dea/weather-monitoring/venv/lib/python3.10/site-packages/airflow/example_dags/subdags/subdag.py
[2024-12-04T15:04:02.888+0700] {processor.py:927} WARNING - No viable dags retrieved from /home/dea/weather-monitoring/venv/lib/python3.10/site-packages/airflow/example_dags/subdags/subdag.py
[2024-12-04T15:04:02.997+0700] {processor.py:208} INFO - Processing /home/dea/weather-monitoring/venv/lib/python3.10/site-packages/airflow/example_dags/subdags/subdag.py took 0.186 seconds
[2024-12-04T15:04:35.473+0700] {processor.py:186} INFO - Started process (PID=79855) to work on /home/dea/weather-monitoring/venv/lib/python3.10/site-packages/airflow/example_dags/subdags/subdag.py
[2024-12-04T15:04:35.477+0700] {processor.py:914} INFO - Processing file /home/dea/weather-monitoring/venv/lib/python3.10/site-packages/airflow/example_dags/subdags/subdag.py for tasks to queue
[2024-12-04T15:04:35.480+0700] {logging_mixin.py:190} INFO - [2024-12-04T15:04:35.479+0700] {dagbag.py:588} INFO - Filling up the DagBag from /home/dea/weather-monitoring/venv/lib/python3.10/site-packages/airflow/example_dags/subdags/subdag.py
[2024-12-04T15:04:35.492+0700] {processor.py:927} WARNING - No viable dags retrieved from /home/dea/weather-monitoring/venv/lib/python3.10/site-packages/airflow/example_dags/subdags/subdag.py
[2024-12-04T15:04:35.644+0700] {processor.py:208} INFO - Processing /home/dea/weather-monitoring/venv/lib/python3.10/site-packages/airflow/example_dags/subdags/subdag.py took 0.237 seconds
[2024-12-04T15:05:10.987+0700] {processor.py:186} INFO - Started process (PID=81067) to work on /home/dea/weather-monitoring/venv/lib/python3.10/site-packages/airflow/example_dags/subdags/subdag.py
[2024-12-04T15:05:11.003+0700] {processor.py:914} INFO - Processing file /home/dea/weather-monitoring/venv/lib/python3.10/site-packages/airflow/example_dags/subdags/subdag.py for tasks to queue
[2024-12-04T15:05:11.006+0700] {logging_mixin.py:190} INFO - [2024-12-04T15:05:11.005+0700] {dagbag.py:588} INFO - Filling up the DagBag from /home/dea/weather-monitoring/venv/lib/python3.10/site-packages/airflow/example_dags/subdags/subdag.py
[2024-12-04T15:05:11.055+0700] {processor.py:927} WARNING - No viable dags retrieved from /home/dea/weather-monitoring/venv/lib/python3.10/site-packages/airflow/example_dags/subdags/subdag.py
[2024-12-04T15:05:11.331+0700] {processor.py:208} INFO - Processing /home/dea/weather-monitoring/venv/lib/python3.10/site-packages/airflow/example_dags/subdags/subdag.py took 0.444 seconds
[2024-12-04T15:05:45.704+0700] {processor.py:186} INFO - Started process (PID=82096) to work on /home/dea/weather-monitoring/venv/lib/python3.10/site-packages/airflow/example_dags/subdags/subdag.py
[2024-12-04T15:05:45.706+0700] {processor.py:914} INFO - Processing file /home/dea/weather-monitoring/venv/lib/python3.10/site-packages/airflow/example_dags/subdags/subdag.py for tasks to queue
[2024-12-04T15:05:45.709+0700] {logging_mixin.py:190} INFO - [2024-12-04T15:05:45.708+0700] {dagbag.py:588} INFO - Filling up the DagBag from /home/dea/weather-monitoring/venv/lib/python3.10/site-packages/airflow/example_dags/subdags/subdag.py
[2024-12-04T15:05:45.728+0700] {processor.py:927} WARNING - No viable dags retrieved from /home/dea/weather-monitoring/venv/lib/python3.10/site-packages/airflow/example_dags/subdags/subdag.py
[2024-12-04T15:05:45.809+0700] {processor.py:208} INFO - Processing /home/dea/weather-monitoring/venv/lib/python3.10/site-packages/airflow/example_dags/subdags/subdag.py took 0.145 seconds
[2024-12-04T15:06:16.701+0700] {processor.py:186} INFO - Started process (PID=82885) to work on /home/dea/weather-monitoring/venv/lib/python3.10/site-packages/airflow/example_dags/subdags/subdag.py
[2024-12-04T15:06:16.706+0700] {processor.py:914} INFO - Processing file /home/dea/weather-monitoring/venv/lib/python3.10/site-packages/airflow/example_dags/subdags/subdag.py for tasks to queue
[2024-12-04T15:06:16.709+0700] {logging_mixin.py:190} INFO - [2024-12-04T15:06:16.708+0700] {dagbag.py:588} INFO - Filling up the DagBag from /home/dea/weather-monitoring/venv/lib/python3.10/site-packages/airflow/example_dags/subdags/subdag.py
[2024-12-04T15:06:16.734+0700] {processor.py:927} WARNING - No viable dags retrieved from /home/dea/weather-monitoring/venv/lib/python3.10/site-packages/airflow/example_dags/subdags/subdag.py
[2024-12-04T15:06:16.935+0700] {processor.py:208} INFO - Processing /home/dea/weather-monitoring/venv/lib/python3.10/site-packages/airflow/example_dags/subdags/subdag.py took 0.245 seconds
[2024-12-04T15:06:48.928+0700] {processor.py:186} INFO - Started process (PID=83798) to work on /home/dea/weather-monitoring/venv/lib/python3.10/site-packages/airflow/example_dags/subdags/subdag.py
[2024-12-04T15:06:48.942+0700] {processor.py:914} INFO - Processing file /home/dea/weather-monitoring/venv/lib/python3.10/site-packages/airflow/example_dags/subdags/subdag.py for tasks to queue
[2024-12-04T15:06:48.951+0700] {logging_mixin.py:190} INFO - [2024-12-04T15:06:48.950+0700] {dagbag.py:588} INFO - Filling up the DagBag from /home/dea/weather-monitoring/venv/lib/python3.10/site-packages/airflow/example_dags/subdags/subdag.py
[2024-12-04T15:06:48.979+0700] {processor.py:927} WARNING - No viable dags retrieved from /home/dea/weather-monitoring/venv/lib/python3.10/site-packages/airflow/example_dags/subdags/subdag.py
[2024-12-04T15:06:49.157+0700] {processor.py:208} INFO - Processing /home/dea/weather-monitoring/venv/lib/python3.10/site-packages/airflow/example_dags/subdags/subdag.py took 0.264 seconds
[2024-12-04T15:07:20.528+0700] {processor.py:186} INFO - Started process (PID=84674) to work on /home/dea/weather-monitoring/venv/lib/python3.10/site-packages/airflow/example_dags/subdags/subdag.py
[2024-12-04T15:07:20.534+0700] {processor.py:914} INFO - Processing file /home/dea/weather-monitoring/venv/lib/python3.10/site-packages/airflow/example_dags/subdags/subdag.py for tasks to queue
[2024-12-04T15:07:20.536+0700] {logging_mixin.py:190} INFO - [2024-12-04T15:07:20.535+0700] {dagbag.py:588} INFO - Filling up the DagBag from /home/dea/weather-monitoring/venv/lib/python3.10/site-packages/airflow/example_dags/subdags/subdag.py
[2024-12-04T15:07:20.546+0700] {processor.py:927} WARNING - No viable dags retrieved from /home/dea/weather-monitoring/venv/lib/python3.10/site-packages/airflow/example_dags/subdags/subdag.py
[2024-12-04T15:07:20.688+0700] {processor.py:208} INFO - Processing /home/dea/weather-monitoring/venv/lib/python3.10/site-packages/airflow/example_dags/subdags/subdag.py took 0.276 seconds
[2024-12-04T15:07:51.347+0700] {processor.py:186} INFO - Started process (PID=85522) to work on /home/dea/weather-monitoring/venv/lib/python3.10/site-packages/airflow/example_dags/subdags/subdag.py
[2024-12-04T15:07:51.351+0700] {processor.py:914} INFO - Processing file /home/dea/weather-monitoring/venv/lib/python3.10/site-packages/airflow/example_dags/subdags/subdag.py for tasks to queue
[2024-12-04T15:07:51.364+0700] {logging_mixin.py:190} INFO - [2024-12-04T15:07:51.363+0700] {dagbag.py:588} INFO - Filling up the DagBag from /home/dea/weather-monitoring/venv/lib/python3.10/site-packages/airflow/example_dags/subdags/subdag.py
[2024-12-04T15:07:51.377+0700] {processor.py:927} WARNING - No viable dags retrieved from /home/dea/weather-monitoring/venv/lib/python3.10/site-packages/airflow/example_dags/subdags/subdag.py
[2024-12-04T15:07:51.528+0700] {processor.py:208} INFO - Processing /home/dea/weather-monitoring/venv/lib/python3.10/site-packages/airflow/example_dags/subdags/subdag.py took 0.220 seconds
[2024-12-04T15:08:23.777+0700] {processor.py:186} INFO - Started process (PID=86367) to work on /home/dea/weather-monitoring/venv/lib/python3.10/site-packages/airflow/example_dags/subdags/subdag.py
[2024-12-04T15:08:23.783+0700] {processor.py:914} INFO - Processing file /home/dea/weather-monitoring/venv/lib/python3.10/site-packages/airflow/example_dags/subdags/subdag.py for tasks to queue
[2024-12-04T15:08:23.787+0700] {logging_mixin.py:190} INFO - [2024-12-04T15:08:23.786+0700] {dagbag.py:588} INFO - Filling up the DagBag from /home/dea/weather-monitoring/venv/lib/python3.10/site-packages/airflow/example_dags/subdags/subdag.py
[2024-12-04T15:08:23.806+0700] {processor.py:927} WARNING - No viable dags retrieved from /home/dea/weather-monitoring/venv/lib/python3.10/site-packages/airflow/example_dags/subdags/subdag.py
[2024-12-04T15:08:23.951+0700] {processor.py:208} INFO - Processing /home/dea/weather-monitoring/venv/lib/python3.10/site-packages/airflow/example_dags/subdags/subdag.py took 0.194 seconds
[2024-12-04T15:08:54.363+0700] {processor.py:186} INFO - Started process (PID=87171) to work on /home/dea/weather-monitoring/venv/lib/python3.10/site-packages/airflow/example_dags/subdags/subdag.py
[2024-12-04T15:08:54.382+0700] {processor.py:914} INFO - Processing file /home/dea/weather-monitoring/venv/lib/python3.10/site-packages/airflow/example_dags/subdags/subdag.py for tasks to queue
[2024-12-04T15:08:54.395+0700] {logging_mixin.py:190} INFO - [2024-12-04T15:08:54.394+0700] {dagbag.py:588} INFO - Filling up the DagBag from /home/dea/weather-monitoring/venv/lib/python3.10/site-packages/airflow/example_dags/subdags/subdag.py
[2024-12-04T15:08:54.440+0700] {processor.py:927} WARNING - No viable dags retrieved from /home/dea/weather-monitoring/venv/lib/python3.10/site-packages/airflow/example_dags/subdags/subdag.py
[2024-12-04T15:08:54.699+0700] {processor.py:208} INFO - Processing /home/dea/weather-monitoring/venv/lib/python3.10/site-packages/airflow/example_dags/subdags/subdag.py took 0.378 seconds
[2024-12-04T15:09:25.112+0700] {processor.py:186} INFO - Started process (PID=87992) to work on /home/dea/weather-monitoring/venv/lib/python3.10/site-packages/airflow/example_dags/subdags/subdag.py
[2024-12-04T15:09:25.129+0700] {processor.py:914} INFO - Processing file /home/dea/weather-monitoring/venv/lib/python3.10/site-packages/airflow/example_dags/subdags/subdag.py for tasks to queue
[2024-12-04T15:09:25.140+0700] {logging_mixin.py:190} INFO - [2024-12-04T15:09:25.139+0700] {dagbag.py:588} INFO - Filling up the DagBag from /home/dea/weather-monitoring/venv/lib/python3.10/site-packages/airflow/example_dags/subdags/subdag.py
[2024-12-04T15:09:25.149+0700] {processor.py:927} WARNING - No viable dags retrieved from /home/dea/weather-monitoring/venv/lib/python3.10/site-packages/airflow/example_dags/subdags/subdag.py
[2024-12-04T15:09:25.318+0700] {processor.py:208} INFO - Processing /home/dea/weather-monitoring/venv/lib/python3.10/site-packages/airflow/example_dags/subdags/subdag.py took 0.239 seconds
[2024-12-04T15:09:56.033+0700] {processor.py:186} INFO - Started process (PID=88889) to work on /home/dea/weather-monitoring/venv/lib/python3.10/site-packages/airflow/example_dags/subdags/subdag.py
[2024-12-04T15:09:56.059+0700] {processor.py:914} INFO - Processing file /home/dea/weather-monitoring/venv/lib/python3.10/site-packages/airflow/example_dags/subdags/subdag.py for tasks to queue
[2024-12-04T15:09:56.063+0700] {logging_mixin.py:190} INFO - [2024-12-04T15:09:56.062+0700] {dagbag.py:588} INFO - Filling up the DagBag from /home/dea/weather-monitoring/venv/lib/python3.10/site-packages/airflow/example_dags/subdags/subdag.py
[2024-12-04T15:09:56.107+0700] {processor.py:927} WARNING - No viable dags retrieved from /home/dea/weather-monitoring/venv/lib/python3.10/site-packages/airflow/example_dags/subdags/subdag.py
[2024-12-04T15:09:56.240+0700] {processor.py:208} INFO - Processing /home/dea/weather-monitoring/venv/lib/python3.10/site-packages/airflow/example_dags/subdags/subdag.py took 0.253 seconds
[2024-12-04T15:10:30.764+0700] {processor.py:186} INFO - Started process (PID=89745) to work on /home/dea/weather-monitoring/venv/lib/python3.10/site-packages/airflow/example_dags/subdags/subdag.py
[2024-12-04T15:10:30.806+0700] {processor.py:914} INFO - Processing file /home/dea/weather-monitoring/venv/lib/python3.10/site-packages/airflow/example_dags/subdags/subdag.py for tasks to queue
[2024-12-04T15:10:30.811+0700] {logging_mixin.py:190} INFO - [2024-12-04T15:10:30.810+0700] {dagbag.py:588} INFO - Filling up the DagBag from /home/dea/weather-monitoring/venv/lib/python3.10/site-packages/airflow/example_dags/subdags/subdag.py
[2024-12-04T15:10:30.932+0700] {processor.py:927} WARNING - No viable dags retrieved from /home/dea/weather-monitoring/venv/lib/python3.10/site-packages/airflow/example_dags/subdags/subdag.py
[2024-12-04T15:10:31.630+0700] {processor.py:208} INFO - Processing /home/dea/weather-monitoring/venv/lib/python3.10/site-packages/airflow/example_dags/subdags/subdag.py took 0.917 seconds
[2024-12-04T15:11:04.157+0700] {processor.py:186} INFO - Started process (PID=90622) to work on /home/dea/weather-monitoring/venv/lib/python3.10/site-packages/airflow/example_dags/subdags/subdag.py
[2024-12-04T15:11:04.173+0700] {processor.py:914} INFO - Processing file /home/dea/weather-monitoring/venv/lib/python3.10/site-packages/airflow/example_dags/subdags/subdag.py for tasks to queue
[2024-12-04T15:11:04.182+0700] {logging_mixin.py:190} INFO - [2024-12-04T15:11:04.181+0700] {dagbag.py:588} INFO - Filling up the DagBag from /home/dea/weather-monitoring/venv/lib/python3.10/site-packages/airflow/example_dags/subdags/subdag.py
[2024-12-04T15:11:04.195+0700] {processor.py:927} WARNING - No viable dags retrieved from /home/dea/weather-monitoring/venv/lib/python3.10/site-packages/airflow/example_dags/subdags/subdag.py
[2024-12-04T15:11:04.458+0700] {processor.py:208} INFO - Processing /home/dea/weather-monitoring/venv/lib/python3.10/site-packages/airflow/example_dags/subdags/subdag.py took 0.394 seconds
[2024-12-04T15:11:37.333+0700] {processor.py:186} INFO - Started process (PID=91480) to work on /home/dea/weather-monitoring/venv/lib/python3.10/site-packages/airflow/example_dags/subdags/subdag.py
[2024-12-04T15:11:37.472+0700] {processor.py:914} INFO - Processing file /home/dea/weather-monitoring/venv/lib/python3.10/site-packages/airflow/example_dags/subdags/subdag.py for tasks to queue
[2024-12-04T15:11:37.497+0700] {logging_mixin.py:190} INFO - [2024-12-04T15:11:37.482+0700] {dagbag.py:588} INFO - Filling up the DagBag from /home/dea/weather-monitoring/venv/lib/python3.10/site-packages/airflow/example_dags/subdags/subdag.py
[2024-12-04T15:11:37.561+0700] {processor.py:927} WARNING - No viable dags retrieved from /home/dea/weather-monitoring/venv/lib/python3.10/site-packages/airflow/example_dags/subdags/subdag.py
[2024-12-04T15:11:37.813+0700] {processor.py:208} INFO - Processing /home/dea/weather-monitoring/venv/lib/python3.10/site-packages/airflow/example_dags/subdags/subdag.py took 0.540 seconds
[2024-12-04T15:12:16.779+0700] {processor.py:186} INFO - Started process (PID=92749) to work on /home/dea/weather-monitoring/venv/lib/python3.10/site-packages/airflow/example_dags/subdags/subdag.py
[2024-12-04T15:12:16.783+0700] {processor.py:914} INFO - Processing file /home/dea/weather-monitoring/venv/lib/python3.10/site-packages/airflow/example_dags/subdags/subdag.py for tasks to queue
[2024-12-04T15:12:16.803+0700] {logging_mixin.py:190} INFO - [2024-12-04T15:12:16.789+0700] {dagbag.py:588} INFO - Filling up the DagBag from /home/dea/weather-monitoring/venv/lib/python3.10/site-packages/airflow/example_dags/subdags/subdag.py
[2024-12-04T15:12:16.825+0700] {processor.py:927} WARNING - No viable dags retrieved from /home/dea/weather-monitoring/venv/lib/python3.10/site-packages/airflow/example_dags/subdags/subdag.py
[2024-12-04T15:12:17.003+0700] {processor.py:208} INFO - Processing /home/dea/weather-monitoring/venv/lib/python3.10/site-packages/airflow/example_dags/subdags/subdag.py took 0.305 seconds
[2024-12-04T15:12:52.916+0700] {processor.py:186} INFO - Started process (PID=93798) to work on /home/dea/weather-monitoring/venv/lib/python3.10/site-packages/airflow/example_dags/subdags/subdag.py
[2024-12-04T15:12:52.919+0700] {processor.py:914} INFO - Processing file /home/dea/weather-monitoring/venv/lib/python3.10/site-packages/airflow/example_dags/subdags/subdag.py for tasks to queue
[2024-12-04T15:12:52.922+0700] {logging_mixin.py:190} INFO - [2024-12-04T15:12:52.921+0700] {dagbag.py:588} INFO - Filling up the DagBag from /home/dea/weather-monitoring/venv/lib/python3.10/site-packages/airflow/example_dags/subdags/subdag.py
[2024-12-04T15:12:52.957+0700] {processor.py:927} WARNING - No viable dags retrieved from /home/dea/weather-monitoring/venv/lib/python3.10/site-packages/airflow/example_dags/subdags/subdag.py
[2024-12-04T15:12:53.109+0700] {processor.py:208} INFO - Processing /home/dea/weather-monitoring/venv/lib/python3.10/site-packages/airflow/example_dags/subdags/subdag.py took 0.222 seconds
[2024-12-04T15:13:26.016+0700] {processor.py:186} INFO - Started process (PID=94846) to work on /home/dea/weather-monitoring/venv/lib/python3.10/site-packages/airflow/example_dags/subdags/subdag.py
[2024-12-04T15:13:26.023+0700] {processor.py:914} INFO - Processing file /home/dea/weather-monitoring/venv/lib/python3.10/site-packages/airflow/example_dags/subdags/subdag.py for tasks to queue
[2024-12-04T15:13:26.029+0700] {logging_mixin.py:190} INFO - [2024-12-04T15:13:26.028+0700] {dagbag.py:588} INFO - Filling up the DagBag from /home/dea/weather-monitoring/venv/lib/python3.10/site-packages/airflow/example_dags/subdags/subdag.py
[2024-12-04T15:13:26.034+0700] {processor.py:927} WARNING - No viable dags retrieved from /home/dea/weather-monitoring/venv/lib/python3.10/site-packages/airflow/example_dags/subdags/subdag.py
[2024-12-04T15:13:26.127+0700] {processor.py:208} INFO - Processing /home/dea/weather-monitoring/venv/lib/python3.10/site-packages/airflow/example_dags/subdags/subdag.py took 0.161 seconds
[2024-12-04T15:13:57.727+0700] {processor.py:186} INFO - Started process (PID=95742) to work on /home/dea/weather-monitoring/venv/lib/python3.10/site-packages/airflow/example_dags/subdags/subdag.py
[2024-12-04T15:13:57.737+0700] {processor.py:914} INFO - Processing file /home/dea/weather-monitoring/venv/lib/python3.10/site-packages/airflow/example_dags/subdags/subdag.py for tasks to queue
[2024-12-04T15:13:57.747+0700] {logging_mixin.py:190} INFO - [2024-12-04T15:13:57.742+0700] {dagbag.py:588} INFO - Filling up the DagBag from /home/dea/weather-monitoring/venv/lib/python3.10/site-packages/airflow/example_dags/subdags/subdag.py
[2024-12-04T15:13:57.759+0700] {processor.py:927} WARNING - No viable dags retrieved from /home/dea/weather-monitoring/venv/lib/python3.10/site-packages/airflow/example_dags/subdags/subdag.py
[2024-12-04T15:13:57.958+0700] {processor.py:208} INFO - Processing /home/dea/weather-monitoring/venv/lib/python3.10/site-packages/airflow/example_dags/subdags/subdag.py took 0.290 seconds
[2024-12-04T15:14:33.773+0700] {processor.py:186} INFO - Started process (PID=96987) to work on /home/dea/weather-monitoring/venv/lib/python3.10/site-packages/airflow/example_dags/subdags/subdag.py
[2024-12-04T15:14:33.778+0700] {processor.py:914} INFO - Processing file /home/dea/weather-monitoring/venv/lib/python3.10/site-packages/airflow/example_dags/subdags/subdag.py for tasks to queue
[2024-12-04T15:14:33.781+0700] {logging_mixin.py:190} INFO - [2024-12-04T15:14:33.780+0700] {dagbag.py:588} INFO - Filling up the DagBag from /home/dea/weather-monitoring/venv/lib/python3.10/site-packages/airflow/example_dags/subdags/subdag.py
[2024-12-04T15:14:33.789+0700] {processor.py:927} WARNING - No viable dags retrieved from /home/dea/weather-monitoring/venv/lib/python3.10/site-packages/airflow/example_dags/subdags/subdag.py
[2024-12-04T15:14:33.983+0700] {processor.py:208} INFO - Processing /home/dea/weather-monitoring/venv/lib/python3.10/site-packages/airflow/example_dags/subdags/subdag.py took 0.300 seconds
[2024-12-04T15:15:18.302+0700] {processor.py:186} INFO - Started process (PID=98633) to work on /home/dea/weather-monitoring/venv/lib/python3.10/site-packages/airflow/example_dags/subdags/subdag.py
[2024-12-04T15:15:18.314+0700] {processor.py:914} INFO - Processing file /home/dea/weather-monitoring/venv/lib/python3.10/site-packages/airflow/example_dags/subdags/subdag.py for tasks to queue
[2024-12-04T15:15:18.316+0700] {logging_mixin.py:190} INFO - [2024-12-04T15:15:18.316+0700] {dagbag.py:588} INFO - Filling up the DagBag from /home/dea/weather-monitoring/venv/lib/python3.10/site-packages/airflow/example_dags/subdags/subdag.py
[2024-12-04T15:15:18.321+0700] {processor.py:927} WARNING - No viable dags retrieved from /home/dea/weather-monitoring/venv/lib/python3.10/site-packages/airflow/example_dags/subdags/subdag.py
[2024-12-04T15:15:18.554+0700] {processor.py:208} INFO - Processing /home/dea/weather-monitoring/venv/lib/python3.10/site-packages/airflow/example_dags/subdags/subdag.py took 0.304 seconds
[2024-12-04T15:16:00.718+0700] {processor.py:186} INFO - Started process (PID=99567) to work on /home/dea/weather-monitoring/venv/lib/python3.10/site-packages/airflow/example_dags/subdags/subdag.py
[2024-12-04T15:16:00.805+0700] {processor.py:914} INFO - Processing file /home/dea/weather-monitoring/venv/lib/python3.10/site-packages/airflow/example_dags/subdags/subdag.py for tasks to queue
[2024-12-04T15:16:00.807+0700] {logging_mixin.py:190} INFO - [2024-12-04T15:16:00.807+0700] {dagbag.py:588} INFO - Filling up the DagBag from /home/dea/weather-monitoring/venv/lib/python3.10/site-packages/airflow/example_dags/subdags/subdag.py
[2024-12-04T15:16:00.883+0700] {processor.py:927} WARNING - No viable dags retrieved from /home/dea/weather-monitoring/venv/lib/python3.10/site-packages/airflow/example_dags/subdags/subdag.py
[2024-12-04T15:16:01.228+0700] {processor.py:208} INFO - Processing /home/dea/weather-monitoring/venv/lib/python3.10/site-packages/airflow/example_dags/subdags/subdag.py took 0.619 seconds
[2024-12-04T15:16:40.703+0700] {processor.py:186} INFO - Started process (PID=100611) to work on /home/dea/weather-monitoring/venv/lib/python3.10/site-packages/airflow/example_dags/subdags/subdag.py
[2024-12-04T15:16:40.734+0700] {processor.py:914} INFO - Processing file /home/dea/weather-monitoring/venv/lib/python3.10/site-packages/airflow/example_dags/subdags/subdag.py for tasks to queue
[2024-12-04T15:16:40.746+0700] {logging_mixin.py:190} INFO - [2024-12-04T15:16:40.746+0700] {dagbag.py:588} INFO - Filling up the DagBag from /home/dea/weather-monitoring/venv/lib/python3.10/site-packages/airflow/example_dags/subdags/subdag.py
[2024-12-04T15:16:40.780+0700] {processor.py:927} WARNING - No viable dags retrieved from /home/dea/weather-monitoring/venv/lib/python3.10/site-packages/airflow/example_dags/subdags/subdag.py
[2024-12-04T15:16:41.034+0700] {processor.py:208} INFO - Processing /home/dea/weather-monitoring/venv/lib/python3.10/site-packages/airflow/example_dags/subdags/subdag.py took 0.425 seconds
[2024-12-04T15:17:17.598+0700] {processor.py:186} INFO - Started process (PID=102203) to work on /home/dea/weather-monitoring/venv/lib/python3.10/site-packages/airflow/example_dags/subdags/subdag.py
[2024-12-04T15:17:17.612+0700] {processor.py:914} INFO - Processing file /home/dea/weather-monitoring/venv/lib/python3.10/site-packages/airflow/example_dags/subdags/subdag.py for tasks to queue
[2024-12-04T15:17:17.615+0700] {logging_mixin.py:190} INFO - [2024-12-04T15:17:17.614+0700] {dagbag.py:588} INFO - Filling up the DagBag from /home/dea/weather-monitoring/venv/lib/python3.10/site-packages/airflow/example_dags/subdags/subdag.py
[2024-12-04T15:17:17.622+0700] {processor.py:927} WARNING - No viable dags retrieved from /home/dea/weather-monitoring/venv/lib/python3.10/site-packages/airflow/example_dags/subdags/subdag.py
[2024-12-04T15:17:17.730+0700] {processor.py:208} INFO - Processing /home/dea/weather-monitoring/venv/lib/python3.10/site-packages/airflow/example_dags/subdags/subdag.py took 0.151 seconds
[2024-12-04T15:17:58.779+0700] {processor.py:186} INFO - Started process (PID=103444) to work on /home/dea/weather-monitoring/venv/lib/python3.10/site-packages/airflow/example_dags/subdags/subdag.py
[2024-12-04T15:17:58.786+0700] {processor.py:914} INFO - Processing file /home/dea/weather-monitoring/venv/lib/python3.10/site-packages/airflow/example_dags/subdags/subdag.py for tasks to queue
[2024-12-04T15:17:58.789+0700] {logging_mixin.py:190} INFO - [2024-12-04T15:17:58.788+0700] {dagbag.py:588} INFO - Filling up the DagBag from /home/dea/weather-monitoring/venv/lib/python3.10/site-packages/airflow/example_dags/subdags/subdag.py
[2024-12-04T15:17:58.795+0700] {processor.py:927} WARNING - No viable dags retrieved from /home/dea/weather-monitoring/venv/lib/python3.10/site-packages/airflow/example_dags/subdags/subdag.py
[2024-12-04T15:17:58.861+0700] {processor.py:208} INFO - Processing /home/dea/weather-monitoring/venv/lib/python3.10/site-packages/airflow/example_dags/subdags/subdag.py took 0.114 seconds
[2024-12-04T15:18:44.156+0700] {processor.py:186} INFO - Started process (PID=105157) to work on /home/dea/weather-monitoring/venv/lib/python3.10/site-packages/airflow/example_dags/subdags/subdag.py
[2024-12-04T15:18:44.160+0700] {processor.py:914} INFO - Processing file /home/dea/weather-monitoring/venv/lib/python3.10/site-packages/airflow/example_dags/subdags/subdag.py for tasks to queue
[2024-12-04T15:18:44.164+0700] {logging_mixin.py:190} INFO - [2024-12-04T15:18:44.164+0700] {dagbag.py:588} INFO - Filling up the DagBag from /home/dea/weather-monitoring/venv/lib/python3.10/site-packages/airflow/example_dags/subdags/subdag.py
[2024-12-04T15:18:44.192+0700] {processor.py:927} WARNING - No viable dags retrieved from /home/dea/weather-monitoring/venv/lib/python3.10/site-packages/airflow/example_dags/subdags/subdag.py
[2024-12-04T15:18:44.608+0700] {processor.py:208} INFO - Processing /home/dea/weather-monitoring/venv/lib/python3.10/site-packages/airflow/example_dags/subdags/subdag.py took 0.595 seconds
[2024-12-04T15:19:45.916+0700] {processor.py:186} INFO - Started process (PID=106726) to work on /home/dea/weather-monitoring/venv/lib/python3.10/site-packages/airflow/example_dags/subdags/subdag.py
[2024-12-04T15:19:45.936+0700] {processor.py:914} INFO - Processing file /home/dea/weather-monitoring/venv/lib/python3.10/site-packages/airflow/example_dags/subdags/subdag.py for tasks to queue
[2024-12-04T15:19:45.939+0700] {logging_mixin.py:190} INFO - [2024-12-04T15:19:45.938+0700] {dagbag.py:588} INFO - Filling up the DagBag from /home/dea/weather-monitoring/venv/lib/python3.10/site-packages/airflow/example_dags/subdags/subdag.py
[2024-12-04T15:19:45.967+0700] {processor.py:927} WARNING - No viable dags retrieved from /home/dea/weather-monitoring/venv/lib/python3.10/site-packages/airflow/example_dags/subdags/subdag.py
[2024-12-04T15:19:47.060+0700] {processor.py:208} INFO - Processing /home/dea/weather-monitoring/venv/lib/python3.10/site-packages/airflow/example_dags/subdags/subdag.py took 1.456 seconds
[2024-12-04T15:20:28.171+0700] {processor.py:186} INFO - Started process (PID=108409) to work on /home/dea/weather-monitoring/venv/lib/python3.10/site-packages/airflow/example_dags/subdags/subdag.py
[2024-12-04T15:20:28.184+0700] {processor.py:914} INFO - Processing file /home/dea/weather-monitoring/venv/lib/python3.10/site-packages/airflow/example_dags/subdags/subdag.py for tasks to queue
[2024-12-04T15:20:28.187+0700] {logging_mixin.py:190} INFO - [2024-12-04T15:20:28.186+0700] {dagbag.py:588} INFO - Filling up the DagBag from /home/dea/weather-monitoring/venv/lib/python3.10/site-packages/airflow/example_dags/subdags/subdag.py
[2024-12-04T15:20:28.208+0700] {processor.py:927} WARNING - No viable dags retrieved from /home/dea/weather-monitoring/venv/lib/python3.10/site-packages/airflow/example_dags/subdags/subdag.py
[2024-12-04T15:20:28.272+0700] {processor.py:208} INFO - Processing /home/dea/weather-monitoring/venv/lib/python3.10/site-packages/airflow/example_dags/subdags/subdag.py took 0.154 seconds
