[2024-12-04T13:11:46.645+0700] {processor.py:186} INFO - Started process (PID=16028) to work on /home/dea/weather-monitoring/venv/lib/python3.10/site-packages/airflow/example_dags/plugins/decreasing_priority_weight_strategy.py
[2024-12-04T13:11:46.647+0700] {processor.py:914} INFO - Processing file /home/dea/weather-monitoring/venv/lib/python3.10/site-packages/airflow/example_dags/plugins/decreasing_priority_weight_strategy.py for tasks to queue
[2024-12-04T13:11:46.652+0700] {logging_mixin.py:190} INFO - [2024-12-04T13:11:46.651+0700] {dagbag.py:588} INFO - Filling up the DagBag from /home/dea/weather-monitoring/venv/lib/python3.10/site-packages/airflow/example_dags/plugins/decreasing_priority_weight_strategy.py
[2024-12-04T13:11:46.656+0700] {processor.py:927} WARNING - No viable dags retrieved from /home/dea/weather-monitoring/venv/lib/python3.10/site-packages/airflow/example_dags/plugins/decreasing_priority_weight_strategy.py
[2024-12-04T13:11:46.671+0700] {processor.py:208} INFO - Processing /home/dea/weather-monitoring/venv/lib/python3.10/site-packages/airflow/example_dags/plugins/decreasing_priority_weight_strategy.py took 0.036 seconds
[2024-12-04T13:12:50.170+0700] {processor.py:186} INFO - Started process (PID=16840) to work on /home/dea/weather-monitoring/venv/lib/python3.10/site-packages/airflow/example_dags/plugins/decreasing_priority_weight_strategy.py
[2024-12-04T13:12:50.171+0700] {processor.py:914} INFO - Processing file /home/dea/weather-monitoring/venv/lib/python3.10/site-packages/airflow/example_dags/plugins/decreasing_priority_weight_strategy.py for tasks to queue
[2024-12-04T13:12:50.175+0700] {logging_mixin.py:190} INFO - [2024-12-04T13:12:50.174+0700] {dagbag.py:588} INFO - Filling up the DagBag from /home/dea/weather-monitoring/venv/lib/python3.10/site-packages/airflow/example_dags/plugins/decreasing_priority_weight_strategy.py
[2024-12-04T13:12:50.178+0700] {processor.py:927} WARNING - No viable dags retrieved from /home/dea/weather-monitoring/venv/lib/python3.10/site-packages/airflow/example_dags/plugins/decreasing_priority_weight_strategy.py
[2024-12-04T13:12:50.196+0700] {processor.py:208} INFO - Processing /home/dea/weather-monitoring/venv/lib/python3.10/site-packages/airflow/example_dags/plugins/decreasing_priority_weight_strategy.py took 0.036 seconds
[2024-12-04T13:32:08.350+0700] {processor.py:186} INFO - Started process (PID=30675) to work on /home/dea/weather-monitoring/venv/lib/python3.10/site-packages/airflow/example_dags/plugins/decreasing_priority_weight_strategy.py
[2024-12-04T13:32:08.352+0700] {processor.py:914} INFO - Processing file /home/dea/weather-monitoring/venv/lib/python3.10/site-packages/airflow/example_dags/plugins/decreasing_priority_weight_strategy.py for tasks to queue
[2024-12-04T13:32:08.357+0700] {logging_mixin.py:190} INFO - [2024-12-04T13:32:08.356+0700] {dagbag.py:588} INFO - Filling up the DagBag from /home/dea/weather-monitoring/venv/lib/python3.10/site-packages/airflow/example_dags/plugins/decreasing_priority_weight_strategy.py
[2024-12-04T13:32:08.366+0700] {processor.py:927} WARNING - No viable dags retrieved from /home/dea/weather-monitoring/venv/lib/python3.10/site-packages/airflow/example_dags/plugins/decreasing_priority_weight_strategy.py
[2024-12-04T13:32:08.385+0700] {processor.py:208} INFO - Processing /home/dea/weather-monitoring/venv/lib/python3.10/site-packages/airflow/example_dags/plugins/decreasing_priority_weight_strategy.py took 0.049 seconds
[2024-12-04T13:33:06.597+0700] {processor.py:186} INFO - Started process (PID=30858) to work on /home/dea/weather-monitoring/venv/lib/python3.10/site-packages/airflow/example_dags/plugins/decreasing_priority_weight_strategy.py
[2024-12-04T13:33:06.598+0700] {processor.py:914} INFO - Processing file /home/dea/weather-monitoring/venv/lib/python3.10/site-packages/airflow/example_dags/plugins/decreasing_priority_weight_strategy.py for tasks to queue
[2024-12-04T13:33:06.600+0700] {logging_mixin.py:190} INFO - [2024-12-04T13:33:06.600+0700] {dagbag.py:588} INFO - Filling up the DagBag from /home/dea/weather-monitoring/venv/lib/python3.10/site-packages/airflow/example_dags/plugins/decreasing_priority_weight_strategy.py
[2024-12-04T13:33:06.603+0700] {processor.py:927} WARNING - No viable dags retrieved from /home/dea/weather-monitoring/venv/lib/python3.10/site-packages/airflow/example_dags/plugins/decreasing_priority_weight_strategy.py
[2024-12-04T13:33:06.614+0700] {processor.py:208} INFO - Processing /home/dea/weather-monitoring/venv/lib/python3.10/site-packages/airflow/example_dags/plugins/decreasing_priority_weight_strategy.py took 0.024 seconds
[2024-12-04T13:34:00.114+0700] {processor.py:186} INFO - Started process (PID=31057) to work on /home/dea/weather-monitoring/venv/lib/python3.10/site-packages/airflow/example_dags/plugins/decreasing_priority_weight_strategy.py
[2024-12-04T13:34:00.115+0700] {processor.py:914} INFO - Processing file /home/dea/weather-monitoring/venv/lib/python3.10/site-packages/airflow/example_dags/plugins/decreasing_priority_weight_strategy.py for tasks to queue
[2024-12-04T13:34:00.118+0700] {logging_mixin.py:190} INFO - [2024-12-04T13:34:00.118+0700] {dagbag.py:588} INFO - Filling up the DagBag from /home/dea/weather-monitoring/venv/lib/python3.10/site-packages/airflow/example_dags/plugins/decreasing_priority_weight_strategy.py
[2024-12-04T13:34:00.121+0700] {processor.py:927} WARNING - No viable dags retrieved from /home/dea/weather-monitoring/venv/lib/python3.10/site-packages/airflow/example_dags/plugins/decreasing_priority_weight_strategy.py
[2024-12-04T13:34:00.135+0700] {processor.py:208} INFO - Processing /home/dea/weather-monitoring/venv/lib/python3.10/site-packages/airflow/example_dags/plugins/decreasing_priority_weight_strategy.py took 0.029 seconds
[2024-12-04T13:34:57.302+0700] {processor.py:186} INFO - Started process (PID=31341) to work on /home/dea/weather-monitoring/venv/lib/python3.10/site-packages/airflow/example_dags/plugins/decreasing_priority_weight_strategy.py
[2024-12-04T13:34:57.304+0700] {processor.py:914} INFO - Processing file /home/dea/weather-monitoring/venv/lib/python3.10/site-packages/airflow/example_dags/plugins/decreasing_priority_weight_strategy.py for tasks to queue
[2024-12-04T13:34:57.308+0700] {logging_mixin.py:190} INFO - [2024-12-04T13:34:57.307+0700] {dagbag.py:588} INFO - Filling up the DagBag from /home/dea/weather-monitoring/venv/lib/python3.10/site-packages/airflow/example_dags/plugins/decreasing_priority_weight_strategy.py
[2024-12-04T13:34:57.311+0700] {processor.py:927} WARNING - No viable dags retrieved from /home/dea/weather-monitoring/venv/lib/python3.10/site-packages/airflow/example_dags/plugins/decreasing_priority_weight_strategy.py
[2024-12-04T13:34:57.325+0700] {processor.py:208} INFO - Processing /home/dea/weather-monitoring/venv/lib/python3.10/site-packages/airflow/example_dags/plugins/decreasing_priority_weight_strategy.py took 0.038 seconds
[2024-12-04T14:09:40.512+0700] {processor.py:186} INFO - Started process (PID=37317) to work on /home/dea/weather-monitoring/venv/lib/python3.10/site-packages/airflow/example_dags/plugins/decreasing_priority_weight_strategy.py
[2024-12-04T14:09:40.515+0700] {processor.py:914} INFO - Processing file /home/dea/weather-monitoring/venv/lib/python3.10/site-packages/airflow/example_dags/plugins/decreasing_priority_weight_strategy.py for tasks to queue
[2024-12-04T14:09:40.520+0700] {logging_mixin.py:190} INFO - [2024-12-04T14:09:40.519+0700] {dagbag.py:588} INFO - Filling up the DagBag from /home/dea/weather-monitoring/venv/lib/python3.10/site-packages/airflow/example_dags/plugins/decreasing_priority_weight_strategy.py
[2024-12-04T14:09:40.526+0700] {processor.py:927} WARNING - No viable dags retrieved from /home/dea/weather-monitoring/venv/lib/python3.10/site-packages/airflow/example_dags/plugins/decreasing_priority_weight_strategy.py
[2024-12-04T14:09:40.551+0700] {processor.py:208} INFO - Processing /home/dea/weather-monitoring/venv/lib/python3.10/site-packages/airflow/example_dags/plugins/decreasing_priority_weight_strategy.py took 0.055 seconds
[2024-12-04T14:10:44.962+0700] {processor.py:186} INFO - Started process (PID=37754) to work on /home/dea/weather-monitoring/venv/lib/python3.10/site-packages/airflow/example_dags/plugins/decreasing_priority_weight_strategy.py
[2024-12-04T14:10:44.964+0700] {processor.py:914} INFO - Processing file /home/dea/weather-monitoring/venv/lib/python3.10/site-packages/airflow/example_dags/plugins/decreasing_priority_weight_strategy.py for tasks to queue
[2024-12-04T14:10:44.976+0700] {logging_mixin.py:190} INFO - [2024-12-04T14:10:44.974+0700] {dagbag.py:588} INFO - Filling up the DagBag from /home/dea/weather-monitoring/venv/lib/python3.10/site-packages/airflow/example_dags/plugins/decreasing_priority_weight_strategy.py
[2024-12-04T14:10:44.985+0700] {processor.py:927} WARNING - No viable dags retrieved from /home/dea/weather-monitoring/venv/lib/python3.10/site-packages/airflow/example_dags/plugins/decreasing_priority_weight_strategy.py
[2024-12-04T14:10:45.012+0700] {processor.py:208} INFO - Processing /home/dea/weather-monitoring/venv/lib/python3.10/site-packages/airflow/example_dags/plugins/decreasing_priority_weight_strategy.py took 0.072 seconds
[2024-12-04T14:40:20.277+0700] {processor.py:186} INFO - Started process (PID=45335) to work on /home/dea/weather-monitoring/venv/lib/python3.10/site-packages/airflow/example_dags/plugins/decreasing_priority_weight_strategy.py
[2024-12-04T14:40:20.279+0700] {processor.py:914} INFO - Processing file /home/dea/weather-monitoring/venv/lib/python3.10/site-packages/airflow/example_dags/plugins/decreasing_priority_weight_strategy.py for tasks to queue
[2024-12-04T14:40:20.284+0700] {logging_mixin.py:190} INFO - [2024-12-04T14:40:20.283+0700] {dagbag.py:588} INFO - Filling up the DagBag from /home/dea/weather-monitoring/venv/lib/python3.10/site-packages/airflow/example_dags/plugins/decreasing_priority_weight_strategy.py
[2024-12-04T14:40:20.290+0700] {processor.py:927} WARNING - No viable dags retrieved from /home/dea/weather-monitoring/venv/lib/python3.10/site-packages/airflow/example_dags/plugins/decreasing_priority_weight_strategy.py
[2024-12-04T14:40:20.353+0700] {processor.py:208} INFO - Processing /home/dea/weather-monitoring/venv/lib/python3.10/site-packages/airflow/example_dags/plugins/decreasing_priority_weight_strategy.py took 0.090 seconds
[2024-12-04T14:40:51.102+0700] {processor.py:186} INFO - Started process (PID=45904) to work on /home/dea/weather-monitoring/venv/lib/python3.10/site-packages/airflow/example_dags/plugins/decreasing_priority_weight_strategy.py
[2024-12-04T14:40:51.104+0700] {processor.py:914} INFO - Processing file /home/dea/weather-monitoring/venv/lib/python3.10/site-packages/airflow/example_dags/plugins/decreasing_priority_weight_strategy.py for tasks to queue
[2024-12-04T14:40:51.111+0700] {logging_mixin.py:190} INFO - [2024-12-04T14:40:51.110+0700] {dagbag.py:588} INFO - Filling up the DagBag from /home/dea/weather-monitoring/venv/lib/python3.10/site-packages/airflow/example_dags/plugins/decreasing_priority_weight_strategy.py
[2024-12-04T14:40:51.116+0700] {processor.py:927} WARNING - No viable dags retrieved from /home/dea/weather-monitoring/venv/lib/python3.10/site-packages/airflow/example_dags/plugins/decreasing_priority_weight_strategy.py
[2024-12-04T14:40:51.191+0700] {processor.py:208} INFO - Processing /home/dea/weather-monitoring/venv/lib/python3.10/site-packages/airflow/example_dags/plugins/decreasing_priority_weight_strategy.py took 0.105 seconds
[2024-12-04T14:41:21.758+0700] {processor.py:186} INFO - Started process (PID=46201) to work on /home/dea/weather-monitoring/venv/lib/python3.10/site-packages/airflow/example_dags/plugins/decreasing_priority_weight_strategy.py
[2024-12-04T14:41:21.763+0700] {processor.py:914} INFO - Processing file /home/dea/weather-monitoring/venv/lib/python3.10/site-packages/airflow/example_dags/plugins/decreasing_priority_weight_strategy.py for tasks to queue
[2024-12-04T14:41:21.773+0700] {logging_mixin.py:190} INFO - [2024-12-04T14:41:21.772+0700] {dagbag.py:588} INFO - Filling up the DagBag from /home/dea/weather-monitoring/venv/lib/python3.10/site-packages/airflow/example_dags/plugins/decreasing_priority_weight_strategy.py
[2024-12-04T14:41:21.784+0700] {processor.py:927} WARNING - No viable dags retrieved from /home/dea/weather-monitoring/venv/lib/python3.10/site-packages/airflow/example_dags/plugins/decreasing_priority_weight_strategy.py
[2024-12-04T14:41:21.860+0700] {processor.py:208} INFO - Processing /home/dea/weather-monitoring/venv/lib/python3.10/site-packages/airflow/example_dags/plugins/decreasing_priority_weight_strategy.py took 0.147 seconds
[2024-12-04T14:41:51.995+0700] {processor.py:186} INFO - Started process (PID=46498) to work on /home/dea/weather-monitoring/venv/lib/python3.10/site-packages/airflow/example_dags/plugins/decreasing_priority_weight_strategy.py
[2024-12-04T14:41:51.997+0700] {processor.py:914} INFO - Processing file /home/dea/weather-monitoring/venv/lib/python3.10/site-packages/airflow/example_dags/plugins/decreasing_priority_weight_strategy.py for tasks to queue
[2024-12-04T14:41:52.003+0700] {logging_mixin.py:190} INFO - [2024-12-04T14:41:52.003+0700] {dagbag.py:588} INFO - Filling up the DagBag from /home/dea/weather-monitoring/venv/lib/python3.10/site-packages/airflow/example_dags/plugins/decreasing_priority_weight_strategy.py
[2024-12-04T14:41:52.016+0700] {processor.py:927} WARNING - No viable dags retrieved from /home/dea/weather-monitoring/venv/lib/python3.10/site-packages/airflow/example_dags/plugins/decreasing_priority_weight_strategy.py
[2024-12-04T14:41:52.097+0700] {processor.py:208} INFO - Processing /home/dea/weather-monitoring/venv/lib/python3.10/site-packages/airflow/example_dags/plugins/decreasing_priority_weight_strategy.py took 0.130 seconds
[2024-12-04T14:42:23.183+0700] {processor.py:186} INFO - Started process (PID=46906) to work on /home/dea/weather-monitoring/venv/lib/python3.10/site-packages/airflow/example_dags/plugins/decreasing_priority_weight_strategy.py
[2024-12-04T14:42:23.185+0700] {processor.py:914} INFO - Processing file /home/dea/weather-monitoring/venv/lib/python3.10/site-packages/airflow/example_dags/plugins/decreasing_priority_weight_strategy.py for tasks to queue
[2024-12-04T14:42:23.192+0700] {logging_mixin.py:190} INFO - [2024-12-04T14:42:23.190+0700] {dagbag.py:588} INFO - Filling up the DagBag from /home/dea/weather-monitoring/venv/lib/python3.10/site-packages/airflow/example_dags/plugins/decreasing_priority_weight_strategy.py
[2024-12-04T14:42:23.202+0700] {processor.py:927} WARNING - No viable dags retrieved from /home/dea/weather-monitoring/venv/lib/python3.10/site-packages/airflow/example_dags/plugins/decreasing_priority_weight_strategy.py
[2024-12-04T14:42:23.267+0700] {processor.py:208} INFO - Processing /home/dea/weather-monitoring/venv/lib/python3.10/site-packages/airflow/example_dags/plugins/decreasing_priority_weight_strategy.py took 0.102 seconds
[2024-12-04T14:42:53.349+0700] {processor.py:186} INFO - Started process (PID=47553) to work on /home/dea/weather-monitoring/venv/lib/python3.10/site-packages/airflow/example_dags/plugins/decreasing_priority_weight_strategy.py
[2024-12-04T14:42:53.351+0700] {processor.py:914} INFO - Processing file /home/dea/weather-monitoring/venv/lib/python3.10/site-packages/airflow/example_dags/plugins/decreasing_priority_weight_strategy.py for tasks to queue
[2024-12-04T14:42:53.357+0700] {logging_mixin.py:190} INFO - [2024-12-04T14:42:53.356+0700] {dagbag.py:588} INFO - Filling up the DagBag from /home/dea/weather-monitoring/venv/lib/python3.10/site-packages/airflow/example_dags/plugins/decreasing_priority_weight_strategy.py
[2024-12-04T14:42:53.361+0700] {processor.py:927} WARNING - No viable dags retrieved from /home/dea/weather-monitoring/venv/lib/python3.10/site-packages/airflow/example_dags/plugins/decreasing_priority_weight_strategy.py
[2024-12-04T14:42:53.408+0700] {processor.py:208} INFO - Processing /home/dea/weather-monitoring/venv/lib/python3.10/site-packages/airflow/example_dags/plugins/decreasing_priority_weight_strategy.py took 0.073 seconds
[2024-12-04T14:43:23.913+0700] {processor.py:186} INFO - Started process (PID=47721) to work on /home/dea/weather-monitoring/venv/lib/python3.10/site-packages/airflow/example_dags/plugins/decreasing_priority_weight_strategy.py
[2024-12-04T14:43:23.915+0700] {processor.py:914} INFO - Processing file /home/dea/weather-monitoring/venv/lib/python3.10/site-packages/airflow/example_dags/plugins/decreasing_priority_weight_strategy.py for tasks to queue
[2024-12-04T14:43:23.922+0700] {logging_mixin.py:190} INFO - [2024-12-04T14:43:23.921+0700] {dagbag.py:588} INFO - Filling up the DagBag from /home/dea/weather-monitoring/venv/lib/python3.10/site-packages/airflow/example_dags/plugins/decreasing_priority_weight_strategy.py
[2024-12-04T14:43:23.929+0700] {processor.py:927} WARNING - No viable dags retrieved from /home/dea/weather-monitoring/venv/lib/python3.10/site-packages/airflow/example_dags/plugins/decreasing_priority_weight_strategy.py
[2024-12-04T14:43:23.996+0700] {processor.py:208} INFO - Processing /home/dea/weather-monitoring/venv/lib/python3.10/site-packages/airflow/example_dags/plugins/decreasing_priority_weight_strategy.py took 0.100 seconds
[2024-12-04T14:43:54.936+0700] {processor.py:186} INFO - Started process (PID=47849) to work on /home/dea/weather-monitoring/venv/lib/python3.10/site-packages/airflow/example_dags/plugins/decreasing_priority_weight_strategy.py
[2024-12-04T14:43:54.939+0700] {processor.py:914} INFO - Processing file /home/dea/weather-monitoring/venv/lib/python3.10/site-packages/airflow/example_dags/plugins/decreasing_priority_weight_strategy.py for tasks to queue
[2024-12-04T14:43:54.945+0700] {logging_mixin.py:190} INFO - [2024-12-04T14:43:54.944+0700] {dagbag.py:588} INFO - Filling up the DagBag from /home/dea/weather-monitoring/venv/lib/python3.10/site-packages/airflow/example_dags/plugins/decreasing_priority_weight_strategy.py
[2024-12-04T14:43:54.951+0700] {processor.py:927} WARNING - No viable dags retrieved from /home/dea/weather-monitoring/venv/lib/python3.10/site-packages/airflow/example_dags/plugins/decreasing_priority_weight_strategy.py
[2024-12-04T14:43:55.007+0700] {processor.py:208} INFO - Processing /home/dea/weather-monitoring/venv/lib/python3.10/site-packages/airflow/example_dags/plugins/decreasing_priority_weight_strategy.py took 0.089 seconds
[2024-12-04T14:44:25.421+0700] {processor.py:186} INFO - Started process (PID=47980) to work on /home/dea/weather-monitoring/venv/lib/python3.10/site-packages/airflow/example_dags/plugins/decreasing_priority_weight_strategy.py
[2024-12-04T14:44:25.423+0700] {processor.py:914} INFO - Processing file /home/dea/weather-monitoring/venv/lib/python3.10/site-packages/airflow/example_dags/plugins/decreasing_priority_weight_strategy.py for tasks to queue
[2024-12-04T14:44:25.428+0700] {logging_mixin.py:190} INFO - [2024-12-04T14:44:25.428+0700] {dagbag.py:588} INFO - Filling up the DagBag from /home/dea/weather-monitoring/venv/lib/python3.10/site-packages/airflow/example_dags/plugins/decreasing_priority_weight_strategy.py
[2024-12-04T14:44:25.435+0700] {processor.py:927} WARNING - No viable dags retrieved from /home/dea/weather-monitoring/venv/lib/python3.10/site-packages/airflow/example_dags/plugins/decreasing_priority_weight_strategy.py
[2024-12-04T14:44:25.483+0700] {processor.py:208} INFO - Processing /home/dea/weather-monitoring/venv/lib/python3.10/site-packages/airflow/example_dags/plugins/decreasing_priority_weight_strategy.py took 0.079 seconds
[2024-12-04T14:44:59.357+0700] {processor.py:186} INFO - Started process (PID=48721) to work on /home/dea/weather-monitoring/venv/lib/python3.10/site-packages/airflow/example_dags/plugins/decreasing_priority_weight_strategy.py
[2024-12-04T14:44:59.367+0700] {processor.py:914} INFO - Processing file /home/dea/weather-monitoring/venv/lib/python3.10/site-packages/airflow/example_dags/plugins/decreasing_priority_weight_strategy.py for tasks to queue
[2024-12-04T14:44:59.375+0700] {logging_mixin.py:190} INFO - [2024-12-04T14:44:59.374+0700] {dagbag.py:588} INFO - Filling up the DagBag from /home/dea/weather-monitoring/venv/lib/python3.10/site-packages/airflow/example_dags/plugins/decreasing_priority_weight_strategy.py
[2024-12-04T14:44:59.388+0700] {processor.py:927} WARNING - No viable dags retrieved from /home/dea/weather-monitoring/venv/lib/python3.10/site-packages/airflow/example_dags/plugins/decreasing_priority_weight_strategy.py
[2024-12-04T14:44:59.489+0700] {processor.py:208} INFO - Processing /home/dea/weather-monitoring/venv/lib/python3.10/site-packages/airflow/example_dags/plugins/decreasing_priority_weight_strategy.py took 0.185 seconds
[2024-12-04T14:45:29.654+0700] {processor.py:186} INFO - Started process (PID=49514) to work on /home/dea/weather-monitoring/venv/lib/python3.10/site-packages/airflow/example_dags/plugins/decreasing_priority_weight_strategy.py
[2024-12-04T14:45:29.656+0700] {processor.py:914} INFO - Processing file /home/dea/weather-monitoring/venv/lib/python3.10/site-packages/airflow/example_dags/plugins/decreasing_priority_weight_strategy.py for tasks to queue
[2024-12-04T14:45:29.664+0700] {logging_mixin.py:190} INFO - [2024-12-04T14:45:29.663+0700] {dagbag.py:588} INFO - Filling up the DagBag from /home/dea/weather-monitoring/venv/lib/python3.10/site-packages/airflow/example_dags/plugins/decreasing_priority_weight_strategy.py
[2024-12-04T14:45:29.670+0700] {processor.py:927} WARNING - No viable dags retrieved from /home/dea/weather-monitoring/venv/lib/python3.10/site-packages/airflow/example_dags/plugins/decreasing_priority_weight_strategy.py
[2024-12-04T14:45:29.756+0700] {processor.py:208} INFO - Processing /home/dea/weather-monitoring/venv/lib/python3.10/site-packages/airflow/example_dags/plugins/decreasing_priority_weight_strategy.py took 0.122 seconds
[2024-12-04T14:46:00.898+0700] {processor.py:186} INFO - Started process (PID=50196) to work on /home/dea/weather-monitoring/venv/lib/python3.10/site-packages/airflow/example_dags/plugins/decreasing_priority_weight_strategy.py
[2024-12-04T14:46:00.904+0700] {processor.py:914} INFO - Processing file /home/dea/weather-monitoring/venv/lib/python3.10/site-packages/airflow/example_dags/plugins/decreasing_priority_weight_strategy.py for tasks to queue
[2024-12-04T14:46:00.912+0700] {logging_mixin.py:190} INFO - [2024-12-04T14:46:00.911+0700] {dagbag.py:588} INFO - Filling up the DagBag from /home/dea/weather-monitoring/venv/lib/python3.10/site-packages/airflow/example_dags/plugins/decreasing_priority_weight_strategy.py
[2024-12-04T14:46:00.940+0700] {processor.py:927} WARNING - No viable dags retrieved from /home/dea/weather-monitoring/venv/lib/python3.10/site-packages/airflow/example_dags/plugins/decreasing_priority_weight_strategy.py
[2024-12-04T14:46:01.019+0700] {processor.py:208} INFO - Processing /home/dea/weather-monitoring/venv/lib/python3.10/site-packages/airflow/example_dags/plugins/decreasing_priority_weight_strategy.py took 0.142 seconds
[2024-12-04T14:46:32.542+0700] {processor.py:186} INFO - Started process (PID=51011) to work on /home/dea/weather-monitoring/venv/lib/python3.10/site-packages/airflow/example_dags/plugins/decreasing_priority_weight_strategy.py
[2024-12-04T14:46:32.546+0700] {processor.py:914} INFO - Processing file /home/dea/weather-monitoring/venv/lib/python3.10/site-packages/airflow/example_dags/plugins/decreasing_priority_weight_strategy.py for tasks to queue
[2024-12-04T14:46:32.552+0700] {logging_mixin.py:190} INFO - [2024-12-04T14:46:32.551+0700] {dagbag.py:588} INFO - Filling up the DagBag from /home/dea/weather-monitoring/venv/lib/python3.10/site-packages/airflow/example_dags/plugins/decreasing_priority_weight_strategy.py
[2024-12-04T14:46:32.581+0700] {processor.py:927} WARNING - No viable dags retrieved from /home/dea/weather-monitoring/venv/lib/python3.10/site-packages/airflow/example_dags/plugins/decreasing_priority_weight_strategy.py
[2024-12-04T14:46:32.728+0700] {processor.py:208} INFO - Processing /home/dea/weather-monitoring/venv/lib/python3.10/site-packages/airflow/example_dags/plugins/decreasing_priority_weight_strategy.py took 0.205 seconds
[2024-12-04T14:47:03.310+0700] {processor.py:186} INFO - Started process (PID=51528) to work on /home/dea/weather-monitoring/venv/lib/python3.10/site-packages/airflow/example_dags/plugins/decreasing_priority_weight_strategy.py
[2024-12-04T14:47:03.313+0700] {processor.py:914} INFO - Processing file /home/dea/weather-monitoring/venv/lib/python3.10/site-packages/airflow/example_dags/plugins/decreasing_priority_weight_strategy.py for tasks to queue
[2024-12-04T14:47:03.319+0700] {logging_mixin.py:190} INFO - [2024-12-04T14:47:03.318+0700] {dagbag.py:588} INFO - Filling up the DagBag from /home/dea/weather-monitoring/venv/lib/python3.10/site-packages/airflow/example_dags/plugins/decreasing_priority_weight_strategy.py
[2024-12-04T14:47:03.326+0700] {processor.py:927} WARNING - No viable dags retrieved from /home/dea/weather-monitoring/venv/lib/python3.10/site-packages/airflow/example_dags/plugins/decreasing_priority_weight_strategy.py
[2024-12-04T14:47:03.390+0700] {processor.py:208} INFO - Processing /home/dea/weather-monitoring/venv/lib/python3.10/site-packages/airflow/example_dags/plugins/decreasing_priority_weight_strategy.py took 0.101 seconds
[2024-12-04T14:47:34.286+0700] {processor.py:186} INFO - Started process (PID=52062) to work on /home/dea/weather-monitoring/venv/lib/python3.10/site-packages/airflow/example_dags/plugins/decreasing_priority_weight_strategy.py
[2024-12-04T14:47:34.288+0700] {processor.py:914} INFO - Processing file /home/dea/weather-monitoring/venv/lib/python3.10/site-packages/airflow/example_dags/plugins/decreasing_priority_weight_strategy.py for tasks to queue
[2024-12-04T14:47:34.295+0700] {logging_mixin.py:190} INFO - [2024-12-04T14:47:34.294+0700] {dagbag.py:588} INFO - Filling up the DagBag from /home/dea/weather-monitoring/venv/lib/python3.10/site-packages/airflow/example_dags/plugins/decreasing_priority_weight_strategy.py
[2024-12-04T14:47:34.301+0700] {processor.py:927} WARNING - No viable dags retrieved from /home/dea/weather-monitoring/venv/lib/python3.10/site-packages/airflow/example_dags/plugins/decreasing_priority_weight_strategy.py
[2024-12-04T14:47:34.343+0700] {processor.py:208} INFO - Processing /home/dea/weather-monitoring/venv/lib/python3.10/site-packages/airflow/example_dags/plugins/decreasing_priority_weight_strategy.py took 0.075 seconds
[2024-12-04T14:48:04.936+0700] {processor.py:186} INFO - Started process (PID=52457) to work on /home/dea/weather-monitoring/venv/lib/python3.10/site-packages/airflow/example_dags/plugins/decreasing_priority_weight_strategy.py
[2024-12-04T14:48:04.941+0700] {processor.py:914} INFO - Processing file /home/dea/weather-monitoring/venv/lib/python3.10/site-packages/airflow/example_dags/plugins/decreasing_priority_weight_strategy.py for tasks to queue
[2024-12-04T14:48:04.963+0700] {logging_mixin.py:190} INFO - [2024-12-04T14:48:04.962+0700] {dagbag.py:588} INFO - Filling up the DagBag from /home/dea/weather-monitoring/venv/lib/python3.10/site-packages/airflow/example_dags/plugins/decreasing_priority_weight_strategy.py
[2024-12-04T14:48:04.988+0700] {processor.py:927} WARNING - No viable dags retrieved from /home/dea/weather-monitoring/venv/lib/python3.10/site-packages/airflow/example_dags/plugins/decreasing_priority_weight_strategy.py
[2024-12-04T14:48:05.103+0700] {processor.py:208} INFO - Processing /home/dea/weather-monitoring/venv/lib/python3.10/site-packages/airflow/example_dags/plugins/decreasing_priority_weight_strategy.py took 0.188 seconds
[2024-12-04T14:48:35.425+0700] {processor.py:186} INFO - Started process (PID=52848) to work on /home/dea/weather-monitoring/venv/lib/python3.10/site-packages/airflow/example_dags/plugins/decreasing_priority_weight_strategy.py
[2024-12-04T14:48:35.427+0700] {processor.py:914} INFO - Processing file /home/dea/weather-monitoring/venv/lib/python3.10/site-packages/airflow/example_dags/plugins/decreasing_priority_weight_strategy.py for tasks to queue
[2024-12-04T14:48:35.434+0700] {logging_mixin.py:190} INFO - [2024-12-04T14:48:35.433+0700] {dagbag.py:588} INFO - Filling up the DagBag from /home/dea/weather-monitoring/venv/lib/python3.10/site-packages/airflow/example_dags/plugins/decreasing_priority_weight_strategy.py
[2024-12-04T14:48:35.441+0700] {processor.py:927} WARNING - No viable dags retrieved from /home/dea/weather-monitoring/venv/lib/python3.10/site-packages/airflow/example_dags/plugins/decreasing_priority_weight_strategy.py
[2024-12-04T14:48:35.520+0700] {processor.py:208} INFO - Processing /home/dea/weather-monitoring/venv/lib/python3.10/site-packages/airflow/example_dags/plugins/decreasing_priority_weight_strategy.py took 0.117 seconds
[2024-12-04T14:49:06.313+0700] {processor.py:186} INFO - Started process (PID=53193) to work on /home/dea/weather-monitoring/venv/lib/python3.10/site-packages/airflow/example_dags/plugins/decreasing_priority_weight_strategy.py
[2024-12-04T14:49:06.316+0700] {processor.py:914} INFO - Processing file /home/dea/weather-monitoring/venv/lib/python3.10/site-packages/airflow/example_dags/plugins/decreasing_priority_weight_strategy.py for tasks to queue
[2024-12-04T14:49:06.322+0700] {logging_mixin.py:190} INFO - [2024-12-04T14:49:06.321+0700] {dagbag.py:588} INFO - Filling up the DagBag from /home/dea/weather-monitoring/venv/lib/python3.10/site-packages/airflow/example_dags/plugins/decreasing_priority_weight_strategy.py
[2024-12-04T14:49:06.329+0700] {processor.py:927} WARNING - No viable dags retrieved from /home/dea/weather-monitoring/venv/lib/python3.10/site-packages/airflow/example_dags/plugins/decreasing_priority_weight_strategy.py
[2024-12-04T14:49:06.394+0700] {processor.py:208} INFO - Processing /home/dea/weather-monitoring/venv/lib/python3.10/site-packages/airflow/example_dags/plugins/decreasing_priority_weight_strategy.py took 0.100 seconds
[2024-12-04T14:49:37.591+0700] {processor.py:186} INFO - Started process (PID=53782) to work on /home/dea/weather-monitoring/venv/lib/python3.10/site-packages/airflow/example_dags/plugins/decreasing_priority_weight_strategy.py
[2024-12-04T14:49:37.601+0700] {processor.py:914} INFO - Processing file /home/dea/weather-monitoring/venv/lib/python3.10/site-packages/airflow/example_dags/plugins/decreasing_priority_weight_strategy.py for tasks to queue
[2024-12-04T14:49:37.611+0700] {logging_mixin.py:190} INFO - [2024-12-04T14:49:37.610+0700] {dagbag.py:588} INFO - Filling up the DagBag from /home/dea/weather-monitoring/venv/lib/python3.10/site-packages/airflow/example_dags/plugins/decreasing_priority_weight_strategy.py
[2024-12-04T14:49:37.626+0700] {processor.py:927} WARNING - No viable dags retrieved from /home/dea/weather-monitoring/venv/lib/python3.10/site-packages/airflow/example_dags/plugins/decreasing_priority_weight_strategy.py
[2024-12-04T14:49:37.733+0700] {processor.py:208} INFO - Processing /home/dea/weather-monitoring/venv/lib/python3.10/site-packages/airflow/example_dags/plugins/decreasing_priority_weight_strategy.py took 0.185 seconds
[2024-12-04T14:50:08.669+0700] {processor.py:186} INFO - Started process (PID=54493) to work on /home/dea/weather-monitoring/venv/lib/python3.10/site-packages/airflow/example_dags/plugins/decreasing_priority_weight_strategy.py
[2024-12-04T14:50:08.671+0700] {processor.py:914} INFO - Processing file /home/dea/weather-monitoring/venv/lib/python3.10/site-packages/airflow/example_dags/plugins/decreasing_priority_weight_strategy.py for tasks to queue
[2024-12-04T14:50:08.677+0700] {logging_mixin.py:190} INFO - [2024-12-04T14:50:08.676+0700] {dagbag.py:588} INFO - Filling up the DagBag from /home/dea/weather-monitoring/venv/lib/python3.10/site-packages/airflow/example_dags/plugins/decreasing_priority_weight_strategy.py
[2024-12-04T14:50:08.686+0700] {processor.py:927} WARNING - No viable dags retrieved from /home/dea/weather-monitoring/venv/lib/python3.10/site-packages/airflow/example_dags/plugins/decreasing_priority_weight_strategy.py
[2024-12-04T14:50:08.785+0700] {processor.py:208} INFO - Processing /home/dea/weather-monitoring/venv/lib/python3.10/site-packages/airflow/example_dags/plugins/decreasing_priority_weight_strategy.py took 0.146 seconds
[2024-12-04T14:50:40.555+0700] {processor.py:186} INFO - Started process (PID=55496) to work on /home/dea/weather-monitoring/venv/lib/python3.10/site-packages/airflow/example_dags/plugins/decreasing_priority_weight_strategy.py
[2024-12-04T14:50:40.566+0700] {processor.py:914} INFO - Processing file /home/dea/weather-monitoring/venv/lib/python3.10/site-packages/airflow/example_dags/plugins/decreasing_priority_weight_strategy.py for tasks to queue
[2024-12-04T14:50:40.582+0700] {logging_mixin.py:190} INFO - [2024-12-04T14:50:40.568+0700] {dagbag.py:588} INFO - Filling up the DagBag from /home/dea/weather-monitoring/venv/lib/python3.10/site-packages/airflow/example_dags/plugins/decreasing_priority_weight_strategy.py
[2024-12-04T14:50:40.608+0700] {processor.py:927} WARNING - No viable dags retrieved from /home/dea/weather-monitoring/venv/lib/python3.10/site-packages/airflow/example_dags/plugins/decreasing_priority_weight_strategy.py
[2024-12-04T14:50:40.843+0700] {processor.py:208} INFO - Processing /home/dea/weather-monitoring/venv/lib/python3.10/site-packages/airflow/example_dags/plugins/decreasing_priority_weight_strategy.py took 0.362 seconds
[2024-12-04T14:51:11.520+0700] {processor.py:186} INFO - Started process (PID=56274) to work on /home/dea/weather-monitoring/venv/lib/python3.10/site-packages/airflow/example_dags/plugins/decreasing_priority_weight_strategy.py
[2024-12-04T14:51:11.522+0700] {processor.py:914} INFO - Processing file /home/dea/weather-monitoring/venv/lib/python3.10/site-packages/airflow/example_dags/plugins/decreasing_priority_weight_strategy.py for tasks to queue
[2024-12-04T14:51:11.525+0700] {logging_mixin.py:190} INFO - [2024-12-04T14:51:11.524+0700] {dagbag.py:588} INFO - Filling up the DagBag from /home/dea/weather-monitoring/venv/lib/python3.10/site-packages/airflow/example_dags/plugins/decreasing_priority_weight_strategy.py
[2024-12-04T14:51:11.541+0700] {processor.py:927} WARNING - No viable dags retrieved from /home/dea/weather-monitoring/venv/lib/python3.10/site-packages/airflow/example_dags/plugins/decreasing_priority_weight_strategy.py
[2024-12-04T14:51:11.645+0700] {processor.py:208} INFO - Processing /home/dea/weather-monitoring/venv/lib/python3.10/site-packages/airflow/example_dags/plugins/decreasing_priority_weight_strategy.py took 0.171 seconds
[2024-12-04T14:51:44.026+0700] {processor.py:186} INFO - Started process (PID=57259) to work on /home/dea/weather-monitoring/venv/lib/python3.10/site-packages/airflow/example_dags/plugins/decreasing_priority_weight_strategy.py
[2024-12-04T14:51:44.032+0700] {processor.py:914} INFO - Processing file /home/dea/weather-monitoring/venv/lib/python3.10/site-packages/airflow/example_dags/plugins/decreasing_priority_weight_strategy.py for tasks to queue
[2024-12-04T14:51:44.042+0700] {logging_mixin.py:190} INFO - [2024-12-04T14:51:44.040+0700] {dagbag.py:588} INFO - Filling up the DagBag from /home/dea/weather-monitoring/venv/lib/python3.10/site-packages/airflow/example_dags/plugins/decreasing_priority_weight_strategy.py
[2024-12-04T14:51:44.047+0700] {processor.py:927} WARNING - No viable dags retrieved from /home/dea/weather-monitoring/venv/lib/python3.10/site-packages/airflow/example_dags/plugins/decreasing_priority_weight_strategy.py
[2024-12-04T14:51:44.131+0700] {processor.py:208} INFO - Processing /home/dea/weather-monitoring/venv/lib/python3.10/site-packages/airflow/example_dags/plugins/decreasing_priority_weight_strategy.py took 0.158 seconds
[2024-12-04T14:52:14.775+0700] {processor.py:186} INFO - Started process (PID=57934) to work on /home/dea/weather-monitoring/venv/lib/python3.10/site-packages/airflow/example_dags/plugins/decreasing_priority_weight_strategy.py
[2024-12-04T14:52:14.777+0700] {processor.py:914} INFO - Processing file /home/dea/weather-monitoring/venv/lib/python3.10/site-packages/airflow/example_dags/plugins/decreasing_priority_weight_strategy.py for tasks to queue
[2024-12-04T14:52:14.781+0700] {logging_mixin.py:190} INFO - [2024-12-04T14:52:14.780+0700] {dagbag.py:588} INFO - Filling up the DagBag from /home/dea/weather-monitoring/venv/lib/python3.10/site-packages/airflow/example_dags/plugins/decreasing_priority_weight_strategy.py
[2024-12-04T14:52:14.788+0700] {processor.py:927} WARNING - No viable dags retrieved from /home/dea/weather-monitoring/venv/lib/python3.10/site-packages/airflow/example_dags/plugins/decreasing_priority_weight_strategy.py
[2024-12-04T14:52:14.863+0700] {processor.py:208} INFO - Processing /home/dea/weather-monitoring/venv/lib/python3.10/site-packages/airflow/example_dags/plugins/decreasing_priority_weight_strategy.py took 0.112 seconds
[2024-12-04T14:52:45.347+0700] {processor.py:186} INFO - Started process (PID=58468) to work on /home/dea/weather-monitoring/venv/lib/python3.10/site-packages/airflow/example_dags/plugins/decreasing_priority_weight_strategy.py
[2024-12-04T14:52:45.350+0700] {processor.py:914} INFO - Processing file /home/dea/weather-monitoring/venv/lib/python3.10/site-packages/airflow/example_dags/plugins/decreasing_priority_weight_strategy.py for tasks to queue
[2024-12-04T14:52:45.355+0700] {logging_mixin.py:190} INFO - [2024-12-04T14:52:45.354+0700] {dagbag.py:588} INFO - Filling up the DagBag from /home/dea/weather-monitoring/venv/lib/python3.10/site-packages/airflow/example_dags/plugins/decreasing_priority_weight_strategy.py
[2024-12-04T14:52:45.365+0700] {processor.py:927} WARNING - No viable dags retrieved from /home/dea/weather-monitoring/venv/lib/python3.10/site-packages/airflow/example_dags/plugins/decreasing_priority_weight_strategy.py
[2024-12-04T14:52:45.434+0700] {processor.py:208} INFO - Processing /home/dea/weather-monitoring/venv/lib/python3.10/site-packages/airflow/example_dags/plugins/decreasing_priority_weight_strategy.py took 0.114 seconds
[2024-12-04T14:53:20.629+0700] {processor.py:186} INFO - Started process (PID=59357) to work on /home/dea/weather-monitoring/venv/lib/python3.10/site-packages/airflow/example_dags/plugins/decreasing_priority_weight_strategy.py
[2024-12-04T14:53:20.633+0700] {processor.py:914} INFO - Processing file /home/dea/weather-monitoring/venv/lib/python3.10/site-packages/airflow/example_dags/plugins/decreasing_priority_weight_strategy.py for tasks to queue
[2024-12-04T14:53:20.637+0700] {logging_mixin.py:190} INFO - [2024-12-04T14:53:20.636+0700] {dagbag.py:588} INFO - Filling up the DagBag from /home/dea/weather-monitoring/venv/lib/python3.10/site-packages/airflow/example_dags/plugins/decreasing_priority_weight_strategy.py
[2024-12-04T14:53:20.643+0700] {processor.py:927} WARNING - No viable dags retrieved from /home/dea/weather-monitoring/venv/lib/python3.10/site-packages/airflow/example_dags/plugins/decreasing_priority_weight_strategy.py
[2024-12-04T14:53:20.796+0700] {processor.py:208} INFO - Processing /home/dea/weather-monitoring/venv/lib/python3.10/site-packages/airflow/example_dags/plugins/decreasing_priority_weight_strategy.py took 0.198 seconds
[2024-12-04T14:53:51.124+0700] {processor.py:186} INFO - Started process (PID=60270) to work on /home/dea/weather-monitoring/venv/lib/python3.10/site-packages/airflow/example_dags/plugins/decreasing_priority_weight_strategy.py
[2024-12-04T14:53:51.132+0700] {processor.py:914} INFO - Processing file /home/dea/weather-monitoring/venv/lib/python3.10/site-packages/airflow/example_dags/plugins/decreasing_priority_weight_strategy.py for tasks to queue
[2024-12-04T14:53:51.148+0700] {logging_mixin.py:190} INFO - [2024-12-04T14:53:51.147+0700] {dagbag.py:588} INFO - Filling up the DagBag from /home/dea/weather-monitoring/venv/lib/python3.10/site-packages/airflow/example_dags/plugins/decreasing_priority_weight_strategy.py
[2024-12-04T14:53:51.214+0700] {processor.py:927} WARNING - No viable dags retrieved from /home/dea/weather-monitoring/venv/lib/python3.10/site-packages/airflow/example_dags/plugins/decreasing_priority_weight_strategy.py
[2024-12-04T14:53:51.386+0700] {processor.py:208} INFO - Processing /home/dea/weather-monitoring/venv/lib/python3.10/site-packages/airflow/example_dags/plugins/decreasing_priority_weight_strategy.py took 0.289 seconds
[2024-12-04T14:54:26.840+0700] {processor.py:186} INFO - Started process (PID=61396) to work on /home/dea/weather-monitoring/venv/lib/python3.10/site-packages/airflow/example_dags/plugins/decreasing_priority_weight_strategy.py
[2024-12-04T14:54:26.870+0700] {processor.py:914} INFO - Processing file /home/dea/weather-monitoring/venv/lib/python3.10/site-packages/airflow/example_dags/plugins/decreasing_priority_weight_strategy.py for tasks to queue
[2024-12-04T14:54:26.883+0700] {logging_mixin.py:190} INFO - [2024-12-04T14:54:26.882+0700] {dagbag.py:588} INFO - Filling up the DagBag from /home/dea/weather-monitoring/venv/lib/python3.10/site-packages/airflow/example_dags/plugins/decreasing_priority_weight_strategy.py
[2024-12-04T14:54:26.935+0700] {processor.py:927} WARNING - No viable dags retrieved from /home/dea/weather-monitoring/venv/lib/python3.10/site-packages/airflow/example_dags/plugins/decreasing_priority_weight_strategy.py
[2024-12-04T14:54:27.111+0700] {processor.py:208} INFO - Processing /home/dea/weather-monitoring/venv/lib/python3.10/site-packages/airflow/example_dags/plugins/decreasing_priority_weight_strategy.py took 0.307 seconds
[2024-12-04T14:54:57.743+0700] {processor.py:186} INFO - Started process (PID=62061) to work on /home/dea/weather-monitoring/venv/lib/python3.10/site-packages/airflow/example_dags/plugins/decreasing_priority_weight_strategy.py
[2024-12-04T14:54:57.746+0700] {processor.py:914} INFO - Processing file /home/dea/weather-monitoring/venv/lib/python3.10/site-packages/airflow/example_dags/plugins/decreasing_priority_weight_strategy.py for tasks to queue
[2024-12-04T14:54:57.749+0700] {logging_mixin.py:190} INFO - [2024-12-04T14:54:57.749+0700] {dagbag.py:588} INFO - Filling up the DagBag from /home/dea/weather-monitoring/venv/lib/python3.10/site-packages/airflow/example_dags/plugins/decreasing_priority_weight_strategy.py
[2024-12-04T14:54:57.755+0700] {processor.py:927} WARNING - No viable dags retrieved from /home/dea/weather-monitoring/venv/lib/python3.10/site-packages/airflow/example_dags/plugins/decreasing_priority_weight_strategy.py
[2024-12-04T14:54:57.887+0700] {processor.py:208} INFO - Processing /home/dea/weather-monitoring/venv/lib/python3.10/site-packages/airflow/example_dags/plugins/decreasing_priority_weight_strategy.py took 0.169 seconds
[2024-12-04T14:55:29.867+0700] {processor.py:186} INFO - Started process (PID=62786) to work on /home/dea/weather-monitoring/venv/lib/python3.10/site-packages/airflow/example_dags/plugins/decreasing_priority_weight_strategy.py
[2024-12-04T14:55:29.870+0700] {processor.py:914} INFO - Processing file /home/dea/weather-monitoring/venv/lib/python3.10/site-packages/airflow/example_dags/plugins/decreasing_priority_weight_strategy.py for tasks to queue
[2024-12-04T14:55:29.874+0700] {logging_mixin.py:190} INFO - [2024-12-04T14:55:29.872+0700] {dagbag.py:588} INFO - Filling up the DagBag from /home/dea/weather-monitoring/venv/lib/python3.10/site-packages/airflow/example_dags/plugins/decreasing_priority_weight_strategy.py
[2024-12-04T14:55:29.885+0700] {processor.py:927} WARNING - No viable dags retrieved from /home/dea/weather-monitoring/venv/lib/python3.10/site-packages/airflow/example_dags/plugins/decreasing_priority_weight_strategy.py
[2024-12-04T14:55:29.936+0700] {processor.py:208} INFO - Processing /home/dea/weather-monitoring/venv/lib/python3.10/site-packages/airflow/example_dags/plugins/decreasing_priority_weight_strategy.py took 0.098 seconds
[2024-12-04T14:56:00.563+0700] {processor.py:186} INFO - Started process (PID=63506) to work on /home/dea/weather-monitoring/venv/lib/python3.10/site-packages/airflow/example_dags/plugins/decreasing_priority_weight_strategy.py
[2024-12-04T14:56:00.573+0700] {processor.py:914} INFO - Processing file /home/dea/weather-monitoring/venv/lib/python3.10/site-packages/airflow/example_dags/plugins/decreasing_priority_weight_strategy.py for tasks to queue
[2024-12-04T14:56:00.578+0700] {logging_mixin.py:190} INFO - [2024-12-04T14:56:00.577+0700] {dagbag.py:588} INFO - Filling up the DagBag from /home/dea/weather-monitoring/venv/lib/python3.10/site-packages/airflow/example_dags/plugins/decreasing_priority_weight_strategy.py
[2024-12-04T14:56:00.582+0700] {processor.py:927} WARNING - No viable dags retrieved from /home/dea/weather-monitoring/venv/lib/python3.10/site-packages/airflow/example_dags/plugins/decreasing_priority_weight_strategy.py
[2024-12-04T14:56:00.690+0700] {processor.py:208} INFO - Processing /home/dea/weather-monitoring/venv/lib/python3.10/site-packages/airflow/example_dags/plugins/decreasing_priority_weight_strategy.py took 0.165 seconds
[2024-12-04T14:56:31.093+0700] {processor.py:186} INFO - Started process (PID=64342) to work on /home/dea/weather-monitoring/venv/lib/python3.10/site-packages/airflow/example_dags/plugins/decreasing_priority_weight_strategy.py
[2024-12-04T14:56:31.099+0700] {processor.py:914} INFO - Processing file /home/dea/weather-monitoring/venv/lib/python3.10/site-packages/airflow/example_dags/plugins/decreasing_priority_weight_strategy.py for tasks to queue
[2024-12-04T14:56:31.109+0700] {logging_mixin.py:190} INFO - [2024-12-04T14:56:31.108+0700] {dagbag.py:588} INFO - Filling up the DagBag from /home/dea/weather-monitoring/venv/lib/python3.10/site-packages/airflow/example_dags/plugins/decreasing_priority_weight_strategy.py
[2024-12-04T14:56:31.114+0700] {processor.py:927} WARNING - No viable dags retrieved from /home/dea/weather-monitoring/venv/lib/python3.10/site-packages/airflow/example_dags/plugins/decreasing_priority_weight_strategy.py
[2024-12-04T14:56:31.170+0700] {processor.py:208} INFO - Processing /home/dea/weather-monitoring/venv/lib/python3.10/site-packages/airflow/example_dags/plugins/decreasing_priority_weight_strategy.py took 0.100 seconds
[2024-12-04T14:57:02.099+0700] {processor.py:186} INFO - Started process (PID=65048) to work on /home/dea/weather-monitoring/venv/lib/python3.10/site-packages/airflow/example_dags/plugins/decreasing_priority_weight_strategy.py
[2024-12-04T14:57:02.103+0700] {processor.py:914} INFO - Processing file /home/dea/weather-monitoring/venv/lib/python3.10/site-packages/airflow/example_dags/plugins/decreasing_priority_weight_strategy.py for tasks to queue
[2024-12-04T14:57:02.106+0700] {logging_mixin.py:190} INFO - [2024-12-04T14:57:02.106+0700] {dagbag.py:588} INFO - Filling up the DagBag from /home/dea/weather-monitoring/venv/lib/python3.10/site-packages/airflow/example_dags/plugins/decreasing_priority_weight_strategy.py
[2024-12-04T14:57:02.113+0700] {processor.py:927} WARNING - No viable dags retrieved from /home/dea/weather-monitoring/venv/lib/python3.10/site-packages/airflow/example_dags/plugins/decreasing_priority_weight_strategy.py
[2024-12-04T14:57:02.216+0700] {processor.py:208} INFO - Processing /home/dea/weather-monitoring/venv/lib/python3.10/site-packages/airflow/example_dags/plugins/decreasing_priority_weight_strategy.py took 0.154 seconds
[2024-12-04T14:57:32.778+0700] {processor.py:186} INFO - Started process (PID=65815) to work on /home/dea/weather-monitoring/venv/lib/python3.10/site-packages/airflow/example_dags/plugins/decreasing_priority_weight_strategy.py
[2024-12-04T14:57:32.789+0700] {processor.py:914} INFO - Processing file /home/dea/weather-monitoring/venv/lib/python3.10/site-packages/airflow/example_dags/plugins/decreasing_priority_weight_strategy.py for tasks to queue
[2024-12-04T14:57:32.794+0700] {logging_mixin.py:190} INFO - [2024-12-04T14:57:32.794+0700] {dagbag.py:588} INFO - Filling up the DagBag from /home/dea/weather-monitoring/venv/lib/python3.10/site-packages/airflow/example_dags/plugins/decreasing_priority_weight_strategy.py
[2024-12-04T14:57:32.799+0700] {processor.py:927} WARNING - No viable dags retrieved from /home/dea/weather-monitoring/venv/lib/python3.10/site-packages/airflow/example_dags/plugins/decreasing_priority_weight_strategy.py
[2024-12-04T14:57:32.906+0700] {processor.py:208} INFO - Processing /home/dea/weather-monitoring/venv/lib/python3.10/site-packages/airflow/example_dags/plugins/decreasing_priority_weight_strategy.py took 0.171 seconds
[2024-12-04T14:58:03.698+0700] {processor.py:186} INFO - Started process (PID=66535) to work on /home/dea/weather-monitoring/venv/lib/python3.10/site-packages/airflow/example_dags/plugins/decreasing_priority_weight_strategy.py
[2024-12-04T14:58:03.700+0700] {processor.py:914} INFO - Processing file /home/dea/weather-monitoring/venv/lib/python3.10/site-packages/airflow/example_dags/plugins/decreasing_priority_weight_strategy.py for tasks to queue
[2024-12-04T14:58:03.703+0700] {logging_mixin.py:190} INFO - [2024-12-04T14:58:03.703+0700] {dagbag.py:588} INFO - Filling up the DagBag from /home/dea/weather-monitoring/venv/lib/python3.10/site-packages/airflow/example_dags/plugins/decreasing_priority_weight_strategy.py
[2024-12-04T14:58:03.709+0700] {processor.py:927} WARNING - No viable dags retrieved from /home/dea/weather-monitoring/venv/lib/python3.10/site-packages/airflow/example_dags/plugins/decreasing_priority_weight_strategy.py
[2024-12-04T14:58:03.756+0700] {processor.py:208} INFO - Processing /home/dea/weather-monitoring/venv/lib/python3.10/site-packages/airflow/example_dags/plugins/decreasing_priority_weight_strategy.py took 0.077 seconds
[2024-12-04T14:58:34.005+0700] {processor.py:186} INFO - Started process (PID=67388) to work on /home/dea/weather-monitoring/venv/lib/python3.10/site-packages/airflow/example_dags/plugins/decreasing_priority_weight_strategy.py
[2024-12-04T14:58:34.018+0700] {processor.py:914} INFO - Processing file /home/dea/weather-monitoring/venv/lib/python3.10/site-packages/airflow/example_dags/plugins/decreasing_priority_weight_strategy.py for tasks to queue
[2024-12-04T14:58:34.022+0700] {logging_mixin.py:190} INFO - [2024-12-04T14:58:34.021+0700] {dagbag.py:588} INFO - Filling up the DagBag from /home/dea/weather-monitoring/venv/lib/python3.10/site-packages/airflow/example_dags/plugins/decreasing_priority_weight_strategy.py
[2024-12-04T14:58:34.027+0700] {processor.py:927} WARNING - No viable dags retrieved from /home/dea/weather-monitoring/venv/lib/python3.10/site-packages/airflow/example_dags/plugins/decreasing_priority_weight_strategy.py
[2024-12-04T14:58:34.128+0700] {processor.py:208} INFO - Processing /home/dea/weather-monitoring/venv/lib/python3.10/site-packages/airflow/example_dags/plugins/decreasing_priority_weight_strategy.py took 0.177 seconds
[2024-12-04T14:59:05.523+0700] {processor.py:186} INFO - Started process (PID=68395) to work on /home/dea/weather-monitoring/venv/lib/python3.10/site-packages/airflow/example_dags/plugins/decreasing_priority_weight_strategy.py
[2024-12-04T14:59:05.526+0700] {processor.py:914} INFO - Processing file /home/dea/weather-monitoring/venv/lib/python3.10/site-packages/airflow/example_dags/plugins/decreasing_priority_weight_strategy.py for tasks to queue
[2024-12-04T14:59:05.529+0700] {logging_mixin.py:190} INFO - [2024-12-04T14:59:05.528+0700] {dagbag.py:588} INFO - Filling up the DagBag from /home/dea/weather-monitoring/venv/lib/python3.10/site-packages/airflow/example_dags/plugins/decreasing_priority_weight_strategy.py
[2024-12-04T14:59:05.539+0700] {processor.py:927} WARNING - No viable dags retrieved from /home/dea/weather-monitoring/venv/lib/python3.10/site-packages/airflow/example_dags/plugins/decreasing_priority_weight_strategy.py
[2024-12-04T14:59:05.727+0700] {processor.py:208} INFO - Processing /home/dea/weather-monitoring/venv/lib/python3.10/site-packages/airflow/example_dags/plugins/decreasing_priority_weight_strategy.py took 0.224 seconds
[2024-12-04T14:59:37.682+0700] {processor.py:186} INFO - Started process (PID=69412) to work on /home/dea/weather-monitoring/venv/lib/python3.10/site-packages/airflow/example_dags/plugins/decreasing_priority_weight_strategy.py
[2024-12-04T14:59:37.694+0700] {processor.py:914} INFO - Processing file /home/dea/weather-monitoring/venv/lib/python3.10/site-packages/airflow/example_dags/plugins/decreasing_priority_weight_strategy.py for tasks to queue
[2024-12-04T14:59:37.697+0700] {logging_mixin.py:190} INFO - [2024-12-04T14:59:37.697+0700] {dagbag.py:588} INFO - Filling up the DagBag from /home/dea/weather-monitoring/venv/lib/python3.10/site-packages/airflow/example_dags/plugins/decreasing_priority_weight_strategy.py
[2024-12-04T14:59:37.702+0700] {processor.py:927} WARNING - No viable dags retrieved from /home/dea/weather-monitoring/venv/lib/python3.10/site-packages/airflow/example_dags/plugins/decreasing_priority_weight_strategy.py
[2024-12-04T14:59:37.844+0700] {processor.py:208} INFO - Processing /home/dea/weather-monitoring/venv/lib/python3.10/site-packages/airflow/example_dags/plugins/decreasing_priority_weight_strategy.py took 0.220 seconds
[2024-12-04T15:00:10.209+0700] {processor.py:186} INFO - Started process (PID=70522) to work on /home/dea/weather-monitoring/venv/lib/python3.10/site-packages/airflow/example_dags/plugins/decreasing_priority_weight_strategy.py
[2024-12-04T15:00:10.216+0700] {processor.py:914} INFO - Processing file /home/dea/weather-monitoring/venv/lib/python3.10/site-packages/airflow/example_dags/plugins/decreasing_priority_weight_strategy.py for tasks to queue
[2024-12-04T15:00:10.219+0700] {logging_mixin.py:190} INFO - [2024-12-04T15:00:10.218+0700] {dagbag.py:588} INFO - Filling up the DagBag from /home/dea/weather-monitoring/venv/lib/python3.10/site-packages/airflow/example_dags/plugins/decreasing_priority_weight_strategy.py
[2024-12-04T15:00:10.274+0700] {processor.py:927} WARNING - No viable dags retrieved from /home/dea/weather-monitoring/venv/lib/python3.10/site-packages/airflow/example_dags/plugins/decreasing_priority_weight_strategy.py
[2024-12-04T15:00:10.424+0700] {processor.py:208} INFO - Processing /home/dea/weather-monitoring/venv/lib/python3.10/site-packages/airflow/example_dags/plugins/decreasing_priority_weight_strategy.py took 0.310 seconds
[2024-12-04T15:00:41.731+0700] {processor.py:186} INFO - Started process (PID=72007) to work on /home/dea/weather-monitoring/venv/lib/python3.10/site-packages/airflow/example_dags/plugins/decreasing_priority_weight_strategy.py
[2024-12-04T15:00:41.738+0700] {processor.py:914} INFO - Processing file /home/dea/weather-monitoring/venv/lib/python3.10/site-packages/airflow/example_dags/plugins/decreasing_priority_weight_strategy.py for tasks to queue
[2024-12-04T15:00:41.741+0700] {logging_mixin.py:190} INFO - [2024-12-04T15:00:41.740+0700] {dagbag.py:588} INFO - Filling up the DagBag from /home/dea/weather-monitoring/venv/lib/python3.10/site-packages/airflow/example_dags/plugins/decreasing_priority_weight_strategy.py
[2024-12-04T15:00:41.754+0700] {processor.py:927} WARNING - No viable dags retrieved from /home/dea/weather-monitoring/venv/lib/python3.10/site-packages/airflow/example_dags/plugins/decreasing_priority_weight_strategy.py
[2024-12-04T15:00:41.830+0700] {processor.py:208} INFO - Processing /home/dea/weather-monitoring/venv/lib/python3.10/site-packages/airflow/example_dags/plugins/decreasing_priority_weight_strategy.py took 0.122 seconds
[2024-12-04T15:01:33.911+0700] {processor.py:186} INFO - Started process (PID=73136) to work on /home/dea/weather-monitoring/venv/lib/python3.10/site-packages/airflow/example_dags/plugins/decreasing_priority_weight_strategy.py
[2024-12-04T15:01:33.914+0700] {processor.py:914} INFO - Processing file /home/dea/weather-monitoring/venv/lib/python3.10/site-packages/airflow/example_dags/plugins/decreasing_priority_weight_strategy.py for tasks to queue
[2024-12-04T15:01:33.916+0700] {logging_mixin.py:190} INFO - [2024-12-04T15:01:33.915+0700] {dagbag.py:588} INFO - Filling up the DagBag from /home/dea/weather-monitoring/venv/lib/python3.10/site-packages/airflow/example_dags/plugins/decreasing_priority_weight_strategy.py
[2024-12-04T15:01:33.921+0700] {processor.py:927} WARNING - No viable dags retrieved from /home/dea/weather-monitoring/venv/lib/python3.10/site-packages/airflow/example_dags/plugins/decreasing_priority_weight_strategy.py
[2024-12-04T15:01:33.971+0700] {processor.py:208} INFO - Processing /home/dea/weather-monitoring/venv/lib/python3.10/site-packages/airflow/example_dags/plugins/decreasing_priority_weight_strategy.py took 0.123 seconds
[2024-12-04T15:02:04.714+0700] {processor.py:186} INFO - Started process (PID=74626) to work on /home/dea/weather-monitoring/venv/lib/python3.10/site-packages/airflow/example_dags/plugins/decreasing_priority_weight_strategy.py
[2024-12-04T15:02:04.734+0700] {processor.py:914} INFO - Processing file /home/dea/weather-monitoring/venv/lib/python3.10/site-packages/airflow/example_dags/plugins/decreasing_priority_weight_strategy.py for tasks to queue
[2024-12-04T15:02:04.750+0700] {logging_mixin.py:190} INFO - [2024-12-04T15:02:04.749+0700] {dagbag.py:588} INFO - Filling up the DagBag from /home/dea/weather-monitoring/venv/lib/python3.10/site-packages/airflow/example_dags/plugins/decreasing_priority_weight_strategy.py
[2024-12-04T15:02:04.773+0700] {processor.py:927} WARNING - No viable dags retrieved from /home/dea/weather-monitoring/venv/lib/python3.10/site-packages/airflow/example_dags/plugins/decreasing_priority_weight_strategy.py
[2024-12-04T15:02:04.890+0700] {processor.py:208} INFO - Processing /home/dea/weather-monitoring/venv/lib/python3.10/site-packages/airflow/example_dags/plugins/decreasing_priority_weight_strategy.py took 0.235 seconds
[2024-12-04T15:02:36.050+0700] {processor.py:186} INFO - Started process (PID=75666) to work on /home/dea/weather-monitoring/venv/lib/python3.10/site-packages/airflow/example_dags/plugins/decreasing_priority_weight_strategy.py
[2024-12-04T15:02:36.055+0700] {processor.py:914} INFO - Processing file /home/dea/weather-monitoring/venv/lib/python3.10/site-packages/airflow/example_dags/plugins/decreasing_priority_weight_strategy.py for tasks to queue
[2024-12-04T15:02:36.059+0700] {logging_mixin.py:190} INFO - [2024-12-04T15:02:36.058+0700] {dagbag.py:588} INFO - Filling up the DagBag from /home/dea/weather-monitoring/venv/lib/python3.10/site-packages/airflow/example_dags/plugins/decreasing_priority_weight_strategy.py
[2024-12-04T15:02:36.069+0700] {processor.py:927} WARNING - No viable dags retrieved from /home/dea/weather-monitoring/venv/lib/python3.10/site-packages/airflow/example_dags/plugins/decreasing_priority_weight_strategy.py
[2024-12-04T15:02:36.149+0700] {processor.py:208} INFO - Processing /home/dea/weather-monitoring/venv/lib/python3.10/site-packages/airflow/example_dags/plugins/decreasing_priority_weight_strategy.py took 0.120 seconds
[2024-12-04T15:03:07.152+0700] {processor.py:186} INFO - Started process (PID=76852) to work on /home/dea/weather-monitoring/venv/lib/python3.10/site-packages/airflow/example_dags/plugins/decreasing_priority_weight_strategy.py
[2024-12-04T15:03:07.171+0700] {processor.py:914} INFO - Processing file /home/dea/weather-monitoring/venv/lib/python3.10/site-packages/airflow/example_dags/plugins/decreasing_priority_weight_strategy.py for tasks to queue
[2024-12-04T15:03:07.174+0700] {logging_mixin.py:190} INFO - [2024-12-04T15:03:07.174+0700] {dagbag.py:588} INFO - Filling up the DagBag from /home/dea/weather-monitoring/venv/lib/python3.10/site-packages/airflow/example_dags/plugins/decreasing_priority_weight_strategy.py
[2024-12-04T15:03:07.180+0700] {processor.py:927} WARNING - No viable dags retrieved from /home/dea/weather-monitoring/venv/lib/python3.10/site-packages/airflow/example_dags/plugins/decreasing_priority_weight_strategy.py
[2024-12-04T15:03:07.346+0700] {processor.py:208} INFO - Processing /home/dea/weather-monitoring/venv/lib/python3.10/site-packages/airflow/example_dags/plugins/decreasing_priority_weight_strategy.py took 0.231 seconds
[2024-12-04T15:03:38.964+0700] {processor.py:186} INFO - Started process (PID=77963) to work on /home/dea/weather-monitoring/venv/lib/python3.10/site-packages/airflow/example_dags/plugins/decreasing_priority_weight_strategy.py
[2024-12-04T15:03:38.974+0700] {processor.py:914} INFO - Processing file /home/dea/weather-monitoring/venv/lib/python3.10/site-packages/airflow/example_dags/plugins/decreasing_priority_weight_strategy.py for tasks to queue
[2024-12-04T15:03:38.976+0700] {logging_mixin.py:190} INFO - [2024-12-04T15:03:38.975+0700] {dagbag.py:588} INFO - Filling up the DagBag from /home/dea/weather-monitoring/venv/lib/python3.10/site-packages/airflow/example_dags/plugins/decreasing_priority_weight_strategy.py
[2024-12-04T15:03:39.000+0700] {processor.py:927} WARNING - No viable dags retrieved from /home/dea/weather-monitoring/venv/lib/python3.10/site-packages/airflow/example_dags/plugins/decreasing_priority_weight_strategy.py
[2024-12-04T15:03:39.222+0700] {processor.py:208} INFO - Processing /home/dea/weather-monitoring/venv/lib/python3.10/site-packages/airflow/example_dags/plugins/decreasing_priority_weight_strategy.py took 0.338 seconds
[2024-12-04T15:04:09.571+0700] {processor.py:186} INFO - Started process (PID=78965) to work on /home/dea/weather-monitoring/venv/lib/python3.10/site-packages/airflow/example_dags/plugins/decreasing_priority_weight_strategy.py
[2024-12-04T15:04:09.589+0700] {processor.py:914} INFO - Processing file /home/dea/weather-monitoring/venv/lib/python3.10/site-packages/airflow/example_dags/plugins/decreasing_priority_weight_strategy.py for tasks to queue
[2024-12-04T15:04:09.592+0700] {logging_mixin.py:190} INFO - [2024-12-04T15:04:09.591+0700] {dagbag.py:588} INFO - Filling up the DagBag from /home/dea/weather-monitoring/venv/lib/python3.10/site-packages/airflow/example_dags/plugins/decreasing_priority_weight_strategy.py
[2024-12-04T15:04:09.597+0700] {processor.py:927} WARNING - No viable dags retrieved from /home/dea/weather-monitoring/venv/lib/python3.10/site-packages/airflow/example_dags/plugins/decreasing_priority_weight_strategy.py
[2024-12-04T15:04:09.661+0700] {processor.py:208} INFO - Processing /home/dea/weather-monitoring/venv/lib/python3.10/site-packages/airflow/example_dags/plugins/decreasing_priority_weight_strategy.py took 0.162 seconds
[2024-12-04T15:04:40.960+0700] {processor.py:186} INFO - Started process (PID=80082) to work on /home/dea/weather-monitoring/venv/lib/python3.10/site-packages/airflow/example_dags/plugins/decreasing_priority_weight_strategy.py
[2024-12-04T15:04:40.994+0700] {processor.py:914} INFO - Processing file /home/dea/weather-monitoring/venv/lib/python3.10/site-packages/airflow/example_dags/plugins/decreasing_priority_weight_strategy.py for tasks to queue
[2024-12-04T15:04:40.996+0700] {logging_mixin.py:190} INFO - [2024-12-04T15:04:40.996+0700] {dagbag.py:588} INFO - Filling up the DagBag from /home/dea/weather-monitoring/venv/lib/python3.10/site-packages/airflow/example_dags/plugins/decreasing_priority_weight_strategy.py
[2024-12-04T15:04:41.002+0700] {processor.py:927} WARNING - No viable dags retrieved from /home/dea/weather-monitoring/venv/lib/python3.10/site-packages/airflow/example_dags/plugins/decreasing_priority_weight_strategy.py
[2024-12-04T15:04:41.144+0700] {processor.py:208} INFO - Processing /home/dea/weather-monitoring/venv/lib/python3.10/site-packages/airflow/example_dags/plugins/decreasing_priority_weight_strategy.py took 0.249 seconds
[2024-12-04T15:05:21.577+0700] {processor.py:186} INFO - Started process (PID=81405) to work on /home/dea/weather-monitoring/venv/lib/python3.10/site-packages/airflow/example_dags/plugins/decreasing_priority_weight_strategy.py
[2024-12-04T15:05:21.585+0700] {processor.py:914} INFO - Processing file /home/dea/weather-monitoring/venv/lib/python3.10/site-packages/airflow/example_dags/plugins/decreasing_priority_weight_strategy.py for tasks to queue
[2024-12-04T15:05:21.598+0700] {logging_mixin.py:190} INFO - [2024-12-04T15:05:21.587+0700] {dagbag.py:588} INFO - Filling up the DagBag from /home/dea/weather-monitoring/venv/lib/python3.10/site-packages/airflow/example_dags/plugins/decreasing_priority_weight_strategy.py
[2024-12-04T15:05:21.620+0700] {processor.py:927} WARNING - No viable dags retrieved from /home/dea/weather-monitoring/venv/lib/python3.10/site-packages/airflow/example_dags/plugins/decreasing_priority_weight_strategy.py
[2024-12-04T15:05:21.999+0700] {processor.py:208} INFO - Processing /home/dea/weather-monitoring/venv/lib/python3.10/site-packages/airflow/example_dags/plugins/decreasing_priority_weight_strategy.py took 0.526 seconds
[2024-12-04T15:05:57.916+0700] {processor.py:186} INFO - Started process (PID=82369) to work on /home/dea/weather-monitoring/venv/lib/python3.10/site-packages/airflow/example_dags/plugins/decreasing_priority_weight_strategy.py
[2024-12-04T15:05:57.932+0700] {processor.py:914} INFO - Processing file /home/dea/weather-monitoring/venv/lib/python3.10/site-packages/airflow/example_dags/plugins/decreasing_priority_weight_strategy.py for tasks to queue
[2024-12-04T15:05:57.935+0700] {logging_mixin.py:190} INFO - [2024-12-04T15:05:57.934+0700] {dagbag.py:588} INFO - Filling up the DagBag from /home/dea/weather-monitoring/venv/lib/python3.10/site-packages/airflow/example_dags/plugins/decreasing_priority_weight_strategy.py
[2024-12-04T15:05:57.950+0700] {processor.py:927} WARNING - No viable dags retrieved from /home/dea/weather-monitoring/venv/lib/python3.10/site-packages/airflow/example_dags/plugins/decreasing_priority_weight_strategy.py
[2024-12-04T15:05:58.252+0700] {processor.py:208} INFO - Processing /home/dea/weather-monitoring/venv/lib/python3.10/site-packages/airflow/example_dags/plugins/decreasing_priority_weight_strategy.py took 0.384 seconds
[2024-12-04T15:06:28.651+0700] {processor.py:186} INFO - Started process (PID=83208) to work on /home/dea/weather-monitoring/venv/lib/python3.10/site-packages/airflow/example_dags/plugins/decreasing_priority_weight_strategy.py
[2024-12-04T15:06:28.658+0700] {processor.py:914} INFO - Processing file /home/dea/weather-monitoring/venv/lib/python3.10/site-packages/airflow/example_dags/plugins/decreasing_priority_weight_strategy.py for tasks to queue
[2024-12-04T15:06:28.662+0700] {logging_mixin.py:190} INFO - [2024-12-04T15:06:28.661+0700] {dagbag.py:588} INFO - Filling up the DagBag from /home/dea/weather-monitoring/venv/lib/python3.10/site-packages/airflow/example_dags/plugins/decreasing_priority_weight_strategy.py
[2024-12-04T15:06:28.670+0700] {processor.py:927} WARNING - No viable dags retrieved from /home/dea/weather-monitoring/venv/lib/python3.10/site-packages/airflow/example_dags/plugins/decreasing_priority_weight_strategy.py
[2024-12-04T15:06:28.746+0700] {processor.py:208} INFO - Processing /home/dea/weather-monitoring/venv/lib/python3.10/site-packages/airflow/example_dags/plugins/decreasing_priority_weight_strategy.py took 0.113 seconds
[2024-12-04T15:06:59.860+0700] {processor.py:186} INFO - Started process (PID=84114) to work on /home/dea/weather-monitoring/venv/lib/python3.10/site-packages/airflow/example_dags/plugins/decreasing_priority_weight_strategy.py
[2024-12-04T15:06:59.904+0700] {processor.py:914} INFO - Processing file /home/dea/weather-monitoring/venv/lib/python3.10/site-packages/airflow/example_dags/plugins/decreasing_priority_weight_strategy.py for tasks to queue
[2024-12-04T15:06:59.918+0700] {logging_mixin.py:190} INFO - [2024-12-04T15:06:59.917+0700] {dagbag.py:588} INFO - Filling up the DagBag from /home/dea/weather-monitoring/venv/lib/python3.10/site-packages/airflow/example_dags/plugins/decreasing_priority_weight_strategy.py
[2024-12-04T15:06:59.943+0700] {processor.py:927} WARNING - No viable dags retrieved from /home/dea/weather-monitoring/venv/lib/python3.10/site-packages/airflow/example_dags/plugins/decreasing_priority_weight_strategy.py
[2024-12-04T15:07:00.064+0700] {processor.py:208} INFO - Processing /home/dea/weather-monitoring/venv/lib/python3.10/site-packages/airflow/example_dags/plugins/decreasing_priority_weight_strategy.py took 0.306 seconds
[2024-12-04T15:07:31.552+0700] {processor.py:186} INFO - Started process (PID=84988) to work on /home/dea/weather-monitoring/venv/lib/python3.10/site-packages/airflow/example_dags/plugins/decreasing_priority_weight_strategy.py
[2024-12-04T15:07:31.554+0700] {processor.py:914} INFO - Processing file /home/dea/weather-monitoring/venv/lib/python3.10/site-packages/airflow/example_dags/plugins/decreasing_priority_weight_strategy.py for tasks to queue
[2024-12-04T15:07:31.559+0700] {logging_mixin.py:190} INFO - [2024-12-04T15:07:31.558+0700] {dagbag.py:588} INFO - Filling up the DagBag from /home/dea/weather-monitoring/venv/lib/python3.10/site-packages/airflow/example_dags/plugins/decreasing_priority_weight_strategy.py
[2024-12-04T15:07:31.586+0700] {processor.py:927} WARNING - No viable dags retrieved from /home/dea/weather-monitoring/venv/lib/python3.10/site-packages/airflow/example_dags/plugins/decreasing_priority_weight_strategy.py
[2024-12-04T15:07:31.672+0700] {processor.py:208} INFO - Processing /home/dea/weather-monitoring/venv/lib/python3.10/site-packages/airflow/example_dags/plugins/decreasing_priority_weight_strategy.py took 0.246 seconds
[2024-12-04T15:08:03.068+0700] {processor.py:186} INFO - Started process (PID=85866) to work on /home/dea/weather-monitoring/venv/lib/python3.10/site-packages/airflow/example_dags/plugins/decreasing_priority_weight_strategy.py
[2024-12-04T15:08:03.086+0700] {processor.py:914} INFO - Processing file /home/dea/weather-monitoring/venv/lib/python3.10/site-packages/airflow/example_dags/plugins/decreasing_priority_weight_strategy.py for tasks to queue
[2024-12-04T15:08:03.088+0700] {logging_mixin.py:190} INFO - [2024-12-04T15:08:03.088+0700] {dagbag.py:588} INFO - Filling up the DagBag from /home/dea/weather-monitoring/venv/lib/python3.10/site-packages/airflow/example_dags/plugins/decreasing_priority_weight_strategy.py
[2024-12-04T15:08:03.121+0700] {processor.py:927} WARNING - No viable dags retrieved from /home/dea/weather-monitoring/venv/lib/python3.10/site-packages/airflow/example_dags/plugins/decreasing_priority_weight_strategy.py
[2024-12-04T15:08:03.439+0700] {processor.py:208} INFO - Processing /home/dea/weather-monitoring/venv/lib/python3.10/site-packages/airflow/example_dags/plugins/decreasing_priority_weight_strategy.py took 0.604 seconds
[2024-12-04T15:08:36.080+0700] {processor.py:186} INFO - Started process (PID=86688) to work on /home/dea/weather-monitoring/venv/lib/python3.10/site-packages/airflow/example_dags/plugins/decreasing_priority_weight_strategy.py
[2024-12-04T15:08:36.099+0700] {processor.py:914} INFO - Processing file /home/dea/weather-monitoring/venv/lib/python3.10/site-packages/airflow/example_dags/plugins/decreasing_priority_weight_strategy.py for tasks to queue
[2024-12-04T15:08:36.126+0700] {logging_mixin.py:190} INFO - [2024-12-04T15:08:36.124+0700] {dagbag.py:588} INFO - Filling up the DagBag from /home/dea/weather-monitoring/venv/lib/python3.10/site-packages/airflow/example_dags/plugins/decreasing_priority_weight_strategy.py
[2024-12-04T15:08:36.165+0700] {processor.py:927} WARNING - No viable dags retrieved from /home/dea/weather-monitoring/venv/lib/python3.10/site-packages/airflow/example_dags/plugins/decreasing_priority_weight_strategy.py
[2024-12-04T15:08:36.301+0700] {processor.py:208} INFO - Processing /home/dea/weather-monitoring/venv/lib/python3.10/site-packages/airflow/example_dags/plugins/decreasing_priority_weight_strategy.py took 0.288 seconds
[2024-12-04T15:09:06.797+0700] {processor.py:186} INFO - Started process (PID=87498) to work on /home/dea/weather-monitoring/venv/lib/python3.10/site-packages/airflow/example_dags/plugins/decreasing_priority_weight_strategy.py
[2024-12-04T15:09:06.802+0700] {processor.py:914} INFO - Processing file /home/dea/weather-monitoring/venv/lib/python3.10/site-packages/airflow/example_dags/plugins/decreasing_priority_weight_strategy.py for tasks to queue
[2024-12-04T15:09:06.804+0700] {logging_mixin.py:190} INFO - [2024-12-04T15:09:06.804+0700] {dagbag.py:588} INFO - Filling up the DagBag from /home/dea/weather-monitoring/venv/lib/python3.10/site-packages/airflow/example_dags/plugins/decreasing_priority_weight_strategy.py
[2024-12-04T15:09:06.813+0700] {processor.py:927} WARNING - No viable dags retrieved from /home/dea/weather-monitoring/venv/lib/python3.10/site-packages/airflow/example_dags/plugins/decreasing_priority_weight_strategy.py
[2024-12-04T15:09:06.982+0700] {processor.py:208} INFO - Processing /home/dea/weather-monitoring/venv/lib/python3.10/site-packages/airflow/example_dags/plugins/decreasing_priority_weight_strategy.py took 0.200 seconds
[2024-12-04T15:09:38.614+0700] {processor.py:186} INFO - Started process (PID=88417) to work on /home/dea/weather-monitoring/venv/lib/python3.10/site-packages/airflow/example_dags/plugins/decreasing_priority_weight_strategy.py
[2024-12-04T15:09:38.623+0700] {processor.py:914} INFO - Processing file /home/dea/weather-monitoring/venv/lib/python3.10/site-packages/airflow/example_dags/plugins/decreasing_priority_weight_strategy.py for tasks to queue
[2024-12-04T15:09:38.625+0700] {logging_mixin.py:190} INFO - [2024-12-04T15:09:38.625+0700] {dagbag.py:588} INFO - Filling up the DagBag from /home/dea/weather-monitoring/venv/lib/python3.10/site-packages/airflow/example_dags/plugins/decreasing_priority_weight_strategy.py
[2024-12-04T15:09:38.631+0700] {processor.py:927} WARNING - No viable dags retrieved from /home/dea/weather-monitoring/venv/lib/python3.10/site-packages/airflow/example_dags/plugins/decreasing_priority_weight_strategy.py
[2024-12-04T15:09:38.721+0700] {processor.py:208} INFO - Processing /home/dea/weather-monitoring/venv/lib/python3.10/site-packages/airflow/example_dags/plugins/decreasing_priority_weight_strategy.py took 0.120 seconds
[2024-12-04T15:10:09.192+0700] {processor.py:186} INFO - Started process (PID=89247) to work on /home/dea/weather-monitoring/venv/lib/python3.10/site-packages/airflow/example_dags/plugins/decreasing_priority_weight_strategy.py
[2024-12-04T15:10:09.246+0700] {processor.py:914} INFO - Processing file /home/dea/weather-monitoring/venv/lib/python3.10/site-packages/airflow/example_dags/plugins/decreasing_priority_weight_strategy.py for tasks to queue
[2024-12-04T15:10:09.313+0700] {logging_mixin.py:190} INFO - [2024-12-04T15:10:09.263+0700] {dagbag.py:588} INFO - Filling up the DagBag from /home/dea/weather-monitoring/venv/lib/python3.10/site-packages/airflow/example_dags/plugins/decreasing_priority_weight_strategy.py
[2024-12-04T15:10:09.388+0700] {processor.py:927} WARNING - No viable dags retrieved from /home/dea/weather-monitoring/venv/lib/python3.10/site-packages/airflow/example_dags/plugins/decreasing_priority_weight_strategy.py
[2024-12-04T15:10:09.628+0700] {processor.py:208} INFO - Processing /home/dea/weather-monitoring/venv/lib/python3.10/site-packages/airflow/example_dags/plugins/decreasing_priority_weight_strategy.py took 0.582 seconds
[2024-12-04T15:10:42.140+0700] {processor.py:186} INFO - Started process (PID=90075) to work on /home/dea/weather-monitoring/venv/lib/python3.10/site-packages/airflow/example_dags/plugins/decreasing_priority_weight_strategy.py
[2024-12-04T15:10:42.152+0700] {processor.py:914} INFO - Processing file /home/dea/weather-monitoring/venv/lib/python3.10/site-packages/airflow/example_dags/plugins/decreasing_priority_weight_strategy.py for tasks to queue
[2024-12-04T15:10:42.161+0700] {logging_mixin.py:190} INFO - [2024-12-04T15:10:42.160+0700] {dagbag.py:588} INFO - Filling up the DagBag from /home/dea/weather-monitoring/venv/lib/python3.10/site-packages/airflow/example_dags/plugins/decreasing_priority_weight_strategy.py
[2024-12-04T15:10:42.189+0700] {processor.py:927} WARNING - No viable dags retrieved from /home/dea/weather-monitoring/venv/lib/python3.10/site-packages/airflow/example_dags/plugins/decreasing_priority_weight_strategy.py
[2024-12-04T15:10:42.328+0700] {processor.py:208} INFO - Processing /home/dea/weather-monitoring/venv/lib/python3.10/site-packages/airflow/example_dags/plugins/decreasing_priority_weight_strategy.py took 0.223 seconds
[2024-12-04T15:11:21.972+0700] {processor.py:186} INFO - Started process (PID=91087) to work on /home/dea/weather-monitoring/venv/lib/python3.10/site-packages/airflow/example_dags/plugins/decreasing_priority_weight_strategy.py
[2024-12-04T15:11:21.980+0700] {processor.py:914} INFO - Processing file /home/dea/weather-monitoring/venv/lib/python3.10/site-packages/airflow/example_dags/plugins/decreasing_priority_weight_strategy.py for tasks to queue
[2024-12-04T15:11:21.996+0700] {logging_mixin.py:190} INFO - [2024-12-04T15:11:21.995+0700] {dagbag.py:588} INFO - Filling up the DagBag from /home/dea/weather-monitoring/venv/lib/python3.10/site-packages/airflow/example_dags/plugins/decreasing_priority_weight_strategy.py
[2024-12-04T15:11:22.039+0700] {processor.py:927} WARNING - No viable dags retrieved from /home/dea/weather-monitoring/venv/lib/python3.10/site-packages/airflow/example_dags/plugins/decreasing_priority_weight_strategy.py
[2024-12-04T15:11:22.314+0700] {processor.py:208} INFO - Processing /home/dea/weather-monitoring/venv/lib/python3.10/site-packages/airflow/example_dags/plugins/decreasing_priority_weight_strategy.py took 0.650 seconds
[2024-12-04T15:12:02.081+0700] {processor.py:186} INFO - Started process (PID=92268) to work on /home/dea/weather-monitoring/venv/lib/python3.10/site-packages/airflow/example_dags/plugins/decreasing_priority_weight_strategy.py
[2024-12-04T15:12:02.102+0700] {processor.py:914} INFO - Processing file /home/dea/weather-monitoring/venv/lib/python3.10/site-packages/airflow/example_dags/plugins/decreasing_priority_weight_strategy.py for tasks to queue
[2024-12-04T15:12:02.105+0700] {logging_mixin.py:190} INFO - [2024-12-04T15:12:02.104+0700] {dagbag.py:588} INFO - Filling up the DagBag from /home/dea/weather-monitoring/venv/lib/python3.10/site-packages/airflow/example_dags/plugins/decreasing_priority_weight_strategy.py
[2024-12-04T15:12:02.110+0700] {processor.py:927} WARNING - No viable dags retrieved from /home/dea/weather-monitoring/venv/lib/python3.10/site-packages/airflow/example_dags/plugins/decreasing_priority_weight_strategy.py
[2024-12-04T15:12:02.675+0700] {processor.py:208} INFO - Processing /home/dea/weather-monitoring/venv/lib/python3.10/site-packages/airflow/example_dags/plugins/decreasing_priority_weight_strategy.py took 0.664 seconds
[2024-12-04T15:12:36.604+0700] {processor.py:186} INFO - Started process (PID=93343) to work on /home/dea/weather-monitoring/venv/lib/python3.10/site-packages/airflow/example_dags/plugins/decreasing_priority_weight_strategy.py
[2024-12-04T15:12:36.631+0700] {processor.py:914} INFO - Processing file /home/dea/weather-monitoring/venv/lib/python3.10/site-packages/airflow/example_dags/plugins/decreasing_priority_weight_strategy.py for tasks to queue
[2024-12-04T15:12:36.648+0700] {logging_mixin.py:190} INFO - [2024-12-04T15:12:36.647+0700] {dagbag.py:588} INFO - Filling up the DagBag from /home/dea/weather-monitoring/venv/lib/python3.10/site-packages/airflow/example_dags/plugins/decreasing_priority_weight_strategy.py
[2024-12-04T15:12:36.666+0700] {processor.py:927} WARNING - No viable dags retrieved from /home/dea/weather-monitoring/venv/lib/python3.10/site-packages/airflow/example_dags/plugins/decreasing_priority_weight_strategy.py
[2024-12-04T15:12:36.941+0700] {processor.py:208} INFO - Processing /home/dea/weather-monitoring/venv/lib/python3.10/site-packages/airflow/example_dags/plugins/decreasing_priority_weight_strategy.py took 0.489 seconds
[2024-12-04T15:13:10.529+0700] {processor.py:186} INFO - Started process (PID=94430) to work on /home/dea/weather-monitoring/venv/lib/python3.10/site-packages/airflow/example_dags/plugins/decreasing_priority_weight_strategy.py
[2024-12-04T15:13:10.531+0700] {processor.py:914} INFO - Processing file /home/dea/weather-monitoring/venv/lib/python3.10/site-packages/airflow/example_dags/plugins/decreasing_priority_weight_strategy.py for tasks to queue
[2024-12-04T15:13:10.534+0700] {logging_mixin.py:190} INFO - [2024-12-04T15:13:10.533+0700] {dagbag.py:588} INFO - Filling up the DagBag from /home/dea/weather-monitoring/venv/lib/python3.10/site-packages/airflow/example_dags/plugins/decreasing_priority_weight_strategy.py
[2024-12-04T15:13:10.547+0700] {processor.py:927} WARNING - No viable dags retrieved from /home/dea/weather-monitoring/venv/lib/python3.10/site-packages/airflow/example_dags/plugins/decreasing_priority_weight_strategy.py
[2024-12-04T15:13:10.625+0700] {processor.py:208} INFO - Processing /home/dea/weather-monitoring/venv/lib/python3.10/site-packages/airflow/example_dags/plugins/decreasing_priority_weight_strategy.py took 0.163 seconds
[2024-12-04T15:13:42.659+0700] {processor.py:186} INFO - Started process (PID=95312) to work on /home/dea/weather-monitoring/venv/lib/python3.10/site-packages/airflow/example_dags/plugins/decreasing_priority_weight_strategy.py
[2024-12-04T15:13:42.703+0700] {processor.py:914} INFO - Processing file /home/dea/weather-monitoring/venv/lib/python3.10/site-packages/airflow/example_dags/plugins/decreasing_priority_weight_strategy.py for tasks to queue
[2024-12-04T15:13:42.726+0700] {logging_mixin.py:190} INFO - [2024-12-04T15:13:42.725+0700] {dagbag.py:588} INFO - Filling up the DagBag from /home/dea/weather-monitoring/venv/lib/python3.10/site-packages/airflow/example_dags/plugins/decreasing_priority_weight_strategy.py
[2024-12-04T15:13:42.772+0700] {processor.py:927} WARNING - No viable dags retrieved from /home/dea/weather-monitoring/venv/lib/python3.10/site-packages/airflow/example_dags/plugins/decreasing_priority_weight_strategy.py
[2024-12-04T15:13:43.026+0700] {processor.py:208} INFO - Processing /home/dea/weather-monitoring/venv/lib/python3.10/site-packages/airflow/example_dags/plugins/decreasing_priority_weight_strategy.py took 0.499 seconds
[2024-12-04T15:14:18.860+0700] {processor.py:186} INFO - Started process (PID=96453) to work on /home/dea/weather-monitoring/venv/lib/python3.10/site-packages/airflow/example_dags/plugins/decreasing_priority_weight_strategy.py
[2024-12-04T15:14:18.891+0700] {processor.py:914} INFO - Processing file /home/dea/weather-monitoring/venv/lib/python3.10/site-packages/airflow/example_dags/plugins/decreasing_priority_weight_strategy.py for tasks to queue
[2024-12-04T15:14:18.914+0700] {logging_mixin.py:190} INFO - [2024-12-04T15:14:18.902+0700] {dagbag.py:588} INFO - Filling up the DagBag from /home/dea/weather-monitoring/venv/lib/python3.10/site-packages/airflow/example_dags/plugins/decreasing_priority_weight_strategy.py
[2024-12-04T15:14:18.926+0700] {processor.py:927} WARNING - No viable dags retrieved from /home/dea/weather-monitoring/venv/lib/python3.10/site-packages/airflow/example_dags/plugins/decreasing_priority_weight_strategy.py
[2024-12-04T15:14:19.229+0700] {processor.py:208} INFO - Processing /home/dea/weather-monitoring/venv/lib/python3.10/site-packages/airflow/example_dags/plugins/decreasing_priority_weight_strategy.py took 0.453 seconds
[2024-12-04T15:14:52.684+0700] {processor.py:186} INFO - Started process (PID=97767) to work on /home/dea/weather-monitoring/venv/lib/python3.10/site-packages/airflow/example_dags/plugins/decreasing_priority_weight_strategy.py
[2024-12-04T15:14:52.704+0700] {processor.py:914} INFO - Processing file /home/dea/weather-monitoring/venv/lib/python3.10/site-packages/airflow/example_dags/plugins/decreasing_priority_weight_strategy.py for tasks to queue
[2024-12-04T15:14:52.707+0700] {logging_mixin.py:190} INFO - [2024-12-04T15:14:52.707+0700] {dagbag.py:588} INFO - Filling up the DagBag from /home/dea/weather-monitoring/venv/lib/python3.10/site-packages/airflow/example_dags/plugins/decreasing_priority_weight_strategy.py
[2024-12-04T15:14:52.746+0700] {processor.py:927} WARNING - No viable dags retrieved from /home/dea/weather-monitoring/venv/lib/python3.10/site-packages/airflow/example_dags/plugins/decreasing_priority_weight_strategy.py
[2024-12-04T15:14:52.978+0700] {processor.py:208} INFO - Processing /home/dea/weather-monitoring/venv/lib/python3.10/site-packages/airflow/example_dags/plugins/decreasing_priority_weight_strategy.py took 0.333 seconds
[2024-12-04T15:15:36.761+0700] {processor.py:186} INFO - Started process (PID=99065) to work on /home/dea/weather-monitoring/venv/lib/python3.10/site-packages/airflow/example_dags/plugins/decreasing_priority_weight_strategy.py
[2024-12-04T15:15:36.768+0700] {processor.py:914} INFO - Processing file /home/dea/weather-monitoring/venv/lib/python3.10/site-packages/airflow/example_dags/plugins/decreasing_priority_weight_strategy.py for tasks to queue
[2024-12-04T15:15:36.772+0700] {logging_mixin.py:190} INFO - [2024-12-04T15:15:36.770+0700] {dagbag.py:588} INFO - Filling up the DagBag from /home/dea/weather-monitoring/venv/lib/python3.10/site-packages/airflow/example_dags/plugins/decreasing_priority_weight_strategy.py
[2024-12-04T15:15:36.847+0700] {processor.py:927} WARNING - No viable dags retrieved from /home/dea/weather-monitoring/venv/lib/python3.10/site-packages/airflow/example_dags/plugins/decreasing_priority_weight_strategy.py
[2024-12-04T15:15:37.073+0700] {processor.py:208} INFO - Processing /home/dea/weather-monitoring/venv/lib/python3.10/site-packages/airflow/example_dags/plugins/decreasing_priority_weight_strategy.py took 0.389 seconds
[2024-12-04T15:16:19.726+0700] {processor.py:186} INFO - Started process (PID=100091) to work on /home/dea/weather-monitoring/venv/lib/python3.10/site-packages/airflow/example_dags/plugins/decreasing_priority_weight_strategy.py
[2024-12-04T15:16:19.737+0700] {processor.py:914} INFO - Processing file /home/dea/weather-monitoring/venv/lib/python3.10/site-packages/airflow/example_dags/plugins/decreasing_priority_weight_strategy.py for tasks to queue
[2024-12-04T15:16:19.740+0700] {logging_mixin.py:190} INFO - [2024-12-04T15:16:19.740+0700] {dagbag.py:588} INFO - Filling up the DagBag from /home/dea/weather-monitoring/venv/lib/python3.10/site-packages/airflow/example_dags/plugins/decreasing_priority_weight_strategy.py
[2024-12-04T15:16:19.755+0700] {processor.py:927} WARNING - No viable dags retrieved from /home/dea/weather-monitoring/venv/lib/python3.10/site-packages/airflow/example_dags/plugins/decreasing_priority_weight_strategy.py
[2024-12-04T15:16:20.052+0700] {processor.py:208} INFO - Processing /home/dea/weather-monitoring/venv/lib/python3.10/site-packages/airflow/example_dags/plugins/decreasing_priority_weight_strategy.py took 0.344 seconds
[2024-12-04T15:16:56.564+0700] {processor.py:186} INFO - Started process (PID=101213) to work on /home/dea/weather-monitoring/venv/lib/python3.10/site-packages/airflow/example_dags/plugins/decreasing_priority_weight_strategy.py
[2024-12-04T15:16:56.576+0700] {processor.py:914} INFO - Processing file /home/dea/weather-monitoring/venv/lib/python3.10/site-packages/airflow/example_dags/plugins/decreasing_priority_weight_strategy.py for tasks to queue
[2024-12-04T15:16:56.583+0700] {logging_mixin.py:190} INFO - [2024-12-04T15:16:56.582+0700] {dagbag.py:588} INFO - Filling up the DagBag from /home/dea/weather-monitoring/venv/lib/python3.10/site-packages/airflow/example_dags/plugins/decreasing_priority_weight_strategy.py
[2024-12-04T15:16:56.606+0700] {processor.py:927} WARNING - No viable dags retrieved from /home/dea/weather-monitoring/venv/lib/python3.10/site-packages/airflow/example_dags/plugins/decreasing_priority_weight_strategy.py
[2024-12-04T15:16:56.725+0700] {processor.py:208} INFO - Processing /home/dea/weather-monitoring/venv/lib/python3.10/site-packages/airflow/example_dags/plugins/decreasing_priority_weight_strategy.py took 0.185 seconds
[2024-12-04T15:17:37.225+0700] {processor.py:186} INFO - Started process (PID=102837) to work on /home/dea/weather-monitoring/venv/lib/python3.10/site-packages/airflow/example_dags/plugins/decreasing_priority_weight_strategy.py
[2024-12-04T15:17:37.242+0700] {processor.py:914} INFO - Processing file /home/dea/weather-monitoring/venv/lib/python3.10/site-packages/airflow/example_dags/plugins/decreasing_priority_weight_strategy.py for tasks to queue
[2024-12-04T15:17:37.245+0700] {logging_mixin.py:190} INFO - [2024-12-04T15:17:37.244+0700] {dagbag.py:588} INFO - Filling up the DagBag from /home/dea/weather-monitoring/venv/lib/python3.10/site-packages/airflow/example_dags/plugins/decreasing_priority_weight_strategy.py
[2024-12-04T15:17:37.262+0700] {processor.py:927} WARNING - No viable dags retrieved from /home/dea/weather-monitoring/venv/lib/python3.10/site-packages/airflow/example_dags/plugins/decreasing_priority_weight_strategy.py
[2024-12-04T15:17:37.377+0700] {processor.py:208} INFO - Processing /home/dea/weather-monitoring/venv/lib/python3.10/site-packages/airflow/example_dags/plugins/decreasing_priority_weight_strategy.py took 0.188 seconds
[2024-12-04T15:18:23.990+0700] {processor.py:186} INFO - Started process (PID=104583) to work on /home/dea/weather-monitoring/venv/lib/python3.10/site-packages/airflow/example_dags/plugins/decreasing_priority_weight_strategy.py
[2024-12-04T15:18:24.010+0700] {processor.py:914} INFO - Processing file /home/dea/weather-monitoring/venv/lib/python3.10/site-packages/airflow/example_dags/plugins/decreasing_priority_weight_strategy.py for tasks to queue
[2024-12-04T15:18:24.015+0700] {logging_mixin.py:190} INFO - [2024-12-04T15:18:24.015+0700] {dagbag.py:588} INFO - Filling up the DagBag from /home/dea/weather-monitoring/venv/lib/python3.10/site-packages/airflow/example_dags/plugins/decreasing_priority_weight_strategy.py
[2024-12-04T15:18:24.082+0700] {processor.py:927} WARNING - No viable dags retrieved from /home/dea/weather-monitoring/venv/lib/python3.10/site-packages/airflow/example_dags/plugins/decreasing_priority_weight_strategy.py
[2024-12-04T15:18:24.216+0700] {processor.py:208} INFO - Processing /home/dea/weather-monitoring/venv/lib/python3.10/site-packages/airflow/example_dags/plugins/decreasing_priority_weight_strategy.py took 0.335 seconds
[2024-12-04T15:19:10.828+0700] {processor.py:186} INFO - Started process (PID=105978) to work on /home/dea/weather-monitoring/venv/lib/python3.10/site-packages/airflow/example_dags/plugins/decreasing_priority_weight_strategy.py
[2024-12-04T15:19:10.845+0700] {processor.py:914} INFO - Processing file /home/dea/weather-monitoring/venv/lib/python3.10/site-packages/airflow/example_dags/plugins/decreasing_priority_weight_strategy.py for tasks to queue
[2024-12-04T15:19:10.848+0700] {logging_mixin.py:190} INFO - [2024-12-04T15:19:10.847+0700] {dagbag.py:588} INFO - Filling up the DagBag from /home/dea/weather-monitoring/venv/lib/python3.10/site-packages/airflow/example_dags/plugins/decreasing_priority_weight_strategy.py
[2024-12-04T15:19:10.918+0700] {processor.py:927} WARNING - No viable dags retrieved from /home/dea/weather-monitoring/venv/lib/python3.10/site-packages/airflow/example_dags/plugins/decreasing_priority_weight_strategy.py
[2024-12-04T15:19:10.980+0700] {processor.py:208} INFO - Processing /home/dea/weather-monitoring/venv/lib/python3.10/site-packages/airflow/example_dags/plugins/decreasing_priority_weight_strategy.py took 0.285 seconds
[2024-12-04T15:20:17.159+0700] {processor.py:186} INFO - Started process (PID=107999) to work on /home/dea/weather-monitoring/venv/lib/python3.10/site-packages/airflow/example_dags/plugins/decreasing_priority_weight_strategy.py
[2024-12-04T15:20:17.165+0700] {processor.py:914} INFO - Processing file /home/dea/weather-monitoring/venv/lib/python3.10/site-packages/airflow/example_dags/plugins/decreasing_priority_weight_strategy.py for tasks to queue
[2024-12-04T15:20:17.173+0700] {logging_mixin.py:190} INFO - [2024-12-04T15:20:17.173+0700] {dagbag.py:588} INFO - Filling up the DagBag from /home/dea/weather-monitoring/venv/lib/python3.10/site-packages/airflow/example_dags/plugins/decreasing_priority_weight_strategy.py
[2024-12-04T15:20:17.215+0700] {processor.py:927} WARNING - No viable dags retrieved from /home/dea/weather-monitoring/venv/lib/python3.10/site-packages/airflow/example_dags/plugins/decreasing_priority_weight_strategy.py
[2024-12-04T15:20:17.437+0700] {processor.py:208} INFO - Processing /home/dea/weather-monitoring/venv/lib/python3.10/site-packages/airflow/example_dags/plugins/decreasing_priority_weight_strategy.py took 0.334 seconds
