[2024-12-04T13:11:44.329+0700] {processor.py:186} INFO - Started process (PID=15984) to work on /home/dea/weather-monitoring/venv/lib/python3.10/site-packages/airflow/example_dags/plugins/event_listener.py
[2024-12-04T13:11:44.331+0700] {processor.py:914} INFO - Processing file /home/dea/weather-monitoring/venv/lib/python3.10/site-packages/airflow/example_dags/plugins/event_listener.py for tasks to queue
[2024-12-04T13:11:44.336+0700] {logging_mixin.py:190} INFO - [2024-12-04T13:11:44.335+0700] {dagbag.py:588} INFO - Filling up the DagBag from /home/dea/weather-monitoring/venv/lib/python3.10/site-packages/airflow/example_dags/plugins/event_listener.py
[2024-12-04T13:11:44.343+0700] {processor.py:927} WARNING - No viable dags retrieved from /home/dea/weather-monitoring/venv/lib/python3.10/site-packages/airflow/example_dags/plugins/event_listener.py
[2024-12-04T13:11:44.359+0700] {processor.py:208} INFO - Processing /home/dea/weather-monitoring/venv/lib/python3.10/site-packages/airflow/example_dags/plugins/event_listener.py took 0.045 seconds
[2024-12-04T13:12:47.846+0700] {processor.py:186} INFO - Started process (PID=16838) to work on /home/dea/weather-monitoring/venv/lib/python3.10/site-packages/airflow/example_dags/plugins/event_listener.py
[2024-12-04T13:12:47.847+0700] {processor.py:914} INFO - Processing file /home/dea/weather-monitoring/venv/lib/python3.10/site-packages/airflow/example_dags/plugins/event_listener.py for tasks to queue
[2024-12-04T13:12:47.852+0700] {logging_mixin.py:190} INFO - [2024-12-04T13:12:47.851+0700] {dagbag.py:588} INFO - Filling up the DagBag from /home/dea/weather-monitoring/venv/lib/python3.10/site-packages/airflow/example_dags/plugins/event_listener.py
[2024-12-04T13:12:47.858+0700] {processor.py:927} WARNING - No viable dags retrieved from /home/dea/weather-monitoring/venv/lib/python3.10/site-packages/airflow/example_dags/plugins/event_listener.py
[2024-12-04T13:12:47.875+0700] {processor.py:208} INFO - Processing /home/dea/weather-monitoring/venv/lib/python3.10/site-packages/airflow/example_dags/plugins/event_listener.py took 0.043 seconds
[2024-12-04T13:32:05.979+0700] {processor.py:186} INFO - Started process (PID=30673) to work on /home/dea/weather-monitoring/venv/lib/python3.10/site-packages/airflow/example_dags/plugins/event_listener.py
[2024-12-04T13:32:05.981+0700] {processor.py:914} INFO - Processing file /home/dea/weather-monitoring/venv/lib/python3.10/site-packages/airflow/example_dags/plugins/event_listener.py for tasks to queue
[2024-12-04T13:32:05.986+0700] {logging_mixin.py:190} INFO - [2024-12-04T13:32:05.986+0700] {dagbag.py:588} INFO - Filling up the DagBag from /home/dea/weather-monitoring/venv/lib/python3.10/site-packages/airflow/example_dags/plugins/event_listener.py
[2024-12-04T13:32:05.989+0700] {processor.py:927} WARNING - No viable dags retrieved from /home/dea/weather-monitoring/venv/lib/python3.10/site-packages/airflow/example_dags/plugins/event_listener.py
[2024-12-04T13:32:06.002+0700] {processor.py:208} INFO - Processing /home/dea/weather-monitoring/venv/lib/python3.10/site-packages/airflow/example_dags/plugins/event_listener.py took 0.038 seconds
[2024-12-04T13:33:04.281+0700] {processor.py:186} INFO - Started process (PID=30856) to work on /home/dea/weather-monitoring/venv/lib/python3.10/site-packages/airflow/example_dags/plugins/event_listener.py
[2024-12-04T13:33:04.282+0700] {processor.py:914} INFO - Processing file /home/dea/weather-monitoring/venv/lib/python3.10/site-packages/airflow/example_dags/plugins/event_listener.py for tasks to queue
[2024-12-04T13:33:04.285+0700] {logging_mixin.py:190} INFO - [2024-12-04T13:33:04.284+0700] {dagbag.py:588} INFO - Filling up the DagBag from /home/dea/weather-monitoring/venv/lib/python3.10/site-packages/airflow/example_dags/plugins/event_listener.py
[2024-12-04T13:33:04.287+0700] {processor.py:927} WARNING - No viable dags retrieved from /home/dea/weather-monitoring/venv/lib/python3.10/site-packages/airflow/example_dags/plugins/event_listener.py
[2024-12-04T13:33:04.300+0700] {processor.py:208} INFO - Processing /home/dea/weather-monitoring/venv/lib/python3.10/site-packages/airflow/example_dags/plugins/event_listener.py took 0.027 seconds
[2024-12-04T13:33:57.776+0700] {processor.py:186} INFO - Started process (PID=31049) to work on /home/dea/weather-monitoring/venv/lib/python3.10/site-packages/airflow/example_dags/plugins/event_listener.py
[2024-12-04T13:33:57.777+0700] {processor.py:914} INFO - Processing file /home/dea/weather-monitoring/venv/lib/python3.10/site-packages/airflow/example_dags/plugins/event_listener.py for tasks to queue
[2024-12-04T13:33:57.779+0700] {logging_mixin.py:190} INFO - [2024-12-04T13:33:57.779+0700] {dagbag.py:588} INFO - Filling up the DagBag from /home/dea/weather-monitoring/venv/lib/python3.10/site-packages/airflow/example_dags/plugins/event_listener.py
[2024-12-04T13:33:57.782+0700] {processor.py:927} WARNING - No viable dags retrieved from /home/dea/weather-monitoring/venv/lib/python3.10/site-packages/airflow/example_dags/plugins/event_listener.py
[2024-12-04T13:33:57.803+0700] {processor.py:208} INFO - Processing /home/dea/weather-monitoring/venv/lib/python3.10/site-packages/airflow/example_dags/plugins/event_listener.py took 0.035 seconds
[2024-12-04T13:34:55.090+0700] {processor.py:186} INFO - Started process (PID=31282) to work on /home/dea/weather-monitoring/venv/lib/python3.10/site-packages/airflow/example_dags/plugins/event_listener.py
[2024-12-04T13:34:55.092+0700] {processor.py:914} INFO - Processing file /home/dea/weather-monitoring/venv/lib/python3.10/site-packages/airflow/example_dags/plugins/event_listener.py for tasks to queue
[2024-12-04T13:34:55.095+0700] {logging_mixin.py:190} INFO - [2024-12-04T13:34:55.094+0700] {dagbag.py:588} INFO - Filling up the DagBag from /home/dea/weather-monitoring/venv/lib/python3.10/site-packages/airflow/example_dags/plugins/event_listener.py
[2024-12-04T13:34:55.098+0700] {processor.py:927} WARNING - No viable dags retrieved from /home/dea/weather-monitoring/venv/lib/python3.10/site-packages/airflow/example_dags/plugins/event_listener.py
[2024-12-04T13:34:55.113+0700] {processor.py:208} INFO - Processing /home/dea/weather-monitoring/venv/lib/python3.10/site-packages/airflow/example_dags/plugins/event_listener.py took 0.045 seconds
[2024-12-04T14:09:38.136+0700] {processor.py:186} INFO - Started process (PID=37291) to work on /home/dea/weather-monitoring/venv/lib/python3.10/site-packages/airflow/example_dags/plugins/event_listener.py
[2024-12-04T14:09:38.138+0700] {processor.py:914} INFO - Processing file /home/dea/weather-monitoring/venv/lib/python3.10/site-packages/airflow/example_dags/plugins/event_listener.py for tasks to queue
[2024-12-04T14:09:38.143+0700] {logging_mixin.py:190} INFO - [2024-12-04T14:09:38.142+0700] {dagbag.py:588} INFO - Filling up the DagBag from /home/dea/weather-monitoring/venv/lib/python3.10/site-packages/airflow/example_dags/plugins/event_listener.py
[2024-12-04T14:09:38.148+0700] {processor.py:927} WARNING - No viable dags retrieved from /home/dea/weather-monitoring/venv/lib/python3.10/site-packages/airflow/example_dags/plugins/event_listener.py
[2024-12-04T14:09:38.167+0700] {processor.py:208} INFO - Processing /home/dea/weather-monitoring/venv/lib/python3.10/site-packages/airflow/example_dags/plugins/event_listener.py took 0.045 seconds
[2024-12-04T14:10:43.058+0700] {processor.py:186} INFO - Started process (PID=37752) to work on /home/dea/weather-monitoring/venv/lib/python3.10/site-packages/airflow/example_dags/plugins/event_listener.py
[2024-12-04T14:10:43.063+0700] {processor.py:914} INFO - Processing file /home/dea/weather-monitoring/venv/lib/python3.10/site-packages/airflow/example_dags/plugins/event_listener.py for tasks to queue
[2024-12-04T14:10:43.071+0700] {logging_mixin.py:190} INFO - [2024-12-04T14:10:43.070+0700] {dagbag.py:588} INFO - Filling up the DagBag from /home/dea/weather-monitoring/venv/lib/python3.10/site-packages/airflow/example_dags/plugins/event_listener.py
[2024-12-04T14:10:43.093+0700] {processor.py:927} WARNING - No viable dags retrieved from /home/dea/weather-monitoring/venv/lib/python3.10/site-packages/airflow/example_dags/plugins/event_listener.py
[2024-12-04T14:10:43.128+0700] {processor.py:208} INFO - Processing /home/dea/weather-monitoring/venv/lib/python3.10/site-packages/airflow/example_dags/plugins/event_listener.py took 0.102 seconds
[2024-12-04T14:40:20.117+0700] {processor.py:186} INFO - Started process (PID=45331) to work on /home/dea/weather-monitoring/venv/lib/python3.10/site-packages/airflow/example_dags/plugins/event_listener.py
[2024-12-04T14:40:20.119+0700] {processor.py:914} INFO - Processing file /home/dea/weather-monitoring/venv/lib/python3.10/site-packages/airflow/example_dags/plugins/event_listener.py for tasks to queue
[2024-12-04T14:40:20.123+0700] {logging_mixin.py:190} INFO - [2024-12-04T14:40:20.122+0700] {dagbag.py:588} INFO - Filling up the DagBag from /home/dea/weather-monitoring/venv/lib/python3.10/site-packages/airflow/example_dags/plugins/event_listener.py
[2024-12-04T14:40:20.127+0700] {processor.py:927} WARNING - No viable dags retrieved from /home/dea/weather-monitoring/venv/lib/python3.10/site-packages/airflow/example_dags/plugins/event_listener.py
[2024-12-04T14:40:20.211+0700] {processor.py:208} INFO - Processing /home/dea/weather-monitoring/venv/lib/python3.10/site-packages/airflow/example_dags/plugins/event_listener.py took 0.105 seconds
[2024-12-04T14:40:50.756+0700] {processor.py:186} INFO - Started process (PID=45899) to work on /home/dea/weather-monitoring/venv/lib/python3.10/site-packages/airflow/example_dags/plugins/event_listener.py
[2024-12-04T14:40:50.762+0700] {processor.py:914} INFO - Processing file /home/dea/weather-monitoring/venv/lib/python3.10/site-packages/airflow/example_dags/plugins/event_listener.py for tasks to queue
[2024-12-04T14:40:50.770+0700] {logging_mixin.py:190} INFO - [2024-12-04T14:40:50.769+0700] {dagbag.py:588} INFO - Filling up the DagBag from /home/dea/weather-monitoring/venv/lib/python3.10/site-packages/airflow/example_dags/plugins/event_listener.py
[2024-12-04T14:40:50.787+0700] {processor.py:927} WARNING - No viable dags retrieved from /home/dea/weather-monitoring/venv/lib/python3.10/site-packages/airflow/example_dags/plugins/event_listener.py
[2024-12-04T14:40:50.880+0700] {processor.py:208} INFO - Processing /home/dea/weather-monitoring/venv/lib/python3.10/site-packages/airflow/example_dags/plugins/event_listener.py took 0.142 seconds
[2024-12-04T14:41:21.544+0700] {processor.py:186} INFO - Started process (PID=46198) to work on /home/dea/weather-monitoring/venv/lib/python3.10/site-packages/airflow/example_dags/plugins/event_listener.py
[2024-12-04T14:41:21.546+0700] {processor.py:914} INFO - Processing file /home/dea/weather-monitoring/venv/lib/python3.10/site-packages/airflow/example_dags/plugins/event_listener.py for tasks to queue
[2024-12-04T14:41:21.552+0700] {logging_mixin.py:190} INFO - [2024-12-04T14:41:21.551+0700] {dagbag.py:588} INFO - Filling up the DagBag from /home/dea/weather-monitoring/venv/lib/python3.10/site-packages/airflow/example_dags/plugins/event_listener.py
[2024-12-04T14:41:21.557+0700] {processor.py:927} WARNING - No viable dags retrieved from /home/dea/weather-monitoring/venv/lib/python3.10/site-packages/airflow/example_dags/plugins/event_listener.py
[2024-12-04T14:41:21.631+0700] {processor.py:208} INFO - Processing /home/dea/weather-monitoring/venv/lib/python3.10/site-packages/airflow/example_dags/plugins/event_listener.py took 0.104 seconds
[2024-12-04T14:41:51.833+0700] {processor.py:186} INFO - Started process (PID=46495) to work on /home/dea/weather-monitoring/venv/lib/python3.10/site-packages/airflow/example_dags/plugins/event_listener.py
[2024-12-04T14:41:51.835+0700] {processor.py:914} INFO - Processing file /home/dea/weather-monitoring/venv/lib/python3.10/site-packages/airflow/example_dags/plugins/event_listener.py for tasks to queue
[2024-12-04T14:41:51.841+0700] {logging_mixin.py:190} INFO - [2024-12-04T14:41:51.840+0700] {dagbag.py:588} INFO - Filling up the DagBag from /home/dea/weather-monitoring/venv/lib/python3.10/site-packages/airflow/example_dags/plugins/event_listener.py
[2024-12-04T14:41:51.847+0700] {processor.py:927} WARNING - No viable dags retrieved from /home/dea/weather-monitoring/venv/lib/python3.10/site-packages/airflow/example_dags/plugins/event_listener.py
[2024-12-04T14:41:51.901+0700] {processor.py:208} INFO - Processing /home/dea/weather-monitoring/venv/lib/python3.10/site-packages/airflow/example_dags/plugins/event_listener.py took 0.088 seconds
[2024-12-04T14:42:22.980+0700] {processor.py:186} INFO - Started process (PID=46868) to work on /home/dea/weather-monitoring/venv/lib/python3.10/site-packages/airflow/example_dags/plugins/event_listener.py
[2024-12-04T14:42:22.983+0700] {processor.py:914} INFO - Processing file /home/dea/weather-monitoring/venv/lib/python3.10/site-packages/airflow/example_dags/plugins/event_listener.py for tasks to queue
[2024-12-04T14:42:22.991+0700] {logging_mixin.py:190} INFO - [2024-12-04T14:42:22.990+0700] {dagbag.py:588} INFO - Filling up the DagBag from /home/dea/weather-monitoring/venv/lib/python3.10/site-packages/airflow/example_dags/plugins/event_listener.py
[2024-12-04T14:42:22.999+0700] {processor.py:927} WARNING - No viable dags retrieved from /home/dea/weather-monitoring/venv/lib/python3.10/site-packages/airflow/example_dags/plugins/event_listener.py
[2024-12-04T14:42:23.084+0700] {processor.py:208} INFO - Processing /home/dea/weather-monitoring/venv/lib/python3.10/site-packages/airflow/example_dags/plugins/event_listener.py took 0.132 seconds
[2024-12-04T14:42:53.215+0700] {processor.py:186} INFO - Started process (PID=47550) to work on /home/dea/weather-monitoring/venv/lib/python3.10/site-packages/airflow/example_dags/plugins/event_listener.py
[2024-12-04T14:42:53.217+0700] {processor.py:914} INFO - Processing file /home/dea/weather-monitoring/venv/lib/python3.10/site-packages/airflow/example_dags/plugins/event_listener.py for tasks to queue
[2024-12-04T14:42:53.222+0700] {logging_mixin.py:190} INFO - [2024-12-04T14:42:53.221+0700] {dagbag.py:588} INFO - Filling up the DagBag from /home/dea/weather-monitoring/venv/lib/python3.10/site-packages/airflow/example_dags/plugins/event_listener.py
[2024-12-04T14:42:53.227+0700] {processor.py:927} WARNING - No viable dags retrieved from /home/dea/weather-monitoring/venv/lib/python3.10/site-packages/airflow/example_dags/plugins/event_listener.py
[2024-12-04T14:42:53.280+0700] {processor.py:208} INFO - Processing /home/dea/weather-monitoring/venv/lib/python3.10/site-packages/airflow/example_dags/plugins/event_listener.py took 0.078 seconds
[2024-12-04T14:43:23.699+0700] {processor.py:186} INFO - Started process (PID=47717) to work on /home/dea/weather-monitoring/venv/lib/python3.10/site-packages/airflow/example_dags/plugins/event_listener.py
[2024-12-04T14:43:23.702+0700] {processor.py:914} INFO - Processing file /home/dea/weather-monitoring/venv/lib/python3.10/site-packages/airflow/example_dags/plugins/event_listener.py for tasks to queue
[2024-12-04T14:43:23.708+0700] {logging_mixin.py:190} INFO - [2024-12-04T14:43:23.707+0700] {dagbag.py:588} INFO - Filling up the DagBag from /home/dea/weather-monitoring/venv/lib/python3.10/site-packages/airflow/example_dags/plugins/event_listener.py
[2024-12-04T14:43:23.715+0700] {processor.py:927} WARNING - No viable dags retrieved from /home/dea/weather-monitoring/venv/lib/python3.10/site-packages/airflow/example_dags/plugins/event_listener.py
[2024-12-04T14:43:23.774+0700] {processor.py:208} INFO - Processing /home/dea/weather-monitoring/venv/lib/python3.10/site-packages/airflow/example_dags/plugins/event_listener.py took 0.090 seconds
[2024-12-04T14:43:54.796+0700] {processor.py:186} INFO - Started process (PID=47845) to work on /home/dea/weather-monitoring/venv/lib/python3.10/site-packages/airflow/example_dags/plugins/event_listener.py
[2024-12-04T14:43:54.798+0700] {processor.py:914} INFO - Processing file /home/dea/weather-monitoring/venv/lib/python3.10/site-packages/airflow/example_dags/plugins/event_listener.py for tasks to queue
[2024-12-04T14:43:54.804+0700] {logging_mixin.py:190} INFO - [2024-12-04T14:43:54.803+0700] {dagbag.py:588} INFO - Filling up the DagBag from /home/dea/weather-monitoring/venv/lib/python3.10/site-packages/airflow/example_dags/plugins/event_listener.py
[2024-12-04T14:43:54.810+0700] {processor.py:927} WARNING - No viable dags retrieved from /home/dea/weather-monitoring/venv/lib/python3.10/site-packages/airflow/example_dags/plugins/event_listener.py
[2024-12-04T14:43:54.870+0700] {processor.py:208} INFO - Processing /home/dea/weather-monitoring/venv/lib/python3.10/site-packages/airflow/example_dags/plugins/event_listener.py took 0.089 seconds
[2024-12-04T14:44:25.278+0700] {processor.py:186} INFO - Started process (PID=47976) to work on /home/dea/weather-monitoring/venv/lib/python3.10/site-packages/airflow/example_dags/plugins/event_listener.py
[2024-12-04T14:44:25.281+0700] {processor.py:914} INFO - Processing file /home/dea/weather-monitoring/venv/lib/python3.10/site-packages/airflow/example_dags/plugins/event_listener.py for tasks to queue
[2024-12-04T14:44:25.287+0700] {logging_mixin.py:190} INFO - [2024-12-04T14:44:25.286+0700] {dagbag.py:588} INFO - Filling up the DagBag from /home/dea/weather-monitoring/venv/lib/python3.10/site-packages/airflow/example_dags/plugins/event_listener.py
[2024-12-04T14:44:25.295+0700] {processor.py:927} WARNING - No viable dags retrieved from /home/dea/weather-monitoring/venv/lib/python3.10/site-packages/airflow/example_dags/plugins/event_listener.py
[2024-12-04T14:44:25.351+0700] {processor.py:208} INFO - Processing /home/dea/weather-monitoring/venv/lib/python3.10/site-packages/airflow/example_dags/plugins/event_listener.py took 0.089 seconds
[2024-12-04T14:44:59.083+0700] {processor.py:186} INFO - Started process (PID=48710) to work on /home/dea/weather-monitoring/venv/lib/python3.10/site-packages/airflow/example_dags/plugins/event_listener.py
[2024-12-04T14:44:59.086+0700] {processor.py:914} INFO - Processing file /home/dea/weather-monitoring/venv/lib/python3.10/site-packages/airflow/example_dags/plugins/event_listener.py for tasks to queue
[2024-12-04T14:44:59.096+0700] {logging_mixin.py:190} INFO - [2024-12-04T14:44:59.095+0700] {dagbag.py:588} INFO - Filling up the DagBag from /home/dea/weather-monitoring/venv/lib/python3.10/site-packages/airflow/example_dags/plugins/event_listener.py
[2024-12-04T14:44:59.103+0700] {processor.py:927} WARNING - No viable dags retrieved from /home/dea/weather-monitoring/venv/lib/python3.10/site-packages/airflow/example_dags/plugins/event_listener.py
[2024-12-04T14:44:59.188+0700] {processor.py:208} INFO - Processing /home/dea/weather-monitoring/venv/lib/python3.10/site-packages/airflow/example_dags/plugins/event_listener.py took 0.139 seconds
[2024-12-04T14:45:29.467+0700] {processor.py:186} INFO - Started process (PID=49507) to work on /home/dea/weather-monitoring/venv/lib/python3.10/site-packages/airflow/example_dags/plugins/event_listener.py
[2024-12-04T14:45:29.469+0700] {processor.py:914} INFO - Processing file /home/dea/weather-monitoring/venv/lib/python3.10/site-packages/airflow/example_dags/plugins/event_listener.py for tasks to queue
[2024-12-04T14:45:29.475+0700] {logging_mixin.py:190} INFO - [2024-12-04T14:45:29.474+0700] {dagbag.py:588} INFO - Filling up the DagBag from /home/dea/weather-monitoring/venv/lib/python3.10/site-packages/airflow/example_dags/plugins/event_listener.py
[2024-12-04T14:45:29.481+0700] {processor.py:927} WARNING - No viable dags retrieved from /home/dea/weather-monitoring/venv/lib/python3.10/site-packages/airflow/example_dags/plugins/event_listener.py
[2024-12-04T14:45:29.552+0700] {processor.py:208} INFO - Processing /home/dea/weather-monitoring/venv/lib/python3.10/site-packages/airflow/example_dags/plugins/event_listener.py took 0.100 seconds
[2024-12-04T14:46:00.300+0700] {processor.py:186} INFO - Started process (PID=50186) to work on /home/dea/weather-monitoring/venv/lib/python3.10/site-packages/airflow/example_dags/plugins/event_listener.py
[2024-12-04T14:46:00.309+0700] {processor.py:914} INFO - Processing file /home/dea/weather-monitoring/venv/lib/python3.10/site-packages/airflow/example_dags/plugins/event_listener.py for tasks to queue
[2024-12-04T14:46:00.315+0700] {logging_mixin.py:190} INFO - [2024-12-04T14:46:00.314+0700] {dagbag.py:588} INFO - Filling up the DagBag from /home/dea/weather-monitoring/venv/lib/python3.10/site-packages/airflow/example_dags/plugins/event_listener.py
[2024-12-04T14:46:00.348+0700] {processor.py:927} WARNING - No viable dags retrieved from /home/dea/weather-monitoring/venv/lib/python3.10/site-packages/airflow/example_dags/plugins/event_listener.py
[2024-12-04T14:46:00.603+0700] {processor.py:208} INFO - Processing /home/dea/weather-monitoring/venv/lib/python3.10/site-packages/airflow/example_dags/plugins/event_listener.py took 0.323 seconds
[2024-12-04T14:46:31.935+0700] {processor.py:186} INFO - Started process (PID=51002) to work on /home/dea/weather-monitoring/venv/lib/python3.10/site-packages/airflow/example_dags/plugins/event_listener.py
[2024-12-04T14:46:31.955+0700] {processor.py:914} INFO - Processing file /home/dea/weather-monitoring/venv/lib/python3.10/site-packages/airflow/example_dags/plugins/event_listener.py for tasks to queue
[2024-12-04T14:46:31.968+0700] {logging_mixin.py:190} INFO - [2024-12-04T14:46:31.968+0700] {dagbag.py:588} INFO - Filling up the DagBag from /home/dea/weather-monitoring/venv/lib/python3.10/site-packages/airflow/example_dags/plugins/event_listener.py
[2024-12-04T14:46:31.993+0700] {processor.py:927} WARNING - No viable dags retrieved from /home/dea/weather-monitoring/venv/lib/python3.10/site-packages/airflow/example_dags/plugins/event_listener.py
[2024-12-04T14:46:32.117+0700] {processor.py:208} INFO - Processing /home/dea/weather-monitoring/venv/lib/python3.10/site-packages/airflow/example_dags/plugins/event_listener.py took 0.207 seconds
[2024-12-04T14:47:02.939+0700] {processor.py:186} INFO - Started process (PID=51518) to work on /home/dea/weather-monitoring/venv/lib/python3.10/site-packages/airflow/example_dags/plugins/event_listener.py
[2024-12-04T14:47:02.948+0700] {processor.py:914} INFO - Processing file /home/dea/weather-monitoring/venv/lib/python3.10/site-packages/airflow/example_dags/plugins/event_listener.py for tasks to queue
[2024-12-04T14:47:02.960+0700] {logging_mixin.py:190} INFO - [2024-12-04T14:47:02.958+0700] {dagbag.py:588} INFO - Filling up the DagBag from /home/dea/weather-monitoring/venv/lib/python3.10/site-packages/airflow/example_dags/plugins/event_listener.py
[2024-12-04T14:47:02.980+0700] {processor.py:927} WARNING - No viable dags retrieved from /home/dea/weather-monitoring/venv/lib/python3.10/site-packages/airflow/example_dags/plugins/event_listener.py
[2024-12-04T14:47:03.098+0700] {processor.py:208} INFO - Processing /home/dea/weather-monitoring/venv/lib/python3.10/site-packages/airflow/example_dags/plugins/event_listener.py took 0.179 seconds
[2024-12-04T14:47:34.056+0700] {processor.py:186} INFO - Started process (PID=52057) to work on /home/dea/weather-monitoring/venv/lib/python3.10/site-packages/airflow/example_dags/plugins/event_listener.py
[2024-12-04T14:47:34.058+0700] {processor.py:914} INFO - Processing file /home/dea/weather-monitoring/venv/lib/python3.10/site-packages/airflow/example_dags/plugins/event_listener.py for tasks to queue
[2024-12-04T14:47:34.063+0700] {logging_mixin.py:190} INFO - [2024-12-04T14:47:34.062+0700] {dagbag.py:588} INFO - Filling up the DagBag from /home/dea/weather-monitoring/venv/lib/python3.10/site-packages/airflow/example_dags/plugins/event_listener.py
[2024-12-04T14:47:34.068+0700] {processor.py:927} WARNING - No viable dags retrieved from /home/dea/weather-monitoring/venv/lib/python3.10/site-packages/airflow/example_dags/plugins/event_listener.py
[2024-12-04T14:47:34.121+0700] {processor.py:208} INFO - Processing /home/dea/weather-monitoring/venv/lib/python3.10/site-packages/airflow/example_dags/plugins/event_listener.py took 0.079 seconds
[2024-12-04T14:48:04.377+0700] {processor.py:186} INFO - Started process (PID=52444) to work on /home/dea/weather-monitoring/venv/lib/python3.10/site-packages/airflow/example_dags/plugins/event_listener.py
[2024-12-04T14:48:04.382+0700] {processor.py:914} INFO - Processing file /home/dea/weather-monitoring/venv/lib/python3.10/site-packages/airflow/example_dags/plugins/event_listener.py for tasks to queue
[2024-12-04T14:48:04.390+0700] {logging_mixin.py:190} INFO - [2024-12-04T14:48:04.389+0700] {dagbag.py:588} INFO - Filling up the DagBag from /home/dea/weather-monitoring/venv/lib/python3.10/site-packages/airflow/example_dags/plugins/event_listener.py
[2024-12-04T14:48:04.433+0700] {processor.py:927} WARNING - No viable dags retrieved from /home/dea/weather-monitoring/venv/lib/python3.10/site-packages/airflow/example_dags/plugins/event_listener.py
[2024-12-04T14:48:04.586+0700] {processor.py:208} INFO - Processing /home/dea/weather-monitoring/venv/lib/python3.10/site-packages/airflow/example_dags/plugins/event_listener.py took 0.236 seconds
[2024-12-04T14:48:35.121+0700] {processor.py:186} INFO - Started process (PID=52841) to work on /home/dea/weather-monitoring/venv/lib/python3.10/site-packages/airflow/example_dags/plugins/event_listener.py
[2024-12-04T14:48:35.124+0700] {processor.py:914} INFO - Processing file /home/dea/weather-monitoring/venv/lib/python3.10/site-packages/airflow/example_dags/plugins/event_listener.py for tasks to queue
[2024-12-04T14:48:35.130+0700] {logging_mixin.py:190} INFO - [2024-12-04T14:48:35.129+0700] {dagbag.py:588} INFO - Filling up the DagBag from /home/dea/weather-monitoring/venv/lib/python3.10/site-packages/airflow/example_dags/plugins/event_listener.py
[2024-12-04T14:48:35.138+0700] {processor.py:927} WARNING - No viable dags retrieved from /home/dea/weather-monitoring/venv/lib/python3.10/site-packages/airflow/example_dags/plugins/event_listener.py
[2024-12-04T14:48:35.287+0700] {processor.py:208} INFO - Processing /home/dea/weather-monitoring/venv/lib/python3.10/site-packages/airflow/example_dags/plugins/event_listener.py took 0.186 seconds
[2024-12-04T14:49:05.908+0700] {processor.py:186} INFO - Started process (PID=53184) to work on /home/dea/weather-monitoring/venv/lib/python3.10/site-packages/airflow/example_dags/plugins/event_listener.py
[2024-12-04T14:49:05.912+0700] {processor.py:914} INFO - Processing file /home/dea/weather-monitoring/venv/lib/python3.10/site-packages/airflow/example_dags/plugins/event_listener.py for tasks to queue
[2024-12-04T14:49:05.918+0700] {logging_mixin.py:190} INFO - [2024-12-04T14:49:05.917+0700] {dagbag.py:588} INFO - Filling up the DagBag from /home/dea/weather-monitoring/venv/lib/python3.10/site-packages/airflow/example_dags/plugins/event_listener.py
[2024-12-04T14:49:05.928+0700] {processor.py:927} WARNING - No viable dags retrieved from /home/dea/weather-monitoring/venv/lib/python3.10/site-packages/airflow/example_dags/plugins/event_listener.py
[2024-12-04T14:49:05.999+0700] {processor.py:208} INFO - Processing /home/dea/weather-monitoring/venv/lib/python3.10/site-packages/airflow/example_dags/plugins/event_listener.py took 0.114 seconds
[2024-12-04T14:49:37.029+0700] {processor.py:186} INFO - Started process (PID=53774) to work on /home/dea/weather-monitoring/venv/lib/python3.10/site-packages/airflow/example_dags/plugins/event_listener.py
[2024-12-04T14:49:37.032+0700] {processor.py:914} INFO - Processing file /home/dea/weather-monitoring/venv/lib/python3.10/site-packages/airflow/example_dags/plugins/event_listener.py for tasks to queue
[2024-12-04T14:49:37.053+0700] {logging_mixin.py:190} INFO - [2024-12-04T14:49:37.052+0700] {dagbag.py:588} INFO - Filling up the DagBag from /home/dea/weather-monitoring/venv/lib/python3.10/site-packages/airflow/example_dags/plugins/event_listener.py
[2024-12-04T14:49:37.086+0700] {processor.py:927} WARNING - No viable dags retrieved from /home/dea/weather-monitoring/venv/lib/python3.10/site-packages/airflow/example_dags/plugins/event_listener.py
[2024-12-04T14:49:37.214+0700] {processor.py:208} INFO - Processing /home/dea/weather-monitoring/venv/lib/python3.10/site-packages/airflow/example_dags/plugins/event_listener.py took 0.273 seconds
[2024-12-04T14:50:08.277+0700] {processor.py:186} INFO - Started process (PID=54482) to work on /home/dea/weather-monitoring/venv/lib/python3.10/site-packages/airflow/example_dags/plugins/event_listener.py
[2024-12-04T14:50:08.279+0700] {processor.py:914} INFO - Processing file /home/dea/weather-monitoring/venv/lib/python3.10/site-packages/airflow/example_dags/plugins/event_listener.py for tasks to queue
[2024-12-04T14:50:08.287+0700] {logging_mixin.py:190} INFO - [2024-12-04T14:50:08.286+0700] {dagbag.py:588} INFO - Filling up the DagBag from /home/dea/weather-monitoring/venv/lib/python3.10/site-packages/airflow/example_dags/plugins/event_listener.py
[2024-12-04T14:50:08.300+0700] {processor.py:927} WARNING - No viable dags retrieved from /home/dea/weather-monitoring/venv/lib/python3.10/site-packages/airflow/example_dags/plugins/event_listener.py
[2024-12-04T14:50:08.384+0700] {processor.py:208} INFO - Processing /home/dea/weather-monitoring/venv/lib/python3.10/site-packages/airflow/example_dags/plugins/event_listener.py took 0.128 seconds
[2024-12-04T14:50:39.744+0700] {processor.py:186} INFO - Started process (PID=55472) to work on /home/dea/weather-monitoring/venv/lib/python3.10/site-packages/airflow/example_dags/plugins/event_listener.py
[2024-12-04T14:50:39.779+0700] {processor.py:914} INFO - Processing file /home/dea/weather-monitoring/venv/lib/python3.10/site-packages/airflow/example_dags/plugins/event_listener.py for tasks to queue
[2024-12-04T14:50:39.783+0700] {logging_mixin.py:190} INFO - [2024-12-04T14:50:39.782+0700] {dagbag.py:588} INFO - Filling up the DagBag from /home/dea/weather-monitoring/venv/lib/python3.10/site-packages/airflow/example_dags/plugins/event_listener.py
[2024-12-04T14:50:39.801+0700] {processor.py:927} WARNING - No viable dags retrieved from /home/dea/weather-monitoring/venv/lib/python3.10/site-packages/airflow/example_dags/plugins/event_listener.py
[2024-12-04T14:50:39.945+0700] {processor.py:208} INFO - Processing /home/dea/weather-monitoring/venv/lib/python3.10/site-packages/airflow/example_dags/plugins/event_listener.py took 0.289 seconds
[2024-12-04T14:51:10.082+0700] {processor.py:186} INFO - Started process (PID=56236) to work on /home/dea/weather-monitoring/venv/lib/python3.10/site-packages/airflow/example_dags/plugins/event_listener.py
[2024-12-04T14:51:10.086+0700] {processor.py:914} INFO - Processing file /home/dea/weather-monitoring/venv/lib/python3.10/site-packages/airflow/example_dags/plugins/event_listener.py for tasks to queue
[2024-12-04T14:51:10.088+0700] {logging_mixin.py:190} INFO - [2024-12-04T14:51:10.088+0700] {dagbag.py:588} INFO - Filling up the DagBag from /home/dea/weather-monitoring/venv/lib/python3.10/site-packages/airflow/example_dags/plugins/event_listener.py
[2024-12-04T14:51:10.093+0700] {processor.py:927} WARNING - No viable dags retrieved from /home/dea/weather-monitoring/venv/lib/python3.10/site-packages/airflow/example_dags/plugins/event_listener.py
[2024-12-04T14:51:10.173+0700] {processor.py:208} INFO - Processing /home/dea/weather-monitoring/venv/lib/python3.10/site-packages/airflow/example_dags/plugins/event_listener.py took 0.125 seconds
[2024-12-04T14:51:43.580+0700] {processor.py:186} INFO - Started process (PID=57241) to work on /home/dea/weather-monitoring/venv/lib/python3.10/site-packages/airflow/example_dags/plugins/event_listener.py
[2024-12-04T14:51:43.582+0700] {processor.py:914} INFO - Processing file /home/dea/weather-monitoring/venv/lib/python3.10/site-packages/airflow/example_dags/plugins/event_listener.py for tasks to queue
[2024-12-04T14:51:43.587+0700] {logging_mixin.py:190} INFO - [2024-12-04T14:51:43.585+0700] {dagbag.py:588} INFO - Filling up the DagBag from /home/dea/weather-monitoring/venv/lib/python3.10/site-packages/airflow/example_dags/plugins/event_listener.py
[2024-12-04T14:51:43.602+0700] {processor.py:927} WARNING - No viable dags retrieved from /home/dea/weather-monitoring/venv/lib/python3.10/site-packages/airflow/example_dags/plugins/event_listener.py
[2024-12-04T14:51:43.824+0700] {processor.py:208} INFO - Processing /home/dea/weather-monitoring/venv/lib/python3.10/site-packages/airflow/example_dags/plugins/event_listener.py took 0.282 seconds
[2024-12-04T14:52:14.109+0700] {processor.py:186} INFO - Started process (PID=57925) to work on /home/dea/weather-monitoring/venv/lib/python3.10/site-packages/airflow/example_dags/plugins/event_listener.py
[2024-12-04T14:52:14.113+0700] {processor.py:914} INFO - Processing file /home/dea/weather-monitoring/venv/lib/python3.10/site-packages/airflow/example_dags/plugins/event_listener.py for tasks to queue
[2024-12-04T14:52:14.117+0700] {logging_mixin.py:190} INFO - [2024-12-04T14:52:14.116+0700] {dagbag.py:588} INFO - Filling up the DagBag from /home/dea/weather-monitoring/venv/lib/python3.10/site-packages/airflow/example_dags/plugins/event_listener.py
[2024-12-04T14:52:14.124+0700] {processor.py:927} WARNING - No viable dags retrieved from /home/dea/weather-monitoring/venv/lib/python3.10/site-packages/airflow/example_dags/plugins/event_listener.py
[2024-12-04T14:52:14.194+0700] {processor.py:208} INFO - Processing /home/dea/weather-monitoring/venv/lib/python3.10/site-packages/airflow/example_dags/plugins/event_listener.py took 0.112 seconds
[2024-12-04T14:52:45.010+0700] {processor.py:186} INFO - Started process (PID=58458) to work on /home/dea/weather-monitoring/venv/lib/python3.10/site-packages/airflow/example_dags/plugins/event_listener.py
[2024-12-04T14:52:45.012+0700] {processor.py:914} INFO - Processing file /home/dea/weather-monitoring/venv/lib/python3.10/site-packages/airflow/example_dags/plugins/event_listener.py for tasks to queue
[2024-12-04T14:52:45.015+0700] {logging_mixin.py:190} INFO - [2024-12-04T14:52:45.014+0700] {dagbag.py:588} INFO - Filling up the DagBag from /home/dea/weather-monitoring/venv/lib/python3.10/site-packages/airflow/example_dags/plugins/event_listener.py
[2024-12-04T14:52:45.020+0700] {processor.py:927} WARNING - No viable dags retrieved from /home/dea/weather-monitoring/venv/lib/python3.10/site-packages/airflow/example_dags/plugins/event_listener.py
[2024-12-04T14:52:45.074+0700] {processor.py:208} INFO - Processing /home/dea/weather-monitoring/venv/lib/python3.10/site-packages/airflow/example_dags/plugins/event_listener.py took 0.079 seconds
[2024-12-04T14:53:19.858+0700] {processor.py:186} INFO - Started process (PID=59343) to work on /home/dea/weather-monitoring/venv/lib/python3.10/site-packages/airflow/example_dags/plugins/event_listener.py
[2024-12-04T14:53:19.921+0700] {processor.py:914} INFO - Processing file /home/dea/weather-monitoring/venv/lib/python3.10/site-packages/airflow/example_dags/plugins/event_listener.py for tasks to queue
[2024-12-04T14:53:19.983+0700] {logging_mixin.py:190} INFO - [2024-12-04T14:53:19.958+0700] {dagbag.py:588} INFO - Filling up the DagBag from /home/dea/weather-monitoring/venv/lib/python3.10/site-packages/airflow/example_dags/plugins/event_listener.py
[2024-12-04T14:53:20.121+0700] {processor.py:927} WARNING - No viable dags retrieved from /home/dea/weather-monitoring/venv/lib/python3.10/site-packages/airflow/example_dags/plugins/event_listener.py
[2024-12-04T14:53:20.419+0700] {processor.py:208} INFO - Processing /home/dea/weather-monitoring/venv/lib/python3.10/site-packages/airflow/example_dags/plugins/event_listener.py took 0.733 seconds
[2024-12-04T14:53:50.840+0700] {processor.py:186} INFO - Started process (PID=60255) to work on /home/dea/weather-monitoring/venv/lib/python3.10/site-packages/airflow/example_dags/plugins/event_listener.py
[2024-12-04T14:53:50.845+0700] {processor.py:914} INFO - Processing file /home/dea/weather-monitoring/venv/lib/python3.10/site-packages/airflow/example_dags/plugins/event_listener.py for tasks to queue
[2024-12-04T14:53:50.854+0700] {logging_mixin.py:190} INFO - [2024-12-04T14:53:50.853+0700] {dagbag.py:588} INFO - Filling up the DagBag from /home/dea/weather-monitoring/venv/lib/python3.10/site-packages/airflow/example_dags/plugins/event_listener.py
[2024-12-04T14:53:50.862+0700] {processor.py:927} WARNING - No viable dags retrieved from /home/dea/weather-monitoring/venv/lib/python3.10/site-packages/airflow/example_dags/plugins/event_listener.py
[2024-12-04T14:53:50.986+0700] {processor.py:208} INFO - Processing /home/dea/weather-monitoring/venv/lib/python3.10/site-packages/airflow/example_dags/plugins/event_listener.py took 0.166 seconds
[2024-12-04T14:54:26.351+0700] {processor.py:186} INFO - Started process (PID=61378) to work on /home/dea/weather-monitoring/venv/lib/python3.10/site-packages/airflow/example_dags/plugins/event_listener.py
[2024-12-04T14:54:26.373+0700] {processor.py:914} INFO - Processing file /home/dea/weather-monitoring/venv/lib/python3.10/site-packages/airflow/example_dags/plugins/event_listener.py for tasks to queue
[2024-12-04T14:54:26.394+0700] {logging_mixin.py:190} INFO - [2024-12-04T14:54:26.388+0700] {dagbag.py:588} INFO - Filling up the DagBag from /home/dea/weather-monitoring/venv/lib/python3.10/site-packages/airflow/example_dags/plugins/event_listener.py
[2024-12-04T14:54:26.425+0700] {processor.py:927} WARNING - No viable dags retrieved from /home/dea/weather-monitoring/venv/lib/python3.10/site-packages/airflow/example_dags/plugins/event_listener.py
[2024-12-04T14:54:26.563+0700] {processor.py:208} INFO - Processing /home/dea/weather-monitoring/venv/lib/python3.10/site-packages/airflow/example_dags/plugins/event_listener.py took 0.328 seconds
[2024-12-04T14:54:57.258+0700] {processor.py:186} INFO - Started process (PID=62048) to work on /home/dea/weather-monitoring/venv/lib/python3.10/site-packages/airflow/example_dags/plugins/event_listener.py
[2024-12-04T14:54:57.264+0700] {processor.py:914} INFO - Processing file /home/dea/weather-monitoring/venv/lib/python3.10/site-packages/airflow/example_dags/plugins/event_listener.py for tasks to queue
[2024-12-04T14:54:57.294+0700] {logging_mixin.py:190} INFO - [2024-12-04T14:54:57.291+0700] {dagbag.py:588} INFO - Filling up the DagBag from /home/dea/weather-monitoring/venv/lib/python3.10/site-packages/airflow/example_dags/plugins/event_listener.py
[2024-12-04T14:54:57.334+0700] {processor.py:927} WARNING - No viable dags retrieved from /home/dea/weather-monitoring/venv/lib/python3.10/site-packages/airflow/example_dags/plugins/event_listener.py
[2024-12-04T14:54:57.452+0700] {processor.py:208} INFO - Processing /home/dea/weather-monitoring/venv/lib/python3.10/site-packages/airflow/example_dags/plugins/event_listener.py took 0.242 seconds
[2024-12-04T14:55:29.152+0700] {processor.py:186} INFO - Started process (PID=62771) to work on /home/dea/weather-monitoring/venv/lib/python3.10/site-packages/airflow/example_dags/plugins/event_listener.py
[2024-12-04T14:55:29.160+0700] {processor.py:914} INFO - Processing file /home/dea/weather-monitoring/venv/lib/python3.10/site-packages/airflow/example_dags/plugins/event_listener.py for tasks to queue
[2024-12-04T14:55:29.164+0700] {logging_mixin.py:190} INFO - [2024-12-04T14:55:29.163+0700] {dagbag.py:588} INFO - Filling up the DagBag from /home/dea/weather-monitoring/venv/lib/python3.10/site-packages/airflow/example_dags/plugins/event_listener.py
[2024-12-04T14:55:29.224+0700] {processor.py:927} WARNING - No viable dags retrieved from /home/dea/weather-monitoring/venv/lib/python3.10/site-packages/airflow/example_dags/plugins/event_listener.py
[2024-12-04T14:55:29.638+0700] {processor.py:208} INFO - Processing /home/dea/weather-monitoring/venv/lib/python3.10/site-packages/airflow/example_dags/plugins/event_listener.py took 0.524 seconds
[2024-12-04T14:55:59.885+0700] {processor.py:186} INFO - Started process (PID=63485) to work on /home/dea/weather-monitoring/venv/lib/python3.10/site-packages/airflow/example_dags/plugins/event_listener.py
[2024-12-04T14:55:59.905+0700] {processor.py:914} INFO - Processing file /home/dea/weather-monitoring/venv/lib/python3.10/site-packages/airflow/example_dags/plugins/event_listener.py for tasks to queue
[2024-12-04T14:55:59.915+0700] {logging_mixin.py:190} INFO - [2024-12-04T14:55:59.914+0700] {dagbag.py:588} INFO - Filling up the DagBag from /home/dea/weather-monitoring/venv/lib/python3.10/site-packages/airflow/example_dags/plugins/event_listener.py
[2024-12-04T14:55:59.945+0700] {processor.py:927} WARNING - No viable dags retrieved from /home/dea/weather-monitoring/venv/lib/python3.10/site-packages/airflow/example_dags/plugins/event_listener.py
[2024-12-04T14:56:00.076+0700] {processor.py:208} INFO - Processing /home/dea/weather-monitoring/venv/lib/python3.10/site-packages/airflow/example_dags/plugins/event_listener.py took 0.268 seconds
[2024-12-04T14:56:30.422+0700] {processor.py:186} INFO - Started process (PID=64328) to work on /home/dea/weather-monitoring/venv/lib/python3.10/site-packages/airflow/example_dags/plugins/event_listener.py
[2024-12-04T14:56:30.432+0700] {processor.py:914} INFO - Processing file /home/dea/weather-monitoring/venv/lib/python3.10/site-packages/airflow/example_dags/plugins/event_listener.py for tasks to queue
[2024-12-04T14:56:30.435+0700] {logging_mixin.py:190} INFO - [2024-12-04T14:56:30.434+0700] {dagbag.py:588} INFO - Filling up the DagBag from /home/dea/weather-monitoring/venv/lib/python3.10/site-packages/airflow/example_dags/plugins/event_listener.py
[2024-12-04T14:56:30.440+0700] {processor.py:927} WARNING - No viable dags retrieved from /home/dea/weather-monitoring/venv/lib/python3.10/site-packages/airflow/example_dags/plugins/event_listener.py
[2024-12-04T14:56:30.618+0700] {processor.py:208} INFO - Processing /home/dea/weather-monitoring/venv/lib/python3.10/site-packages/airflow/example_dags/plugins/event_listener.py took 0.223 seconds
[2024-12-04T14:57:00.945+0700] {processor.py:186} INFO - Started process (PID=65026) to work on /home/dea/weather-monitoring/venv/lib/python3.10/site-packages/airflow/example_dags/plugins/event_listener.py
[2024-12-04T14:57:00.947+0700] {processor.py:914} INFO - Processing file /home/dea/weather-monitoring/venv/lib/python3.10/site-packages/airflow/example_dags/plugins/event_listener.py for tasks to queue
[2024-12-04T14:57:00.948+0700] {logging_mixin.py:190} INFO - [2024-12-04T14:57:00.948+0700] {dagbag.py:588} INFO - Filling up the DagBag from /home/dea/weather-monitoring/venv/lib/python3.10/site-packages/airflow/example_dags/plugins/event_listener.py
[2024-12-04T14:57:00.952+0700] {processor.py:927} WARNING - No viable dags retrieved from /home/dea/weather-monitoring/venv/lib/python3.10/site-packages/airflow/example_dags/plugins/event_listener.py
[2024-12-04T14:57:00.992+0700] {processor.py:208} INFO - Processing /home/dea/weather-monitoring/venv/lib/python3.10/site-packages/airflow/example_dags/plugins/event_listener.py took 0.056 seconds
[2024-12-04T14:57:31.287+0700] {processor.py:186} INFO - Started process (PID=65788) to work on /home/dea/weather-monitoring/venv/lib/python3.10/site-packages/airflow/example_dags/plugins/event_listener.py
[2024-12-04T14:57:31.292+0700] {processor.py:914} INFO - Processing file /home/dea/weather-monitoring/venv/lib/python3.10/site-packages/airflow/example_dags/plugins/event_listener.py for tasks to queue
[2024-12-04T14:57:31.295+0700] {logging_mixin.py:190} INFO - [2024-12-04T14:57:31.294+0700] {dagbag.py:588} INFO - Filling up the DagBag from /home/dea/weather-monitoring/venv/lib/python3.10/site-packages/airflow/example_dags/plugins/event_listener.py
[2024-12-04T14:57:31.304+0700] {processor.py:927} WARNING - No viable dags retrieved from /home/dea/weather-monitoring/venv/lib/python3.10/site-packages/airflow/example_dags/plugins/event_listener.py
[2024-12-04T14:57:31.369+0700] {processor.py:208} INFO - Processing /home/dea/weather-monitoring/venv/lib/python3.10/site-packages/airflow/example_dags/plugins/event_listener.py took 0.102 seconds
[2024-12-04T14:58:01.872+0700] {processor.py:186} INFO - Started process (PID=66489) to work on /home/dea/weather-monitoring/venv/lib/python3.10/site-packages/airflow/example_dags/plugins/event_listener.py
[2024-12-04T14:58:01.878+0700] {processor.py:914} INFO - Processing file /home/dea/weather-monitoring/venv/lib/python3.10/site-packages/airflow/example_dags/plugins/event_listener.py for tasks to queue
[2024-12-04T14:58:01.880+0700] {logging_mixin.py:190} INFO - [2024-12-04T14:58:01.879+0700] {dagbag.py:588} INFO - Filling up the DagBag from /home/dea/weather-monitoring/venv/lib/python3.10/site-packages/airflow/example_dags/plugins/event_listener.py
[2024-12-04T14:58:01.896+0700] {processor.py:927} WARNING - No viable dags retrieved from /home/dea/weather-monitoring/venv/lib/python3.10/site-packages/airflow/example_dags/plugins/event_listener.py
[2024-12-04T14:58:02.289+0700] {processor.py:208} INFO - Processing /home/dea/weather-monitoring/venv/lib/python3.10/site-packages/airflow/example_dags/plugins/event_listener.py took 0.431 seconds
[2024-12-04T14:58:33.325+0700] {processor.py:186} INFO - Started process (PID=67365) to work on /home/dea/weather-monitoring/venv/lib/python3.10/site-packages/airflow/example_dags/plugins/event_listener.py
[2024-12-04T14:58:33.327+0700] {processor.py:914} INFO - Processing file /home/dea/weather-monitoring/venv/lib/python3.10/site-packages/airflow/example_dags/plugins/event_listener.py for tasks to queue
[2024-12-04T14:58:33.330+0700] {logging_mixin.py:190} INFO - [2024-12-04T14:58:33.329+0700] {dagbag.py:588} INFO - Filling up the DagBag from /home/dea/weather-monitoring/venv/lib/python3.10/site-packages/airflow/example_dags/plugins/event_listener.py
[2024-12-04T14:58:33.335+0700] {processor.py:927} WARNING - No viable dags retrieved from /home/dea/weather-monitoring/venv/lib/python3.10/site-packages/airflow/example_dags/plugins/event_listener.py
[2024-12-04T14:58:33.383+0700] {processor.py:208} INFO - Processing /home/dea/weather-monitoring/venv/lib/python3.10/site-packages/airflow/example_dags/plugins/event_listener.py took 0.087 seconds
[2024-12-04T14:59:05.136+0700] {processor.py:186} INFO - Started process (PID=68371) to work on /home/dea/weather-monitoring/venv/lib/python3.10/site-packages/airflow/example_dags/plugins/event_listener.py
[2024-12-04T14:59:05.145+0700] {processor.py:914} INFO - Processing file /home/dea/weather-monitoring/venv/lib/python3.10/site-packages/airflow/example_dags/plugins/event_listener.py for tasks to queue
[2024-12-04T14:59:05.149+0700] {logging_mixin.py:190} INFO - [2024-12-04T14:59:05.148+0700] {dagbag.py:588} INFO - Filling up the DagBag from /home/dea/weather-monitoring/venv/lib/python3.10/site-packages/airflow/example_dags/plugins/event_listener.py
[2024-12-04T14:59:05.159+0700] {processor.py:927} WARNING - No viable dags retrieved from /home/dea/weather-monitoring/venv/lib/python3.10/site-packages/airflow/example_dags/plugins/event_listener.py
[2024-12-04T14:59:05.280+0700] {processor.py:208} INFO - Processing /home/dea/weather-monitoring/venv/lib/python3.10/site-packages/airflow/example_dags/plugins/event_listener.py took 0.168 seconds
[2024-12-04T14:59:37.242+0700] {processor.py:186} INFO - Started process (PID=69405) to work on /home/dea/weather-monitoring/venv/lib/python3.10/site-packages/airflow/example_dags/plugins/event_listener.py
[2024-12-04T14:59:37.259+0700] {processor.py:914} INFO - Processing file /home/dea/weather-monitoring/venv/lib/python3.10/site-packages/airflow/example_dags/plugins/event_listener.py for tasks to queue
[2024-12-04T14:59:37.261+0700] {logging_mixin.py:190} INFO - [2024-12-04T14:59:37.261+0700] {dagbag.py:588} INFO - Filling up the DagBag from /home/dea/weather-monitoring/venv/lib/python3.10/site-packages/airflow/example_dags/plugins/event_listener.py
[2024-12-04T14:59:37.284+0700] {processor.py:927} WARNING - No viable dags retrieved from /home/dea/weather-monitoring/venv/lib/python3.10/site-packages/airflow/example_dags/plugins/event_listener.py
[2024-12-04T14:59:37.446+0700] {processor.py:208} INFO - Processing /home/dea/weather-monitoring/venv/lib/python3.10/site-packages/airflow/example_dags/plugins/event_listener.py took 0.221 seconds
[2024-12-04T15:00:09.569+0700] {processor.py:186} INFO - Started process (PID=70509) to work on /home/dea/weather-monitoring/venv/lib/python3.10/site-packages/airflow/example_dags/plugins/event_listener.py
[2024-12-04T15:00:09.583+0700] {processor.py:914} INFO - Processing file /home/dea/weather-monitoring/venv/lib/python3.10/site-packages/airflow/example_dags/plugins/event_listener.py for tasks to queue
[2024-12-04T15:00:09.588+0700] {logging_mixin.py:190} INFO - [2024-12-04T15:00:09.588+0700] {dagbag.py:588} INFO - Filling up the DagBag from /home/dea/weather-monitoring/venv/lib/python3.10/site-packages/airflow/example_dags/plugins/event_listener.py
[2024-12-04T15:00:09.638+0700] {processor.py:927} WARNING - No viable dags retrieved from /home/dea/weather-monitoring/venv/lib/python3.10/site-packages/airflow/example_dags/plugins/event_listener.py
[2024-12-04T15:00:09.886+0700] {processor.py:208} INFO - Processing /home/dea/weather-monitoring/venv/lib/python3.10/site-packages/airflow/example_dags/plugins/event_listener.py took 0.368 seconds
[2024-12-04T15:00:41.408+0700] {processor.py:186} INFO - Started process (PID=71977) to work on /home/dea/weather-monitoring/venv/lib/python3.10/site-packages/airflow/example_dags/plugins/event_listener.py
[2024-12-04T15:00:41.412+0700] {processor.py:914} INFO - Processing file /home/dea/weather-monitoring/venv/lib/python3.10/site-packages/airflow/example_dags/plugins/event_listener.py for tasks to queue
[2024-12-04T15:00:41.422+0700] {logging_mixin.py:190} INFO - [2024-12-04T15:00:41.421+0700] {dagbag.py:588} INFO - Filling up the DagBag from /home/dea/weather-monitoring/venv/lib/python3.10/site-packages/airflow/example_dags/plugins/event_listener.py
[2024-12-04T15:00:41.459+0700] {processor.py:927} WARNING - No viable dags retrieved from /home/dea/weather-monitoring/venv/lib/python3.10/site-packages/airflow/example_dags/plugins/event_listener.py
[2024-12-04T15:00:41.620+0700] {processor.py:208} INFO - Processing /home/dea/weather-monitoring/venv/lib/python3.10/site-packages/airflow/example_dags/plugins/event_listener.py took 0.333 seconds
[2024-12-04T15:01:33.363+0700] {processor.py:186} INFO - Started process (PID=73115) to work on /home/dea/weather-monitoring/venv/lib/python3.10/site-packages/airflow/example_dags/plugins/event_listener.py
[2024-12-04T15:01:33.370+0700] {processor.py:914} INFO - Processing file /home/dea/weather-monitoring/venv/lib/python3.10/site-packages/airflow/example_dags/plugins/event_listener.py for tasks to queue
[2024-12-04T15:01:33.373+0700] {logging_mixin.py:190} INFO - [2024-12-04T15:01:33.372+0700] {dagbag.py:588} INFO - Filling up the DagBag from /home/dea/weather-monitoring/venv/lib/python3.10/site-packages/airflow/example_dags/plugins/event_listener.py
[2024-12-04T15:01:33.384+0700] {processor.py:927} WARNING - No viable dags retrieved from /home/dea/weather-monitoring/venv/lib/python3.10/site-packages/airflow/example_dags/plugins/event_listener.py
[2024-12-04T15:01:33.574+0700] {processor.py:208} INFO - Processing /home/dea/weather-monitoring/venv/lib/python3.10/site-packages/airflow/example_dags/plugins/event_listener.py took 0.253 seconds
[2024-12-04T15:02:04.351+0700] {processor.py:186} INFO - Started process (PID=74602) to work on /home/dea/weather-monitoring/venv/lib/python3.10/site-packages/airflow/example_dags/plugins/event_listener.py
[2024-12-04T15:02:04.362+0700] {processor.py:914} INFO - Processing file /home/dea/weather-monitoring/venv/lib/python3.10/site-packages/airflow/example_dags/plugins/event_listener.py for tasks to queue
[2024-12-04T15:02:04.377+0700] {logging_mixin.py:190} INFO - [2024-12-04T15:02:04.364+0700] {dagbag.py:588} INFO - Filling up the DagBag from /home/dea/weather-monitoring/venv/lib/python3.10/site-packages/airflow/example_dags/plugins/event_listener.py
[2024-12-04T15:02:04.382+0700] {processor.py:927} WARNING - No viable dags retrieved from /home/dea/weather-monitoring/venv/lib/python3.10/site-packages/airflow/example_dags/plugins/event_listener.py
[2024-12-04T15:02:04.514+0700] {processor.py:208} INFO - Processing /home/dea/weather-monitoring/venv/lib/python3.10/site-packages/airflow/example_dags/plugins/event_listener.py took 0.197 seconds
[2024-12-04T15:02:35.883+0700] {processor.py:186} INFO - Started process (PID=75634) to work on /home/dea/weather-monitoring/venv/lib/python3.10/site-packages/airflow/example_dags/plugins/event_listener.py
[2024-12-04T15:02:35.911+0700] {processor.py:914} INFO - Processing file /home/dea/weather-monitoring/venv/lib/python3.10/site-packages/airflow/example_dags/plugins/event_listener.py for tasks to queue
[2024-12-04T15:02:35.914+0700] {logging_mixin.py:190} INFO - [2024-12-04T15:02:35.913+0700] {dagbag.py:588} INFO - Filling up the DagBag from /home/dea/weather-monitoring/venv/lib/python3.10/site-packages/airflow/example_dags/plugins/event_listener.py
[2024-12-04T15:02:35.935+0700] {processor.py:927} WARNING - No viable dags retrieved from /home/dea/weather-monitoring/venv/lib/python3.10/site-packages/airflow/example_dags/plugins/event_listener.py
[2024-12-04T15:02:35.986+0700] {processor.py:208} INFO - Processing /home/dea/weather-monitoring/venv/lib/python3.10/site-packages/airflow/example_dags/plugins/event_listener.py took 0.163 seconds
[2024-12-04T15:03:06.876+0700] {processor.py:186} INFO - Started process (PID=76830) to work on /home/dea/weather-monitoring/venv/lib/python3.10/site-packages/airflow/example_dags/plugins/event_listener.py
[2024-12-04T15:03:06.897+0700] {processor.py:914} INFO - Processing file /home/dea/weather-monitoring/venv/lib/python3.10/site-packages/airflow/example_dags/plugins/event_listener.py for tasks to queue
[2024-12-04T15:03:06.899+0700] {logging_mixin.py:190} INFO - [2024-12-04T15:03:06.899+0700] {dagbag.py:588} INFO - Filling up the DagBag from /home/dea/weather-monitoring/venv/lib/python3.10/site-packages/airflow/example_dags/plugins/event_listener.py
[2024-12-04T15:03:06.904+0700] {processor.py:927} WARNING - No viable dags retrieved from /home/dea/weather-monitoring/venv/lib/python3.10/site-packages/airflow/example_dags/plugins/event_listener.py
[2024-12-04T15:03:06.996+0700] {processor.py:208} INFO - Processing /home/dea/weather-monitoring/venv/lib/python3.10/site-packages/airflow/example_dags/plugins/event_listener.py took 0.173 seconds
[2024-12-04T15:03:37.975+0700] {processor.py:186} INFO - Started process (PID=77911) to work on /home/dea/weather-monitoring/venv/lib/python3.10/site-packages/airflow/example_dags/plugins/event_listener.py
[2024-12-04T15:03:37.978+0700] {processor.py:914} INFO - Processing file /home/dea/weather-monitoring/venv/lib/python3.10/site-packages/airflow/example_dags/plugins/event_listener.py for tasks to queue
[2024-12-04T15:03:38.005+0700] {logging_mixin.py:190} INFO - [2024-12-04T15:03:37.998+0700] {dagbag.py:588} INFO - Filling up the DagBag from /home/dea/weather-monitoring/venv/lib/python3.10/site-packages/airflow/example_dags/plugins/event_listener.py
[2024-12-04T15:03:38.085+0700] {processor.py:927} WARNING - No viable dags retrieved from /home/dea/weather-monitoring/venv/lib/python3.10/site-packages/airflow/example_dags/plugins/event_listener.py
[2024-12-04T15:03:38.395+0700] {processor.py:208} INFO - Processing /home/dea/weather-monitoring/venv/lib/python3.10/site-packages/airflow/example_dags/plugins/event_listener.py took 0.479 seconds
[2024-12-04T15:04:08.903+0700] {processor.py:186} INFO - Started process (PID=78941) to work on /home/dea/weather-monitoring/venv/lib/python3.10/site-packages/airflow/example_dags/plugins/event_listener.py
[2024-12-04T15:04:08.911+0700] {processor.py:914} INFO - Processing file /home/dea/weather-monitoring/venv/lib/python3.10/site-packages/airflow/example_dags/plugins/event_listener.py for tasks to queue
[2024-12-04T15:04:08.913+0700] {logging_mixin.py:190} INFO - [2024-12-04T15:04:08.913+0700] {dagbag.py:588} INFO - Filling up the DagBag from /home/dea/weather-monitoring/venv/lib/python3.10/site-packages/airflow/example_dags/plugins/event_listener.py
[2024-12-04T15:04:08.947+0700] {processor.py:927} WARNING - No viable dags retrieved from /home/dea/weather-monitoring/venv/lib/python3.10/site-packages/airflow/example_dags/plugins/event_listener.py
[2024-12-04T15:04:09.118+0700] {processor.py:208} INFO - Processing /home/dea/weather-monitoring/venv/lib/python3.10/site-packages/airflow/example_dags/plugins/event_listener.py took 0.282 seconds
[2024-12-04T15:04:40.020+0700] {processor.py:186} INFO - Started process (PID=80035) to work on /home/dea/weather-monitoring/venv/lib/python3.10/site-packages/airflow/example_dags/plugins/event_listener.py
[2024-12-04T15:04:40.026+0700] {processor.py:914} INFO - Processing file /home/dea/weather-monitoring/venv/lib/python3.10/site-packages/airflow/example_dags/plugins/event_listener.py for tasks to queue
[2024-12-04T15:04:40.029+0700] {logging_mixin.py:190} INFO - [2024-12-04T15:04:40.028+0700] {dagbag.py:588} INFO - Filling up the DagBag from /home/dea/weather-monitoring/venv/lib/python3.10/site-packages/airflow/example_dags/plugins/event_listener.py
[2024-12-04T15:04:40.046+0700] {processor.py:927} WARNING - No viable dags retrieved from /home/dea/weather-monitoring/venv/lib/python3.10/site-packages/airflow/example_dags/plugins/event_listener.py
[2024-12-04T15:04:40.271+0700] {processor.py:208} INFO - Processing /home/dea/weather-monitoring/venv/lib/python3.10/site-packages/airflow/example_dags/plugins/event_listener.py took 0.297 seconds
[2024-12-04T15:05:20.994+0700] {processor.py:186} INFO - Started process (PID=81395) to work on /home/dea/weather-monitoring/venv/lib/python3.10/site-packages/airflow/example_dags/plugins/event_listener.py
[2024-12-04T15:05:20.999+0700] {processor.py:914} INFO - Processing file /home/dea/weather-monitoring/venv/lib/python3.10/site-packages/airflow/example_dags/plugins/event_listener.py for tasks to queue
[2024-12-04T15:05:21.001+0700] {logging_mixin.py:190} INFO - [2024-12-04T15:05:21.000+0700] {dagbag.py:588} INFO - Filling up the DagBag from /home/dea/weather-monitoring/venv/lib/python3.10/site-packages/airflow/example_dags/plugins/event_listener.py
[2024-12-04T15:05:21.029+0700] {processor.py:927} WARNING - No viable dags retrieved from /home/dea/weather-monitoring/venv/lib/python3.10/site-packages/airflow/example_dags/plugins/event_listener.py
[2024-12-04T15:05:21.260+0700] {processor.py:208} INFO - Processing /home/dea/weather-monitoring/venv/lib/python3.10/site-packages/airflow/example_dags/plugins/event_listener.py took 0.322 seconds
[2024-12-04T15:05:57.376+0700] {processor.py:186} INFO - Started process (PID=82353) to work on /home/dea/weather-monitoring/venv/lib/python3.10/site-packages/airflow/example_dags/plugins/event_listener.py
[2024-12-04T15:05:57.388+0700] {processor.py:914} INFO - Processing file /home/dea/weather-monitoring/venv/lib/python3.10/site-packages/airflow/example_dags/plugins/event_listener.py for tasks to queue
[2024-12-04T15:05:57.409+0700] {logging_mixin.py:190} INFO - [2024-12-04T15:05:57.404+0700] {dagbag.py:588} INFO - Filling up the DagBag from /home/dea/weather-monitoring/venv/lib/python3.10/site-packages/airflow/example_dags/plugins/event_listener.py
[2024-12-04T15:05:57.465+0700] {processor.py:927} WARNING - No viable dags retrieved from /home/dea/weather-monitoring/venv/lib/python3.10/site-packages/airflow/example_dags/plugins/event_listener.py
[2024-12-04T15:05:57.718+0700] {processor.py:208} INFO - Processing /home/dea/weather-monitoring/venv/lib/python3.10/site-packages/airflow/example_dags/plugins/event_listener.py took 0.572 seconds
[2024-12-04T15:06:28.628+0700] {processor.py:186} INFO - Started process (PID=83207) to work on /home/dea/weather-monitoring/venv/lib/python3.10/site-packages/airflow/example_dags/plugins/event_listener.py
[2024-12-04T15:06:28.634+0700] {processor.py:914} INFO - Processing file /home/dea/weather-monitoring/venv/lib/python3.10/site-packages/airflow/example_dags/plugins/event_listener.py for tasks to queue
[2024-12-04T15:06:28.643+0700] {logging_mixin.py:190} INFO - [2024-12-04T15:06:28.642+0700] {dagbag.py:588} INFO - Filling up the DagBag from /home/dea/weather-monitoring/venv/lib/python3.10/site-packages/airflow/example_dags/plugins/event_listener.py
[2024-12-04T15:06:28.656+0700] {processor.py:927} WARNING - No viable dags retrieved from /home/dea/weather-monitoring/venv/lib/python3.10/site-packages/airflow/example_dags/plugins/event_listener.py
[2024-12-04T15:06:28.963+0700] {processor.py:208} INFO - Processing /home/dea/weather-monitoring/venv/lib/python3.10/site-packages/airflow/example_dags/plugins/event_listener.py took 0.423 seconds
[2024-12-04T15:06:59.447+0700] {processor.py:186} INFO - Started process (PID=84099) to work on /home/dea/weather-monitoring/venv/lib/python3.10/site-packages/airflow/example_dags/plugins/event_listener.py
[2024-12-04T15:06:59.455+0700] {processor.py:914} INFO - Processing file /home/dea/weather-monitoring/venv/lib/python3.10/site-packages/airflow/example_dags/plugins/event_listener.py for tasks to queue
[2024-12-04T15:06:59.459+0700] {logging_mixin.py:190} INFO - [2024-12-04T15:06:59.458+0700] {dagbag.py:588} INFO - Filling up the DagBag from /home/dea/weather-monitoring/venv/lib/python3.10/site-packages/airflow/example_dags/plugins/event_listener.py
[2024-12-04T15:06:59.491+0700] {processor.py:927} WARNING - No viable dags retrieved from /home/dea/weather-monitoring/venv/lib/python3.10/site-packages/airflow/example_dags/plugins/event_listener.py
[2024-12-04T15:06:59.649+0700] {processor.py:208} INFO - Processing /home/dea/weather-monitoring/venv/lib/python3.10/site-packages/airflow/example_dags/plugins/event_listener.py took 0.287 seconds
[2024-12-04T15:07:30.160+0700] {processor.py:186} INFO - Started process (PID=84941) to work on /home/dea/weather-monitoring/venv/lib/python3.10/site-packages/airflow/example_dags/plugins/event_listener.py
[2024-12-04T15:07:30.162+0700] {processor.py:914} INFO - Processing file /home/dea/weather-monitoring/venv/lib/python3.10/site-packages/airflow/example_dags/plugins/event_listener.py for tasks to queue
[2024-12-04T15:07:30.165+0700] {logging_mixin.py:190} INFO - [2024-12-04T15:07:30.165+0700] {dagbag.py:588} INFO - Filling up the DagBag from /home/dea/weather-monitoring/venv/lib/python3.10/site-packages/airflow/example_dags/plugins/event_listener.py
[2024-12-04T15:07:30.170+0700] {processor.py:927} WARNING - No viable dags retrieved from /home/dea/weather-monitoring/venv/lib/python3.10/site-packages/airflow/example_dags/plugins/event_listener.py
[2024-12-04T15:07:30.261+0700] {processor.py:208} INFO - Processing /home/dea/weather-monitoring/venv/lib/python3.10/site-packages/airflow/example_dags/plugins/event_listener.py took 0.215 seconds
[2024-12-04T15:08:00.727+0700] {processor.py:186} INFO - Started process (PID=85791) to work on /home/dea/weather-monitoring/venv/lib/python3.10/site-packages/airflow/example_dags/plugins/event_listener.py
[2024-12-04T15:08:00.732+0700] {processor.py:914} INFO - Processing file /home/dea/weather-monitoring/venv/lib/python3.10/site-packages/airflow/example_dags/plugins/event_listener.py for tasks to queue
[2024-12-04T15:08:00.735+0700] {logging_mixin.py:190} INFO - [2024-12-04T15:08:00.734+0700] {dagbag.py:588} INFO - Filling up the DagBag from /home/dea/weather-monitoring/venv/lib/python3.10/site-packages/airflow/example_dags/plugins/event_listener.py
[2024-12-04T15:08:00.758+0700] {processor.py:927} WARNING - No viable dags retrieved from /home/dea/weather-monitoring/venv/lib/python3.10/site-packages/airflow/example_dags/plugins/event_listener.py
[2024-12-04T15:08:00.949+0700] {processor.py:208} INFO - Processing /home/dea/weather-monitoring/venv/lib/python3.10/site-packages/airflow/example_dags/plugins/event_listener.py took 0.304 seconds
[2024-12-04T15:08:33.952+0700] {processor.py:186} INFO - Started process (PID=86631) to work on /home/dea/weather-monitoring/venv/lib/python3.10/site-packages/airflow/example_dags/plugins/event_listener.py
[2024-12-04T15:08:33.976+0700] {processor.py:914} INFO - Processing file /home/dea/weather-monitoring/venv/lib/python3.10/site-packages/airflow/example_dags/plugins/event_listener.py for tasks to queue
[2024-12-04T15:08:33.979+0700] {logging_mixin.py:190} INFO - [2024-12-04T15:08:33.978+0700] {dagbag.py:588} INFO - Filling up the DagBag from /home/dea/weather-monitoring/venv/lib/python3.10/site-packages/airflow/example_dags/plugins/event_listener.py
[2024-12-04T15:08:34.006+0700] {processor.py:927} WARNING - No viable dags retrieved from /home/dea/weather-monitoring/venv/lib/python3.10/site-packages/airflow/example_dags/plugins/event_listener.py
[2024-12-04T15:08:34.270+0700] {processor.py:208} INFO - Processing /home/dea/weather-monitoring/venv/lib/python3.10/site-packages/airflow/example_dags/plugins/event_listener.py took 0.355 seconds
[2024-12-04T15:09:04.852+0700] {processor.py:186} INFO - Started process (PID=87442) to work on /home/dea/weather-monitoring/venv/lib/python3.10/site-packages/airflow/example_dags/plugins/event_listener.py
[2024-12-04T15:09:04.855+0700] {processor.py:914} INFO - Processing file /home/dea/weather-monitoring/venv/lib/python3.10/site-packages/airflow/example_dags/plugins/event_listener.py for tasks to queue
[2024-12-04T15:09:04.858+0700] {logging_mixin.py:190} INFO - [2024-12-04T15:09:04.858+0700] {dagbag.py:588} INFO - Filling up the DagBag from /home/dea/weather-monitoring/venv/lib/python3.10/site-packages/airflow/example_dags/plugins/event_listener.py
[2024-12-04T15:09:04.865+0700] {processor.py:927} WARNING - No viable dags retrieved from /home/dea/weather-monitoring/venv/lib/python3.10/site-packages/airflow/example_dags/plugins/event_listener.py
[2024-12-04T15:09:04.931+0700] {processor.py:208} INFO - Processing /home/dea/weather-monitoring/venv/lib/python3.10/site-packages/airflow/example_dags/plugins/event_listener.py took 0.096 seconds
[2024-12-04T15:09:36.198+0700] {processor.py:186} INFO - Started process (PID=88332) to work on /home/dea/weather-monitoring/venv/lib/python3.10/site-packages/airflow/example_dags/plugins/event_listener.py
[2024-12-04T15:09:36.232+0700] {processor.py:914} INFO - Processing file /home/dea/weather-monitoring/venv/lib/python3.10/site-packages/airflow/example_dags/plugins/event_listener.py for tasks to queue
[2024-12-04T15:09:36.250+0700] {logging_mixin.py:190} INFO - [2024-12-04T15:09:36.249+0700] {dagbag.py:588} INFO - Filling up the DagBag from /home/dea/weather-monitoring/venv/lib/python3.10/site-packages/airflow/example_dags/plugins/event_listener.py
[2024-12-04T15:09:36.256+0700] {processor.py:927} WARNING - No viable dags retrieved from /home/dea/weather-monitoring/venv/lib/python3.10/site-packages/airflow/example_dags/plugins/event_listener.py
[2024-12-04T15:09:36.395+0700] {processor.py:208} INFO - Processing /home/dea/weather-monitoring/venv/lib/python3.10/site-packages/airflow/example_dags/plugins/event_listener.py took 0.275 seconds
[2024-12-04T15:10:07.399+0700] {processor.py:186} INFO - Started process (PID=89210) to work on /home/dea/weather-monitoring/venv/lib/python3.10/site-packages/airflow/example_dags/plugins/event_listener.py
[2024-12-04T15:10:07.402+0700] {processor.py:914} INFO - Processing file /home/dea/weather-monitoring/venv/lib/python3.10/site-packages/airflow/example_dags/plugins/event_listener.py for tasks to queue
[2024-12-04T15:10:07.415+0700] {logging_mixin.py:190} INFO - [2024-12-04T15:10:07.404+0700] {dagbag.py:588} INFO - Filling up the DagBag from /home/dea/weather-monitoring/venv/lib/python3.10/site-packages/airflow/example_dags/plugins/event_listener.py
[2024-12-04T15:10:07.426+0700] {processor.py:927} WARNING - No viable dags retrieved from /home/dea/weather-monitoring/venv/lib/python3.10/site-packages/airflow/example_dags/plugins/event_listener.py
[2024-12-04T15:10:07.669+0700] {processor.py:208} INFO - Processing /home/dea/weather-monitoring/venv/lib/python3.10/site-packages/airflow/example_dags/plugins/event_listener.py took 0.291 seconds
[2024-12-04T15:10:40.799+0700] {processor.py:186} INFO - Started process (PID=90032) to work on /home/dea/weather-monitoring/venv/lib/python3.10/site-packages/airflow/example_dags/plugins/event_listener.py
[2024-12-04T15:10:40.805+0700] {processor.py:914} INFO - Processing file /home/dea/weather-monitoring/venv/lib/python3.10/site-packages/airflow/example_dags/plugins/event_listener.py for tasks to queue
[2024-12-04T15:10:40.816+0700] {logging_mixin.py:190} INFO - [2024-12-04T15:10:40.815+0700] {dagbag.py:588} INFO - Filling up the DagBag from /home/dea/weather-monitoring/venv/lib/python3.10/site-packages/airflow/example_dags/plugins/event_listener.py
[2024-12-04T15:10:40.862+0700] {processor.py:927} WARNING - No viable dags retrieved from /home/dea/weather-monitoring/venv/lib/python3.10/site-packages/airflow/example_dags/plugins/event_listener.py
[2024-12-04T15:10:41.048+0700] {processor.py:208} INFO - Processing /home/dea/weather-monitoring/venv/lib/python3.10/site-packages/airflow/example_dags/plugins/event_listener.py took 0.290 seconds
[2024-12-04T15:11:14.171+0700] {processor.py:186} INFO - Started process (PID=90895) to work on /home/dea/weather-monitoring/venv/lib/python3.10/site-packages/airflow/example_dags/plugins/event_listener.py
[2024-12-04T15:11:14.172+0700] {processor.py:914} INFO - Processing file /home/dea/weather-monitoring/venv/lib/python3.10/site-packages/airflow/example_dags/plugins/event_listener.py for tasks to queue
[2024-12-04T15:11:14.176+0700] {logging_mixin.py:190} INFO - [2024-12-04T15:11:14.175+0700] {dagbag.py:588} INFO - Filling up the DagBag from /home/dea/weather-monitoring/venv/lib/python3.10/site-packages/airflow/example_dags/plugins/event_listener.py
[2024-12-04T15:11:14.185+0700] {processor.py:927} WARNING - No viable dags retrieved from /home/dea/weather-monitoring/venv/lib/python3.10/site-packages/airflow/example_dags/plugins/event_listener.py
[2024-12-04T15:11:14.390+0700] {processor.py:208} INFO - Processing /home/dea/weather-monitoring/venv/lib/python3.10/site-packages/airflow/example_dags/plugins/event_listener.py took 0.262 seconds
[2024-12-04T15:11:54.249+0700] {processor.py:186} INFO - Started process (PID=92004) to work on /home/dea/weather-monitoring/venv/lib/python3.10/site-packages/airflow/example_dags/plugins/event_listener.py
[2024-12-04T15:11:54.266+0700] {processor.py:914} INFO - Processing file /home/dea/weather-monitoring/venv/lib/python3.10/site-packages/airflow/example_dags/plugins/event_listener.py for tasks to queue
[2024-12-04T15:11:54.275+0700] {logging_mixin.py:190} INFO - [2024-12-04T15:11:54.274+0700] {dagbag.py:588} INFO - Filling up the DagBag from /home/dea/weather-monitoring/venv/lib/python3.10/site-packages/airflow/example_dags/plugins/event_listener.py
[2024-12-04T15:11:54.291+0700] {processor.py:927} WARNING - No viable dags retrieved from /home/dea/weather-monitoring/venv/lib/python3.10/site-packages/airflow/example_dags/plugins/event_listener.py
[2024-12-04T15:11:54.485+0700] {processor.py:208} INFO - Processing /home/dea/weather-monitoring/venv/lib/python3.10/site-packages/airflow/example_dags/plugins/event_listener.py took 0.253 seconds
[2024-12-04T15:12:35.819+0700] {processor.py:186} INFO - Started process (PID=93324) to work on /home/dea/weather-monitoring/venv/lib/python3.10/site-packages/airflow/example_dags/plugins/event_listener.py
[2024-12-04T15:12:35.846+0700] {processor.py:914} INFO - Processing file /home/dea/weather-monitoring/venv/lib/python3.10/site-packages/airflow/example_dags/plugins/event_listener.py for tasks to queue
[2024-12-04T15:12:35.849+0700] {logging_mixin.py:190} INFO - [2024-12-04T15:12:35.848+0700] {dagbag.py:588} INFO - Filling up the DagBag from /home/dea/weather-monitoring/venv/lib/python3.10/site-packages/airflow/example_dags/plugins/event_listener.py
[2024-12-04T15:12:35.896+0700] {processor.py:927} WARNING - No viable dags retrieved from /home/dea/weather-monitoring/venv/lib/python3.10/site-packages/airflow/example_dags/plugins/event_listener.py
[2024-12-04T15:12:36.236+0700] {processor.py:208} INFO - Processing /home/dea/weather-monitoring/venv/lib/python3.10/site-packages/airflow/example_dags/plugins/event_listener.py took 0.607 seconds
[2024-12-04T15:13:09.793+0700] {processor.py:186} INFO - Started process (PID=94410) to work on /home/dea/weather-monitoring/venv/lib/python3.10/site-packages/airflow/example_dags/plugins/event_listener.py
[2024-12-04T15:13:09.800+0700] {processor.py:914} INFO - Processing file /home/dea/weather-monitoring/venv/lib/python3.10/site-packages/airflow/example_dags/plugins/event_listener.py for tasks to queue
[2024-12-04T15:13:09.810+0700] {logging_mixin.py:190} INFO - [2024-12-04T15:13:09.810+0700] {dagbag.py:588} INFO - Filling up the DagBag from /home/dea/weather-monitoring/venv/lib/python3.10/site-packages/airflow/example_dags/plugins/event_listener.py
[2024-12-04T15:13:09.842+0700] {processor.py:927} WARNING - No viable dags retrieved from /home/dea/weather-monitoring/venv/lib/python3.10/site-packages/airflow/example_dags/plugins/event_listener.py
[2024-12-04T15:13:09.973+0700] {processor.py:208} INFO - Processing /home/dea/weather-monitoring/venv/lib/python3.10/site-packages/airflow/example_dags/plugins/event_listener.py took 0.289 seconds
[2024-12-04T15:13:42.006+0700] {processor.py:186} INFO - Started process (PID=95287) to work on /home/dea/weather-monitoring/venv/lib/python3.10/site-packages/airflow/example_dags/plugins/event_listener.py
[2024-12-04T15:13:42.030+0700] {processor.py:914} INFO - Processing file /home/dea/weather-monitoring/venv/lib/python3.10/site-packages/airflow/example_dags/plugins/event_listener.py for tasks to queue
[2024-12-04T15:13:42.033+0700] {logging_mixin.py:190} INFO - [2024-12-04T15:13:42.033+0700] {dagbag.py:588} INFO - Filling up the DagBag from /home/dea/weather-monitoring/venv/lib/python3.10/site-packages/airflow/example_dags/plugins/event_listener.py
[2024-12-04T15:13:42.042+0700] {processor.py:927} WARNING - No viable dags retrieved from /home/dea/weather-monitoring/venv/lib/python3.10/site-packages/airflow/example_dags/plugins/event_listener.py
[2024-12-04T15:13:42.267+0700] {processor.py:208} INFO - Processing /home/dea/weather-monitoring/venv/lib/python3.10/site-packages/airflow/example_dags/plugins/event_listener.py took 0.322 seconds
[2024-12-04T15:14:17.988+0700] {processor.py:186} INFO - Started process (PID=96428) to work on /home/dea/weather-monitoring/venv/lib/python3.10/site-packages/airflow/example_dags/plugins/event_listener.py
[2024-12-04T15:14:17.999+0700] {processor.py:914} INFO - Processing file /home/dea/weather-monitoring/venv/lib/python3.10/site-packages/airflow/example_dags/plugins/event_listener.py for tasks to queue
[2024-12-04T15:14:18.025+0700] {logging_mixin.py:190} INFO - [2024-12-04T15:14:18.024+0700] {dagbag.py:588} INFO - Filling up the DagBag from /home/dea/weather-monitoring/venv/lib/python3.10/site-packages/airflow/example_dags/plugins/event_listener.py
[2024-12-04T15:14:18.062+0700] {processor.py:927} WARNING - No viable dags retrieved from /home/dea/weather-monitoring/venv/lib/python3.10/site-packages/airflow/example_dags/plugins/event_listener.py
[2024-12-04T15:14:18.199+0700] {processor.py:208} INFO - Processing /home/dea/weather-monitoring/venv/lib/python3.10/site-packages/airflow/example_dags/plugins/event_listener.py took 0.297 seconds
[2024-12-04T15:14:51.884+0700] {processor.py:186} INFO - Started process (PID=97726) to work on /home/dea/weather-monitoring/venv/lib/python3.10/site-packages/airflow/example_dags/plugins/event_listener.py
[2024-12-04T15:14:51.909+0700] {processor.py:914} INFO - Processing file /home/dea/weather-monitoring/venv/lib/python3.10/site-packages/airflow/example_dags/plugins/event_listener.py for tasks to queue
[2024-12-04T15:14:51.911+0700] {logging_mixin.py:190} INFO - [2024-12-04T15:14:51.911+0700] {dagbag.py:588} INFO - Filling up the DagBag from /home/dea/weather-monitoring/venv/lib/python3.10/site-packages/airflow/example_dags/plugins/event_listener.py
[2024-12-04T15:14:51.916+0700] {processor.py:927} WARNING - No viable dags retrieved from /home/dea/weather-monitoring/venv/lib/python3.10/site-packages/airflow/example_dags/plugins/event_listener.py
[2024-12-04T15:14:52.198+0700] {processor.py:208} INFO - Processing /home/dea/weather-monitoring/venv/lib/python3.10/site-packages/airflow/example_dags/plugins/event_listener.py took 0.386 seconds
[2024-12-04T15:15:36.148+0700] {processor.py:186} INFO - Started process (PID=99043) to work on /home/dea/weather-monitoring/venv/lib/python3.10/site-packages/airflow/example_dags/plugins/event_listener.py
[2024-12-04T15:15:36.186+0700] {processor.py:914} INFO - Processing file /home/dea/weather-monitoring/venv/lib/python3.10/site-packages/airflow/example_dags/plugins/event_listener.py for tasks to queue
[2024-12-04T15:15:36.189+0700] {logging_mixin.py:190} INFO - [2024-12-04T15:15:36.188+0700] {dagbag.py:588} INFO - Filling up the DagBag from /home/dea/weather-monitoring/venv/lib/python3.10/site-packages/airflow/example_dags/plugins/event_listener.py
[2024-12-04T15:15:36.241+0700] {processor.py:927} WARNING - No viable dags retrieved from /home/dea/weather-monitoring/venv/lib/python3.10/site-packages/airflow/example_dags/plugins/event_listener.py
[2024-12-04T15:15:36.364+0700] {processor.py:208} INFO - Processing /home/dea/weather-monitoring/venv/lib/python3.10/site-packages/airflow/example_dags/plugins/event_listener.py took 0.336 seconds
[2024-12-04T15:16:19.667+0700] {processor.py:186} INFO - Started process (PID=100085) to work on /home/dea/weather-monitoring/venv/lib/python3.10/site-packages/airflow/example_dags/plugins/event_listener.py
[2024-12-04T15:16:19.698+0700] {processor.py:914} INFO - Processing file /home/dea/weather-monitoring/venv/lib/python3.10/site-packages/airflow/example_dags/plugins/event_listener.py for tasks to queue
[2024-12-04T15:16:19.701+0700] {logging_mixin.py:190} INFO - [2024-12-04T15:16:19.700+0700] {dagbag.py:588} INFO - Filling up the DagBag from /home/dea/weather-monitoring/venv/lib/python3.10/site-packages/airflow/example_dags/plugins/event_listener.py
[2024-12-04T15:16:19.729+0700] {processor.py:927} WARNING - No viable dags retrieved from /home/dea/weather-monitoring/venv/lib/python3.10/site-packages/airflow/example_dags/plugins/event_listener.py
[2024-12-04T15:16:19.902+0700] {processor.py:208} INFO - Processing /home/dea/weather-monitoring/venv/lib/python3.10/site-packages/airflow/example_dags/plugins/event_listener.py took 0.363 seconds
[2024-12-04T15:16:55.925+0700] {processor.py:186} INFO - Started process (PID=101142) to work on /home/dea/weather-monitoring/venv/lib/python3.10/site-packages/airflow/example_dags/plugins/event_listener.py
[2024-12-04T15:16:55.946+0700] {processor.py:914} INFO - Processing file /home/dea/weather-monitoring/venv/lib/python3.10/site-packages/airflow/example_dags/plugins/event_listener.py for tasks to queue
[2024-12-04T15:16:55.967+0700] {logging_mixin.py:190} INFO - [2024-12-04T15:16:55.966+0700] {dagbag.py:588} INFO - Filling up the DagBag from /home/dea/weather-monitoring/venv/lib/python3.10/site-packages/airflow/example_dags/plugins/event_listener.py
[2024-12-04T15:16:56.010+0700] {processor.py:927} WARNING - No viable dags retrieved from /home/dea/weather-monitoring/venv/lib/python3.10/site-packages/airflow/example_dags/plugins/event_listener.py
[2024-12-04T15:16:56.248+0700] {processor.py:208} INFO - Processing /home/dea/weather-monitoring/venv/lib/python3.10/site-packages/airflow/example_dags/plugins/event_listener.py took 0.461 seconds
[2024-12-04T15:17:36.874+0700] {processor.py:186} INFO - Started process (PID=102824) to work on /home/dea/weather-monitoring/venv/lib/python3.10/site-packages/airflow/example_dags/plugins/event_listener.py
[2024-12-04T15:17:36.893+0700] {processor.py:914} INFO - Processing file /home/dea/weather-monitoring/venv/lib/python3.10/site-packages/airflow/example_dags/plugins/event_listener.py for tasks to queue
[2024-12-04T15:17:36.895+0700] {logging_mixin.py:190} INFO - [2024-12-04T15:17:36.895+0700] {dagbag.py:588} INFO - Filling up the DagBag from /home/dea/weather-monitoring/venv/lib/python3.10/site-packages/airflow/example_dags/plugins/event_listener.py
[2024-12-04T15:17:36.935+0700] {processor.py:927} WARNING - No viable dags retrieved from /home/dea/weather-monitoring/venv/lib/python3.10/site-packages/airflow/example_dags/plugins/event_listener.py
[2024-12-04T15:17:37.130+0700] {processor.py:208} INFO - Processing /home/dea/weather-monitoring/venv/lib/python3.10/site-packages/airflow/example_dags/plugins/event_listener.py took 0.305 seconds
[2024-12-04T15:18:23.430+0700] {processor.py:186} INFO - Started process (PID=104571) to work on /home/dea/weather-monitoring/venv/lib/python3.10/site-packages/airflow/example_dags/plugins/event_listener.py
[2024-12-04T15:18:23.442+0700] {processor.py:914} INFO - Processing file /home/dea/weather-monitoring/venv/lib/python3.10/site-packages/airflow/example_dags/plugins/event_listener.py for tasks to queue
[2024-12-04T15:18:23.457+0700] {logging_mixin.py:190} INFO - [2024-12-04T15:18:23.456+0700] {dagbag.py:588} INFO - Filling up the DagBag from /home/dea/weather-monitoring/venv/lib/python3.10/site-packages/airflow/example_dags/plugins/event_listener.py
[2024-12-04T15:18:23.488+0700] {processor.py:927} WARNING - No viable dags retrieved from /home/dea/weather-monitoring/venv/lib/python3.10/site-packages/airflow/example_dags/plugins/event_listener.py
[2024-12-04T15:18:23.678+0700] {processor.py:208} INFO - Processing /home/dea/weather-monitoring/venv/lib/python3.10/site-packages/airflow/example_dags/plugins/event_listener.py took 0.298 seconds
[2024-12-04T15:19:10.103+0700] {processor.py:186} INFO - Started process (PID=105939) to work on /home/dea/weather-monitoring/venv/lib/python3.10/site-packages/airflow/example_dags/plugins/event_listener.py
[2024-12-04T15:19:10.110+0700] {processor.py:914} INFO - Processing file /home/dea/weather-monitoring/venv/lib/python3.10/site-packages/airflow/example_dags/plugins/event_listener.py for tasks to queue
[2024-12-04T15:19:10.114+0700] {logging_mixin.py:190} INFO - [2024-12-04T15:19:10.113+0700] {dagbag.py:588} INFO - Filling up the DagBag from /home/dea/weather-monitoring/venv/lib/python3.10/site-packages/airflow/example_dags/plugins/event_listener.py
[2024-12-04T15:19:10.122+0700] {processor.py:927} WARNING - No viable dags retrieved from /home/dea/weather-monitoring/venv/lib/python3.10/site-packages/airflow/example_dags/plugins/event_listener.py
[2024-12-04T15:19:10.303+0700] {processor.py:208} INFO - Processing /home/dea/weather-monitoring/venv/lib/python3.10/site-packages/airflow/example_dags/plugins/event_listener.py took 0.335 seconds
[2024-12-04T15:20:16.555+0700] {processor.py:186} INFO - Started process (PID=107948) to work on /home/dea/weather-monitoring/venv/lib/python3.10/site-packages/airflow/example_dags/plugins/event_listener.py
[2024-12-04T15:20:16.579+0700] {processor.py:914} INFO - Processing file /home/dea/weather-monitoring/venv/lib/python3.10/site-packages/airflow/example_dags/plugins/event_listener.py for tasks to queue
[2024-12-04T15:20:16.581+0700] {logging_mixin.py:190} INFO - [2024-12-04T15:20:16.581+0700] {dagbag.py:588} INFO - Filling up the DagBag from /home/dea/weather-monitoring/venv/lib/python3.10/site-packages/airflow/example_dags/plugins/event_listener.py
[2024-12-04T15:20:16.618+0700] {processor.py:927} WARNING - No viable dags retrieved from /home/dea/weather-monitoring/venv/lib/python3.10/site-packages/airflow/example_dags/plugins/event_listener.py
[2024-12-04T15:20:16.886+0700] {processor.py:208} INFO - Processing /home/dea/weather-monitoring/venv/lib/python3.10/site-packages/airflow/example_dags/plugins/event_listener.py took 0.422 seconds
