[2024-12-04T13:11:45.488+0700] {processor.py:186} INFO - Started process (PID=16022) to work on /home/dea/weather-monitoring/venv/lib/python3.10/site-packages/airflow/example_dags/plugins/listener_plugin.py
[2024-12-04T13:11:45.489+0700] {processor.py:914} INFO - Processing file /home/dea/weather-monitoring/venv/lib/python3.10/site-packages/airflow/example_dags/plugins/listener_plugin.py for tasks to queue
[2024-12-04T13:11:45.494+0700] {logging_mixin.py:190} INFO - [2024-12-04T13:11:45.493+0700] {dagbag.py:588} INFO - Filling up the DagBag from /home/dea/weather-monitoring/venv/lib/python3.10/site-packages/airflow/example_dags/plugins/listener_plugin.py
[2024-12-04T13:11:45.500+0700] {processor.py:927} WARNING - No viable dags retrieved from /home/dea/weather-monitoring/venv/lib/python3.10/site-packages/airflow/example_dags/plugins/listener_plugin.py
[2024-12-04T13:11:45.519+0700] {processor.py:208} INFO - Processing /home/dea/weather-monitoring/venv/lib/python3.10/site-packages/airflow/example_dags/plugins/listener_plugin.py took 0.046 seconds
[2024-12-04T13:12:49.020+0700] {processor.py:186} INFO - Started process (PID=16839) to work on /home/dea/weather-monitoring/venv/lib/python3.10/site-packages/airflow/example_dags/plugins/listener_plugin.py
[2024-12-04T13:12:49.022+0700] {processor.py:914} INFO - Processing file /home/dea/weather-monitoring/venv/lib/python3.10/site-packages/airflow/example_dags/plugins/listener_plugin.py for tasks to queue
[2024-12-04T13:12:49.025+0700] {logging_mixin.py:190} INFO - [2024-12-04T13:12:49.024+0700] {dagbag.py:588} INFO - Filling up the DagBag from /home/dea/weather-monitoring/venv/lib/python3.10/site-packages/airflow/example_dags/plugins/listener_plugin.py
[2024-12-04T13:12:49.029+0700] {processor.py:927} WARNING - No viable dags retrieved from /home/dea/weather-monitoring/venv/lib/python3.10/site-packages/airflow/example_dags/plugins/listener_plugin.py
[2024-12-04T13:12:49.042+0700] {processor.py:208} INFO - Processing /home/dea/weather-monitoring/venv/lib/python3.10/site-packages/airflow/example_dags/plugins/listener_plugin.py took 0.029 seconds
[2024-12-04T13:32:07.188+0700] {processor.py:186} INFO - Started process (PID=30674) to work on /home/dea/weather-monitoring/venv/lib/python3.10/site-packages/airflow/example_dags/plugins/listener_plugin.py
[2024-12-04T13:32:07.189+0700] {processor.py:914} INFO - Processing file /home/dea/weather-monitoring/venv/lib/python3.10/site-packages/airflow/example_dags/plugins/listener_plugin.py for tasks to queue
[2024-12-04T13:32:07.193+0700] {logging_mixin.py:190} INFO - [2024-12-04T13:32:07.192+0700] {dagbag.py:588} INFO - Filling up the DagBag from /home/dea/weather-monitoring/venv/lib/python3.10/site-packages/airflow/example_dags/plugins/listener_plugin.py
[2024-12-04T13:32:07.198+0700] {processor.py:927} WARNING - No viable dags retrieved from /home/dea/weather-monitoring/venv/lib/python3.10/site-packages/airflow/example_dags/plugins/listener_plugin.py
[2024-12-04T13:32:07.216+0700] {processor.py:208} INFO - Processing /home/dea/weather-monitoring/venv/lib/python3.10/site-packages/airflow/example_dags/plugins/listener_plugin.py took 0.041 seconds
[2024-12-04T13:33:05.456+0700] {processor.py:186} INFO - Started process (PID=30857) to work on /home/dea/weather-monitoring/venv/lib/python3.10/site-packages/airflow/example_dags/plugins/listener_plugin.py
[2024-12-04T13:33:05.459+0700] {processor.py:914} INFO - Processing file /home/dea/weather-monitoring/venv/lib/python3.10/site-packages/airflow/example_dags/plugins/listener_plugin.py for tasks to queue
[2024-12-04T13:33:05.464+0700] {logging_mixin.py:190} INFO - [2024-12-04T13:33:05.463+0700] {dagbag.py:588} INFO - Filling up the DagBag from /home/dea/weather-monitoring/venv/lib/python3.10/site-packages/airflow/example_dags/plugins/listener_plugin.py
[2024-12-04T13:33:05.469+0700] {processor.py:927} WARNING - No viable dags retrieved from /home/dea/weather-monitoring/venv/lib/python3.10/site-packages/airflow/example_dags/plugins/listener_plugin.py
[2024-12-04T13:33:05.487+0700] {processor.py:208} INFO - Processing /home/dea/weather-monitoring/venv/lib/python3.10/site-packages/airflow/example_dags/plugins/listener_plugin.py took 0.045 seconds
[2024-12-04T13:33:58.934+0700] {processor.py:186} INFO - Started process (PID=31050) to work on /home/dea/weather-monitoring/venv/lib/python3.10/site-packages/airflow/example_dags/plugins/listener_plugin.py
[2024-12-04T13:33:58.935+0700] {processor.py:914} INFO - Processing file /home/dea/weather-monitoring/venv/lib/python3.10/site-packages/airflow/example_dags/plugins/listener_plugin.py for tasks to queue
[2024-12-04T13:33:58.937+0700] {logging_mixin.py:190} INFO - [2024-12-04T13:33:58.937+0700] {dagbag.py:588} INFO - Filling up the DagBag from /home/dea/weather-monitoring/venv/lib/python3.10/site-packages/airflow/example_dags/plugins/listener_plugin.py
[2024-12-04T13:33:58.939+0700] {processor.py:927} WARNING - No viable dags retrieved from /home/dea/weather-monitoring/venv/lib/python3.10/site-packages/airflow/example_dags/plugins/listener_plugin.py
[2024-12-04T13:33:58.956+0700] {processor.py:208} INFO - Processing /home/dea/weather-monitoring/venv/lib/python3.10/site-packages/airflow/example_dags/plugins/listener_plugin.py took 0.030 seconds
[2024-12-04T13:34:56.115+0700] {processor.py:186} INFO - Started process (PID=31289) to work on /home/dea/weather-monitoring/venv/lib/python3.10/site-packages/airflow/example_dags/plugins/listener_plugin.py
[2024-12-04T13:34:56.118+0700] {processor.py:914} INFO - Processing file /home/dea/weather-monitoring/venv/lib/python3.10/site-packages/airflow/example_dags/plugins/listener_plugin.py for tasks to queue
[2024-12-04T13:34:56.121+0700] {logging_mixin.py:190} INFO - [2024-12-04T13:34:56.120+0700] {dagbag.py:588} INFO - Filling up the DagBag from /home/dea/weather-monitoring/venv/lib/python3.10/site-packages/airflow/example_dags/plugins/listener_plugin.py
[2024-12-04T13:34:56.124+0700] {processor.py:927} WARNING - No viable dags retrieved from /home/dea/weather-monitoring/venv/lib/python3.10/site-packages/airflow/example_dags/plugins/listener_plugin.py
[2024-12-04T13:34:56.139+0700] {processor.py:208} INFO - Processing /home/dea/weather-monitoring/venv/lib/python3.10/site-packages/airflow/example_dags/plugins/listener_plugin.py took 0.034 seconds
[2024-12-04T14:09:39.341+0700] {processor.py:186} INFO - Started process (PID=37316) to work on /home/dea/weather-monitoring/venv/lib/python3.10/site-packages/airflow/example_dags/plugins/listener_plugin.py
[2024-12-04T14:09:39.344+0700] {processor.py:914} INFO - Processing file /home/dea/weather-monitoring/venv/lib/python3.10/site-packages/airflow/example_dags/plugins/listener_plugin.py for tasks to queue
[2024-12-04T14:09:39.349+0700] {logging_mixin.py:190} INFO - [2024-12-04T14:09:39.348+0700] {dagbag.py:588} INFO - Filling up the DagBag from /home/dea/weather-monitoring/venv/lib/python3.10/site-packages/airflow/example_dags/plugins/listener_plugin.py
[2024-12-04T14:09:39.354+0700] {processor.py:927} WARNING - No viable dags retrieved from /home/dea/weather-monitoring/venv/lib/python3.10/site-packages/airflow/example_dags/plugins/listener_plugin.py
[2024-12-04T14:09:39.379+0700] {processor.py:208} INFO - Processing /home/dea/weather-monitoring/venv/lib/python3.10/site-packages/airflow/example_dags/plugins/listener_plugin.py took 0.055 seconds
[2024-12-04T14:10:43.761+0700] {processor.py:186} INFO - Started process (PID=37753) to work on /home/dea/weather-monitoring/venv/lib/python3.10/site-packages/airflow/example_dags/plugins/listener_plugin.py
[2024-12-04T14:10:43.764+0700] {processor.py:914} INFO - Processing file /home/dea/weather-monitoring/venv/lib/python3.10/site-packages/airflow/example_dags/plugins/listener_plugin.py for tasks to queue
[2024-12-04T14:10:43.769+0700] {logging_mixin.py:190} INFO - [2024-12-04T14:10:43.768+0700] {dagbag.py:588} INFO - Filling up the DagBag from /home/dea/weather-monitoring/venv/lib/python3.10/site-packages/airflow/example_dags/plugins/listener_plugin.py
[2024-12-04T14:10:43.774+0700] {processor.py:927} WARNING - No viable dags retrieved from /home/dea/weather-monitoring/venv/lib/python3.10/site-packages/airflow/example_dags/plugins/listener_plugin.py
[2024-12-04T14:10:43.800+0700] {processor.py:208} INFO - Processing /home/dea/weather-monitoring/venv/lib/python3.10/site-packages/airflow/example_dags/plugins/listener_plugin.py took 0.055 seconds
[2024-12-04T14:40:20.241+0700] {processor.py:186} INFO - Started process (PID=45334) to work on /home/dea/weather-monitoring/venv/lib/python3.10/site-packages/airflow/example_dags/plugins/listener_plugin.py
[2024-12-04T14:40:20.243+0700] {processor.py:914} INFO - Processing file /home/dea/weather-monitoring/venv/lib/python3.10/site-packages/airflow/example_dags/plugins/listener_plugin.py for tasks to queue
[2024-12-04T14:40:20.248+0700] {logging_mixin.py:190} INFO - [2024-12-04T14:40:20.247+0700] {dagbag.py:588} INFO - Filling up the DagBag from /home/dea/weather-monitoring/venv/lib/python3.10/site-packages/airflow/example_dags/plugins/listener_plugin.py
[2024-12-04T14:40:20.253+0700] {processor.py:927} WARNING - No viable dags retrieved from /home/dea/weather-monitoring/venv/lib/python3.10/site-packages/airflow/example_dags/plugins/listener_plugin.py
[2024-12-04T14:40:20.302+0700] {processor.py:208} INFO - Processing /home/dea/weather-monitoring/venv/lib/python3.10/site-packages/airflow/example_dags/plugins/listener_plugin.py took 0.075 seconds
[2024-12-04T14:40:50.949+0700] {processor.py:186} INFO - Started process (PID=45902) to work on /home/dea/weather-monitoring/venv/lib/python3.10/site-packages/airflow/example_dags/plugins/listener_plugin.py
[2024-12-04T14:40:50.951+0700] {processor.py:914} INFO - Processing file /home/dea/weather-monitoring/venv/lib/python3.10/site-packages/airflow/example_dags/plugins/listener_plugin.py for tasks to queue
[2024-12-04T14:40:50.958+0700] {logging_mixin.py:190} INFO - [2024-12-04T14:40:50.957+0700] {dagbag.py:588} INFO - Filling up the DagBag from /home/dea/weather-monitoring/venv/lib/python3.10/site-packages/airflow/example_dags/plugins/listener_plugin.py
[2024-12-04T14:40:50.963+0700] {processor.py:927} WARNING - No viable dags retrieved from /home/dea/weather-monitoring/venv/lib/python3.10/site-packages/airflow/example_dags/plugins/listener_plugin.py
[2024-12-04T14:40:51.031+0700] {processor.py:208} INFO - Processing /home/dea/weather-monitoring/venv/lib/python3.10/site-packages/airflow/example_dags/plugins/listener_plugin.py took 0.101 seconds
[2024-12-04T14:41:21.716+0700] {processor.py:186} INFO - Started process (PID=46200) to work on /home/dea/weather-monitoring/venv/lib/python3.10/site-packages/airflow/example_dags/plugins/listener_plugin.py
[2024-12-04T14:41:21.724+0700] {processor.py:914} INFO - Processing file /home/dea/weather-monitoring/venv/lib/python3.10/site-packages/airflow/example_dags/plugins/listener_plugin.py for tasks to queue
[2024-12-04T14:41:21.732+0700] {logging_mixin.py:190} INFO - [2024-12-04T14:41:21.731+0700] {dagbag.py:588} INFO - Filling up the DagBag from /home/dea/weather-monitoring/venv/lib/python3.10/site-packages/airflow/example_dags/plugins/listener_plugin.py
[2024-12-04T14:41:21.744+0700] {processor.py:927} WARNING - No viable dags retrieved from /home/dea/weather-monitoring/venv/lib/python3.10/site-packages/airflow/example_dags/plugins/listener_plugin.py
[2024-12-04T14:41:21.844+0700] {processor.py:208} INFO - Processing /home/dea/weather-monitoring/venv/lib/python3.10/site-packages/airflow/example_dags/plugins/listener_plugin.py took 0.147 seconds
[2024-12-04T14:41:51.964+0700] {processor.py:186} INFO - Started process (PID=46497) to work on /home/dea/weather-monitoring/venv/lib/python3.10/site-packages/airflow/example_dags/plugins/listener_plugin.py
[2024-12-04T14:41:51.967+0700] {processor.py:914} INFO - Processing file /home/dea/weather-monitoring/venv/lib/python3.10/site-packages/airflow/example_dags/plugins/listener_plugin.py for tasks to queue
[2024-12-04T14:41:51.973+0700] {logging_mixin.py:190} INFO - [2024-12-04T14:41:51.972+0700] {dagbag.py:588} INFO - Filling up the DagBag from /home/dea/weather-monitoring/venv/lib/python3.10/site-packages/airflow/example_dags/plugins/listener_plugin.py
[2024-12-04T14:41:51.980+0700] {processor.py:927} WARNING - No viable dags retrieved from /home/dea/weather-monitoring/venv/lib/python3.10/site-packages/airflow/example_dags/plugins/listener_plugin.py
[2024-12-04T14:41:52.064+0700] {processor.py:208} INFO - Processing /home/dea/weather-monitoring/venv/lib/python3.10/site-packages/airflow/example_dags/plugins/listener_plugin.py took 0.120 seconds
[2024-12-04T14:42:23.048+0700] {processor.py:186} INFO - Started process (PID=46879) to work on /home/dea/weather-monitoring/venv/lib/python3.10/site-packages/airflow/example_dags/plugins/listener_plugin.py
[2024-12-04T14:42:23.051+0700] {processor.py:914} INFO - Processing file /home/dea/weather-monitoring/venv/lib/python3.10/site-packages/airflow/example_dags/plugins/listener_plugin.py for tasks to queue
[2024-12-04T14:42:23.060+0700] {logging_mixin.py:190} INFO - [2024-12-04T14:42:23.059+0700] {dagbag.py:588} INFO - Filling up the DagBag from /home/dea/weather-monitoring/venv/lib/python3.10/site-packages/airflow/example_dags/plugins/listener_plugin.py
[2024-12-04T14:42:23.070+0700] {processor.py:927} WARNING - No viable dags retrieved from /home/dea/weather-monitoring/venv/lib/python3.10/site-packages/airflow/example_dags/plugins/listener_plugin.py
[2024-12-04T14:42:23.147+0700] {processor.py:208} INFO - Processing /home/dea/weather-monitoring/venv/lib/python3.10/site-packages/airflow/example_dags/plugins/listener_plugin.py took 0.126 seconds
[2024-12-04T14:42:53.309+0700] {processor.py:186} INFO - Started process (PID=47552) to work on /home/dea/weather-monitoring/venv/lib/python3.10/site-packages/airflow/example_dags/plugins/listener_plugin.py
[2024-12-04T14:42:53.311+0700] {processor.py:914} INFO - Processing file /home/dea/weather-monitoring/venv/lib/python3.10/site-packages/airflow/example_dags/plugins/listener_plugin.py for tasks to queue
[2024-12-04T14:42:53.318+0700] {logging_mixin.py:190} INFO - [2024-12-04T14:42:53.317+0700] {dagbag.py:588} INFO - Filling up the DagBag from /home/dea/weather-monitoring/venv/lib/python3.10/site-packages/airflow/example_dags/plugins/listener_plugin.py
[2024-12-04T14:42:53.323+0700] {processor.py:927} WARNING - No viable dags retrieved from /home/dea/weather-monitoring/venv/lib/python3.10/site-packages/airflow/example_dags/plugins/listener_plugin.py
[2024-12-04T14:42:53.373+0700] {processor.py:208} INFO - Processing /home/dea/weather-monitoring/venv/lib/python3.10/site-packages/airflow/example_dags/plugins/listener_plugin.py took 0.079 seconds
[2024-12-04T14:43:23.844+0700] {processor.py:186} INFO - Started process (PID=47719) to work on /home/dea/weather-monitoring/venv/lib/python3.10/site-packages/airflow/example_dags/plugins/listener_plugin.py
[2024-12-04T14:43:23.846+0700] {processor.py:914} INFO - Processing file /home/dea/weather-monitoring/venv/lib/python3.10/site-packages/airflow/example_dags/plugins/listener_plugin.py for tasks to queue
[2024-12-04T14:43:23.852+0700] {logging_mixin.py:190} INFO - [2024-12-04T14:43:23.851+0700] {dagbag.py:588} INFO - Filling up the DagBag from /home/dea/weather-monitoring/venv/lib/python3.10/site-packages/airflow/example_dags/plugins/listener_plugin.py
[2024-12-04T14:43:23.859+0700] {processor.py:927} WARNING - No viable dags retrieved from /home/dea/weather-monitoring/venv/lib/python3.10/site-packages/airflow/example_dags/plugins/listener_plugin.py
[2024-12-04T14:43:23.928+0700] {processor.py:208} INFO - Processing /home/dea/weather-monitoring/venv/lib/python3.10/site-packages/airflow/example_dags/plugins/listener_plugin.py took 0.104 seconds
[2024-12-04T14:43:54.851+0700] {processor.py:186} INFO - Started process (PID=47847) to work on /home/dea/weather-monitoring/venv/lib/python3.10/site-packages/airflow/example_dags/plugins/listener_plugin.py
[2024-12-04T14:43:54.853+0700] {processor.py:914} INFO - Processing file /home/dea/weather-monitoring/venv/lib/python3.10/site-packages/airflow/example_dags/plugins/listener_plugin.py for tasks to queue
[2024-12-04T14:43:54.859+0700] {logging_mixin.py:190} INFO - [2024-12-04T14:43:54.858+0700] {dagbag.py:588} INFO - Filling up the DagBag from /home/dea/weather-monitoring/venv/lib/python3.10/site-packages/airflow/example_dags/plugins/listener_plugin.py
[2024-12-04T14:43:54.865+0700] {processor.py:927} WARNING - No viable dags retrieved from /home/dea/weather-monitoring/venv/lib/python3.10/site-packages/airflow/example_dags/plugins/listener_plugin.py
[2024-12-04T14:43:54.923+0700] {processor.py:208} INFO - Processing /home/dea/weather-monitoring/venv/lib/python3.10/site-packages/airflow/example_dags/plugins/listener_plugin.py took 0.089 seconds
[2024-12-04T14:44:25.339+0700] {processor.py:186} INFO - Started process (PID=47978) to work on /home/dea/weather-monitoring/venv/lib/python3.10/site-packages/airflow/example_dags/plugins/listener_plugin.py
[2024-12-04T14:44:25.341+0700] {processor.py:914} INFO - Processing file /home/dea/weather-monitoring/venv/lib/python3.10/site-packages/airflow/example_dags/plugins/listener_plugin.py for tasks to queue
[2024-12-04T14:44:25.347+0700] {logging_mixin.py:190} INFO - [2024-12-04T14:44:25.346+0700] {dagbag.py:588} INFO - Filling up the DagBag from /home/dea/weather-monitoring/venv/lib/python3.10/site-packages/airflow/example_dags/plugins/listener_plugin.py
[2024-12-04T14:44:25.354+0700] {processor.py:927} WARNING - No viable dags retrieved from /home/dea/weather-monitoring/venv/lib/python3.10/site-packages/airflow/example_dags/plugins/listener_plugin.py
[2024-12-04T14:44:25.414+0700] {processor.py:208} INFO - Processing /home/dea/weather-monitoring/venv/lib/python3.10/site-packages/airflow/example_dags/plugins/listener_plugin.py took 0.093 seconds
[2024-12-04T14:44:59.299+0700] {processor.py:186} INFO - Started process (PID=48714) to work on /home/dea/weather-monitoring/venv/lib/python3.10/site-packages/airflow/example_dags/plugins/listener_plugin.py
[2024-12-04T14:44:59.302+0700] {processor.py:914} INFO - Processing file /home/dea/weather-monitoring/venv/lib/python3.10/site-packages/airflow/example_dags/plugins/listener_plugin.py for tasks to queue
[2024-12-04T14:44:59.307+0700] {logging_mixin.py:190} INFO - [2024-12-04T14:44:59.307+0700] {dagbag.py:588} INFO - Filling up the DagBag from /home/dea/weather-monitoring/venv/lib/python3.10/site-packages/airflow/example_dags/plugins/listener_plugin.py
[2024-12-04T14:44:59.325+0700] {processor.py:927} WARNING - No viable dags retrieved from /home/dea/weather-monitoring/venv/lib/python3.10/site-packages/airflow/example_dags/plugins/listener_plugin.py
[2024-12-04T14:44:59.423+0700] {processor.py:208} INFO - Processing /home/dea/weather-monitoring/venv/lib/python3.10/site-packages/airflow/example_dags/plugins/listener_plugin.py took 0.158 seconds
[2024-12-04T14:45:29.613+0700] {processor.py:186} INFO - Started process (PID=49512) to work on /home/dea/weather-monitoring/venv/lib/python3.10/site-packages/airflow/example_dags/plugins/listener_plugin.py
[2024-12-04T14:45:29.621+0700] {processor.py:914} INFO - Processing file /home/dea/weather-monitoring/venv/lib/python3.10/site-packages/airflow/example_dags/plugins/listener_plugin.py for tasks to queue
[2024-12-04T14:45:29.640+0700] {logging_mixin.py:190} INFO - [2024-12-04T14:45:29.639+0700] {dagbag.py:588} INFO - Filling up the DagBag from /home/dea/weather-monitoring/venv/lib/python3.10/site-packages/airflow/example_dags/plugins/listener_plugin.py
[2024-12-04T14:45:29.646+0700] {processor.py:927} WARNING - No viable dags retrieved from /home/dea/weather-monitoring/venv/lib/python3.10/site-packages/airflow/example_dags/plugins/listener_plugin.py
[2024-12-04T14:45:29.724+0700] {processor.py:208} INFO - Processing /home/dea/weather-monitoring/venv/lib/python3.10/site-packages/airflow/example_dags/plugins/listener_plugin.py took 0.127 seconds
[2024-12-04T14:46:00.749+0700] {processor.py:186} INFO - Started process (PID=50191) to work on /home/dea/weather-monitoring/venv/lib/python3.10/site-packages/airflow/example_dags/plugins/listener_plugin.py
[2024-12-04T14:46:00.758+0700] {processor.py:914} INFO - Processing file /home/dea/weather-monitoring/venv/lib/python3.10/site-packages/airflow/example_dags/plugins/listener_plugin.py for tasks to queue
[2024-12-04T14:46:00.767+0700] {logging_mixin.py:190} INFO - [2024-12-04T14:46:00.767+0700] {dagbag.py:588} INFO - Filling up the DagBag from /home/dea/weather-monitoring/venv/lib/python3.10/site-packages/airflow/example_dags/plugins/listener_plugin.py
[2024-12-04T14:46:00.777+0700] {processor.py:927} WARNING - No viable dags retrieved from /home/dea/weather-monitoring/venv/lib/python3.10/site-packages/airflow/example_dags/plugins/listener_plugin.py
[2024-12-04T14:46:00.880+0700] {processor.py:208} INFO - Processing /home/dea/weather-monitoring/venv/lib/python3.10/site-packages/airflow/example_dags/plugins/listener_plugin.py took 0.156 seconds
[2024-12-04T14:46:32.246+0700] {processor.py:186} INFO - Started process (PID=51006) to work on /home/dea/weather-monitoring/venv/lib/python3.10/site-packages/airflow/example_dags/plugins/listener_plugin.py
[2024-12-04T14:46:32.250+0700] {processor.py:914} INFO - Processing file /home/dea/weather-monitoring/venv/lib/python3.10/site-packages/airflow/example_dags/plugins/listener_plugin.py for tasks to queue
[2024-12-04T14:46:32.271+0700] {logging_mixin.py:190} INFO - [2024-12-04T14:46:32.270+0700] {dagbag.py:588} INFO - Filling up the DagBag from /home/dea/weather-monitoring/venv/lib/python3.10/site-packages/airflow/example_dags/plugins/listener_plugin.py
[2024-12-04T14:46:32.284+0700] {processor.py:927} WARNING - No viable dags retrieved from /home/dea/weather-monitoring/venv/lib/python3.10/site-packages/airflow/example_dags/plugins/listener_plugin.py
[2024-12-04T14:46:32.417+0700] {processor.py:208} INFO - Processing /home/dea/weather-monitoring/venv/lib/python3.10/site-packages/airflow/example_dags/plugins/listener_plugin.py took 0.205 seconds
[2024-12-04T14:47:03.195+0700] {processor.py:186} INFO - Started process (PID=51526) to work on /home/dea/weather-monitoring/venv/lib/python3.10/site-packages/airflow/example_dags/plugins/listener_plugin.py
[2024-12-04T14:47:03.198+0700] {processor.py:914} INFO - Processing file /home/dea/weather-monitoring/venv/lib/python3.10/site-packages/airflow/example_dags/plugins/listener_plugin.py for tasks to queue
[2024-12-04T14:47:03.205+0700] {logging_mixin.py:190} INFO - [2024-12-04T14:47:03.204+0700] {dagbag.py:588} INFO - Filling up the DagBag from /home/dea/weather-monitoring/venv/lib/python3.10/site-packages/airflow/example_dags/plugins/listener_plugin.py
[2024-12-04T14:47:03.215+0700] {processor.py:927} WARNING - No viable dags retrieved from /home/dea/weather-monitoring/venv/lib/python3.10/site-packages/airflow/example_dags/plugins/listener_plugin.py
[2024-12-04T14:47:03.283+0700] {processor.py:208} INFO - Processing /home/dea/weather-monitoring/venv/lib/python3.10/site-packages/airflow/example_dags/plugins/listener_plugin.py took 0.106 seconds
[2024-12-04T14:47:34.176+0700] {processor.py:186} INFO - Started process (PID=52060) to work on /home/dea/weather-monitoring/venv/lib/python3.10/site-packages/airflow/example_dags/plugins/listener_plugin.py
[2024-12-04T14:47:34.178+0700] {processor.py:914} INFO - Processing file /home/dea/weather-monitoring/venv/lib/python3.10/site-packages/airflow/example_dags/plugins/listener_plugin.py for tasks to queue
[2024-12-04T14:47:34.183+0700] {logging_mixin.py:190} INFO - [2024-12-04T14:47:34.183+0700] {dagbag.py:588} INFO - Filling up the DagBag from /home/dea/weather-monitoring/venv/lib/python3.10/site-packages/airflow/example_dags/plugins/listener_plugin.py
[2024-12-04T14:47:34.189+0700] {processor.py:927} WARNING - No viable dags retrieved from /home/dea/weather-monitoring/venv/lib/python3.10/site-packages/airflow/example_dags/plugins/listener_plugin.py
[2024-12-04T14:47:34.246+0700] {processor.py:208} INFO - Processing /home/dea/weather-monitoring/venv/lib/python3.10/site-packages/airflow/example_dags/plugins/listener_plugin.py took 0.085 seconds
[2024-12-04T14:48:04.802+0700] {processor.py:186} INFO - Started process (PID=52453) to work on /home/dea/weather-monitoring/venv/lib/python3.10/site-packages/airflow/example_dags/plugins/listener_plugin.py
[2024-12-04T14:48:04.806+0700] {processor.py:914} INFO - Processing file /home/dea/weather-monitoring/venv/lib/python3.10/site-packages/airflow/example_dags/plugins/listener_plugin.py for tasks to queue
[2024-12-04T14:48:04.822+0700] {logging_mixin.py:190} INFO - [2024-12-04T14:48:04.813+0700] {dagbag.py:588} INFO - Filling up the DagBag from /home/dea/weather-monitoring/venv/lib/python3.10/site-packages/airflow/example_dags/plugins/listener_plugin.py
[2024-12-04T14:48:04.837+0700] {processor.py:927} WARNING - No viable dags retrieved from /home/dea/weather-monitoring/venv/lib/python3.10/site-packages/airflow/example_dags/plugins/listener_plugin.py
[2024-12-04T14:48:04.934+0700] {processor.py:208} INFO - Processing /home/dea/weather-monitoring/venv/lib/python3.10/site-packages/airflow/example_dags/plugins/listener_plugin.py took 0.194 seconds
[2024-12-04T14:48:35.376+0700] {processor.py:186} INFO - Started process (PID=52845) to work on /home/dea/weather-monitoring/venv/lib/python3.10/site-packages/airflow/example_dags/plugins/listener_plugin.py
[2024-12-04T14:48:35.384+0700] {processor.py:914} INFO - Processing file /home/dea/weather-monitoring/venv/lib/python3.10/site-packages/airflow/example_dags/plugins/listener_plugin.py for tasks to queue
[2024-12-04T14:48:35.392+0700] {logging_mixin.py:190} INFO - [2024-12-04T14:48:35.391+0700] {dagbag.py:588} INFO - Filling up the DagBag from /home/dea/weather-monitoring/venv/lib/python3.10/site-packages/airflow/example_dags/plugins/listener_plugin.py
[2024-12-04T14:48:35.401+0700] {processor.py:927} WARNING - No viable dags retrieved from /home/dea/weather-monitoring/venv/lib/python3.10/site-packages/airflow/example_dags/plugins/listener_plugin.py
[2024-12-04T14:48:35.468+0700] {processor.py:208} INFO - Processing /home/dea/weather-monitoring/venv/lib/python3.10/site-packages/airflow/example_dags/plugins/listener_plugin.py took 0.113 seconds
[2024-12-04T14:49:06.124+0700] {processor.py:186} INFO - Started process (PID=53186) to work on /home/dea/weather-monitoring/venv/lib/python3.10/site-packages/airflow/example_dags/plugins/listener_plugin.py
[2024-12-04T14:49:06.127+0700] {processor.py:914} INFO - Processing file /home/dea/weather-monitoring/venv/lib/python3.10/site-packages/airflow/example_dags/plugins/listener_plugin.py for tasks to queue
[2024-12-04T14:49:06.136+0700] {logging_mixin.py:190} INFO - [2024-12-04T14:49:06.135+0700] {dagbag.py:588} INFO - Filling up the DagBag from /home/dea/weather-monitoring/venv/lib/python3.10/site-packages/airflow/example_dags/plugins/listener_plugin.py
[2024-12-04T14:49:06.143+0700] {processor.py:927} WARNING - No viable dags retrieved from /home/dea/weather-monitoring/venv/lib/python3.10/site-packages/airflow/example_dags/plugins/listener_plugin.py
[2024-12-04T14:49:06.217+0700] {processor.py:208} INFO - Processing /home/dea/weather-monitoring/venv/lib/python3.10/site-packages/airflow/example_dags/plugins/listener_plugin.py took 0.143 seconds
[2024-12-04T14:49:37.326+0700] {processor.py:186} INFO - Started process (PID=53778) to work on /home/dea/weather-monitoring/venv/lib/python3.10/site-packages/airflow/example_dags/plugins/listener_plugin.py
[2024-12-04T14:49:37.334+0700] {processor.py:914} INFO - Processing file /home/dea/weather-monitoring/venv/lib/python3.10/site-packages/airflow/example_dags/plugins/listener_plugin.py for tasks to queue
[2024-12-04T14:49:37.354+0700] {logging_mixin.py:190} INFO - [2024-12-04T14:49:37.352+0700] {dagbag.py:588} INFO - Filling up the DagBag from /home/dea/weather-monitoring/venv/lib/python3.10/site-packages/airflow/example_dags/plugins/listener_plugin.py
[2024-12-04T14:49:37.370+0700] {processor.py:927} WARNING - No viable dags retrieved from /home/dea/weather-monitoring/venv/lib/python3.10/site-packages/airflow/example_dags/plugins/listener_plugin.py
[2024-12-04T14:49:37.469+0700] {processor.py:208} INFO - Processing /home/dea/weather-monitoring/venv/lib/python3.10/site-packages/airflow/example_dags/plugins/listener_plugin.py took 0.190 seconds
[2024-12-04T14:50:08.470+0700] {processor.py:186} INFO - Started process (PID=54488) to work on /home/dea/weather-monitoring/venv/lib/python3.10/site-packages/airflow/example_dags/plugins/listener_plugin.py
[2024-12-04T14:50:08.474+0700] {processor.py:914} INFO - Processing file /home/dea/weather-monitoring/venv/lib/python3.10/site-packages/airflow/example_dags/plugins/listener_plugin.py for tasks to queue
[2024-12-04T14:50:08.481+0700] {logging_mixin.py:190} INFO - [2024-12-04T14:50:08.480+0700] {dagbag.py:588} INFO - Filling up the DagBag from /home/dea/weather-monitoring/venv/lib/python3.10/site-packages/airflow/example_dags/plugins/listener_plugin.py
[2024-12-04T14:50:08.506+0700] {processor.py:927} WARNING - No viable dags retrieved from /home/dea/weather-monitoring/venv/lib/python3.10/site-packages/airflow/example_dags/plugins/listener_plugin.py
[2024-12-04T14:50:08.595+0700] {processor.py:208} INFO - Processing /home/dea/weather-monitoring/venv/lib/python3.10/site-packages/airflow/example_dags/plugins/listener_plugin.py took 0.145 seconds
[2024-12-04T14:50:40.122+0700] {processor.py:186} INFO - Started process (PID=55489) to work on /home/dea/weather-monitoring/venv/lib/python3.10/site-packages/airflow/example_dags/plugins/listener_plugin.py
[2024-12-04T14:50:40.124+0700] {processor.py:914} INFO - Processing file /home/dea/weather-monitoring/venv/lib/python3.10/site-packages/airflow/example_dags/plugins/listener_plugin.py for tasks to queue
[2024-12-04T14:50:40.127+0700] {logging_mixin.py:190} INFO - [2024-12-04T14:50:40.126+0700] {dagbag.py:588} INFO - Filling up the DagBag from /home/dea/weather-monitoring/venv/lib/python3.10/site-packages/airflow/example_dags/plugins/listener_plugin.py
[2024-12-04T14:50:40.145+0700] {processor.py:927} WARNING - No viable dags retrieved from /home/dea/weather-monitoring/venv/lib/python3.10/site-packages/airflow/example_dags/plugins/listener_plugin.py
[2024-12-04T14:50:40.307+0700] {processor.py:208} INFO - Processing /home/dea/weather-monitoring/venv/lib/python3.10/site-packages/airflow/example_dags/plugins/listener_plugin.py took 0.246 seconds
[2024-12-04T14:51:11.307+0700] {processor.py:186} INFO - Started process (PID=56266) to work on /home/dea/weather-monitoring/venv/lib/python3.10/site-packages/airflow/example_dags/plugins/listener_plugin.py
[2024-12-04T14:51:11.317+0700] {processor.py:914} INFO - Processing file /home/dea/weather-monitoring/venv/lib/python3.10/site-packages/airflow/example_dags/plugins/listener_plugin.py for tasks to queue
[2024-12-04T14:51:11.321+0700] {logging_mixin.py:190} INFO - [2024-12-04T14:51:11.319+0700] {dagbag.py:588} INFO - Filling up the DagBag from /home/dea/weather-monitoring/venv/lib/python3.10/site-packages/airflow/example_dags/plugins/listener_plugin.py
[2024-12-04T14:51:11.328+0700] {processor.py:927} WARNING - No viable dags retrieved from /home/dea/weather-monitoring/venv/lib/python3.10/site-packages/airflow/example_dags/plugins/listener_plugin.py
[2024-12-04T14:51:11.399+0700] {processor.py:208} INFO - Processing /home/dea/weather-monitoring/venv/lib/python3.10/site-packages/airflow/example_dags/plugins/listener_plugin.py took 0.136 seconds
[2024-12-04T14:51:43.710+0700] {processor.py:186} INFO - Started process (PID=57245) to work on /home/dea/weather-monitoring/venv/lib/python3.10/site-packages/airflow/example_dags/plugins/listener_plugin.py
[2024-12-04T14:51:43.747+0700] {processor.py:914} INFO - Processing file /home/dea/weather-monitoring/venv/lib/python3.10/site-packages/airflow/example_dags/plugins/listener_plugin.py for tasks to queue
[2024-12-04T14:51:43.764+0700] {logging_mixin.py:190} INFO - [2024-12-04T14:51:43.758+0700] {dagbag.py:588} INFO - Filling up the DagBag from /home/dea/weather-monitoring/venv/lib/python3.10/site-packages/airflow/example_dags/plugins/listener_plugin.py
[2024-12-04T14:51:43.836+0700] {processor.py:927} WARNING - No viable dags retrieved from /home/dea/weather-monitoring/venv/lib/python3.10/site-packages/airflow/example_dags/plugins/listener_plugin.py
[2024-12-04T14:51:43.971+0700] {processor.py:208} INFO - Processing /home/dea/weather-monitoring/venv/lib/python3.10/site-packages/airflow/example_dags/plugins/listener_plugin.py took 0.353 seconds
[2024-12-04T14:52:14.778+0700] {processor.py:186} INFO - Started process (PID=57933) to work on /home/dea/weather-monitoring/venv/lib/python3.10/site-packages/airflow/example_dags/plugins/listener_plugin.py
[2024-12-04T14:52:14.782+0700] {processor.py:914} INFO - Processing file /home/dea/weather-monitoring/venv/lib/python3.10/site-packages/airflow/example_dags/plugins/listener_plugin.py for tasks to queue
[2024-12-04T14:52:14.785+0700] {logging_mixin.py:190} INFO - [2024-12-04T14:52:14.784+0700] {dagbag.py:588} INFO - Filling up the DagBag from /home/dea/weather-monitoring/venv/lib/python3.10/site-packages/airflow/example_dags/plugins/listener_plugin.py
[2024-12-04T14:52:14.792+0700] {processor.py:927} WARNING - No viable dags retrieved from /home/dea/weather-monitoring/venv/lib/python3.10/site-packages/airflow/example_dags/plugins/listener_plugin.py
[2024-12-04T14:52:14.943+0700] {processor.py:208} INFO - Processing /home/dea/weather-monitoring/venv/lib/python3.10/site-packages/airflow/example_dags/plugins/listener_plugin.py took 0.210 seconds
[2024-12-04T14:52:45.190+0700] {processor.py:186} INFO - Started process (PID=58463) to work on /home/dea/weather-monitoring/venv/lib/python3.10/site-packages/airflow/example_dags/plugins/listener_plugin.py
[2024-12-04T14:52:45.191+0700] {processor.py:914} INFO - Processing file /home/dea/weather-monitoring/venv/lib/python3.10/site-packages/airflow/example_dags/plugins/listener_plugin.py for tasks to queue
[2024-12-04T14:52:45.194+0700] {logging_mixin.py:190} INFO - [2024-12-04T14:52:45.194+0700] {dagbag.py:588} INFO - Filling up the DagBag from /home/dea/weather-monitoring/venv/lib/python3.10/site-packages/airflow/example_dags/plugins/listener_plugin.py
[2024-12-04T14:52:45.201+0700] {processor.py:927} WARNING - No viable dags retrieved from /home/dea/weather-monitoring/venv/lib/python3.10/site-packages/airflow/example_dags/plugins/listener_plugin.py
[2024-12-04T14:52:45.266+0700] {processor.py:208} INFO - Processing /home/dea/weather-monitoring/venv/lib/python3.10/site-packages/airflow/example_dags/plugins/listener_plugin.py took 0.095 seconds
[2024-12-04T14:53:20.285+0700] {processor.py:186} INFO - Started process (PID=59348) to work on /home/dea/weather-monitoring/venv/lib/python3.10/site-packages/airflow/example_dags/plugins/listener_plugin.py
[2024-12-04T14:53:20.288+0700] {processor.py:914} INFO - Processing file /home/dea/weather-monitoring/venv/lib/python3.10/site-packages/airflow/example_dags/plugins/listener_plugin.py for tasks to queue
[2024-12-04T14:53:20.292+0700] {logging_mixin.py:190} INFO - [2024-12-04T14:53:20.291+0700] {dagbag.py:588} INFO - Filling up the DagBag from /home/dea/weather-monitoring/venv/lib/python3.10/site-packages/airflow/example_dags/plugins/listener_plugin.py
[2024-12-04T14:53:20.307+0700] {processor.py:927} WARNING - No viable dags retrieved from /home/dea/weather-monitoring/venv/lib/python3.10/site-packages/airflow/example_dags/plugins/listener_plugin.py
[2024-12-04T14:53:20.453+0700] {processor.py:208} INFO - Processing /home/dea/weather-monitoring/venv/lib/python3.10/site-packages/airflow/example_dags/plugins/listener_plugin.py took 0.253 seconds
[2024-12-04T14:53:50.851+0700] {processor.py:186} INFO - Started process (PID=60259) to work on /home/dea/weather-monitoring/venv/lib/python3.10/site-packages/airflow/example_dags/plugins/listener_plugin.py
[2024-12-04T14:53:50.864+0700] {processor.py:914} INFO - Processing file /home/dea/weather-monitoring/venv/lib/python3.10/site-packages/airflow/example_dags/plugins/listener_plugin.py for tasks to queue
[2024-12-04T14:53:50.878+0700] {logging_mixin.py:190} INFO - [2024-12-04T14:53:50.877+0700] {dagbag.py:588} INFO - Filling up the DagBag from /home/dea/weather-monitoring/venv/lib/python3.10/site-packages/airflow/example_dags/plugins/listener_plugin.py
[2024-12-04T14:53:50.886+0700] {processor.py:927} WARNING - No viable dags retrieved from /home/dea/weather-monitoring/venv/lib/python3.10/site-packages/airflow/example_dags/plugins/listener_plugin.py
[2024-12-04T14:53:51.054+0700] {processor.py:208} INFO - Processing /home/dea/weather-monitoring/venv/lib/python3.10/site-packages/airflow/example_dags/plugins/listener_plugin.py took 0.225 seconds
[2024-12-04T14:54:26.474+0700] {processor.py:186} INFO - Started process (PID=61389) to work on /home/dea/weather-monitoring/venv/lib/python3.10/site-packages/airflow/example_dags/plugins/listener_plugin.py
[2024-12-04T14:54:26.485+0700] {processor.py:914} INFO - Processing file /home/dea/weather-monitoring/venv/lib/python3.10/site-packages/airflow/example_dags/plugins/listener_plugin.py for tasks to queue
[2024-12-04T14:54:26.488+0700] {logging_mixin.py:190} INFO - [2024-12-04T14:54:26.487+0700] {dagbag.py:588} INFO - Filling up the DagBag from /home/dea/weather-monitoring/venv/lib/python3.10/site-packages/airflow/example_dags/plugins/listener_plugin.py
[2024-12-04T14:54:26.498+0700] {processor.py:927} WARNING - No viable dags retrieved from /home/dea/weather-monitoring/venv/lib/python3.10/site-packages/airflow/example_dags/plugins/listener_plugin.py
[2024-12-04T14:54:26.642+0700] {processor.py:208} INFO - Processing /home/dea/weather-monitoring/venv/lib/python3.10/site-packages/airflow/example_dags/plugins/listener_plugin.py took 0.214 seconds
[2024-12-04T14:54:57.533+0700] {processor.py:186} INFO - Started process (PID=62054) to work on /home/dea/weather-monitoring/venv/lib/python3.10/site-packages/airflow/example_dags/plugins/listener_plugin.py
[2024-12-04T14:54:57.535+0700] {processor.py:914} INFO - Processing file /home/dea/weather-monitoring/venv/lib/python3.10/site-packages/airflow/example_dags/plugins/listener_plugin.py for tasks to queue
[2024-12-04T14:54:57.550+0700] {logging_mixin.py:190} INFO - [2024-12-04T14:54:57.550+0700] {dagbag.py:588} INFO - Filling up the DagBag from /home/dea/weather-monitoring/venv/lib/python3.10/site-packages/airflow/example_dags/plugins/listener_plugin.py
[2024-12-04T14:54:57.574+0700] {processor.py:927} WARNING - No viable dags retrieved from /home/dea/weather-monitoring/venv/lib/python3.10/site-packages/airflow/example_dags/plugins/listener_plugin.py
[2024-12-04T14:54:57.668+0700] {processor.py:208} INFO - Processing /home/dea/weather-monitoring/venv/lib/python3.10/site-packages/airflow/example_dags/plugins/listener_plugin.py took 0.154 seconds
[2024-12-04T14:55:29.834+0700] {processor.py:186} INFO - Started process (PID=62781) to work on /home/dea/weather-monitoring/venv/lib/python3.10/site-packages/airflow/example_dags/plugins/listener_plugin.py
[2024-12-04T14:55:29.843+0700] {processor.py:914} INFO - Processing file /home/dea/weather-monitoring/venv/lib/python3.10/site-packages/airflow/example_dags/plugins/listener_plugin.py for tasks to queue
[2024-12-04T14:55:29.846+0700] {logging_mixin.py:190} INFO - [2024-12-04T14:55:29.845+0700] {dagbag.py:588} INFO - Filling up the DagBag from /home/dea/weather-monitoring/venv/lib/python3.10/site-packages/airflow/example_dags/plugins/listener_plugin.py
[2024-12-04T14:55:29.871+0700] {processor.py:927} WARNING - No viable dags retrieved from /home/dea/weather-monitoring/venv/lib/python3.10/site-packages/airflow/example_dags/plugins/listener_plugin.py
[2024-12-04T14:55:29.994+0700] {processor.py:208} INFO - Processing /home/dea/weather-monitoring/venv/lib/python3.10/site-packages/airflow/example_dags/plugins/listener_plugin.py took 0.223 seconds
[2024-12-04T14:56:00.149+0700] {processor.py:186} INFO - Started process (PID=63495) to work on /home/dea/weather-monitoring/venv/lib/python3.10/site-packages/airflow/example_dags/plugins/listener_plugin.py
[2024-12-04T14:56:00.151+0700] {processor.py:914} INFO - Processing file /home/dea/weather-monitoring/venv/lib/python3.10/site-packages/airflow/example_dags/plugins/listener_plugin.py for tasks to queue
[2024-12-04T14:56:00.175+0700] {logging_mixin.py:190} INFO - [2024-12-04T14:56:00.175+0700] {dagbag.py:588} INFO - Filling up the DagBag from /home/dea/weather-monitoring/venv/lib/python3.10/site-packages/airflow/example_dags/plugins/listener_plugin.py
[2024-12-04T14:56:00.185+0700] {processor.py:927} WARNING - No viable dags retrieved from /home/dea/weather-monitoring/venv/lib/python3.10/site-packages/airflow/example_dags/plugins/listener_plugin.py
[2024-12-04T14:56:00.372+0700] {processor.py:208} INFO - Processing /home/dea/weather-monitoring/venv/lib/python3.10/site-packages/airflow/example_dags/plugins/listener_plugin.py took 0.237 seconds
[2024-12-04T14:56:30.811+0700] {processor.py:186} INFO - Started process (PID=64334) to work on /home/dea/weather-monitoring/venv/lib/python3.10/site-packages/airflow/example_dags/plugins/listener_plugin.py
[2024-12-04T14:56:30.821+0700] {processor.py:914} INFO - Processing file /home/dea/weather-monitoring/venv/lib/python3.10/site-packages/airflow/example_dags/plugins/listener_plugin.py for tasks to queue
[2024-12-04T14:56:30.833+0700] {logging_mixin.py:190} INFO - [2024-12-04T14:56:30.832+0700] {dagbag.py:588} INFO - Filling up the DagBag from /home/dea/weather-monitoring/venv/lib/python3.10/site-packages/airflow/example_dags/plugins/listener_plugin.py
[2024-12-04T14:56:30.862+0700] {processor.py:927} WARNING - No viable dags retrieved from /home/dea/weather-monitoring/venv/lib/python3.10/site-packages/airflow/example_dags/plugins/listener_plugin.py
[2024-12-04T14:56:30.972+0700] {processor.py:208} INFO - Processing /home/dea/weather-monitoring/venv/lib/python3.10/site-packages/airflow/example_dags/plugins/listener_plugin.py took 0.220 seconds
[2024-12-04T14:57:01.038+0700] {processor.py:186} INFO - Started process (PID=65029) to work on /home/dea/weather-monitoring/venv/lib/python3.10/site-packages/airflow/example_dags/plugins/listener_plugin.py
[2024-12-04T14:57:01.040+0700] {processor.py:914} INFO - Processing file /home/dea/weather-monitoring/venv/lib/python3.10/site-packages/airflow/example_dags/plugins/listener_plugin.py for tasks to queue
[2024-12-04T14:57:01.042+0700] {logging_mixin.py:190} INFO - [2024-12-04T14:57:01.041+0700] {dagbag.py:588} INFO - Filling up the DagBag from /home/dea/weather-monitoring/venv/lib/python3.10/site-packages/airflow/example_dags/plugins/listener_plugin.py
[2024-12-04T14:57:01.047+0700] {processor.py:927} WARNING - No viable dags retrieved from /home/dea/weather-monitoring/venv/lib/python3.10/site-packages/airflow/example_dags/plugins/listener_plugin.py
[2024-12-04T14:57:01.087+0700] {processor.py:208} INFO - Processing /home/dea/weather-monitoring/venv/lib/python3.10/site-packages/airflow/example_dags/plugins/listener_plugin.py took 0.062 seconds
[2024-12-04T14:57:31.430+0700] {processor.py:186} INFO - Started process (PID=65794) to work on /home/dea/weather-monitoring/venv/lib/python3.10/site-packages/airflow/example_dags/plugins/listener_plugin.py
[2024-12-04T14:57:31.439+0700] {processor.py:914} INFO - Processing file /home/dea/weather-monitoring/venv/lib/python3.10/site-packages/airflow/example_dags/plugins/listener_plugin.py for tasks to queue
[2024-12-04T14:57:31.444+0700] {logging_mixin.py:190} INFO - [2024-12-04T14:57:31.443+0700] {dagbag.py:588} INFO - Filling up the DagBag from /home/dea/weather-monitoring/venv/lib/python3.10/site-packages/airflow/example_dags/plugins/listener_plugin.py
[2024-12-04T14:57:31.452+0700] {processor.py:927} WARNING - No viable dags retrieved from /home/dea/weather-monitoring/venv/lib/python3.10/site-packages/airflow/example_dags/plugins/listener_plugin.py
[2024-12-04T14:57:31.508+0700] {processor.py:208} INFO - Processing /home/dea/weather-monitoring/venv/lib/python3.10/site-packages/airflow/example_dags/plugins/listener_plugin.py took 0.095 seconds
[2024-12-04T14:58:02.421+0700] {processor.py:186} INFO - Started process (PID=66503) to work on /home/dea/weather-monitoring/venv/lib/python3.10/site-packages/airflow/example_dags/plugins/listener_plugin.py
[2024-12-04T14:58:02.430+0700] {processor.py:914} INFO - Processing file /home/dea/weather-monitoring/venv/lib/python3.10/site-packages/airflow/example_dags/plugins/listener_plugin.py for tasks to queue
[2024-12-04T14:58:02.435+0700] {logging_mixin.py:190} INFO - [2024-12-04T14:58:02.434+0700] {dagbag.py:588} INFO - Filling up the DagBag from /home/dea/weather-monitoring/venv/lib/python3.10/site-packages/airflow/example_dags/plugins/listener_plugin.py
[2024-12-04T14:58:02.448+0700] {processor.py:927} WARNING - No viable dags retrieved from /home/dea/weather-monitoring/venv/lib/python3.10/site-packages/airflow/example_dags/plugins/listener_plugin.py
[2024-12-04T14:58:02.528+0700] {processor.py:208} INFO - Processing /home/dea/weather-monitoring/venv/lib/python3.10/site-packages/airflow/example_dags/plugins/listener_plugin.py took 0.162 seconds
[2024-12-04T14:58:33.458+0700] {processor.py:186} INFO - Started process (PID=67370) to work on /home/dea/weather-monitoring/venv/lib/python3.10/site-packages/airflow/example_dags/plugins/listener_plugin.py
[2024-12-04T14:58:33.465+0700] {processor.py:914} INFO - Processing file /home/dea/weather-monitoring/venv/lib/python3.10/site-packages/airflow/example_dags/plugins/listener_plugin.py for tasks to queue
[2024-12-04T14:58:33.468+0700] {logging_mixin.py:190} INFO - [2024-12-04T14:58:33.467+0700] {dagbag.py:588} INFO - Filling up the DagBag from /home/dea/weather-monitoring/venv/lib/python3.10/site-packages/airflow/example_dags/plugins/listener_plugin.py
[2024-12-04T14:58:33.477+0700] {processor.py:927} WARNING - No viable dags retrieved from /home/dea/weather-monitoring/venv/lib/python3.10/site-packages/airflow/example_dags/plugins/listener_plugin.py
[2024-12-04T14:58:33.543+0700] {processor.py:208} INFO - Processing /home/dea/weather-monitoring/venv/lib/python3.10/site-packages/airflow/example_dags/plugins/listener_plugin.py took 0.099 seconds
[2024-12-04T14:59:05.444+0700] {processor.py:186} INFO - Started process (PID=68389) to work on /home/dea/weather-monitoring/venv/lib/python3.10/site-packages/airflow/example_dags/plugins/listener_plugin.py
[2024-12-04T14:59:05.475+0700] {processor.py:914} INFO - Processing file /home/dea/weather-monitoring/venv/lib/python3.10/site-packages/airflow/example_dags/plugins/listener_plugin.py for tasks to queue
[2024-12-04T14:59:05.490+0700] {logging_mixin.py:190} INFO - [2024-12-04T14:59:05.489+0700] {dagbag.py:588} INFO - Filling up the DagBag from /home/dea/weather-monitoring/venv/lib/python3.10/site-packages/airflow/example_dags/plugins/listener_plugin.py
[2024-12-04T14:59:05.520+0700] {processor.py:927} WARNING - No viable dags retrieved from /home/dea/weather-monitoring/venv/lib/python3.10/site-packages/airflow/example_dags/plugins/listener_plugin.py
[2024-12-04T14:59:05.808+0700] {processor.py:208} INFO - Processing /home/dea/weather-monitoring/venv/lib/python3.10/site-packages/airflow/example_dags/plugins/listener_plugin.py took 0.418 seconds
[2024-12-04T14:59:37.668+0700] {processor.py:186} INFO - Started process (PID=69409) to work on /home/dea/weather-monitoring/venv/lib/python3.10/site-packages/airflow/example_dags/plugins/listener_plugin.py
[2024-12-04T14:59:37.682+0700] {processor.py:914} INFO - Processing file /home/dea/weather-monitoring/venv/lib/python3.10/site-packages/airflow/example_dags/plugins/listener_plugin.py for tasks to queue
[2024-12-04T14:59:37.691+0700] {logging_mixin.py:190} INFO - [2024-12-04T14:59:37.691+0700] {dagbag.py:588} INFO - Filling up the DagBag from /home/dea/weather-monitoring/venv/lib/python3.10/site-packages/airflow/example_dags/plugins/listener_plugin.py
[2024-12-04T14:59:37.716+0700] {processor.py:927} WARNING - No viable dags retrieved from /home/dea/weather-monitoring/venv/lib/python3.10/site-packages/airflow/example_dags/plugins/listener_plugin.py
[2024-12-04T14:59:37.980+0700] {processor.py:208} INFO - Processing /home/dea/weather-monitoring/venv/lib/python3.10/site-packages/airflow/example_dags/plugins/listener_plugin.py took 0.409 seconds
[2024-12-04T15:00:10.038+0700] {processor.py:186} INFO - Started process (PID=70520) to work on /home/dea/weather-monitoring/venv/lib/python3.10/site-packages/airflow/example_dags/plugins/listener_plugin.py
[2024-12-04T15:00:10.062+0700] {processor.py:914} INFO - Processing file /home/dea/weather-monitoring/venv/lib/python3.10/site-packages/airflow/example_dags/plugins/listener_plugin.py for tasks to queue
[2024-12-04T15:00:10.064+0700] {logging_mixin.py:190} INFO - [2024-12-04T15:00:10.064+0700] {dagbag.py:588} INFO - Filling up the DagBag from /home/dea/weather-monitoring/venv/lib/python3.10/site-packages/airflow/example_dags/plugins/listener_plugin.py
[2024-12-04T15:00:10.070+0700] {processor.py:927} WARNING - No viable dags retrieved from /home/dea/weather-monitoring/venv/lib/python3.10/site-packages/airflow/example_dags/plugins/listener_plugin.py
[2024-12-04T15:00:10.254+0700] {processor.py:208} INFO - Processing /home/dea/weather-monitoring/venv/lib/python3.10/site-packages/airflow/example_dags/plugins/listener_plugin.py took 0.287 seconds
[2024-12-04T15:00:41.417+0700] {processor.py:186} INFO - Started process (PID=71979) to work on /home/dea/weather-monitoring/venv/lib/python3.10/site-packages/airflow/example_dags/plugins/listener_plugin.py
[2024-12-04T15:00:41.426+0700] {processor.py:914} INFO - Processing file /home/dea/weather-monitoring/venv/lib/python3.10/site-packages/airflow/example_dags/plugins/listener_plugin.py for tasks to queue
[2024-12-04T15:00:41.437+0700] {logging_mixin.py:190} INFO - [2024-12-04T15:00:41.437+0700] {dagbag.py:588} INFO - Filling up the DagBag from /home/dea/weather-monitoring/venv/lib/python3.10/site-packages/airflow/example_dags/plugins/listener_plugin.py
[2024-12-04T15:00:41.458+0700] {processor.py:927} WARNING - No viable dags retrieved from /home/dea/weather-monitoring/venv/lib/python3.10/site-packages/airflow/example_dags/plugins/listener_plugin.py
[2024-12-04T15:00:41.605+0700] {processor.py:208} INFO - Processing /home/dea/weather-monitoring/venv/lib/python3.10/site-packages/airflow/example_dags/plugins/listener_plugin.py took 0.269 seconds
[2024-12-04T15:01:33.509+0700] {processor.py:186} INFO - Started process (PID=73121) to work on /home/dea/weather-monitoring/venv/lib/python3.10/site-packages/airflow/example_dags/plugins/listener_plugin.py
[2024-12-04T15:01:33.530+0700] {processor.py:914} INFO - Processing file /home/dea/weather-monitoring/venv/lib/python3.10/site-packages/airflow/example_dags/plugins/listener_plugin.py for tasks to queue
[2024-12-04T15:01:33.533+0700] {logging_mixin.py:190} INFO - [2024-12-04T15:01:33.532+0700] {dagbag.py:588} INFO - Filling up the DagBag from /home/dea/weather-monitoring/venv/lib/python3.10/site-packages/airflow/example_dags/plugins/listener_plugin.py
[2024-12-04T15:01:33.558+0700] {processor.py:927} WARNING - No viable dags retrieved from /home/dea/weather-monitoring/venv/lib/python3.10/site-packages/airflow/example_dags/plugins/listener_plugin.py
[2024-12-04T15:01:33.744+0700] {processor.py:208} INFO - Processing /home/dea/weather-monitoring/venv/lib/python3.10/site-packages/airflow/example_dags/plugins/listener_plugin.py took 0.316 seconds
[2024-12-04T15:02:04.622+0700] {processor.py:186} INFO - Started process (PID=74622) to work on /home/dea/weather-monitoring/venv/lib/python3.10/site-packages/airflow/example_dags/plugins/listener_plugin.py
[2024-12-04T15:02:04.646+0700] {processor.py:914} INFO - Processing file /home/dea/weather-monitoring/venv/lib/python3.10/site-packages/airflow/example_dags/plugins/listener_plugin.py for tasks to queue
[2024-12-04T15:02:04.652+0700] {logging_mixin.py:190} INFO - [2024-12-04T15:02:04.652+0700] {dagbag.py:588} INFO - Filling up the DagBag from /home/dea/weather-monitoring/venv/lib/python3.10/site-packages/airflow/example_dags/plugins/listener_plugin.py
[2024-12-04T15:02:04.661+0700] {processor.py:927} WARNING - No viable dags retrieved from /home/dea/weather-monitoring/venv/lib/python3.10/site-packages/airflow/example_dags/plugins/listener_plugin.py
[2024-12-04T15:02:04.804+0700] {processor.py:208} INFO - Processing /home/dea/weather-monitoring/venv/lib/python3.10/site-packages/airflow/example_dags/plugins/listener_plugin.py took 0.234 seconds
[2024-12-04T15:02:35.933+0700] {processor.py:186} INFO - Started process (PID=75660) to work on /home/dea/weather-monitoring/venv/lib/python3.10/site-packages/airflow/example_dags/plugins/listener_plugin.py
[2024-12-04T15:02:35.941+0700] {processor.py:914} INFO - Processing file /home/dea/weather-monitoring/venv/lib/python3.10/site-packages/airflow/example_dags/plugins/listener_plugin.py for tasks to queue
[2024-12-04T15:02:35.944+0700] {logging_mixin.py:190} INFO - [2024-12-04T15:02:35.943+0700] {dagbag.py:588} INFO - Filling up the DagBag from /home/dea/weather-monitoring/venv/lib/python3.10/site-packages/airflow/example_dags/plugins/listener_plugin.py
[2024-12-04T15:02:35.975+0700] {processor.py:927} WARNING - No viable dags retrieved from /home/dea/weather-monitoring/venv/lib/python3.10/site-packages/airflow/example_dags/plugins/listener_plugin.py
[2024-12-04T15:02:36.032+0700] {processor.py:208} INFO - Processing /home/dea/weather-monitoring/venv/lib/python3.10/site-packages/airflow/example_dags/plugins/listener_plugin.py took 0.113 seconds
[2024-12-04T15:03:06.972+0700] {processor.py:186} INFO - Started process (PID=76836) to work on /home/dea/weather-monitoring/venv/lib/python3.10/site-packages/airflow/example_dags/plugins/listener_plugin.py
[2024-12-04T15:03:06.989+0700] {processor.py:914} INFO - Processing file /home/dea/weather-monitoring/venv/lib/python3.10/site-packages/airflow/example_dags/plugins/listener_plugin.py for tasks to queue
[2024-12-04T15:03:07.006+0700] {logging_mixin.py:190} INFO - [2024-12-04T15:03:07.006+0700] {dagbag.py:588} INFO - Filling up the DagBag from /home/dea/weather-monitoring/venv/lib/python3.10/site-packages/airflow/example_dags/plugins/listener_plugin.py
[2024-12-04T15:03:07.011+0700] {processor.py:927} WARNING - No viable dags retrieved from /home/dea/weather-monitoring/venv/lib/python3.10/site-packages/airflow/example_dags/plugins/listener_plugin.py
[2024-12-04T15:03:07.158+0700] {processor.py:208} INFO - Processing /home/dea/weather-monitoring/venv/lib/python3.10/site-packages/airflow/example_dags/plugins/listener_plugin.py took 0.222 seconds
[2024-12-04T15:03:38.547+0700] {processor.py:186} INFO - Started process (PID=77951) to work on /home/dea/weather-monitoring/venv/lib/python3.10/site-packages/airflow/example_dags/plugins/listener_plugin.py
[2024-12-04T15:03:38.550+0700] {processor.py:914} INFO - Processing file /home/dea/weather-monitoring/venv/lib/python3.10/site-packages/airflow/example_dags/plugins/listener_plugin.py for tasks to queue
[2024-12-04T15:03:38.554+0700] {logging_mixin.py:190} INFO - [2024-12-04T15:03:38.552+0700] {dagbag.py:588} INFO - Filling up the DagBag from /home/dea/weather-monitoring/venv/lib/python3.10/site-packages/airflow/example_dags/plugins/listener_plugin.py
[2024-12-04T15:03:38.579+0700] {processor.py:927} WARNING - No viable dags retrieved from /home/dea/weather-monitoring/venv/lib/python3.10/site-packages/airflow/example_dags/plugins/listener_plugin.py
[2024-12-04T15:03:38.746+0700] {processor.py:208} INFO - Processing /home/dea/weather-monitoring/venv/lib/python3.10/site-packages/airflow/example_dags/plugins/listener_plugin.py took 0.219 seconds
[2024-12-04T15:04:09.178+0700] {processor.py:186} INFO - Started process (PID=78954) to work on /home/dea/weather-monitoring/venv/lib/python3.10/site-packages/airflow/example_dags/plugins/listener_plugin.py
[2024-12-04T15:04:09.194+0700] {processor.py:914} INFO - Processing file /home/dea/weather-monitoring/venv/lib/python3.10/site-packages/airflow/example_dags/plugins/listener_plugin.py for tasks to queue
[2024-12-04T15:04:09.197+0700] {logging_mixin.py:190} INFO - [2024-12-04T15:04:09.197+0700] {dagbag.py:588} INFO - Filling up the DagBag from /home/dea/weather-monitoring/venv/lib/python3.10/site-packages/airflow/example_dags/plugins/listener_plugin.py
[2024-12-04T15:04:09.202+0700] {processor.py:927} WARNING - No viable dags retrieved from /home/dea/weather-monitoring/venv/lib/python3.10/site-packages/airflow/example_dags/plugins/listener_plugin.py
[2024-12-04T15:04:09.394+0700] {processor.py:208} INFO - Processing /home/dea/weather-monitoring/venv/lib/python3.10/site-packages/airflow/example_dags/plugins/listener_plugin.py took 0.283 seconds
[2024-12-04T15:04:40.513+0700] {processor.py:186} INFO - Started process (PID=80064) to work on /home/dea/weather-monitoring/venv/lib/python3.10/site-packages/airflow/example_dags/plugins/listener_plugin.py
[2024-12-04T15:04:40.518+0700] {processor.py:914} INFO - Processing file /home/dea/weather-monitoring/venv/lib/python3.10/site-packages/airflow/example_dags/plugins/listener_plugin.py for tasks to queue
[2024-12-04T15:04:40.535+0700] {logging_mixin.py:190} INFO - [2024-12-04T15:04:40.520+0700] {dagbag.py:588} INFO - Filling up the DagBag from /home/dea/weather-monitoring/venv/lib/python3.10/site-packages/airflow/example_dags/plugins/listener_plugin.py
[2024-12-04T15:04:40.540+0700] {processor.py:927} WARNING - No viable dags retrieved from /home/dea/weather-monitoring/venv/lib/python3.10/site-packages/airflow/example_dags/plugins/listener_plugin.py
[2024-12-04T15:04:40.745+0700] {processor.py:208} INFO - Processing /home/dea/weather-monitoring/venv/lib/python3.10/site-packages/airflow/example_dags/plugins/listener_plugin.py took 0.316 seconds
[2024-12-04T15:05:21.254+0700] {processor.py:186} INFO - Started process (PID=81402) to work on /home/dea/weather-monitoring/venv/lib/python3.10/site-packages/airflow/example_dags/plugins/listener_plugin.py
[2024-12-04T15:05:21.258+0700] {processor.py:914} INFO - Processing file /home/dea/weather-monitoring/venv/lib/python3.10/site-packages/airflow/example_dags/plugins/listener_plugin.py for tasks to queue
[2024-12-04T15:05:21.261+0700] {logging_mixin.py:190} INFO - [2024-12-04T15:05:21.260+0700] {dagbag.py:588} INFO - Filling up the DagBag from /home/dea/weather-monitoring/venv/lib/python3.10/site-packages/airflow/example_dags/plugins/listener_plugin.py
[2024-12-04T15:05:21.285+0700] {processor.py:927} WARNING - No viable dags retrieved from /home/dea/weather-monitoring/venv/lib/python3.10/site-packages/airflow/example_dags/plugins/listener_plugin.py
[2024-12-04T15:05:21.396+0700] {processor.py:208} INFO - Processing /home/dea/weather-monitoring/venv/lib/python3.10/site-packages/airflow/example_dags/plugins/listener_plugin.py took 0.178 seconds
[2024-12-04T15:05:57.844+0700] {processor.py:186} INFO - Started process (PID=82367) to work on /home/dea/weather-monitoring/venv/lib/python3.10/site-packages/airflow/example_dags/plugins/listener_plugin.py
[2024-12-04T15:05:57.847+0700] {processor.py:914} INFO - Processing file /home/dea/weather-monitoring/venv/lib/python3.10/site-packages/airflow/example_dags/plugins/listener_plugin.py for tasks to queue
[2024-12-04T15:05:57.850+0700] {logging_mixin.py:190} INFO - [2024-12-04T15:05:57.849+0700] {dagbag.py:588} INFO - Filling up the DagBag from /home/dea/weather-monitoring/venv/lib/python3.10/site-packages/airflow/example_dags/plugins/listener_plugin.py
[2024-12-04T15:05:57.870+0700] {processor.py:927} WARNING - No viable dags retrieved from /home/dea/weather-monitoring/venv/lib/python3.10/site-packages/airflow/example_dags/plugins/listener_plugin.py
[2024-12-04T15:05:58.348+0700] {processor.py:208} INFO - Processing /home/dea/weather-monitoring/venv/lib/python3.10/site-packages/airflow/example_dags/plugins/listener_plugin.py took 0.553 seconds
[2024-12-04T15:06:28.935+0700] {processor.py:186} INFO - Started process (PID=83215) to work on /home/dea/weather-monitoring/venv/lib/python3.10/site-packages/airflow/example_dags/plugins/listener_plugin.py
[2024-12-04T15:06:28.948+0700] {processor.py:914} INFO - Processing file /home/dea/weather-monitoring/venv/lib/python3.10/site-packages/airflow/example_dags/plugins/listener_plugin.py for tasks to queue
[2024-12-04T15:06:28.954+0700] {logging_mixin.py:190} INFO - [2024-12-04T15:06:28.953+0700] {dagbag.py:588} INFO - Filling up the DagBag from /home/dea/weather-monitoring/venv/lib/python3.10/site-packages/airflow/example_dags/plugins/listener_plugin.py
[2024-12-04T15:06:28.998+0700] {processor.py:927} WARNING - No viable dags retrieved from /home/dea/weather-monitoring/venv/lib/python3.10/site-packages/airflow/example_dags/plugins/listener_plugin.py
[2024-12-04T15:06:29.209+0700] {processor.py:208} INFO - Processing /home/dea/weather-monitoring/venv/lib/python3.10/site-packages/airflow/example_dags/plugins/listener_plugin.py took 0.366 seconds
[2024-12-04T15:06:59.564+0700] {processor.py:186} INFO - Started process (PID=84104) to work on /home/dea/weather-monitoring/venv/lib/python3.10/site-packages/airflow/example_dags/plugins/listener_plugin.py
[2024-12-04T15:06:59.572+0700] {processor.py:914} INFO - Processing file /home/dea/weather-monitoring/venv/lib/python3.10/site-packages/airflow/example_dags/plugins/listener_plugin.py for tasks to queue
[2024-12-04T15:06:59.575+0700] {logging_mixin.py:190} INFO - [2024-12-04T15:06:59.574+0700] {dagbag.py:588} INFO - Filling up the DagBag from /home/dea/weather-monitoring/venv/lib/python3.10/site-packages/airflow/example_dags/plugins/listener_plugin.py
[2024-12-04T15:06:59.580+0700] {processor.py:927} WARNING - No viable dags retrieved from /home/dea/weather-monitoring/venv/lib/python3.10/site-packages/airflow/example_dags/plugins/listener_plugin.py
[2024-12-04T15:06:59.715+0700] {processor.py:208} INFO - Processing /home/dea/weather-monitoring/venv/lib/python3.10/site-packages/airflow/example_dags/plugins/listener_plugin.py took 0.182 seconds
[2024-12-04T15:07:31.027+0700] {processor.py:186} INFO - Started process (PID=84978) to work on /home/dea/weather-monitoring/venv/lib/python3.10/site-packages/airflow/example_dags/plugins/listener_plugin.py
[2024-12-04T15:07:31.062+0700] {processor.py:914} INFO - Processing file /home/dea/weather-monitoring/venv/lib/python3.10/site-packages/airflow/example_dags/plugins/listener_plugin.py for tasks to queue
[2024-12-04T15:07:31.077+0700] {logging_mixin.py:190} INFO - [2024-12-04T15:07:31.076+0700] {dagbag.py:588} INFO - Filling up the DagBag from /home/dea/weather-monitoring/venv/lib/python3.10/site-packages/airflow/example_dags/plugins/listener_plugin.py
[2024-12-04T15:07:31.095+0700] {processor.py:927} WARNING - No viable dags retrieved from /home/dea/weather-monitoring/venv/lib/python3.10/site-packages/airflow/example_dags/plugins/listener_plugin.py
[2024-12-04T15:07:31.333+0700] {processor.py:208} INFO - Processing /home/dea/weather-monitoring/venv/lib/python3.10/site-packages/airflow/example_dags/plugins/listener_plugin.py took 0.375 seconds
[2024-12-04T15:08:02.573+0700] {processor.py:186} INFO - Started process (PID=85857) to work on /home/dea/weather-monitoring/venv/lib/python3.10/site-packages/airflow/example_dags/plugins/listener_plugin.py
[2024-12-04T15:08:02.587+0700] {processor.py:914} INFO - Processing file /home/dea/weather-monitoring/venv/lib/python3.10/site-packages/airflow/example_dags/plugins/listener_plugin.py for tasks to queue
[2024-12-04T15:08:02.590+0700] {logging_mixin.py:190} INFO - [2024-12-04T15:08:02.589+0700] {dagbag.py:588} INFO - Filling up the DagBag from /home/dea/weather-monitoring/venv/lib/python3.10/site-packages/airflow/example_dags/plugins/listener_plugin.py
[2024-12-04T15:08:02.616+0700] {processor.py:927} WARNING - No viable dags retrieved from /home/dea/weather-monitoring/venv/lib/python3.10/site-packages/airflow/example_dags/plugins/listener_plugin.py
[2024-12-04T15:08:02.745+0700] {processor.py:208} INFO - Processing /home/dea/weather-monitoring/venv/lib/python3.10/site-packages/airflow/example_dags/plugins/listener_plugin.py took 0.297 seconds
[2024-12-04T15:08:34.417+0700] {processor.py:186} INFO - Started process (PID=86646) to work on /home/dea/weather-monitoring/venv/lib/python3.10/site-packages/airflow/example_dags/plugins/listener_plugin.py
[2024-12-04T15:08:34.421+0700] {processor.py:914} INFO - Processing file /home/dea/weather-monitoring/venv/lib/python3.10/site-packages/airflow/example_dags/plugins/listener_plugin.py for tasks to queue
[2024-12-04T15:08:34.427+0700] {logging_mixin.py:190} INFO - [2024-12-04T15:08:34.426+0700] {dagbag.py:588} INFO - Filling up the DagBag from /home/dea/weather-monitoring/venv/lib/python3.10/site-packages/airflow/example_dags/plugins/listener_plugin.py
[2024-12-04T15:08:34.440+0700] {processor.py:927} WARNING - No viable dags retrieved from /home/dea/weather-monitoring/venv/lib/python3.10/site-packages/airflow/example_dags/plugins/listener_plugin.py
[2024-12-04T15:08:34.605+0700] {processor.py:208} INFO - Processing /home/dea/weather-monitoring/venv/lib/python3.10/site-packages/airflow/example_dags/plugins/listener_plugin.py took 0.221 seconds
[2024-12-04T15:09:05.074+0700] {processor.py:186} INFO - Started process (PID=87449) to work on /home/dea/weather-monitoring/venv/lib/python3.10/site-packages/airflow/example_dags/plugins/listener_plugin.py
[2024-12-04T15:09:05.080+0700] {processor.py:914} INFO - Processing file /home/dea/weather-monitoring/venv/lib/python3.10/site-packages/airflow/example_dags/plugins/listener_plugin.py for tasks to queue
[2024-12-04T15:09:05.089+0700] {logging_mixin.py:190} INFO - [2024-12-04T15:09:05.088+0700] {dagbag.py:588} INFO - Filling up the DagBag from /home/dea/weather-monitoring/venv/lib/python3.10/site-packages/airflow/example_dags/plugins/listener_plugin.py
[2024-12-04T15:09:05.095+0700] {processor.py:927} WARNING - No viable dags retrieved from /home/dea/weather-monitoring/venv/lib/python3.10/site-packages/airflow/example_dags/plugins/listener_plugin.py
[2024-12-04T15:09:05.225+0700] {processor.py:208} INFO - Processing /home/dea/weather-monitoring/venv/lib/python3.10/site-packages/airflow/example_dags/plugins/listener_plugin.py took 0.186 seconds
[2024-12-04T15:09:36.487+0700] {processor.py:186} INFO - Started process (PID=88342) to work on /home/dea/weather-monitoring/venv/lib/python3.10/site-packages/airflow/example_dags/plugins/listener_plugin.py
[2024-12-04T15:09:36.489+0700] {processor.py:914} INFO - Processing file /home/dea/weather-monitoring/venv/lib/python3.10/site-packages/airflow/example_dags/plugins/listener_plugin.py for tasks to queue
[2024-12-04T15:09:36.493+0700] {logging_mixin.py:190} INFO - [2024-12-04T15:09:36.492+0700] {dagbag.py:588} INFO - Filling up the DagBag from /home/dea/weather-monitoring/venv/lib/python3.10/site-packages/airflow/example_dags/plugins/listener_plugin.py
[2024-12-04T15:09:36.498+0700] {processor.py:927} WARNING - No viable dags retrieved from /home/dea/weather-monitoring/venv/lib/python3.10/site-packages/airflow/example_dags/plugins/listener_plugin.py
[2024-12-04T15:09:36.682+0700] {processor.py:208} INFO - Processing /home/dea/weather-monitoring/venv/lib/python3.10/site-packages/airflow/example_dags/plugins/listener_plugin.py took 0.210 seconds
[2024-12-04T15:10:08.120+0700] {processor.py:186} INFO - Started process (PID=89225) to work on /home/dea/weather-monitoring/venv/lib/python3.10/site-packages/airflow/example_dags/plugins/listener_plugin.py
[2024-12-04T15:10:08.129+0700] {processor.py:914} INFO - Processing file /home/dea/weather-monitoring/venv/lib/python3.10/site-packages/airflow/example_dags/plugins/listener_plugin.py for tasks to queue
[2024-12-04T15:10:08.144+0700] {logging_mixin.py:190} INFO - [2024-12-04T15:10:08.143+0700] {dagbag.py:588} INFO - Filling up the DagBag from /home/dea/weather-monitoring/venv/lib/python3.10/site-packages/airflow/example_dags/plugins/listener_plugin.py
[2024-12-04T15:10:08.268+0700] {processor.py:927} WARNING - No viable dags retrieved from /home/dea/weather-monitoring/venv/lib/python3.10/site-packages/airflow/example_dags/plugins/listener_plugin.py
[2024-12-04T15:10:08.430+0700] {processor.py:208} INFO - Processing /home/dea/weather-monitoring/venv/lib/python3.10/site-packages/airflow/example_dags/plugins/listener_plugin.py took 0.452 seconds
[2024-12-04T15:10:41.117+0700] {processor.py:186} INFO - Started process (PID=90038) to work on /home/dea/weather-monitoring/venv/lib/python3.10/site-packages/airflow/example_dags/plugins/listener_plugin.py
[2024-12-04T15:10:41.136+0700] {processor.py:914} INFO - Processing file /home/dea/weather-monitoring/venv/lib/python3.10/site-packages/airflow/example_dags/plugins/listener_plugin.py for tasks to queue
[2024-12-04T15:10:41.140+0700] {logging_mixin.py:190} INFO - [2024-12-04T15:10:41.140+0700] {dagbag.py:588} INFO - Filling up the DagBag from /home/dea/weather-monitoring/venv/lib/python3.10/site-packages/airflow/example_dags/plugins/listener_plugin.py
[2024-12-04T15:10:41.199+0700] {processor.py:927} WARNING - No viable dags retrieved from /home/dea/weather-monitoring/venv/lib/python3.10/site-packages/airflow/example_dags/plugins/listener_plugin.py
[2024-12-04T15:10:41.481+0700] {processor.py:208} INFO - Processing /home/dea/weather-monitoring/venv/lib/python3.10/site-packages/airflow/example_dags/plugins/listener_plugin.py took 0.455 seconds
[2024-12-04T15:11:14.599+0700] {processor.py:186} INFO - Started process (PID=90904) to work on /home/dea/weather-monitoring/venv/lib/python3.10/site-packages/airflow/example_dags/plugins/listener_plugin.py
[2024-12-04T15:11:14.629+0700] {processor.py:914} INFO - Processing file /home/dea/weather-monitoring/venv/lib/python3.10/site-packages/airflow/example_dags/plugins/listener_plugin.py for tasks to queue
[2024-12-04T15:11:14.631+0700] {logging_mixin.py:190} INFO - [2024-12-04T15:11:14.631+0700] {dagbag.py:588} INFO - Filling up the DagBag from /home/dea/weather-monitoring/venv/lib/python3.10/site-packages/airflow/example_dags/plugins/listener_plugin.py
[2024-12-04T15:11:14.644+0700] {processor.py:927} WARNING - No viable dags retrieved from /home/dea/weather-monitoring/venv/lib/python3.10/site-packages/airflow/example_dags/plugins/listener_plugin.py
[2024-12-04T15:11:14.739+0700] {processor.py:208} INFO - Processing /home/dea/weather-monitoring/venv/lib/python3.10/site-packages/airflow/example_dags/plugins/listener_plugin.py took 0.195 seconds
[2024-12-04T15:11:54.731+0700] {processor.py:186} INFO - Started process (PID=92018) to work on /home/dea/weather-monitoring/venv/lib/python3.10/site-packages/airflow/example_dags/plugins/listener_plugin.py
[2024-12-04T15:11:54.737+0700] {processor.py:914} INFO - Processing file /home/dea/weather-monitoring/venv/lib/python3.10/site-packages/airflow/example_dags/plugins/listener_plugin.py for tasks to queue
[2024-12-04T15:11:54.743+0700] {logging_mixin.py:190} INFO - [2024-12-04T15:11:54.742+0700] {dagbag.py:588} INFO - Filling up the DagBag from /home/dea/weather-monitoring/venv/lib/python3.10/site-packages/airflow/example_dags/plugins/listener_plugin.py
[2024-12-04T15:11:54.766+0700] {processor.py:927} WARNING - No viable dags retrieved from /home/dea/weather-monitoring/venv/lib/python3.10/site-packages/airflow/example_dags/plugins/listener_plugin.py
[2024-12-04T15:11:54.970+0700] {processor.py:208} INFO - Processing /home/dea/weather-monitoring/venv/lib/python3.10/site-packages/airflow/example_dags/plugins/listener_plugin.py took 0.307 seconds
[2024-12-04T15:12:36.351+0700] {processor.py:186} INFO - Started process (PID=93337) to work on /home/dea/weather-monitoring/venv/lib/python3.10/site-packages/airflow/example_dags/plugins/listener_plugin.py
[2024-12-04T15:12:36.375+0700] {processor.py:914} INFO - Processing file /home/dea/weather-monitoring/venv/lib/python3.10/site-packages/airflow/example_dags/plugins/listener_plugin.py for tasks to queue
[2024-12-04T15:12:36.385+0700] {logging_mixin.py:190} INFO - [2024-12-04T15:12:36.384+0700] {dagbag.py:588} INFO - Filling up the DagBag from /home/dea/weather-monitoring/venv/lib/python3.10/site-packages/airflow/example_dags/plugins/listener_plugin.py
[2024-12-04T15:12:36.391+0700] {processor.py:927} WARNING - No viable dags retrieved from /home/dea/weather-monitoring/venv/lib/python3.10/site-packages/airflow/example_dags/plugins/listener_plugin.py
[2024-12-04T15:12:36.583+0700] {processor.py:208} INFO - Processing /home/dea/weather-monitoring/venv/lib/python3.10/site-packages/airflow/example_dags/plugins/listener_plugin.py took 0.329 seconds
[2024-12-04T15:13:10.082+0700] {processor.py:186} INFO - Started process (PID=94423) to work on /home/dea/weather-monitoring/venv/lib/python3.10/site-packages/airflow/example_dags/plugins/listener_plugin.py
[2024-12-04T15:13:10.084+0700] {processor.py:914} INFO - Processing file /home/dea/weather-monitoring/venv/lib/python3.10/site-packages/airflow/example_dags/plugins/listener_plugin.py for tasks to queue
[2024-12-04T15:13:10.095+0700] {logging_mixin.py:190} INFO - [2024-12-04T15:13:10.087+0700] {dagbag.py:588} INFO - Filling up the DagBag from /home/dea/weather-monitoring/venv/lib/python3.10/site-packages/airflow/example_dags/plugins/listener_plugin.py
[2024-12-04T15:13:10.107+0700] {processor.py:927} WARNING - No viable dags retrieved from /home/dea/weather-monitoring/venv/lib/python3.10/site-packages/airflow/example_dags/plugins/listener_plugin.py
[2024-12-04T15:13:10.312+0700] {processor.py:208} INFO - Processing /home/dea/weather-monitoring/venv/lib/python3.10/site-packages/airflow/example_dags/plugins/listener_plugin.py took 0.260 seconds
[2024-12-04T15:13:42.458+0700] {processor.py:186} INFO - Started process (PID=95302) to work on /home/dea/weather-monitoring/venv/lib/python3.10/site-packages/airflow/example_dags/plugins/listener_plugin.py
[2024-12-04T15:13:42.473+0700] {processor.py:914} INFO - Processing file /home/dea/weather-monitoring/venv/lib/python3.10/site-packages/airflow/example_dags/plugins/listener_plugin.py for tasks to queue
[2024-12-04T15:13:42.479+0700] {logging_mixin.py:190} INFO - [2024-12-04T15:13:42.475+0700] {dagbag.py:588} INFO - Filling up the DagBag from /home/dea/weather-monitoring/venv/lib/python3.10/site-packages/airflow/example_dags/plugins/listener_plugin.py
[2024-12-04T15:13:42.514+0700] {processor.py:927} WARNING - No viable dags retrieved from /home/dea/weather-monitoring/venv/lib/python3.10/site-packages/airflow/example_dags/plugins/listener_plugin.py
[2024-12-04T15:13:42.844+0700] {processor.py:208} INFO - Processing /home/dea/weather-monitoring/venv/lib/python3.10/site-packages/airflow/example_dags/plugins/listener_plugin.py took 0.473 seconds
[2024-12-04T15:14:18.463+0700] {processor.py:186} INFO - Started process (PID=96439) to work on /home/dea/weather-monitoring/venv/lib/python3.10/site-packages/airflow/example_dags/plugins/listener_plugin.py
[2024-12-04T15:14:18.536+0700] {processor.py:914} INFO - Processing file /home/dea/weather-monitoring/venv/lib/python3.10/site-packages/airflow/example_dags/plugins/listener_plugin.py for tasks to queue
[2024-12-04T15:14:18.549+0700] {logging_mixin.py:190} INFO - [2024-12-04T15:14:18.541+0700] {dagbag.py:588} INFO - Filling up the DagBag from /home/dea/weather-monitoring/venv/lib/python3.10/site-packages/airflow/example_dags/plugins/listener_plugin.py
[2024-12-04T15:14:18.557+0700] {processor.py:927} WARNING - No viable dags retrieved from /home/dea/weather-monitoring/venv/lib/python3.10/site-packages/airflow/example_dags/plugins/listener_plugin.py
[2024-12-04T15:14:18.637+0700] {processor.py:208} INFO - Processing /home/dea/weather-monitoring/venv/lib/python3.10/site-packages/airflow/example_dags/plugins/listener_plugin.py took 0.323 seconds
[2024-12-04T15:14:52.395+0700] {processor.py:186} INFO - Started process (PID=97758) to work on /home/dea/weather-monitoring/venv/lib/python3.10/site-packages/airflow/example_dags/plugins/listener_plugin.py
[2024-12-04T15:14:52.406+0700] {processor.py:914} INFO - Processing file /home/dea/weather-monitoring/venv/lib/python3.10/site-packages/airflow/example_dags/plugins/listener_plugin.py for tasks to queue
[2024-12-04T15:14:52.411+0700] {logging_mixin.py:190} INFO - [2024-12-04T15:14:52.410+0700] {dagbag.py:588} INFO - Filling up the DagBag from /home/dea/weather-monitoring/venv/lib/python3.10/site-packages/airflow/example_dags/plugins/listener_plugin.py
[2024-12-04T15:14:52.425+0700] {processor.py:927} WARNING - No viable dags retrieved from /home/dea/weather-monitoring/venv/lib/python3.10/site-packages/airflow/example_dags/plugins/listener_plugin.py
[2024-12-04T15:14:52.530+0700] {processor.py:208} INFO - Processing /home/dea/weather-monitoring/venv/lib/python3.10/site-packages/airflow/example_dags/plugins/listener_plugin.py took 0.191 seconds
[2024-12-04T15:15:36.413+0700] {processor.py:186} INFO - Started process (PID=99049) to work on /home/dea/weather-monitoring/venv/lib/python3.10/site-packages/airflow/example_dags/plugins/listener_plugin.py
[2024-12-04T15:15:36.424+0700] {processor.py:914} INFO - Processing file /home/dea/weather-monitoring/venv/lib/python3.10/site-packages/airflow/example_dags/plugins/listener_plugin.py for tasks to queue
[2024-12-04T15:15:36.432+0700] {logging_mixin.py:190} INFO - [2024-12-04T15:15:36.431+0700] {dagbag.py:588} INFO - Filling up the DagBag from /home/dea/weather-monitoring/venv/lib/python3.10/site-packages/airflow/example_dags/plugins/listener_plugin.py
[2024-12-04T15:15:36.465+0700] {processor.py:927} WARNING - No viable dags retrieved from /home/dea/weather-monitoring/venv/lib/python3.10/site-packages/airflow/example_dags/plugins/listener_plugin.py
[2024-12-04T15:15:36.709+0700] {processor.py:208} INFO - Processing /home/dea/weather-monitoring/venv/lib/python3.10/site-packages/airflow/example_dags/plugins/listener_plugin.py took 0.428 seconds
[2024-12-04T15:16:19.511+0700] {processor.py:186} INFO - Started process (PID=100086) to work on /home/dea/weather-monitoring/venv/lib/python3.10/site-packages/airflow/example_dags/plugins/listener_plugin.py
[2024-12-04T15:16:19.516+0700] {processor.py:914} INFO - Processing file /home/dea/weather-monitoring/venv/lib/python3.10/site-packages/airflow/example_dags/plugins/listener_plugin.py for tasks to queue
[2024-12-04T15:16:19.526+0700] {logging_mixin.py:190} INFO - [2024-12-04T15:16:19.525+0700] {dagbag.py:588} INFO - Filling up the DagBag from /home/dea/weather-monitoring/venv/lib/python3.10/site-packages/airflow/example_dags/plugins/listener_plugin.py
[2024-12-04T15:16:19.532+0700] {processor.py:927} WARNING - No viable dags retrieved from /home/dea/weather-monitoring/venv/lib/python3.10/site-packages/airflow/example_dags/plugins/listener_plugin.py
[2024-12-04T15:16:19.652+0700] {processor.py:208} INFO - Processing /home/dea/weather-monitoring/venv/lib/python3.10/site-packages/airflow/example_dags/plugins/listener_plugin.py took 0.155 seconds
[2024-12-04T15:16:56.128+0700] {processor.py:186} INFO - Started process (PID=101171) to work on /home/dea/weather-monitoring/venv/lib/python3.10/site-packages/airflow/example_dags/plugins/listener_plugin.py
[2024-12-04T15:16:56.139+0700] {processor.py:914} INFO - Processing file /home/dea/weather-monitoring/venv/lib/python3.10/site-packages/airflow/example_dags/plugins/listener_plugin.py for tasks to queue
[2024-12-04T15:16:56.143+0700] {logging_mixin.py:190} INFO - [2024-12-04T15:16:56.142+0700] {dagbag.py:588} INFO - Filling up the DagBag from /home/dea/weather-monitoring/venv/lib/python3.10/site-packages/airflow/example_dags/plugins/listener_plugin.py
[2024-12-04T15:16:56.152+0700] {processor.py:927} WARNING - No viable dags retrieved from /home/dea/weather-monitoring/venv/lib/python3.10/site-packages/airflow/example_dags/plugins/listener_plugin.py
[2024-12-04T15:16:56.350+0700] {processor.py:208} INFO - Processing /home/dea/weather-monitoring/venv/lib/python3.10/site-packages/airflow/example_dags/plugins/listener_plugin.py took 0.288 seconds
[2024-12-04T15:17:36.969+0700] {processor.py:186} INFO - Started process (PID=102829) to work on /home/dea/weather-monitoring/venv/lib/python3.10/site-packages/airflow/example_dags/plugins/listener_plugin.py
[2024-12-04T15:17:36.975+0700] {processor.py:914} INFO - Processing file /home/dea/weather-monitoring/venv/lib/python3.10/site-packages/airflow/example_dags/plugins/listener_plugin.py for tasks to queue
[2024-12-04T15:17:36.994+0700] {logging_mixin.py:190} INFO - [2024-12-04T15:17:36.988+0700] {dagbag.py:588} INFO - Filling up the DagBag from /home/dea/weather-monitoring/venv/lib/python3.10/site-packages/airflow/example_dags/plugins/listener_plugin.py
[2024-12-04T15:17:37.011+0700] {processor.py:927} WARNING - No viable dags retrieved from /home/dea/weather-monitoring/venv/lib/python3.10/site-packages/airflow/example_dags/plugins/listener_plugin.py
[2024-12-04T15:17:37.105+0700] {processor.py:208} INFO - Processing /home/dea/weather-monitoring/venv/lib/python3.10/site-packages/airflow/example_dags/plugins/listener_plugin.py took 0.155 seconds
[2024-12-04T15:18:23.519+0700] {processor.py:186} INFO - Started process (PID=104574) to work on /home/dea/weather-monitoring/venv/lib/python3.10/site-packages/airflow/example_dags/plugins/listener_plugin.py
[2024-12-04T15:18:23.524+0700] {processor.py:914} INFO - Processing file /home/dea/weather-monitoring/venv/lib/python3.10/site-packages/airflow/example_dags/plugins/listener_plugin.py for tasks to queue
[2024-12-04T15:18:23.535+0700] {logging_mixin.py:190} INFO - [2024-12-04T15:18:23.535+0700] {dagbag.py:588} INFO - Filling up the DagBag from /home/dea/weather-monitoring/venv/lib/python3.10/site-packages/airflow/example_dags/plugins/listener_plugin.py
[2024-12-04T15:18:23.573+0700] {processor.py:927} WARNING - No viable dags retrieved from /home/dea/weather-monitoring/venv/lib/python3.10/site-packages/airflow/example_dags/plugins/listener_plugin.py
[2024-12-04T15:18:23.832+0700] {processor.py:208} INFO - Processing /home/dea/weather-monitoring/venv/lib/python3.10/site-packages/airflow/example_dags/plugins/listener_plugin.py took 0.440 seconds
[2024-12-04T15:19:10.539+0700] {processor.py:186} INFO - Started process (PID=105962) to work on /home/dea/weather-monitoring/venv/lib/python3.10/site-packages/airflow/example_dags/plugins/listener_plugin.py
[2024-12-04T15:19:10.543+0700] {processor.py:914} INFO - Processing file /home/dea/weather-monitoring/venv/lib/python3.10/site-packages/airflow/example_dags/plugins/listener_plugin.py for tasks to queue
[2024-12-04T15:19:10.547+0700] {logging_mixin.py:190} INFO - [2024-12-04T15:19:10.546+0700] {dagbag.py:588} INFO - Filling up the DagBag from /home/dea/weather-monitoring/venv/lib/python3.10/site-packages/airflow/example_dags/plugins/listener_plugin.py
[2024-12-04T15:19:10.556+0700] {processor.py:927} WARNING - No viable dags retrieved from /home/dea/weather-monitoring/venv/lib/python3.10/site-packages/airflow/example_dags/plugins/listener_plugin.py
[2024-12-04T15:19:10.737+0700] {processor.py:208} INFO - Processing /home/dea/weather-monitoring/venv/lib/python3.10/site-packages/airflow/example_dags/plugins/listener_plugin.py took 0.234 seconds
[2024-12-04T15:20:16.984+0700] {processor.py:186} INFO - Started process (PID=107984) to work on /home/dea/weather-monitoring/venv/lib/python3.10/site-packages/airflow/example_dags/plugins/listener_plugin.py
[2024-12-04T15:20:17.022+0700] {processor.py:914} INFO - Processing file /home/dea/weather-monitoring/venv/lib/python3.10/site-packages/airflow/example_dags/plugins/listener_plugin.py for tasks to queue
[2024-12-04T15:20:17.024+0700] {logging_mixin.py:190} INFO - [2024-12-04T15:20:17.023+0700] {dagbag.py:588} INFO - Filling up the DagBag from /home/dea/weather-monitoring/venv/lib/python3.10/site-packages/airflow/example_dags/plugins/listener_plugin.py
[2024-12-04T15:20:17.036+0700] {processor.py:927} WARNING - No viable dags retrieved from /home/dea/weather-monitoring/venv/lib/python3.10/site-packages/airflow/example_dags/plugins/listener_plugin.py
[2024-12-04T15:20:17.167+0700] {processor.py:208} INFO - Processing /home/dea/weather-monitoring/venv/lib/python3.10/site-packages/airflow/example_dags/plugins/listener_plugin.py took 0.315 seconds
