[2024-12-04T13:11:43.143+0700] {processor.py:186} INFO - Started process (PID=15957) to work on /home/dea/weather-monitoring/venv/lib/python3.10/site-packages/airflow/example_dags/plugins/workday.py
[2024-12-04T13:11:43.144+0700] {processor.py:914} INFO - Processing file /home/dea/weather-monitoring/venv/lib/python3.10/site-packages/airflow/example_dags/plugins/workday.py for tasks to queue
[2024-12-04T13:11:43.148+0700] {logging_mixin.py:190} INFO - [2024-12-04T13:11:43.147+0700] {dagbag.py:588} INFO - Filling up the DagBag from /home/dea/weather-monitoring/venv/lib/python3.10/site-packages/airflow/example_dags/plugins/workday.py
[2024-12-04T13:11:43.151+0700] {logging_mixin.py:190} INFO - [2024-12-04T13:11:43.151+0700] {workday.py:41} WARNING - Could not import pandas. Holidays will not be considered.
[2024-12-04T13:11:43.151+0700] {processor.py:927} WARNING - No viable dags retrieved from /home/dea/weather-monitoring/venv/lib/python3.10/site-packages/airflow/example_dags/plugins/workday.py
[2024-12-04T13:11:43.168+0700] {processor.py:208} INFO - Processing /home/dea/weather-monitoring/venv/lib/python3.10/site-packages/airflow/example_dags/plugins/workday.py took 0.033 seconds
[2024-12-04T13:12:47.524+0700] {processor.py:186} INFO - Started process (PID=16800) to work on /home/dea/weather-monitoring/venv/lib/python3.10/site-packages/airflow/example_dags/plugins/workday.py
[2024-12-04T13:12:47.525+0700] {processor.py:914} INFO - Processing file /home/dea/weather-monitoring/venv/lib/python3.10/site-packages/airflow/example_dags/plugins/workday.py for tasks to queue
[2024-12-04T13:12:47.529+0700] {logging_mixin.py:190} INFO - [2024-12-04T13:12:47.528+0700] {dagbag.py:588} INFO - Filling up the DagBag from /home/dea/weather-monitoring/venv/lib/python3.10/site-packages/airflow/example_dags/plugins/workday.py
[2024-12-04T13:12:47.532+0700] {logging_mixin.py:190} INFO - [2024-12-04T13:12:47.531+0700] {workday.py:41} WARNING - Could not import pandas. Holidays will not be considered.
[2024-12-04T13:12:47.532+0700] {processor.py:927} WARNING - No viable dags retrieved from /home/dea/weather-monitoring/venv/lib/python3.10/site-packages/airflow/example_dags/plugins/workday.py
[2024-12-04T13:12:47.548+0700] {processor.py:208} INFO - Processing /home/dea/weather-monitoring/venv/lib/python3.10/site-packages/airflow/example_dags/plugins/workday.py took 0.033 seconds
[2024-12-04T13:13:54.469+0700] {processor.py:186} INFO - Started process (PID=17450) to work on /home/dea/weather-monitoring/venv/lib/python3.10/site-packages/airflow/example_dags/plugins/workday.py
[2024-12-04T13:13:54.470+0700] {processor.py:914} INFO - Processing file /home/dea/weather-monitoring/venv/lib/python3.10/site-packages/airflow/example_dags/plugins/workday.py for tasks to queue
[2024-12-04T13:13:54.473+0700] {logging_mixin.py:190} INFO - [2024-12-04T13:13:54.472+0700] {dagbag.py:588} INFO - Filling up the DagBag from /home/dea/weather-monitoring/venv/lib/python3.10/site-packages/airflow/example_dags/plugins/workday.py
[2024-12-04T13:13:54.477+0700] {logging_mixin.py:190} INFO - [2024-12-04T13:13:54.477+0700] {workday.py:41} WARNING - Could not import pandas. Holidays will not be considered.
[2024-12-04T13:13:54.478+0700] {processor.py:927} WARNING - No viable dags retrieved from /home/dea/weather-monitoring/venv/lib/python3.10/site-packages/airflow/example_dags/plugins/workday.py
[2024-12-04T13:13:54.491+0700] {processor.py:208} INFO - Processing /home/dea/weather-monitoring/venv/lib/python3.10/site-packages/airflow/example_dags/plugins/workday.py took 0.030 seconds
[2024-12-04T13:32:05.687+0700] {processor.py:186} INFO - Started process (PID=30672) to work on /home/dea/weather-monitoring/venv/lib/python3.10/site-packages/airflow/example_dags/plugins/workday.py
[2024-12-04T13:32:05.688+0700] {processor.py:914} INFO - Processing file /home/dea/weather-monitoring/venv/lib/python3.10/site-packages/airflow/example_dags/plugins/workday.py for tasks to queue
[2024-12-04T13:32:05.690+0700] {logging_mixin.py:190} INFO - [2024-12-04T13:32:05.690+0700] {dagbag.py:588} INFO - Filling up the DagBag from /home/dea/weather-monitoring/venv/lib/python3.10/site-packages/airflow/example_dags/plugins/workday.py
[2024-12-04T13:32:05.694+0700] {logging_mixin.py:190} INFO - [2024-12-04T13:32:05.694+0700] {workday.py:41} WARNING - Could not import pandas. Holidays will not be considered.
[2024-12-04T13:32:05.694+0700] {processor.py:927} WARNING - No viable dags retrieved from /home/dea/weather-monitoring/venv/lib/python3.10/site-packages/airflow/example_dags/plugins/workday.py
[2024-12-04T13:32:05.711+0700] {processor.py:208} INFO - Processing /home/dea/weather-monitoring/venv/lib/python3.10/site-packages/airflow/example_dags/plugins/workday.py took 0.031 seconds
[2024-12-04T13:33:03.107+0700] {processor.py:186} INFO - Started process (PID=30844) to work on /home/dea/weather-monitoring/venv/lib/python3.10/site-packages/airflow/example_dags/plugins/workday.py
[2024-12-04T13:33:03.110+0700] {processor.py:914} INFO - Processing file /home/dea/weather-monitoring/venv/lib/python3.10/site-packages/airflow/example_dags/plugins/workday.py for tasks to queue
[2024-12-04T13:33:03.116+0700] {logging_mixin.py:190} INFO - [2024-12-04T13:33:03.115+0700] {dagbag.py:588} INFO - Filling up the DagBag from /home/dea/weather-monitoring/venv/lib/python3.10/site-packages/airflow/example_dags/plugins/workday.py
[2024-12-04T13:33:03.121+0700] {logging_mixin.py:190} INFO - [2024-12-04T13:33:03.121+0700] {workday.py:41} WARNING - Could not import pandas. Holidays will not be considered.
[2024-12-04T13:33:03.121+0700] {processor.py:927} WARNING - No viable dags retrieved from /home/dea/weather-monitoring/venv/lib/python3.10/site-packages/airflow/example_dags/plugins/workday.py
[2024-12-04T13:33:03.132+0700] {processor.py:208} INFO - Processing /home/dea/weather-monitoring/venv/lib/python3.10/site-packages/airflow/example_dags/plugins/workday.py took 0.044 seconds
[2024-12-04T13:33:57.025+0700] {processor.py:186} INFO - Started process (PID=31048) to work on /home/dea/weather-monitoring/venv/lib/python3.10/site-packages/airflow/example_dags/plugins/workday.py
[2024-12-04T13:33:57.027+0700] {processor.py:914} INFO - Processing file /home/dea/weather-monitoring/venv/lib/python3.10/site-packages/airflow/example_dags/plugins/workday.py for tasks to queue
[2024-12-04T13:33:57.029+0700] {logging_mixin.py:190} INFO - [2024-12-04T13:33:57.029+0700] {dagbag.py:588} INFO - Filling up the DagBag from /home/dea/weather-monitoring/venv/lib/python3.10/site-packages/airflow/example_dags/plugins/workday.py
[2024-12-04T13:33:57.033+0700] {logging_mixin.py:190} INFO - [2024-12-04T13:33:57.033+0700] {workday.py:41} WARNING - Could not import pandas. Holidays will not be considered.
[2024-12-04T13:33:57.033+0700] {processor.py:927} WARNING - No viable dags retrieved from /home/dea/weather-monitoring/venv/lib/python3.10/site-packages/airflow/example_dags/plugins/workday.py
[2024-12-04T13:33:57.047+0700] {processor.py:208} INFO - Processing /home/dea/weather-monitoring/venv/lib/python3.10/site-packages/airflow/example_dags/plugins/workday.py took 0.028 seconds
[2024-12-04T13:34:53.912+0700] {processor.py:186} INFO - Started process (PID=31281) to work on /home/dea/weather-monitoring/venv/lib/python3.10/site-packages/airflow/example_dags/plugins/workday.py
[2024-12-04T13:34:53.913+0700] {processor.py:914} INFO - Processing file /home/dea/weather-monitoring/venv/lib/python3.10/site-packages/airflow/example_dags/plugins/workday.py for tasks to queue
[2024-12-04T13:34:53.916+0700] {logging_mixin.py:190} INFO - [2024-12-04T13:34:53.915+0700] {dagbag.py:588} INFO - Filling up the DagBag from /home/dea/weather-monitoring/venv/lib/python3.10/site-packages/airflow/example_dags/plugins/workday.py
[2024-12-04T13:34:53.920+0700] {logging_mixin.py:190} INFO - [2024-12-04T13:34:53.919+0700] {workday.py:41} WARNING - Could not import pandas. Holidays will not be considered.
[2024-12-04T13:34:53.920+0700] {processor.py:927} WARNING - No viable dags retrieved from /home/dea/weather-monitoring/venv/lib/python3.10/site-packages/airflow/example_dags/plugins/workday.py
[2024-12-04T13:34:53.933+0700] {processor.py:208} INFO - Processing /home/dea/weather-monitoring/venv/lib/python3.10/site-packages/airflow/example_dags/plugins/workday.py took 0.029 seconds
[2024-12-04T14:09:36.947+0700] {processor.py:186} INFO - Started process (PID=37290) to work on /home/dea/weather-monitoring/venv/lib/python3.10/site-packages/airflow/example_dags/plugins/workday.py
[2024-12-04T14:09:36.949+0700] {processor.py:914} INFO - Processing file /home/dea/weather-monitoring/venv/lib/python3.10/site-packages/airflow/example_dags/plugins/workday.py for tasks to queue
[2024-12-04T14:09:36.955+0700] {logging_mixin.py:190} INFO - [2024-12-04T14:09:36.954+0700] {dagbag.py:588} INFO - Filling up the DagBag from /home/dea/weather-monitoring/venv/lib/python3.10/site-packages/airflow/example_dags/plugins/workday.py
[2024-12-04T14:09:36.962+0700] {logging_mixin.py:190} INFO - [2024-12-04T14:09:36.961+0700] {workday.py:41} WARNING - Could not import pandas. Holidays will not be considered.
[2024-12-04T14:09:36.963+0700] {processor.py:927} WARNING - No viable dags retrieved from /home/dea/weather-monitoring/venv/lib/python3.10/site-packages/airflow/example_dags/plugins/workday.py
[2024-12-04T14:09:36.989+0700] {processor.py:208} INFO - Processing /home/dea/weather-monitoring/venv/lib/python3.10/site-packages/airflow/example_dags/plugins/workday.py took 0.059 seconds
[2024-12-04T14:10:41.849+0700] {processor.py:186} INFO - Started process (PID=37751) to work on /home/dea/weather-monitoring/venv/lib/python3.10/site-packages/airflow/example_dags/plugins/workday.py
[2024-12-04T14:10:41.851+0700] {processor.py:914} INFO - Processing file /home/dea/weather-monitoring/venv/lib/python3.10/site-packages/airflow/example_dags/plugins/workday.py for tasks to queue
[2024-12-04T14:10:41.856+0700] {logging_mixin.py:190} INFO - [2024-12-04T14:10:41.855+0700] {dagbag.py:588} INFO - Filling up the DagBag from /home/dea/weather-monitoring/venv/lib/python3.10/site-packages/airflow/example_dags/plugins/workday.py
[2024-12-04T14:10:41.863+0700] {logging_mixin.py:190} INFO - [2024-12-04T14:10:41.863+0700] {workday.py:41} WARNING - Could not import pandas. Holidays will not be considered.
[2024-12-04T14:10:41.864+0700] {processor.py:927} WARNING - No viable dags retrieved from /home/dea/weather-monitoring/venv/lib/python3.10/site-packages/airflow/example_dags/plugins/workday.py
[2024-12-04T14:10:41.885+0700] {processor.py:208} INFO - Processing /home/dea/weather-monitoring/venv/lib/python3.10/site-packages/airflow/example_dags/plugins/workday.py took 0.052 seconds
[2024-12-04T14:40:20.082+0700] {processor.py:186} INFO - Started process (PID=45328) to work on /home/dea/weather-monitoring/venv/lib/python3.10/site-packages/airflow/example_dags/plugins/workday.py
[2024-12-04T14:40:20.084+0700] {processor.py:914} INFO - Processing file /home/dea/weather-monitoring/venv/lib/python3.10/site-packages/airflow/example_dags/plugins/workday.py for tasks to queue
[2024-12-04T14:40:20.090+0700] {logging_mixin.py:190} INFO - [2024-12-04T14:40:20.088+0700] {dagbag.py:588} INFO - Filling up the DagBag from /home/dea/weather-monitoring/venv/lib/python3.10/site-packages/airflow/example_dags/plugins/workday.py
[2024-12-04T14:40:20.096+0700] {logging_mixin.py:190} INFO - [2024-12-04T14:40:20.095+0700] {workday.py:41} WARNING - Could not import pandas. Holidays will not be considered.
[2024-12-04T14:40:20.097+0700] {processor.py:927} WARNING - No viable dags retrieved from /home/dea/weather-monitoring/venv/lib/python3.10/site-packages/airflow/example_dags/plugins/workday.py
[2024-12-04T14:40:20.156+0700] {processor.py:208} INFO - Processing /home/dea/weather-monitoring/venv/lib/python3.10/site-packages/airflow/example_dags/plugins/workday.py took 0.107 seconds
[2024-12-04T14:40:50.712+0700] {processor.py:186} INFO - Started process (PID=45898) to work on /home/dea/weather-monitoring/venv/lib/python3.10/site-packages/airflow/example_dags/plugins/workday.py
[2024-12-04T14:40:50.716+0700] {processor.py:914} INFO - Processing file /home/dea/weather-monitoring/venv/lib/python3.10/site-packages/airflow/example_dags/plugins/workday.py for tasks to queue
[2024-12-04T14:40:50.723+0700] {logging_mixin.py:190} INFO - [2024-12-04T14:40:50.722+0700] {dagbag.py:588} INFO - Filling up the DagBag from /home/dea/weather-monitoring/venv/lib/python3.10/site-packages/airflow/example_dags/plugins/workday.py
[2024-12-04T14:40:50.744+0700] {logging_mixin.py:190} INFO - [2024-12-04T14:40:50.743+0700] {workday.py:41} WARNING - Could not import pandas. Holidays will not be considered.
[2024-12-04T14:40:50.745+0700] {processor.py:927} WARNING - No viable dags retrieved from /home/dea/weather-monitoring/venv/lib/python3.10/site-packages/airflow/example_dags/plugins/workday.py
[2024-12-04T14:40:50.847+0700] {processor.py:208} INFO - Processing /home/dea/weather-monitoring/venv/lib/python3.10/site-packages/airflow/example_dags/plugins/workday.py took 0.155 seconds
[2024-12-04T14:41:21.329+0700] {processor.py:186} INFO - Started process (PID=46196) to work on /home/dea/weather-monitoring/venv/lib/python3.10/site-packages/airflow/example_dags/plugins/workday.py
[2024-12-04T14:41:21.332+0700] {processor.py:914} INFO - Processing file /home/dea/weather-monitoring/venv/lib/python3.10/site-packages/airflow/example_dags/plugins/workday.py for tasks to queue
[2024-12-04T14:41:21.337+0700] {logging_mixin.py:190} INFO - [2024-12-04T14:41:21.336+0700] {dagbag.py:588} INFO - Filling up the DagBag from /home/dea/weather-monitoring/venv/lib/python3.10/site-packages/airflow/example_dags/plugins/workday.py
[2024-12-04T14:41:21.345+0700] {logging_mixin.py:190} INFO - [2024-12-04T14:41:21.345+0700] {workday.py:41} WARNING - Could not import pandas. Holidays will not be considered.
[2024-12-04T14:41:21.346+0700] {processor.py:927} WARNING - No viable dags retrieved from /home/dea/weather-monitoring/venv/lib/python3.10/site-packages/airflow/example_dags/plugins/workday.py
[2024-12-04T14:41:21.456+0700] {processor.py:208} INFO - Processing /home/dea/weather-monitoring/venv/lib/python3.10/site-packages/airflow/example_dags/plugins/workday.py took 0.158 seconds
[2024-12-04T14:41:51.677+0700] {processor.py:186} INFO - Started process (PID=46492) to work on /home/dea/weather-monitoring/venv/lib/python3.10/site-packages/airflow/example_dags/plugins/workday.py
[2024-12-04T14:41:51.679+0700] {processor.py:914} INFO - Processing file /home/dea/weather-monitoring/venv/lib/python3.10/site-packages/airflow/example_dags/plugins/workday.py for tasks to queue
[2024-12-04T14:41:51.685+0700] {logging_mixin.py:190} INFO - [2024-12-04T14:41:51.684+0700] {dagbag.py:588} INFO - Filling up the DagBag from /home/dea/weather-monitoring/venv/lib/python3.10/site-packages/airflow/example_dags/plugins/workday.py
[2024-12-04T14:41:51.696+0700] {logging_mixin.py:190} INFO - [2024-12-04T14:41:51.695+0700] {workday.py:41} WARNING - Could not import pandas. Holidays will not be considered.
[2024-12-04T14:41:51.697+0700] {processor.py:927} WARNING - No viable dags retrieved from /home/dea/weather-monitoring/venv/lib/python3.10/site-packages/airflow/example_dags/plugins/workday.py
[2024-12-04T14:41:51.759+0700] {processor.py:208} INFO - Processing /home/dea/weather-monitoring/venv/lib/python3.10/site-packages/airflow/example_dags/plugins/workday.py took 0.103 seconds
[2024-12-04T14:42:22.705+0700] {processor.py:186} INFO - Started process (PID=46853) to work on /home/dea/weather-monitoring/venv/lib/python3.10/site-packages/airflow/example_dags/plugins/workday.py
[2024-12-04T14:42:22.708+0700] {processor.py:914} INFO - Processing file /home/dea/weather-monitoring/venv/lib/python3.10/site-packages/airflow/example_dags/plugins/workday.py for tasks to queue
[2024-12-04T14:42:22.745+0700] {logging_mixin.py:190} INFO - [2024-12-04T14:42:22.740+0700] {dagbag.py:588} INFO - Filling up the DagBag from /home/dea/weather-monitoring/venv/lib/python3.10/site-packages/airflow/example_dags/plugins/workday.py
[2024-12-04T14:42:22.765+0700] {logging_mixin.py:190} INFO - [2024-12-04T14:42:22.764+0700] {workday.py:41} WARNING - Could not import pandas. Holidays will not be considered.
[2024-12-04T14:42:22.767+0700] {processor.py:927} WARNING - No viable dags retrieved from /home/dea/weather-monitoring/venv/lib/python3.10/site-packages/airflow/example_dags/plugins/workday.py
[2024-12-04T14:42:22.868+0700] {processor.py:208} INFO - Processing /home/dea/weather-monitoring/venv/lib/python3.10/site-packages/airflow/example_dags/plugins/workday.py took 0.183 seconds
[2024-12-04T14:42:53.067+0700] {processor.py:186} INFO - Started process (PID=47547) to work on /home/dea/weather-monitoring/venv/lib/python3.10/site-packages/airflow/example_dags/plugins/workday.py
[2024-12-04T14:42:53.069+0700] {processor.py:914} INFO - Processing file /home/dea/weather-monitoring/venv/lib/python3.10/site-packages/airflow/example_dags/plugins/workday.py for tasks to queue
[2024-12-04T14:42:53.075+0700] {logging_mixin.py:190} INFO - [2024-12-04T14:42:53.074+0700] {dagbag.py:588} INFO - Filling up the DagBag from /home/dea/weather-monitoring/venv/lib/python3.10/site-packages/airflow/example_dags/plugins/workday.py
[2024-12-04T14:42:53.083+0700] {logging_mixin.py:190} INFO - [2024-12-04T14:42:53.082+0700] {workday.py:41} WARNING - Could not import pandas. Holidays will not be considered.
[2024-12-04T14:42:53.084+0700] {processor.py:927} WARNING - No viable dags retrieved from /home/dea/weather-monitoring/venv/lib/python3.10/site-packages/airflow/example_dags/plugins/workday.py
[2024-12-04T14:42:53.139+0700] {processor.py:208} INFO - Processing /home/dea/weather-monitoring/venv/lib/python3.10/site-packages/airflow/example_dags/plugins/workday.py took 0.086 seconds
[2024-12-04T14:43:23.553+0700] {processor.py:186} INFO - Started process (PID=47713) to work on /home/dea/weather-monitoring/venv/lib/python3.10/site-packages/airflow/example_dags/plugins/workday.py
[2024-12-04T14:43:23.555+0700] {processor.py:914} INFO - Processing file /home/dea/weather-monitoring/venv/lib/python3.10/site-packages/airflow/example_dags/plugins/workday.py for tasks to queue
[2024-12-04T14:43:23.561+0700] {logging_mixin.py:190} INFO - [2024-12-04T14:43:23.560+0700] {dagbag.py:588} INFO - Filling up the DagBag from /home/dea/weather-monitoring/venv/lib/python3.10/site-packages/airflow/example_dags/plugins/workday.py
[2024-12-04T14:43:23.568+0700] {logging_mixin.py:190} INFO - [2024-12-04T14:43:23.567+0700] {workday.py:41} WARNING - Could not import pandas. Holidays will not be considered.
[2024-12-04T14:43:23.569+0700] {processor.py:927} WARNING - No viable dags retrieved from /home/dea/weather-monitoring/venv/lib/python3.10/site-packages/airflow/example_dags/plugins/workday.py
[2024-12-04T14:43:23.618+0700] {processor.py:208} INFO - Processing /home/dea/weather-monitoring/venv/lib/python3.10/site-packages/airflow/example_dags/plugins/workday.py took 0.086 seconds
[2024-12-04T14:43:54.662+0700] {processor.py:186} INFO - Started process (PID=47842) to work on /home/dea/weather-monitoring/venv/lib/python3.10/site-packages/airflow/example_dags/plugins/workday.py
[2024-12-04T14:43:54.666+0700] {processor.py:914} INFO - Processing file /home/dea/weather-monitoring/venv/lib/python3.10/site-packages/airflow/example_dags/plugins/workday.py for tasks to queue
[2024-12-04T14:43:54.671+0700] {logging_mixin.py:190} INFO - [2024-12-04T14:43:54.670+0700] {dagbag.py:588} INFO - Filling up the DagBag from /home/dea/weather-monitoring/venv/lib/python3.10/site-packages/airflow/example_dags/plugins/workday.py
[2024-12-04T14:43:54.678+0700] {logging_mixin.py:190} INFO - [2024-12-04T14:43:54.677+0700] {workday.py:41} WARNING - Could not import pandas. Holidays will not be considered.
[2024-12-04T14:43:54.679+0700] {processor.py:927} WARNING - No viable dags retrieved from /home/dea/weather-monitoring/venv/lib/python3.10/site-packages/airflow/example_dags/plugins/workday.py
[2024-12-04T14:43:54.732+0700] {processor.py:208} INFO - Processing /home/dea/weather-monitoring/venv/lib/python3.10/site-packages/airflow/example_dags/plugins/workday.py took 0.085 seconds
[2024-12-04T14:44:25.151+0700] {processor.py:186} INFO - Started process (PID=47973) to work on /home/dea/weather-monitoring/venv/lib/python3.10/site-packages/airflow/example_dags/plugins/workday.py
[2024-12-04T14:44:25.153+0700] {processor.py:914} INFO - Processing file /home/dea/weather-monitoring/venv/lib/python3.10/site-packages/airflow/example_dags/plugins/workday.py for tasks to queue
[2024-12-04T14:44:25.158+0700] {logging_mixin.py:190} INFO - [2024-12-04T14:44:25.157+0700] {dagbag.py:588} INFO - Filling up the DagBag from /home/dea/weather-monitoring/venv/lib/python3.10/site-packages/airflow/example_dags/plugins/workday.py
[2024-12-04T14:44:25.164+0700] {logging_mixin.py:190} INFO - [2024-12-04T14:44:25.164+0700] {workday.py:41} WARNING - Could not import pandas. Holidays will not be considered.
[2024-12-04T14:44:25.165+0700] {processor.py:927} WARNING - No viable dags retrieved from /home/dea/weather-monitoring/venv/lib/python3.10/site-packages/airflow/example_dags/plugins/workday.py
[2024-12-04T14:44:25.213+0700] {processor.py:208} INFO - Processing /home/dea/weather-monitoring/venv/lib/python3.10/site-packages/airflow/example_dags/plugins/workday.py took 0.077 seconds
[2024-12-04T14:44:58.804+0700] {processor.py:186} INFO - Started process (PID=48708) to work on /home/dea/weather-monitoring/venv/lib/python3.10/site-packages/airflow/example_dags/plugins/workday.py
[2024-12-04T14:44:58.822+0700] {processor.py:914} INFO - Processing file /home/dea/weather-monitoring/venv/lib/python3.10/site-packages/airflow/example_dags/plugins/workday.py for tasks to queue
[2024-12-04T14:44:58.835+0700] {logging_mixin.py:190} INFO - [2024-12-04T14:44:58.834+0700] {dagbag.py:588} INFO - Filling up the DagBag from /home/dea/weather-monitoring/venv/lib/python3.10/site-packages/airflow/example_dags/plugins/workday.py
[2024-12-04T14:44:58.864+0700] {logging_mixin.py:190} INFO - [2024-12-04T14:44:58.863+0700] {workday.py:41} WARNING - Could not import pandas. Holidays will not be considered.
[2024-12-04T14:44:58.866+0700] {processor.py:927} WARNING - No viable dags retrieved from /home/dea/weather-monitoring/venv/lib/python3.10/site-packages/airflow/example_dags/plugins/workday.py
[2024-12-04T14:44:58.944+0700] {processor.py:208} INFO - Processing /home/dea/weather-monitoring/venv/lib/python3.10/site-packages/airflow/example_dags/plugins/workday.py took 0.196 seconds
[2024-12-04T14:45:29.045+0700] {processor.py:186} INFO - Started process (PID=49498) to work on /home/dea/weather-monitoring/venv/lib/python3.10/site-packages/airflow/example_dags/plugins/workday.py
[2024-12-04T14:45:29.047+0700] {processor.py:914} INFO - Processing file /home/dea/weather-monitoring/venv/lib/python3.10/site-packages/airflow/example_dags/plugins/workday.py for tasks to queue
[2024-12-04T14:45:29.054+0700] {logging_mixin.py:190} INFO - [2024-12-04T14:45:29.053+0700] {dagbag.py:588} INFO - Filling up the DagBag from /home/dea/weather-monitoring/venv/lib/python3.10/site-packages/airflow/example_dags/plugins/workday.py
[2024-12-04T14:45:29.061+0700] {logging_mixin.py:190} INFO - [2024-12-04T14:45:29.061+0700] {workday.py:41} WARNING - Could not import pandas. Holidays will not be considered.
[2024-12-04T14:45:29.062+0700] {processor.py:927} WARNING - No viable dags retrieved from /home/dea/weather-monitoring/venv/lib/python3.10/site-packages/airflow/example_dags/plugins/workday.py
[2024-12-04T14:45:29.146+0700] {processor.py:208} INFO - Processing /home/dea/weather-monitoring/venv/lib/python3.10/site-packages/airflow/example_dags/plugins/workday.py took 0.121 seconds
[2024-12-04T14:45:59.962+0700] {processor.py:186} INFO - Started process (PID=50179) to work on /home/dea/weather-monitoring/venv/lib/python3.10/site-packages/airflow/example_dags/plugins/workday.py
[2024-12-04T14:45:59.971+0700] {processor.py:914} INFO - Processing file /home/dea/weather-monitoring/venv/lib/python3.10/site-packages/airflow/example_dags/plugins/workday.py for tasks to queue
[2024-12-04T14:45:59.979+0700] {logging_mixin.py:190} INFO - [2024-12-04T14:45:59.978+0700] {dagbag.py:588} INFO - Filling up the DagBag from /home/dea/weather-monitoring/venv/lib/python3.10/site-packages/airflow/example_dags/plugins/workday.py
[2024-12-04T14:45:59.989+0700] {logging_mixin.py:190} INFO - [2024-12-04T14:45:59.988+0700] {workday.py:41} WARNING - Could not import pandas. Holidays will not be considered.
[2024-12-04T14:45:59.991+0700] {processor.py:927} WARNING - No viable dags retrieved from /home/dea/weather-monitoring/venv/lib/python3.10/site-packages/airflow/example_dags/plugins/workday.py
[2024-12-04T14:46:00.118+0700] {processor.py:208} INFO - Processing /home/dea/weather-monitoring/venv/lib/python3.10/site-packages/airflow/example_dags/plugins/workday.py took 0.183 seconds
[2024-12-04T14:46:31.441+0700] {processor.py:186} INFO - Started process (PID=50994) to work on /home/dea/weather-monitoring/venv/lib/python3.10/site-packages/airflow/example_dags/plugins/workday.py
[2024-12-04T14:46:31.457+0700] {processor.py:914} INFO - Processing file /home/dea/weather-monitoring/venv/lib/python3.10/site-packages/airflow/example_dags/plugins/workday.py for tasks to queue
[2024-12-04T14:46:31.473+0700] {logging_mixin.py:190} INFO - [2024-12-04T14:46:31.472+0700] {dagbag.py:588} INFO - Filling up the DagBag from /home/dea/weather-monitoring/venv/lib/python3.10/site-packages/airflow/example_dags/plugins/workday.py
[2024-12-04T14:46:31.516+0700] {logging_mixin.py:190} INFO - [2024-12-04T14:46:31.515+0700] {workday.py:41} WARNING - Could not import pandas. Holidays will not be considered.
[2024-12-04T14:46:31.518+0700] {processor.py:927} WARNING - No viable dags retrieved from /home/dea/weather-monitoring/venv/lib/python3.10/site-packages/airflow/example_dags/plugins/workday.py
[2024-12-04T14:46:31.637+0700] {processor.py:208} INFO - Processing /home/dea/weather-monitoring/venv/lib/python3.10/site-packages/airflow/example_dags/plugins/workday.py took 0.248 seconds
[2024-12-04T14:47:02.762+0700] {processor.py:186} INFO - Started process (PID=51514) to work on /home/dea/weather-monitoring/venv/lib/python3.10/site-packages/airflow/example_dags/plugins/workday.py
[2024-12-04T14:47:02.766+0700] {processor.py:914} INFO - Processing file /home/dea/weather-monitoring/venv/lib/python3.10/site-packages/airflow/example_dags/plugins/workday.py for tasks to queue
[2024-12-04T14:47:02.775+0700] {logging_mixin.py:190} INFO - [2024-12-04T14:47:02.773+0700] {dagbag.py:588} INFO - Filling up the DagBag from /home/dea/weather-monitoring/venv/lib/python3.10/site-packages/airflow/example_dags/plugins/workday.py
[2024-12-04T14:47:02.784+0700] {logging_mixin.py:190} INFO - [2024-12-04T14:47:02.784+0700] {workday.py:41} WARNING - Could not import pandas. Holidays will not be considered.
[2024-12-04T14:47:02.786+0700] {processor.py:927} WARNING - No viable dags retrieved from /home/dea/weather-monitoring/venv/lib/python3.10/site-packages/airflow/example_dags/plugins/workday.py
[2024-12-04T14:47:02.847+0700] {processor.py:208} INFO - Processing /home/dea/weather-monitoring/venv/lib/python3.10/site-packages/airflow/example_dags/plugins/workday.py took 0.114 seconds
[2024-12-04T14:47:33.023+0700] {processor.py:186} INFO - Started process (PID=52044) to work on /home/dea/weather-monitoring/venv/lib/python3.10/site-packages/airflow/example_dags/plugins/workday.py
[2024-12-04T14:47:33.025+0700] {processor.py:914} INFO - Processing file /home/dea/weather-monitoring/venv/lib/python3.10/site-packages/airflow/example_dags/plugins/workday.py for tasks to queue
[2024-12-04T14:47:33.030+0700] {logging_mixin.py:190} INFO - [2024-12-04T14:47:33.029+0700] {dagbag.py:588} INFO - Filling up the DagBag from /home/dea/weather-monitoring/venv/lib/python3.10/site-packages/airflow/example_dags/plugins/workday.py
[2024-12-04T14:47:33.036+0700] {logging_mixin.py:190} INFO - [2024-12-04T14:47:33.036+0700] {workday.py:41} WARNING - Could not import pandas. Holidays will not be considered.
[2024-12-04T14:47:33.037+0700] {processor.py:927} WARNING - No viable dags retrieved from /home/dea/weather-monitoring/venv/lib/python3.10/site-packages/airflow/example_dags/plugins/workday.py
[2024-12-04T14:47:33.082+0700] {processor.py:208} INFO - Processing /home/dea/weather-monitoring/venv/lib/python3.10/site-packages/airflow/example_dags/plugins/workday.py took 0.079 seconds
[2024-12-04T14:48:04.235+0700] {processor.py:186} INFO - Started process (PID=52440) to work on /home/dea/weather-monitoring/venv/lib/python3.10/site-packages/airflow/example_dags/plugins/workday.py
[2024-12-04T14:48:04.242+0700] {processor.py:914} INFO - Processing file /home/dea/weather-monitoring/venv/lib/python3.10/site-packages/airflow/example_dags/plugins/workday.py for tasks to queue
[2024-12-04T14:48:04.251+0700] {logging_mixin.py:190} INFO - [2024-12-04T14:48:04.250+0700] {dagbag.py:588} INFO - Filling up the DagBag from /home/dea/weather-monitoring/venv/lib/python3.10/site-packages/airflow/example_dags/plugins/workday.py
[2024-12-04T14:48:04.265+0700] {logging_mixin.py:190} INFO - [2024-12-04T14:48:04.264+0700] {workday.py:41} WARNING - Could not import pandas. Holidays will not be considered.
[2024-12-04T14:48:04.267+0700] {processor.py:927} WARNING - No viable dags retrieved from /home/dea/weather-monitoring/venv/lib/python3.10/site-packages/airflow/example_dags/plugins/workday.py
[2024-12-04T14:48:04.351+0700] {processor.py:208} INFO - Processing /home/dea/weather-monitoring/venv/lib/python3.10/site-packages/airflow/example_dags/plugins/workday.py took 0.133 seconds
[2024-12-04T14:48:34.881+0700] {processor.py:186} INFO - Started process (PID=52833) to work on /home/dea/weather-monitoring/venv/lib/python3.10/site-packages/airflow/example_dags/plugins/workday.py
[2024-12-04T14:48:34.885+0700] {processor.py:914} INFO - Processing file /home/dea/weather-monitoring/venv/lib/python3.10/site-packages/airflow/example_dags/plugins/workday.py for tasks to queue
[2024-12-04T14:48:34.893+0700] {logging_mixin.py:190} INFO - [2024-12-04T14:48:34.892+0700] {dagbag.py:588} INFO - Filling up the DagBag from /home/dea/weather-monitoring/venv/lib/python3.10/site-packages/airflow/example_dags/plugins/workday.py
[2024-12-04T14:48:34.904+0700] {logging_mixin.py:190} INFO - [2024-12-04T14:48:34.903+0700] {workday.py:41} WARNING - Could not import pandas. Holidays will not be considered.
[2024-12-04T14:48:34.905+0700] {processor.py:927} WARNING - No viable dags retrieved from /home/dea/weather-monitoring/venv/lib/python3.10/site-packages/airflow/example_dags/plugins/workday.py
[2024-12-04T14:48:34.986+0700] {processor.py:208} INFO - Processing /home/dea/weather-monitoring/venv/lib/python3.10/site-packages/airflow/example_dags/plugins/workday.py took 0.141 seconds
[2024-12-04T14:49:05.605+0700] {processor.py:186} INFO - Started process (PID=53177) to work on /home/dea/weather-monitoring/venv/lib/python3.10/site-packages/airflow/example_dags/plugins/workday.py
[2024-12-04T14:49:05.608+0700] {processor.py:914} INFO - Processing file /home/dea/weather-monitoring/venv/lib/python3.10/site-packages/airflow/example_dags/plugins/workday.py for tasks to queue
[2024-12-04T14:49:05.614+0700] {logging_mixin.py:190} INFO - [2024-12-04T14:49:05.613+0700] {dagbag.py:588} INFO - Filling up the DagBag from /home/dea/weather-monitoring/venv/lib/python3.10/site-packages/airflow/example_dags/plugins/workday.py
[2024-12-04T14:49:05.622+0700] {logging_mixin.py:190} INFO - [2024-12-04T14:49:05.622+0700] {workday.py:41} WARNING - Could not import pandas. Holidays will not be considered.
[2024-12-04T14:49:05.624+0700] {processor.py:927} WARNING - No viable dags retrieved from /home/dea/weather-monitoring/venv/lib/python3.10/site-packages/airflow/example_dags/plugins/workday.py
[2024-12-04T14:49:05.694+0700] {processor.py:208} INFO - Processing /home/dea/weather-monitoring/venv/lib/python3.10/site-packages/airflow/example_dags/plugins/workday.py took 0.107 seconds
[2024-12-04T14:49:36.488+0700] {processor.py:186} INFO - Started process (PID=53767) to work on /home/dea/weather-monitoring/venv/lib/python3.10/site-packages/airflow/example_dags/plugins/workday.py
[2024-12-04T14:49:36.496+0700] {processor.py:914} INFO - Processing file /home/dea/weather-monitoring/venv/lib/python3.10/site-packages/airflow/example_dags/plugins/workday.py for tasks to queue
[2024-12-04T14:49:36.508+0700] {logging_mixin.py:190} INFO - [2024-12-04T14:49:36.507+0700] {dagbag.py:588} INFO - Filling up the DagBag from /home/dea/weather-monitoring/venv/lib/python3.10/site-packages/airflow/example_dags/plugins/workday.py
[2024-12-04T14:49:36.520+0700] {logging_mixin.py:190} INFO - [2024-12-04T14:49:36.519+0700] {workday.py:41} WARNING - Could not import pandas. Holidays will not be considered.
[2024-12-04T14:49:36.522+0700] {processor.py:927} WARNING - No viable dags retrieved from /home/dea/weather-monitoring/venv/lib/python3.10/site-packages/airflow/example_dags/plugins/workday.py
[2024-12-04T14:49:36.643+0700] {processor.py:208} INFO - Processing /home/dea/weather-monitoring/venv/lib/python3.10/site-packages/airflow/example_dags/plugins/workday.py took 0.220 seconds
[2024-12-04T14:50:07.016+0700] {processor.py:186} INFO - Started process (PID=54460) to work on /home/dea/weather-monitoring/venv/lib/python3.10/site-packages/airflow/example_dags/plugins/workday.py
[2024-12-04T14:50:07.018+0700] {processor.py:914} INFO - Processing file /home/dea/weather-monitoring/venv/lib/python3.10/site-packages/airflow/example_dags/plugins/workday.py for tasks to queue
[2024-12-04T14:50:07.025+0700] {logging_mixin.py:190} INFO - [2024-12-04T14:50:07.024+0700] {dagbag.py:588} INFO - Filling up the DagBag from /home/dea/weather-monitoring/venv/lib/python3.10/site-packages/airflow/example_dags/plugins/workday.py
[2024-12-04T14:50:07.036+0700] {logging_mixin.py:190} INFO - [2024-12-04T14:50:07.036+0700] {workday.py:41} WARNING - Could not import pandas. Holidays will not be considered.
[2024-12-04T14:50:07.037+0700] {processor.py:927} WARNING - No viable dags retrieved from /home/dea/weather-monitoring/venv/lib/python3.10/site-packages/airflow/example_dags/plugins/workday.py
[2024-12-04T14:50:07.089+0700] {processor.py:208} INFO - Processing /home/dea/weather-monitoring/venv/lib/python3.10/site-packages/airflow/example_dags/plugins/workday.py took 0.091 seconds
[2024-12-04T14:50:39.369+0700] {processor.py:186} INFO - Started process (PID=55432) to work on /home/dea/weather-monitoring/venv/lib/python3.10/site-packages/airflow/example_dags/plugins/workday.py
[2024-12-04T14:50:39.383+0700] {processor.py:914} INFO - Processing file /home/dea/weather-monitoring/venv/lib/python3.10/site-packages/airflow/example_dags/plugins/workday.py for tasks to queue
[2024-12-04T14:50:39.401+0700] {logging_mixin.py:190} INFO - [2024-12-04T14:50:39.389+0700] {dagbag.py:588} INFO - Filling up the DagBag from /home/dea/weather-monitoring/venv/lib/python3.10/site-packages/airflow/example_dags/plugins/workday.py
[2024-12-04T14:50:39.433+0700] {logging_mixin.py:190} INFO - [2024-12-04T14:50:39.433+0700] {workday.py:41} WARNING - Could not import pandas. Holidays will not be considered.
[2024-12-04T14:50:39.434+0700] {processor.py:927} WARNING - No viable dags retrieved from /home/dea/weather-monitoring/venv/lib/python3.10/site-packages/airflow/example_dags/plugins/workday.py
[2024-12-04T14:50:39.492+0700] {processor.py:208} INFO - Processing /home/dea/weather-monitoring/venv/lib/python3.10/site-packages/airflow/example_dags/plugins/workday.py took 0.198 seconds
[2024-12-04T14:51:09.893+0700] {processor.py:186} INFO - Started process (PID=56228) to work on /home/dea/weather-monitoring/venv/lib/python3.10/site-packages/airflow/example_dags/plugins/workday.py
[2024-12-04T14:51:09.894+0700] {processor.py:914} INFO - Processing file /home/dea/weather-monitoring/venv/lib/python3.10/site-packages/airflow/example_dags/plugins/workday.py for tasks to queue
[2024-12-04T14:51:09.896+0700] {logging_mixin.py:190} INFO - [2024-12-04T14:51:09.896+0700] {dagbag.py:588} INFO - Filling up the DagBag from /home/dea/weather-monitoring/venv/lib/python3.10/site-packages/airflow/example_dags/plugins/workday.py
[2024-12-04T14:51:09.902+0700] {logging_mixin.py:190} INFO - [2024-12-04T14:51:09.902+0700] {workday.py:41} WARNING - Could not import pandas. Holidays will not be considered.
[2024-12-04T14:51:09.903+0700] {processor.py:927} WARNING - No viable dags retrieved from /home/dea/weather-monitoring/venv/lib/python3.10/site-packages/airflow/example_dags/plugins/workday.py
[2024-12-04T14:51:09.978+0700] {processor.py:208} INFO - Processing /home/dea/weather-monitoring/venv/lib/python3.10/site-packages/airflow/example_dags/plugins/workday.py took 0.131 seconds
[2024-12-04T14:51:43.315+0700] {processor.py:186} INFO - Started process (PID=57237) to work on /home/dea/weather-monitoring/venv/lib/python3.10/site-packages/airflow/example_dags/plugins/workday.py
[2024-12-04T14:51:43.334+0700] {processor.py:914} INFO - Processing file /home/dea/weather-monitoring/venv/lib/python3.10/site-packages/airflow/example_dags/plugins/workday.py for tasks to queue
[2024-12-04T14:51:43.340+0700] {logging_mixin.py:190} INFO - [2024-12-04T14:51:43.339+0700] {dagbag.py:588} INFO - Filling up the DagBag from /home/dea/weather-monitoring/venv/lib/python3.10/site-packages/airflow/example_dags/plugins/workday.py
[2024-12-04T14:51:43.355+0700] {logging_mixin.py:190} INFO - [2024-12-04T14:51:43.354+0700] {workday.py:41} WARNING - Could not import pandas. Holidays will not be considered.
[2024-12-04T14:51:43.362+0700] {processor.py:927} WARNING - No viable dags retrieved from /home/dea/weather-monitoring/venv/lib/python3.10/site-packages/airflow/example_dags/plugins/workday.py
[2024-12-04T14:51:43.470+0700] {processor.py:208} INFO - Processing /home/dea/weather-monitoring/venv/lib/python3.10/site-packages/airflow/example_dags/plugins/workday.py took 0.182 seconds
[2024-12-04T14:52:13.949+0700] {processor.py:186} INFO - Started process (PID=57920) to work on /home/dea/weather-monitoring/venv/lib/python3.10/site-packages/airflow/example_dags/plugins/workday.py
[2024-12-04T14:52:13.951+0700] {processor.py:914} INFO - Processing file /home/dea/weather-monitoring/venv/lib/python3.10/site-packages/airflow/example_dags/plugins/workday.py for tasks to queue
[2024-12-04T14:52:13.954+0700] {logging_mixin.py:190} INFO - [2024-12-04T14:52:13.953+0700] {dagbag.py:588} INFO - Filling up the DagBag from /home/dea/weather-monitoring/venv/lib/python3.10/site-packages/airflow/example_dags/plugins/workday.py
[2024-12-04T14:52:13.963+0700] {logging_mixin.py:190} INFO - [2024-12-04T14:52:13.962+0700] {workday.py:41} WARNING - Could not import pandas. Holidays will not be considered.
[2024-12-04T14:52:13.964+0700] {processor.py:927} WARNING - No viable dags retrieved from /home/dea/weather-monitoring/venv/lib/python3.10/site-packages/airflow/example_dags/plugins/workday.py
[2024-12-04T14:52:14.021+0700] {processor.py:208} INFO - Processing /home/dea/weather-monitoring/venv/lib/python3.10/site-packages/airflow/example_dags/plugins/workday.py took 0.087 seconds
[2024-12-04T14:52:44.887+0700] {processor.py:186} INFO - Started process (PID=58455) to work on /home/dea/weather-monitoring/venv/lib/python3.10/site-packages/airflow/example_dags/plugins/workday.py
[2024-12-04T14:52:44.890+0700] {processor.py:914} INFO - Processing file /home/dea/weather-monitoring/venv/lib/python3.10/site-packages/airflow/example_dags/plugins/workday.py for tasks to queue
[2024-12-04T14:52:44.894+0700] {logging_mixin.py:190} INFO - [2024-12-04T14:52:44.892+0700] {dagbag.py:588} INFO - Filling up the DagBag from /home/dea/weather-monitoring/venv/lib/python3.10/site-packages/airflow/example_dags/plugins/workday.py
[2024-12-04T14:52:44.903+0700] {logging_mixin.py:190} INFO - [2024-12-04T14:52:44.902+0700] {workday.py:41} WARNING - Could not import pandas. Holidays will not be considered.
[2024-12-04T14:52:44.904+0700] {processor.py:927} WARNING - No viable dags retrieved from /home/dea/weather-monitoring/venv/lib/python3.10/site-packages/airflow/example_dags/plugins/workday.py
[2024-12-04T14:52:44.955+0700] {processor.py:208} INFO - Processing /home/dea/weather-monitoring/venv/lib/python3.10/site-packages/airflow/example_dags/plugins/workday.py took 0.091 seconds
[2024-12-04T14:53:19.201+0700] {processor.py:186} INFO - Started process (PID=59308) to work on /home/dea/weather-monitoring/venv/lib/python3.10/site-packages/airflow/example_dags/plugins/workday.py
[2024-12-04T14:53:19.212+0700] {processor.py:914} INFO - Processing file /home/dea/weather-monitoring/venv/lib/python3.10/site-packages/airflow/example_dags/plugins/workday.py for tasks to queue
[2024-12-04T14:53:19.230+0700] {logging_mixin.py:190} INFO - [2024-12-04T14:53:19.229+0700] {dagbag.py:588} INFO - Filling up the DagBag from /home/dea/weather-monitoring/venv/lib/python3.10/site-packages/airflow/example_dags/plugins/workday.py
[2024-12-04T14:53:19.270+0700] {logging_mixin.py:190} INFO - [2024-12-04T14:53:19.269+0700] {workday.py:41} WARNING - Could not import pandas. Holidays will not be considered.
[2024-12-04T14:53:19.273+0700] {processor.py:927} WARNING - No viable dags retrieved from /home/dea/weather-monitoring/venv/lib/python3.10/site-packages/airflow/example_dags/plugins/workday.py
[2024-12-04T14:53:19.461+0700] {processor.py:208} INFO - Processing /home/dea/weather-monitoring/venv/lib/python3.10/site-packages/airflow/example_dags/plugins/workday.py took 0.346 seconds
[2024-12-04T14:53:50.139+0700] {processor.py:186} INFO - Started process (PID=60232) to work on /home/dea/weather-monitoring/venv/lib/python3.10/site-packages/airflow/example_dags/plugins/workday.py
[2024-12-04T14:53:50.153+0700] {processor.py:914} INFO - Processing file /home/dea/weather-monitoring/venv/lib/python3.10/site-packages/airflow/example_dags/plugins/workday.py for tasks to queue
[2024-12-04T14:53:50.167+0700] {logging_mixin.py:190} INFO - [2024-12-04T14:53:50.166+0700] {dagbag.py:588} INFO - Filling up the DagBag from /home/dea/weather-monitoring/venv/lib/python3.10/site-packages/airflow/example_dags/plugins/workday.py
[2024-12-04T14:53:50.224+0700] {logging_mixin.py:190} INFO - [2024-12-04T14:53:50.224+0700] {workday.py:41} WARNING - Could not import pandas. Holidays will not be considered.
[2024-12-04T14:53:50.225+0700] {processor.py:927} WARNING - No viable dags retrieved from /home/dea/weather-monitoring/venv/lib/python3.10/site-packages/airflow/example_dags/plugins/workday.py
[2024-12-04T14:53:50.325+0700] {processor.py:208} INFO - Processing /home/dea/weather-monitoring/venv/lib/python3.10/site-packages/airflow/example_dags/plugins/workday.py took 0.265 seconds
[2024-12-04T14:54:25.919+0700] {processor.py:186} INFO - Started process (PID=61356) to work on /home/dea/weather-monitoring/venv/lib/python3.10/site-packages/airflow/example_dags/plugins/workday.py
[2024-12-04T14:54:25.958+0700] {processor.py:914} INFO - Processing file /home/dea/weather-monitoring/venv/lib/python3.10/site-packages/airflow/example_dags/plugins/workday.py for tasks to queue
[2024-12-04T14:54:25.997+0700] {logging_mixin.py:190} INFO - [2024-12-04T14:54:25.960+0700] {dagbag.py:588} INFO - Filling up the DagBag from /home/dea/weather-monitoring/venv/lib/python3.10/site-packages/airflow/example_dags/plugins/workday.py
[2024-12-04T14:54:26.044+0700] {logging_mixin.py:190} INFO - [2024-12-04T14:54:26.044+0700] {workday.py:41} WARNING - Could not import pandas. Holidays will not be considered.
[2024-12-04T14:54:26.074+0700] {processor.py:927} WARNING - No viable dags retrieved from /home/dea/weather-monitoring/venv/lib/python3.10/site-packages/airflow/example_dags/plugins/workday.py
[2024-12-04T14:54:26.326+0700] {processor.py:208} INFO - Processing /home/dea/weather-monitoring/venv/lib/python3.10/site-packages/airflow/example_dags/plugins/workday.py took 0.612 seconds
[2024-12-04T14:54:56.630+0700] {processor.py:186} INFO - Started process (PID=62036) to work on /home/dea/weather-monitoring/venv/lib/python3.10/site-packages/airflow/example_dags/plugins/workday.py
[2024-12-04T14:54:56.633+0700] {processor.py:914} INFO - Processing file /home/dea/weather-monitoring/venv/lib/python3.10/site-packages/airflow/example_dags/plugins/workday.py for tasks to queue
[2024-12-04T14:54:56.637+0700] {logging_mixin.py:190} INFO - [2024-12-04T14:54:56.636+0700] {dagbag.py:588} INFO - Filling up the DagBag from /home/dea/weather-monitoring/venv/lib/python3.10/site-packages/airflow/example_dags/plugins/workday.py
[2024-12-04T14:54:56.648+0700] {logging_mixin.py:190} INFO - [2024-12-04T14:54:56.647+0700] {workday.py:41} WARNING - Could not import pandas. Holidays will not be considered.
[2024-12-04T14:54:56.652+0700] {processor.py:927} WARNING - No viable dags retrieved from /home/dea/weather-monitoring/venv/lib/python3.10/site-packages/airflow/example_dags/plugins/workday.py
[2024-12-04T14:54:56.783+0700] {processor.py:208} INFO - Processing /home/dea/weather-monitoring/venv/lib/python3.10/site-packages/airflow/example_dags/plugins/workday.py took 0.186 seconds
[2024-12-04T14:55:27.280+0700] {processor.py:186} INFO - Started process (PID=62741) to work on /home/dea/weather-monitoring/venv/lib/python3.10/site-packages/airflow/example_dags/plugins/workday.py
[2024-12-04T14:55:27.285+0700] {processor.py:914} INFO - Processing file /home/dea/weather-monitoring/venv/lib/python3.10/site-packages/airflow/example_dags/plugins/workday.py for tasks to queue
[2024-12-04T14:55:27.295+0700] {logging_mixin.py:190} INFO - [2024-12-04T14:55:27.288+0700] {dagbag.py:588} INFO - Filling up the DagBag from /home/dea/weather-monitoring/venv/lib/python3.10/site-packages/airflow/example_dags/plugins/workday.py
[2024-12-04T14:55:27.320+0700] {logging_mixin.py:190} INFO - [2024-12-04T14:55:27.320+0700] {workday.py:41} WARNING - Could not import pandas. Holidays will not be considered.
[2024-12-04T14:55:27.322+0700] {processor.py:927} WARNING - No viable dags retrieved from /home/dea/weather-monitoring/venv/lib/python3.10/site-packages/airflow/example_dags/plugins/workday.py
[2024-12-04T14:55:27.491+0700] {processor.py:208} INFO - Processing /home/dea/weather-monitoring/venv/lib/python3.10/site-packages/airflow/example_dags/plugins/workday.py took 0.269 seconds
[2024-12-04T14:55:57.896+0700] {processor.py:186} INFO - Started process (PID=63434) to work on /home/dea/weather-monitoring/venv/lib/python3.10/site-packages/airflow/example_dags/plugins/workday.py
[2024-12-04T14:55:57.898+0700] {processor.py:914} INFO - Processing file /home/dea/weather-monitoring/venv/lib/python3.10/site-packages/airflow/example_dags/plugins/workday.py for tasks to queue
[2024-12-04T14:55:57.902+0700] {logging_mixin.py:190} INFO - [2024-12-04T14:55:57.901+0700] {dagbag.py:588} INFO - Filling up the DagBag from /home/dea/weather-monitoring/venv/lib/python3.10/site-packages/airflow/example_dags/plugins/workday.py
[2024-12-04T14:55:57.920+0700] {logging_mixin.py:190} INFO - [2024-12-04T14:55:57.920+0700] {workday.py:41} WARNING - Could not import pandas. Holidays will not be considered.
[2024-12-04T14:55:57.927+0700] {processor.py:927} WARNING - No viable dags retrieved from /home/dea/weather-monitoring/venv/lib/python3.10/site-packages/airflow/example_dags/plugins/workday.py
[2024-12-04T14:55:58.049+0700] {processor.py:208} INFO - Processing /home/dea/weather-monitoring/venv/lib/python3.10/site-packages/airflow/example_dags/plugins/workday.py took 0.170 seconds
[2024-12-04T14:56:29.138+0700] {processor.py:186} INFO - Started process (PID=64296) to work on /home/dea/weather-monitoring/venv/lib/python3.10/site-packages/airflow/example_dags/plugins/workday.py
[2024-12-04T14:56:29.148+0700] {processor.py:914} INFO - Processing file /home/dea/weather-monitoring/venv/lib/python3.10/site-packages/airflow/example_dags/plugins/workday.py for tasks to queue
[2024-12-04T14:56:29.154+0700] {logging_mixin.py:190} INFO - [2024-12-04T14:56:29.152+0700] {dagbag.py:588} INFO - Filling up the DagBag from /home/dea/weather-monitoring/venv/lib/python3.10/site-packages/airflow/example_dags/plugins/workday.py
[2024-12-04T14:56:29.179+0700] {logging_mixin.py:190} INFO - [2024-12-04T14:56:29.178+0700] {workday.py:41} WARNING - Could not import pandas. Holidays will not be considered.
[2024-12-04T14:56:29.180+0700] {processor.py:927} WARNING - No viable dags retrieved from /home/dea/weather-monitoring/venv/lib/python3.10/site-packages/airflow/example_dags/plugins/workday.py
[2024-12-04T14:56:29.264+0700] {processor.py:208} INFO - Processing /home/dea/weather-monitoring/venv/lib/python3.10/site-packages/airflow/example_dags/plugins/workday.py took 0.190 seconds
[2024-12-04T14:56:59.655+0700] {processor.py:186} INFO - Started process (PID=64986) to work on /home/dea/weather-monitoring/venv/lib/python3.10/site-packages/airflow/example_dags/plugins/workday.py
[2024-12-04T14:56:59.657+0700] {processor.py:914} INFO - Processing file /home/dea/weather-monitoring/venv/lib/python3.10/site-packages/airflow/example_dags/plugins/workday.py for tasks to queue
[2024-12-04T14:56:59.659+0700] {logging_mixin.py:190} INFO - [2024-12-04T14:56:59.658+0700] {dagbag.py:588} INFO - Filling up the DagBag from /home/dea/weather-monitoring/venv/lib/python3.10/site-packages/airflow/example_dags/plugins/workday.py
[2024-12-04T14:56:59.663+0700] {logging_mixin.py:190} INFO - [2024-12-04T14:56:59.663+0700] {workday.py:41} WARNING - Could not import pandas. Holidays will not be considered.
[2024-12-04T14:56:59.664+0700] {processor.py:927} WARNING - No viable dags retrieved from /home/dea/weather-monitoring/venv/lib/python3.10/site-packages/airflow/example_dags/plugins/workday.py
[2024-12-04T14:56:59.714+0700] {processor.py:208} INFO - Processing /home/dea/weather-monitoring/venv/lib/python3.10/site-packages/airflow/example_dags/plugins/workday.py took 0.074 seconds
[2024-12-04T14:57:30.171+0700] {processor.py:186} INFO - Started process (PID=65756) to work on /home/dea/weather-monitoring/venv/lib/python3.10/site-packages/airflow/example_dags/plugins/workday.py
[2024-12-04T14:57:30.173+0700] {processor.py:914} INFO - Processing file /home/dea/weather-monitoring/venv/lib/python3.10/site-packages/airflow/example_dags/plugins/workday.py for tasks to queue
[2024-12-04T14:57:30.175+0700] {logging_mixin.py:190} INFO - [2024-12-04T14:57:30.175+0700] {dagbag.py:588} INFO - Filling up the DagBag from /home/dea/weather-monitoring/venv/lib/python3.10/site-packages/airflow/example_dags/plugins/workday.py
[2024-12-04T14:57:30.183+0700] {logging_mixin.py:190} INFO - [2024-12-04T14:57:30.183+0700] {workday.py:41} WARNING - Could not import pandas. Holidays will not be considered.
[2024-12-04T14:57:30.184+0700] {processor.py:927} WARNING - No viable dags retrieved from /home/dea/weather-monitoring/venv/lib/python3.10/site-packages/airflow/example_dags/plugins/workday.py
[2024-12-04T14:57:30.279+0700] {processor.py:208} INFO - Processing /home/dea/weather-monitoring/venv/lib/python3.10/site-packages/airflow/example_dags/plugins/workday.py took 0.149 seconds
[2024-12-04T14:58:00.758+0700] {processor.py:186} INFO - Started process (PID=66444) to work on /home/dea/weather-monitoring/venv/lib/python3.10/site-packages/airflow/example_dags/plugins/workday.py
[2024-12-04T14:58:00.760+0700] {processor.py:914} INFO - Processing file /home/dea/weather-monitoring/venv/lib/python3.10/site-packages/airflow/example_dags/plugins/workday.py for tasks to queue
[2024-12-04T14:58:00.762+0700] {logging_mixin.py:190} INFO - [2024-12-04T14:58:00.762+0700] {dagbag.py:588} INFO - Filling up the DagBag from /home/dea/weather-monitoring/venv/lib/python3.10/site-packages/airflow/example_dags/plugins/workday.py
[2024-12-04T14:58:00.780+0700] {logging_mixin.py:190} INFO - [2024-12-04T14:58:00.780+0700] {workday.py:41} WARNING - Could not import pandas. Holidays will not be considered.
[2024-12-04T14:58:00.781+0700] {processor.py:927} WARNING - No viable dags retrieved from /home/dea/weather-monitoring/venv/lib/python3.10/site-packages/airflow/example_dags/plugins/workday.py
[2024-12-04T14:58:00.866+0700] {processor.py:208} INFO - Processing /home/dea/weather-monitoring/venv/lib/python3.10/site-packages/airflow/example_dags/plugins/workday.py took 0.120 seconds
[2024-12-04T14:58:31.199+0700] {processor.py:186} INFO - Started process (PID=67310) to work on /home/dea/weather-monitoring/venv/lib/python3.10/site-packages/airflow/example_dags/plugins/workday.py
[2024-12-04T14:58:31.201+0700] {processor.py:914} INFO - Processing file /home/dea/weather-monitoring/venv/lib/python3.10/site-packages/airflow/example_dags/plugins/workday.py for tasks to queue
[2024-12-04T14:58:31.204+0700] {logging_mixin.py:190} INFO - [2024-12-04T14:58:31.204+0700] {dagbag.py:588} INFO - Filling up the DagBag from /home/dea/weather-monitoring/venv/lib/python3.10/site-packages/airflow/example_dags/plugins/workday.py
[2024-12-04T14:58:31.210+0700] {logging_mixin.py:190} INFO - [2024-12-04T14:58:31.210+0700] {workday.py:41} WARNING - Could not import pandas. Holidays will not be considered.
[2024-12-04T14:58:31.211+0700] {processor.py:927} WARNING - No viable dags retrieved from /home/dea/weather-monitoring/venv/lib/python3.10/site-packages/airflow/example_dags/plugins/workday.py
[2024-12-04T14:58:31.257+0700] {processor.py:208} INFO - Processing /home/dea/weather-monitoring/venv/lib/python3.10/site-packages/airflow/example_dags/plugins/workday.py took 0.072 seconds
[2024-12-04T14:59:04.114+0700] {processor.py:186} INFO - Started process (PID=68343) to work on /home/dea/weather-monitoring/venv/lib/python3.10/site-packages/airflow/example_dags/plugins/workday.py
[2024-12-04T14:59:04.117+0700] {processor.py:914} INFO - Processing file /home/dea/weather-monitoring/venv/lib/python3.10/site-packages/airflow/example_dags/plugins/workday.py for tasks to queue
[2024-12-04T14:59:04.120+0700] {logging_mixin.py:190} INFO - [2024-12-04T14:59:04.119+0700] {dagbag.py:588} INFO - Filling up the DagBag from /home/dea/weather-monitoring/venv/lib/python3.10/site-packages/airflow/example_dags/plugins/workday.py
[2024-12-04T14:59:04.126+0700] {logging_mixin.py:190} INFO - [2024-12-04T14:59:04.126+0700] {workday.py:41} WARNING - Could not import pandas. Holidays will not be considered.
[2024-12-04T14:59:04.127+0700] {processor.py:927} WARNING - No viable dags retrieved from /home/dea/weather-monitoring/venv/lib/python3.10/site-packages/airflow/example_dags/plugins/workday.py
[2024-12-04T14:59:04.334+0700] {processor.py:208} INFO - Processing /home/dea/weather-monitoring/venv/lib/python3.10/site-packages/airflow/example_dags/plugins/workday.py took 0.270 seconds
[2024-12-04T14:59:36.962+0700] {processor.py:186} INFO - Started process (PID=69379) to work on /home/dea/weather-monitoring/venv/lib/python3.10/site-packages/airflow/example_dags/plugins/workday.py
[2024-12-04T14:59:36.983+0700] {processor.py:914} INFO - Processing file /home/dea/weather-monitoring/venv/lib/python3.10/site-packages/airflow/example_dags/plugins/workday.py for tasks to queue
[2024-12-04T14:59:36.985+0700] {logging_mixin.py:190} INFO - [2024-12-04T14:59:36.984+0700] {dagbag.py:588} INFO - Filling up the DagBag from /home/dea/weather-monitoring/venv/lib/python3.10/site-packages/airflow/example_dags/plugins/workday.py
[2024-12-04T14:59:36.997+0700] {logging_mixin.py:190} INFO - [2024-12-04T14:59:36.996+0700] {workday.py:41} WARNING - Could not import pandas. Holidays will not be considered.
[2024-12-04T14:59:36.997+0700] {processor.py:927} WARNING - No viable dags retrieved from /home/dea/weather-monitoring/venv/lib/python3.10/site-packages/airflow/example_dags/plugins/workday.py
[2024-12-04T14:59:37.102+0700] {processor.py:208} INFO - Processing /home/dea/weather-monitoring/venv/lib/python3.10/site-packages/airflow/example_dags/plugins/workday.py took 0.226 seconds
[2024-12-04T15:00:09.034+0700] {processor.py:186} INFO - Started process (PID=70501) to work on /home/dea/weather-monitoring/venv/lib/python3.10/site-packages/airflow/example_dags/plugins/workday.py
[2024-12-04T15:00:09.036+0700] {processor.py:914} INFO - Processing file /home/dea/weather-monitoring/venv/lib/python3.10/site-packages/airflow/example_dags/plugins/workday.py for tasks to queue
[2024-12-04T15:00:09.049+0700] {logging_mixin.py:190} INFO - [2024-12-04T15:00:09.048+0700] {dagbag.py:588} INFO - Filling up the DagBag from /home/dea/weather-monitoring/venv/lib/python3.10/site-packages/airflow/example_dags/plugins/workday.py
[2024-12-04T15:00:09.087+0700] {logging_mixin.py:190} INFO - [2024-12-04T15:00:09.087+0700] {workday.py:41} WARNING - Could not import pandas. Holidays will not be considered.
[2024-12-04T15:00:09.091+0700] {processor.py:927} WARNING - No viable dags retrieved from /home/dea/weather-monitoring/venv/lib/python3.10/site-packages/airflow/example_dags/plugins/workday.py
[2024-12-04T15:00:09.394+0700] {processor.py:208} INFO - Processing /home/dea/weather-monitoring/venv/lib/python3.10/site-packages/airflow/example_dags/plugins/workday.py took 0.433 seconds
[2024-12-04T15:00:40.820+0700] {processor.py:186} INFO - Started process (PID=71952) to work on /home/dea/weather-monitoring/venv/lib/python3.10/site-packages/airflow/example_dags/plugins/workday.py
[2024-12-04T15:00:40.855+0700] {processor.py:914} INFO - Processing file /home/dea/weather-monitoring/venv/lib/python3.10/site-packages/airflow/example_dags/plugins/workday.py for tasks to queue
[2024-12-04T15:00:40.871+0700] {logging_mixin.py:190} INFO - [2024-12-04T15:00:40.857+0700] {dagbag.py:588} INFO - Filling up the DagBag from /home/dea/weather-monitoring/venv/lib/python3.10/site-packages/airflow/example_dags/plugins/workday.py
[2024-12-04T15:00:40.899+0700] {logging_mixin.py:190} INFO - [2024-12-04T15:00:40.898+0700] {workday.py:41} WARNING - Could not import pandas. Holidays will not be considered.
[2024-12-04T15:00:40.899+0700] {processor.py:927} WARNING - No viable dags retrieved from /home/dea/weather-monitoring/venv/lib/python3.10/site-packages/airflow/example_dags/plugins/workday.py
[2024-12-04T15:00:41.057+0700] {processor.py:208} INFO - Processing /home/dea/weather-monitoring/venv/lib/python3.10/site-packages/airflow/example_dags/plugins/workday.py took 0.276 seconds
[2024-12-04T15:01:33.132+0700] {processor.py:186} INFO - Started process (PID=73081) to work on /home/dea/weather-monitoring/venv/lib/python3.10/site-packages/airflow/example_dags/plugins/workday.py
[2024-12-04T15:01:33.139+0700] {processor.py:914} INFO - Processing file /home/dea/weather-monitoring/venv/lib/python3.10/site-packages/airflow/example_dags/plugins/workday.py for tasks to queue
[2024-12-04T15:01:33.142+0700] {logging_mixin.py:190} INFO - [2024-12-04T15:01:33.141+0700] {dagbag.py:588} INFO - Filling up the DagBag from /home/dea/weather-monitoring/venv/lib/python3.10/site-packages/airflow/example_dags/plugins/workday.py
[2024-12-04T15:01:33.159+0700] {logging_mixin.py:190} INFO - [2024-12-04T15:01:33.155+0700] {workday.py:41} WARNING - Could not import pandas. Holidays will not be considered.
[2024-12-04T15:01:33.162+0700] {processor.py:927} WARNING - No viable dags retrieved from /home/dea/weather-monitoring/venv/lib/python3.10/site-packages/airflow/example_dags/plugins/workday.py
[2024-12-04T15:01:33.304+0700] {processor.py:208} INFO - Processing /home/dea/weather-monitoring/venv/lib/python3.10/site-packages/airflow/example_dags/plugins/workday.py took 0.231 seconds
[2024-12-04T15:02:04.262+0700] {processor.py:186} INFO - Started process (PID=74593) to work on /home/dea/weather-monitoring/venv/lib/python3.10/site-packages/airflow/example_dags/plugins/workday.py
[2024-12-04T15:02:04.275+0700] {processor.py:914} INFO - Processing file /home/dea/weather-monitoring/venv/lib/python3.10/site-packages/airflow/example_dags/plugins/workday.py for tasks to queue
[2024-12-04T15:02:04.278+0700] {logging_mixin.py:190} INFO - [2024-12-04T15:02:04.277+0700] {dagbag.py:588} INFO - Filling up the DagBag from /home/dea/weather-monitoring/venv/lib/python3.10/site-packages/airflow/example_dags/plugins/workday.py
[2024-12-04T15:02:04.297+0700] {logging_mixin.py:190} INFO - [2024-12-04T15:02:04.296+0700] {workday.py:41} WARNING - Could not import pandas. Holidays will not be considered.
[2024-12-04T15:02:04.309+0700] {processor.py:927} WARNING - No viable dags retrieved from /home/dea/weather-monitoring/venv/lib/python3.10/site-packages/airflow/example_dags/plugins/workday.py
[2024-12-04T15:02:04.441+0700] {processor.py:208} INFO - Processing /home/dea/weather-monitoring/venv/lib/python3.10/site-packages/airflow/example_dags/plugins/workday.py took 0.234 seconds
[2024-12-04T15:02:35.516+0700] {processor.py:186} INFO - Started process (PID=75597) to work on /home/dea/weather-monitoring/venv/lib/python3.10/site-packages/airflow/example_dags/plugins/workday.py
[2024-12-04T15:02:35.523+0700] {processor.py:914} INFO - Processing file /home/dea/weather-monitoring/venv/lib/python3.10/site-packages/airflow/example_dags/plugins/workday.py for tasks to queue
[2024-12-04T15:02:35.527+0700] {logging_mixin.py:190} INFO - [2024-12-04T15:02:35.527+0700] {dagbag.py:588} INFO - Filling up the DagBag from /home/dea/weather-monitoring/venv/lib/python3.10/site-packages/airflow/example_dags/plugins/workday.py
[2024-12-04T15:02:35.622+0700] {logging_mixin.py:190} INFO - [2024-12-04T15:02:35.621+0700] {workday.py:41} WARNING - Could not import pandas. Holidays will not be considered.
[2024-12-04T15:02:35.630+0700] {processor.py:927} WARNING - No viable dags retrieved from /home/dea/weather-monitoring/venv/lib/python3.10/site-packages/airflow/example_dags/plugins/workday.py
[2024-12-04T15:02:35.761+0700] {processor.py:208} INFO - Processing /home/dea/weather-monitoring/venv/lib/python3.10/site-packages/airflow/example_dags/plugins/workday.py took 0.346 seconds
[2024-12-04T15:03:06.631+0700] {processor.py:186} INFO - Started process (PID=76816) to work on /home/dea/weather-monitoring/venv/lib/python3.10/site-packages/airflow/example_dags/plugins/workday.py
[2024-12-04T15:03:06.640+0700] {processor.py:914} INFO - Processing file /home/dea/weather-monitoring/venv/lib/python3.10/site-packages/airflow/example_dags/plugins/workday.py for tasks to queue
[2024-12-04T15:03:06.643+0700] {logging_mixin.py:190} INFO - [2024-12-04T15:03:06.642+0700] {dagbag.py:588} INFO - Filling up the DagBag from /home/dea/weather-monitoring/venv/lib/python3.10/site-packages/airflow/example_dags/plugins/workday.py
[2024-12-04T15:03:06.649+0700] {logging_mixin.py:190} INFO - [2024-12-04T15:03:06.648+0700] {workday.py:41} WARNING - Could not import pandas. Holidays will not be considered.
[2024-12-04T15:03:06.650+0700] {processor.py:927} WARNING - No viable dags retrieved from /home/dea/weather-monitoring/venv/lib/python3.10/site-packages/airflow/example_dags/plugins/workday.py
[2024-12-04T15:03:06.756+0700] {processor.py:208} INFO - Processing /home/dea/weather-monitoring/venv/lib/python3.10/site-packages/airflow/example_dags/plugins/workday.py took 0.174 seconds
[2024-12-04T15:03:37.977+0700] {processor.py:186} INFO - Started process (PID=77905) to work on /home/dea/weather-monitoring/venv/lib/python3.10/site-packages/airflow/example_dags/plugins/workday.py
[2024-12-04T15:03:37.998+0700] {processor.py:914} INFO - Processing file /home/dea/weather-monitoring/venv/lib/python3.10/site-packages/airflow/example_dags/plugins/workday.py for tasks to queue
[2024-12-04T15:03:38.012+0700] {logging_mixin.py:190} INFO - [2024-12-04T15:03:38.011+0700] {dagbag.py:588} INFO - Filling up the DagBag from /home/dea/weather-monitoring/venv/lib/python3.10/site-packages/airflow/example_dags/plugins/workday.py
[2024-12-04T15:03:38.095+0700] {logging_mixin.py:190} INFO - [2024-12-04T15:03:38.094+0700] {workday.py:41} WARNING - Could not import pandas. Holidays will not be considered.
[2024-12-04T15:03:38.100+0700] {processor.py:927} WARNING - No viable dags retrieved from /home/dea/weather-monitoring/venv/lib/python3.10/site-packages/airflow/example_dags/plugins/workday.py
[2024-12-04T15:03:38.393+0700] {processor.py:208} INFO - Processing /home/dea/weather-monitoring/venv/lib/python3.10/site-packages/airflow/example_dags/plugins/workday.py took 0.618 seconds
[2024-12-04T15:04:08.827+0700] {processor.py:186} INFO - Started process (PID=78937) to work on /home/dea/weather-monitoring/venv/lib/python3.10/site-packages/airflow/example_dags/plugins/workday.py
[2024-12-04T15:04:08.853+0700] {processor.py:914} INFO - Processing file /home/dea/weather-monitoring/venv/lib/python3.10/site-packages/airflow/example_dags/plugins/workday.py for tasks to queue
[2024-12-04T15:04:08.861+0700] {logging_mixin.py:190} INFO - [2024-12-04T15:04:08.861+0700] {dagbag.py:588} INFO - Filling up the DagBag from /home/dea/weather-monitoring/venv/lib/python3.10/site-packages/airflow/example_dags/plugins/workday.py
[2024-12-04T15:04:08.874+0700] {logging_mixin.py:190} INFO - [2024-12-04T15:04:08.874+0700] {workday.py:41} WARNING - Could not import pandas. Holidays will not be considered.
[2024-12-04T15:04:08.875+0700] {processor.py:927} WARNING - No viable dags retrieved from /home/dea/weather-monitoring/venv/lib/python3.10/site-packages/airflow/example_dags/plugins/workday.py
[2024-12-04T15:04:09.016+0700] {processor.py:208} INFO - Processing /home/dea/weather-monitoring/venv/lib/python3.10/site-packages/airflow/example_dags/plugins/workday.py took 0.224 seconds
[2024-12-04T15:04:39.750+0700] {processor.py:186} INFO - Started process (PID=80027) to work on /home/dea/weather-monitoring/venv/lib/python3.10/site-packages/airflow/example_dags/plugins/workday.py
[2024-12-04T15:04:39.759+0700] {processor.py:914} INFO - Processing file /home/dea/weather-monitoring/venv/lib/python3.10/site-packages/airflow/example_dags/plugins/workday.py for tasks to queue
[2024-12-04T15:04:39.764+0700] {logging_mixin.py:190} INFO - [2024-12-04T15:04:39.763+0700] {dagbag.py:588} INFO - Filling up the DagBag from /home/dea/weather-monitoring/venv/lib/python3.10/site-packages/airflow/example_dags/plugins/workday.py
[2024-12-04T15:04:39.771+0700] {logging_mixin.py:190} INFO - [2024-12-04T15:04:39.771+0700] {workday.py:41} WARNING - Could not import pandas. Holidays will not be considered.
[2024-12-04T15:04:39.772+0700] {processor.py:927} WARNING - No viable dags retrieved from /home/dea/weather-monitoring/venv/lib/python3.10/site-packages/airflow/example_dags/plugins/workday.py
[2024-12-04T15:04:39.849+0700] {processor.py:208} INFO - Processing /home/dea/weather-monitoring/venv/lib/python3.10/site-packages/airflow/example_dags/plugins/workday.py took 0.202 seconds
[2024-12-04T15:05:20.324+0700] {processor.py:186} INFO - Started process (PID=81380) to work on /home/dea/weather-monitoring/venv/lib/python3.10/site-packages/airflow/example_dags/plugins/workday.py
[2024-12-04T15:05:20.363+0700] {processor.py:914} INFO - Processing file /home/dea/weather-monitoring/venv/lib/python3.10/site-packages/airflow/example_dags/plugins/workday.py for tasks to queue
[2024-12-04T15:05:20.399+0700] {logging_mixin.py:190} INFO - [2024-12-04T15:05:20.388+0700] {dagbag.py:588} INFO - Filling up the DagBag from /home/dea/weather-monitoring/venv/lib/python3.10/site-packages/airflow/example_dags/plugins/workday.py
[2024-12-04T15:05:20.501+0700] {logging_mixin.py:190} INFO - [2024-12-04T15:05:20.501+0700] {workday.py:41} WARNING - Could not import pandas. Holidays will not be considered.
[2024-12-04T15:05:20.505+0700] {processor.py:927} WARNING - No viable dags retrieved from /home/dea/weather-monitoring/venv/lib/python3.10/site-packages/airflow/example_dags/plugins/workday.py
[2024-12-04T15:05:20.752+0700] {processor.py:208} INFO - Processing /home/dea/weather-monitoring/venv/lib/python3.10/site-packages/airflow/example_dags/plugins/workday.py took 0.548 seconds
[2024-12-04T15:05:52.636+0700] {processor.py:186} INFO - Started process (PID=82248) to work on /home/dea/weather-monitoring/venv/lib/python3.10/site-packages/airflow/example_dags/plugins/workday.py
[2024-12-04T15:05:52.641+0700] {processor.py:914} INFO - Processing file /home/dea/weather-monitoring/venv/lib/python3.10/site-packages/airflow/example_dags/plugins/workday.py for tasks to queue
[2024-12-04T15:05:52.653+0700] {logging_mixin.py:190} INFO - [2024-12-04T15:05:52.649+0700] {dagbag.py:588} INFO - Filling up the DagBag from /home/dea/weather-monitoring/venv/lib/python3.10/site-packages/airflow/example_dags/plugins/workday.py
[2024-12-04T15:05:52.672+0700] {logging_mixin.py:190} INFO - [2024-12-04T15:05:52.672+0700] {workday.py:41} WARNING - Could not import pandas. Holidays will not be considered.
[2024-12-04T15:05:52.678+0700] {processor.py:927} WARNING - No viable dags retrieved from /home/dea/weather-monitoring/venv/lib/python3.10/site-packages/airflow/example_dags/plugins/workday.py
[2024-12-04T15:05:52.766+0700] {processor.py:208} INFO - Processing /home/dea/weather-monitoring/venv/lib/python3.10/site-packages/airflow/example_dags/plugins/workday.py took 0.145 seconds
[2024-12-04T15:06:24.387+0700] {processor.py:186} INFO - Started process (PID=83084) to work on /home/dea/weather-monitoring/venv/lib/python3.10/site-packages/airflow/example_dags/plugins/workday.py
[2024-12-04T15:06:24.403+0700] {processor.py:914} INFO - Processing file /home/dea/weather-monitoring/venv/lib/python3.10/site-packages/airflow/example_dags/plugins/workday.py for tasks to queue
[2024-12-04T15:06:24.418+0700] {logging_mixin.py:190} INFO - [2024-12-04T15:06:24.415+0700] {dagbag.py:588} INFO - Filling up the DagBag from /home/dea/weather-monitoring/venv/lib/python3.10/site-packages/airflow/example_dags/plugins/workday.py
[2024-12-04T15:06:24.453+0700] {logging_mixin.py:190} INFO - [2024-12-04T15:06:24.453+0700] {workday.py:41} WARNING - Could not import pandas. Holidays will not be considered.
[2024-12-04T15:06:24.459+0700] {processor.py:927} WARNING - No viable dags retrieved from /home/dea/weather-monitoring/venv/lib/python3.10/site-packages/airflow/example_dags/plugins/workday.py
[2024-12-04T15:06:24.615+0700] {processor.py:208} INFO - Processing /home/dea/weather-monitoring/venv/lib/python3.10/site-packages/airflow/example_dags/plugins/workday.py took 0.284 seconds
[2024-12-04T15:06:56.152+0700] {processor.py:186} INFO - Started process (PID=84009) to work on /home/dea/weather-monitoring/venv/lib/python3.10/site-packages/airflow/example_dags/plugins/workday.py
[2024-12-04T15:06:56.181+0700] {processor.py:914} INFO - Processing file /home/dea/weather-monitoring/venv/lib/python3.10/site-packages/airflow/example_dags/plugins/workday.py for tasks to queue
[2024-12-04T15:06:56.184+0700] {logging_mixin.py:190} INFO - [2024-12-04T15:06:56.183+0700] {dagbag.py:588} INFO - Filling up the DagBag from /home/dea/weather-monitoring/venv/lib/python3.10/site-packages/airflow/example_dags/plugins/workday.py
[2024-12-04T15:06:56.227+0700] {logging_mixin.py:190} INFO - [2024-12-04T15:06:56.227+0700] {workday.py:41} WARNING - Could not import pandas. Holidays will not be considered.
[2024-12-04T15:06:56.245+0700] {processor.py:927} WARNING - No viable dags retrieved from /home/dea/weather-monitoring/venv/lib/python3.10/site-packages/airflow/example_dags/plugins/workday.py
[2024-12-04T15:06:56.401+0700] {processor.py:208} INFO - Processing /home/dea/weather-monitoring/venv/lib/python3.10/site-packages/airflow/example_dags/plugins/workday.py took 0.290 seconds
[2024-12-04T15:07:28.135+0700] {processor.py:186} INFO - Started process (PID=84881) to work on /home/dea/weather-monitoring/venv/lib/python3.10/site-packages/airflow/example_dags/plugins/workday.py
[2024-12-04T15:07:28.138+0700] {processor.py:914} INFO - Processing file /home/dea/weather-monitoring/venv/lib/python3.10/site-packages/airflow/example_dags/plugins/workday.py for tasks to queue
[2024-12-04T15:07:28.144+0700] {logging_mixin.py:190} INFO - [2024-12-04T15:07:28.143+0700] {dagbag.py:588} INFO - Filling up the DagBag from /home/dea/weather-monitoring/venv/lib/python3.10/site-packages/airflow/example_dags/plugins/workday.py
[2024-12-04T15:07:28.163+0700] {logging_mixin.py:190} INFO - [2024-12-04T15:07:28.163+0700] {workday.py:41} WARNING - Could not import pandas. Holidays will not be considered.
[2024-12-04T15:07:28.165+0700] {processor.py:927} WARNING - No viable dags retrieved from /home/dea/weather-monitoring/venv/lib/python3.10/site-packages/airflow/example_dags/plugins/workday.py
[2024-12-04T15:07:28.428+0700] {processor.py:208} INFO - Processing /home/dea/weather-monitoring/venv/lib/python3.10/site-packages/airflow/example_dags/plugins/workday.py took 0.308 seconds
[2024-12-04T15:07:59.617+0700] {processor.py:186} INFO - Started process (PID=85769) to work on /home/dea/weather-monitoring/venv/lib/python3.10/site-packages/airflow/example_dags/plugins/workday.py
[2024-12-04T15:07:59.621+0700] {processor.py:914} INFO - Processing file /home/dea/weather-monitoring/venv/lib/python3.10/site-packages/airflow/example_dags/plugins/workday.py for tasks to queue
[2024-12-04T15:07:59.634+0700] {logging_mixin.py:190} INFO - [2024-12-04T15:07:59.633+0700] {dagbag.py:588} INFO - Filling up the DagBag from /home/dea/weather-monitoring/venv/lib/python3.10/site-packages/airflow/example_dags/plugins/workday.py
[2024-12-04T15:07:59.662+0700] {logging_mixin.py:190} INFO - [2024-12-04T15:07:59.649+0700] {workday.py:41} WARNING - Could not import pandas. Holidays will not be considered.
[2024-12-04T15:07:59.663+0700] {processor.py:927} WARNING - No viable dags retrieved from /home/dea/weather-monitoring/venv/lib/python3.10/site-packages/airflow/example_dags/plugins/workday.py
[2024-12-04T15:07:59.824+0700] {processor.py:208} INFO - Processing /home/dea/weather-monitoring/venv/lib/python3.10/site-packages/airflow/example_dags/plugins/workday.py took 0.239 seconds
[2024-12-04T15:08:31.958+0700] {processor.py:186} INFO - Started process (PID=86579) to work on /home/dea/weather-monitoring/venv/lib/python3.10/site-packages/airflow/example_dags/plugins/workday.py
[2024-12-04T15:08:31.984+0700] {processor.py:914} INFO - Processing file /home/dea/weather-monitoring/venv/lib/python3.10/site-packages/airflow/example_dags/plugins/workday.py for tasks to queue
[2024-12-04T15:08:31.993+0700] {logging_mixin.py:190} INFO - [2024-12-04T15:08:31.992+0700] {dagbag.py:588} INFO - Filling up the DagBag from /home/dea/weather-monitoring/venv/lib/python3.10/site-packages/airflow/example_dags/plugins/workday.py
[2024-12-04T15:08:32.073+0700] {logging_mixin.py:190} INFO - [2024-12-04T15:08:32.073+0700] {workday.py:41} WARNING - Could not import pandas. Holidays will not be considered.
[2024-12-04T15:08:32.077+0700] {processor.py:927} WARNING - No viable dags retrieved from /home/dea/weather-monitoring/venv/lib/python3.10/site-packages/airflow/example_dags/plugins/workday.py
[2024-12-04T15:08:32.445+0700] {processor.py:208} INFO - Processing /home/dea/weather-monitoring/venv/lib/python3.10/site-packages/airflow/example_dags/plugins/workday.py took 0.545 seconds
[2024-12-04T15:09:03.216+0700] {processor.py:186} INFO - Started process (PID=87403) to work on /home/dea/weather-monitoring/venv/lib/python3.10/site-packages/airflow/example_dags/plugins/workday.py
[2024-12-04T15:09:03.256+0700] {processor.py:914} INFO - Processing file /home/dea/weather-monitoring/venv/lib/python3.10/site-packages/airflow/example_dags/plugins/workday.py for tasks to queue
[2024-12-04T15:09:03.259+0700] {logging_mixin.py:190} INFO - [2024-12-04T15:09:03.258+0700] {dagbag.py:588} INFO - Filling up the DagBag from /home/dea/weather-monitoring/venv/lib/python3.10/site-packages/airflow/example_dags/plugins/workday.py
[2024-12-04T15:09:03.316+0700] {logging_mixin.py:190} INFO - [2024-12-04T15:09:03.316+0700] {workday.py:41} WARNING - Could not import pandas. Holidays will not be considered.
[2024-12-04T15:09:03.317+0700] {processor.py:927} WARNING - No viable dags retrieved from /home/dea/weather-monitoring/venv/lib/python3.10/site-packages/airflow/example_dags/plugins/workday.py
[2024-12-04T15:09:03.378+0700] {processor.py:208} INFO - Processing /home/dea/weather-monitoring/venv/lib/python3.10/site-packages/airflow/example_dags/plugins/workday.py took 0.257 seconds
[2024-12-04T15:09:34.192+0700] {processor.py:186} INFO - Started process (PID=88279) to work on /home/dea/weather-monitoring/venv/lib/python3.10/site-packages/airflow/example_dags/plugins/workday.py
[2024-12-04T15:09:34.207+0700] {processor.py:914} INFO - Processing file /home/dea/weather-monitoring/venv/lib/python3.10/site-packages/airflow/example_dags/plugins/workday.py for tasks to queue
[2024-12-04T15:09:34.210+0700] {logging_mixin.py:190} INFO - [2024-12-04T15:09:34.209+0700] {dagbag.py:588} INFO - Filling up the DagBag from /home/dea/weather-monitoring/venv/lib/python3.10/site-packages/airflow/example_dags/plugins/workday.py
[2024-12-04T15:09:34.298+0700] {logging_mixin.py:190} INFO - [2024-12-04T15:09:34.298+0700] {workday.py:41} WARNING - Could not import pandas. Holidays will not be considered.
[2024-12-04T15:09:34.350+0700] {processor.py:927} WARNING - No viable dags retrieved from /home/dea/weather-monitoring/venv/lib/python3.10/site-packages/airflow/example_dags/plugins/workday.py
[2024-12-04T15:09:34.699+0700] {processor.py:208} INFO - Processing /home/dea/weather-monitoring/venv/lib/python3.10/site-packages/airflow/example_dags/plugins/workday.py took 0.657 seconds
[2024-12-04T15:10:05.469+0700] {processor.py:186} INFO - Started process (PID=89154) to work on /home/dea/weather-monitoring/venv/lib/python3.10/site-packages/airflow/example_dags/plugins/workday.py
[2024-12-04T15:10:05.471+0700] {processor.py:914} INFO - Processing file /home/dea/weather-monitoring/venv/lib/python3.10/site-packages/airflow/example_dags/plugins/workday.py for tasks to queue
[2024-12-04T15:10:05.475+0700] {logging_mixin.py:190} INFO - [2024-12-04T15:10:05.474+0700] {dagbag.py:588} INFO - Filling up the DagBag from /home/dea/weather-monitoring/venv/lib/python3.10/site-packages/airflow/example_dags/plugins/workday.py
[2024-12-04T15:10:05.483+0700] {logging_mixin.py:190} INFO - [2024-12-04T15:10:05.483+0700] {workday.py:41} WARNING - Could not import pandas. Holidays will not be considered.
[2024-12-04T15:10:05.485+0700] {processor.py:927} WARNING - No viable dags retrieved from /home/dea/weather-monitoring/venv/lib/python3.10/site-packages/airflow/example_dags/plugins/workday.py
[2024-12-04T15:10:05.538+0700] {processor.py:208} INFO - Processing /home/dea/weather-monitoring/venv/lib/python3.10/site-packages/airflow/example_dags/plugins/workday.py took 0.129 seconds
[2024-12-04T15:10:40.281+0700] {processor.py:186} INFO - Started process (PID=90017) to work on /home/dea/weather-monitoring/venv/lib/python3.10/site-packages/airflow/example_dags/plugins/workday.py
[2024-12-04T15:10:40.300+0700] {processor.py:914} INFO - Processing file /home/dea/weather-monitoring/venv/lib/python3.10/site-packages/airflow/example_dags/plugins/workday.py for tasks to queue
[2024-12-04T15:10:40.315+0700] {logging_mixin.py:190} INFO - [2024-12-04T15:10:40.314+0700] {dagbag.py:588} INFO - Filling up the DagBag from /home/dea/weather-monitoring/venv/lib/python3.10/site-packages/airflow/example_dags/plugins/workday.py
[2024-12-04T15:10:40.352+0700] {logging_mixin.py:190} INFO - [2024-12-04T15:10:40.352+0700] {workday.py:41} WARNING - Could not import pandas. Holidays will not be considered.
[2024-12-04T15:10:40.357+0700] {processor.py:927} WARNING - No viable dags retrieved from /home/dea/weather-monitoring/venv/lib/python3.10/site-packages/airflow/example_dags/plugins/workday.py
[2024-12-04T15:10:40.759+0700] {processor.py:208} INFO - Processing /home/dea/weather-monitoring/venv/lib/python3.10/site-packages/airflow/example_dags/plugins/workday.py took 0.601 seconds
[2024-12-04T15:11:13.810+0700] {processor.py:186} INFO - Started process (PID=90888) to work on /home/dea/weather-monitoring/venv/lib/python3.10/site-packages/airflow/example_dags/plugins/workday.py
[2024-12-04T15:11:13.813+0700] {processor.py:914} INFO - Processing file /home/dea/weather-monitoring/venv/lib/python3.10/site-packages/airflow/example_dags/plugins/workday.py for tasks to queue
[2024-12-04T15:11:13.831+0700] {logging_mixin.py:190} INFO - [2024-12-04T15:11:13.827+0700] {dagbag.py:588} INFO - Filling up the DagBag from /home/dea/weather-monitoring/venv/lib/python3.10/site-packages/airflow/example_dags/plugins/workday.py
[2024-12-04T15:11:13.847+0700] {logging_mixin.py:190} INFO - [2024-12-04T15:11:13.847+0700] {workday.py:41} WARNING - Could not import pandas. Holidays will not be considered.
[2024-12-04T15:11:13.848+0700] {processor.py:927} WARNING - No viable dags retrieved from /home/dea/weather-monitoring/venv/lib/python3.10/site-packages/airflow/example_dags/plugins/workday.py
[2024-12-04T15:11:14.001+0700] {processor.py:208} INFO - Processing /home/dea/weather-monitoring/venv/lib/python3.10/site-packages/airflow/example_dags/plugins/workday.py took 0.218 seconds
[2024-12-04T15:11:53.923+0700] {processor.py:186} INFO - Started process (PID=91975) to work on /home/dea/weather-monitoring/venv/lib/python3.10/site-packages/airflow/example_dags/plugins/workday.py
[2024-12-04T15:11:53.929+0700] {processor.py:914} INFO - Processing file /home/dea/weather-monitoring/venv/lib/python3.10/site-packages/airflow/example_dags/plugins/workday.py for tasks to queue
[2024-12-04T15:11:53.935+0700] {logging_mixin.py:190} INFO - [2024-12-04T15:11:53.934+0700] {dagbag.py:588} INFO - Filling up the DagBag from /home/dea/weather-monitoring/venv/lib/python3.10/site-packages/airflow/example_dags/plugins/workday.py
[2024-12-04T15:11:53.964+0700] {logging_mixin.py:190} INFO - [2024-12-04T15:11:53.963+0700] {workday.py:41} WARNING - Could not import pandas. Holidays will not be considered.
[2024-12-04T15:11:53.967+0700] {processor.py:927} WARNING - No viable dags retrieved from /home/dea/weather-monitoring/venv/lib/python3.10/site-packages/airflow/example_dags/plugins/workday.py
[2024-12-04T15:11:54.097+0700] {processor.py:208} INFO - Processing /home/dea/weather-monitoring/venv/lib/python3.10/site-packages/airflow/example_dags/plugins/workday.py took 0.342 seconds
[2024-12-04T15:12:30.050+0700] {processor.py:186} INFO - Started process (PID=93164) to work on /home/dea/weather-monitoring/venv/lib/python3.10/site-packages/airflow/example_dags/plugins/workday.py
[2024-12-04T15:12:30.055+0700] {processor.py:914} INFO - Processing file /home/dea/weather-monitoring/venv/lib/python3.10/site-packages/airflow/example_dags/plugins/workday.py for tasks to queue
[2024-12-04T15:12:30.058+0700] {logging_mixin.py:190} INFO - [2024-12-04T15:12:30.058+0700] {dagbag.py:588} INFO - Filling up the DagBag from /home/dea/weather-monitoring/venv/lib/python3.10/site-packages/airflow/example_dags/plugins/workday.py
[2024-12-04T15:12:30.103+0700] {logging_mixin.py:190} INFO - [2024-12-04T15:12:30.103+0700] {workday.py:41} WARNING - Could not import pandas. Holidays will not be considered.
[2024-12-04T15:12:30.104+0700] {processor.py:927} WARNING - No viable dags retrieved from /home/dea/weather-monitoring/venv/lib/python3.10/site-packages/airflow/example_dags/plugins/workday.py
[2024-12-04T15:12:30.577+0700] {processor.py:208} INFO - Processing /home/dea/weather-monitoring/venv/lib/python3.10/site-packages/airflow/example_dags/plugins/workday.py took 0.545 seconds
[2024-12-04T15:13:03.757+0700] {processor.py:186} INFO - Started process (PID=94173) to work on /home/dea/weather-monitoring/venv/lib/python3.10/site-packages/airflow/example_dags/plugins/workday.py
[2024-12-04T15:13:03.777+0700] {processor.py:914} INFO - Processing file /home/dea/weather-monitoring/venv/lib/python3.10/site-packages/airflow/example_dags/plugins/workday.py for tasks to queue
[2024-12-04T15:13:03.782+0700] {logging_mixin.py:190} INFO - [2024-12-04T15:13:03.781+0700] {dagbag.py:588} INFO - Filling up the DagBag from /home/dea/weather-monitoring/venv/lib/python3.10/site-packages/airflow/example_dags/plugins/workday.py
[2024-12-04T15:13:03.798+0700] {logging_mixin.py:190} INFO - [2024-12-04T15:13:03.798+0700] {workday.py:41} WARNING - Could not import pandas. Holidays will not be considered.
[2024-12-04T15:13:03.799+0700] {processor.py:927} WARNING - No viable dags retrieved from /home/dea/weather-monitoring/venv/lib/python3.10/site-packages/airflow/example_dags/plugins/workday.py
[2024-12-04T15:13:03.946+0700] {processor.py:208} INFO - Processing /home/dea/weather-monitoring/venv/lib/python3.10/site-packages/airflow/example_dags/plugins/workday.py took 0.243 seconds
[2024-12-04T15:13:38.888+0700] {processor.py:186} INFO - Started process (PID=95212) to work on /home/dea/weather-monitoring/venv/lib/python3.10/site-packages/airflow/example_dags/plugins/workday.py
[2024-12-04T15:13:38.919+0700] {processor.py:914} INFO - Processing file /home/dea/weather-monitoring/venv/lib/python3.10/site-packages/airflow/example_dags/plugins/workday.py for tasks to queue
[2024-12-04T15:13:38.930+0700] {logging_mixin.py:190} INFO - [2024-12-04T15:13:38.929+0700] {dagbag.py:588} INFO - Filling up the DagBag from /home/dea/weather-monitoring/venv/lib/python3.10/site-packages/airflow/example_dags/plugins/workday.py
[2024-12-04T15:13:38.969+0700] {logging_mixin.py:190} INFO - [2024-12-04T15:13:38.969+0700] {workday.py:41} WARNING - Could not import pandas. Holidays will not be considered.
[2024-12-04T15:13:38.988+0700] {processor.py:927} WARNING - No viable dags retrieved from /home/dea/weather-monitoring/venv/lib/python3.10/site-packages/airflow/example_dags/plugins/workday.py
[2024-12-04T15:13:39.348+0700] {processor.py:208} INFO - Processing /home/dea/weather-monitoring/venv/lib/python3.10/site-packages/airflow/example_dags/plugins/workday.py took 0.604 seconds
[2024-12-04T15:14:13.278+0700] {processor.py:186} INFO - Started process (PID=96207) to work on /home/dea/weather-monitoring/venv/lib/python3.10/site-packages/airflow/example_dags/plugins/workday.py
[2024-12-04T15:14:13.286+0700] {processor.py:914} INFO - Processing file /home/dea/weather-monitoring/venv/lib/python3.10/site-packages/airflow/example_dags/plugins/workday.py for tasks to queue
[2024-12-04T15:14:13.304+0700] {logging_mixin.py:190} INFO - [2024-12-04T15:14:13.302+0700] {dagbag.py:588} INFO - Filling up the DagBag from /home/dea/weather-monitoring/venv/lib/python3.10/site-packages/airflow/example_dags/plugins/workday.py
[2024-12-04T15:14:13.362+0700] {logging_mixin.py:190} INFO - [2024-12-04T15:14:13.357+0700] {workday.py:41} WARNING - Could not import pandas. Holidays will not be considered.
[2024-12-04T15:14:13.368+0700] {processor.py:927} WARNING - No viable dags retrieved from /home/dea/weather-monitoring/venv/lib/python3.10/site-packages/airflow/example_dags/plugins/workday.py
[2024-12-04T15:14:13.466+0700] {processor.py:208} INFO - Processing /home/dea/weather-monitoring/venv/lib/python3.10/site-packages/airflow/example_dags/plugins/workday.py took 0.308 seconds
[2024-12-04T15:14:50.420+0700] {processor.py:186} INFO - Started process (PID=97675) to work on /home/dea/weather-monitoring/venv/lib/python3.10/site-packages/airflow/example_dags/plugins/workday.py
[2024-12-04T15:14:50.434+0700] {processor.py:914} INFO - Processing file /home/dea/weather-monitoring/venv/lib/python3.10/site-packages/airflow/example_dags/plugins/workday.py for tasks to queue
[2024-12-04T15:14:50.443+0700] {logging_mixin.py:190} INFO - [2024-12-04T15:14:50.442+0700] {dagbag.py:588} INFO - Filling up the DagBag from /home/dea/weather-monitoring/venv/lib/python3.10/site-packages/airflow/example_dags/plugins/workday.py
[2024-12-04T15:14:50.462+0700] {logging_mixin.py:190} INFO - [2024-12-04T15:14:50.462+0700] {workday.py:41} WARNING - Could not import pandas. Holidays will not be considered.
[2024-12-04T15:14:50.471+0700] {processor.py:927} WARNING - No viable dags retrieved from /home/dea/weather-monitoring/venv/lib/python3.10/site-packages/airflow/example_dags/plugins/workday.py
[2024-12-04T15:14:50.587+0700] {processor.py:208} INFO - Processing /home/dea/weather-monitoring/venv/lib/python3.10/site-packages/airflow/example_dags/plugins/workday.py took 0.215 seconds
[2024-12-04T15:15:35.461+0700] {processor.py:186} INFO - Started process (PID=99027) to work on /home/dea/weather-monitoring/venv/lib/python3.10/site-packages/airflow/example_dags/plugins/workday.py
[2024-12-04T15:15:35.499+0700] {processor.py:914} INFO - Processing file /home/dea/weather-monitoring/venv/lib/python3.10/site-packages/airflow/example_dags/plugins/workday.py for tasks to queue
[2024-12-04T15:15:35.533+0700] {logging_mixin.py:190} INFO - [2024-12-04T15:15:35.507+0700] {dagbag.py:588} INFO - Filling up the DagBag from /home/dea/weather-monitoring/venv/lib/python3.10/site-packages/airflow/example_dags/plugins/workday.py
[2024-12-04T15:15:35.604+0700] {logging_mixin.py:190} INFO - [2024-12-04T15:15:35.604+0700] {workday.py:41} WARNING - Could not import pandas. Holidays will not be considered.
[2024-12-04T15:15:35.605+0700] {processor.py:927} WARNING - No viable dags retrieved from /home/dea/weather-monitoring/venv/lib/python3.10/site-packages/airflow/example_dags/plugins/workday.py
[2024-12-04T15:15:35.945+0700] {processor.py:208} INFO - Processing /home/dea/weather-monitoring/venv/lib/python3.10/site-packages/airflow/example_dags/plugins/workday.py took 0.624 seconds
[2024-12-04T15:16:19.050+0700] {processor.py:186} INFO - Started process (PID=100069) to work on /home/dea/weather-monitoring/venv/lib/python3.10/site-packages/airflow/example_dags/plugins/workday.py
[2024-12-04T15:16:19.071+0700] {processor.py:914} INFO - Processing file /home/dea/weather-monitoring/venv/lib/python3.10/site-packages/airflow/example_dags/plugins/workday.py for tasks to queue
[2024-12-04T15:16:19.117+0700] {logging_mixin.py:190} INFO - [2024-12-04T15:16:19.104+0700] {dagbag.py:588} INFO - Filling up the DagBag from /home/dea/weather-monitoring/venv/lib/python3.10/site-packages/airflow/example_dags/plugins/workday.py
[2024-12-04T15:16:19.177+0700] {logging_mixin.py:190} INFO - [2024-12-04T15:16:19.174+0700] {workday.py:41} WARNING - Could not import pandas. Holidays will not be considered.
[2024-12-04T15:16:19.199+0700] {processor.py:927} WARNING - No viable dags retrieved from /home/dea/weather-monitoring/venv/lib/python3.10/site-packages/airflow/example_dags/plugins/workday.py
[2024-12-04T15:16:19.373+0700] {processor.py:208} INFO - Processing /home/dea/weather-monitoring/venv/lib/python3.10/site-packages/airflow/example_dags/plugins/workday.py took 0.413 seconds
[2024-12-04T15:16:55.424+0700] {processor.py:186} INFO - Started process (PID=101107) to work on /home/dea/weather-monitoring/venv/lib/python3.10/site-packages/airflow/example_dags/plugins/workday.py
[2024-12-04T15:16:55.478+0700] {processor.py:914} INFO - Processing file /home/dea/weather-monitoring/venv/lib/python3.10/site-packages/airflow/example_dags/plugins/workday.py for tasks to queue
[2024-12-04T15:16:55.481+0700] {logging_mixin.py:190} INFO - [2024-12-04T15:16:55.480+0700] {dagbag.py:588} INFO - Filling up the DagBag from /home/dea/weather-monitoring/venv/lib/python3.10/site-packages/airflow/example_dags/plugins/workday.py
[2024-12-04T15:16:55.509+0700] {logging_mixin.py:190} INFO - [2024-12-04T15:16:55.508+0700] {workday.py:41} WARNING - Could not import pandas. Holidays will not be considered.
[2024-12-04T15:16:55.544+0700] {processor.py:927} WARNING - No viable dags retrieved from /home/dea/weather-monitoring/venv/lib/python3.10/site-packages/airflow/example_dags/plugins/workday.py
[2024-12-04T15:16:55.633+0700] {processor.py:208} INFO - Processing /home/dea/weather-monitoring/venv/lib/python3.10/site-packages/airflow/example_dags/plugins/workday.py took 0.306 seconds
[2024-12-04T15:17:36.701+0700] {processor.py:186} INFO - Started process (PID=102820) to work on /home/dea/weather-monitoring/venv/lib/python3.10/site-packages/airflow/example_dags/plugins/workday.py
[2024-12-04T15:17:36.710+0700] {processor.py:914} INFO - Processing file /home/dea/weather-monitoring/venv/lib/python3.10/site-packages/airflow/example_dags/plugins/workday.py for tasks to queue
[2024-12-04T15:17:36.720+0700] {logging_mixin.py:190} INFO - [2024-12-04T15:17:36.719+0700] {dagbag.py:588} INFO - Filling up the DagBag from /home/dea/weather-monitoring/venv/lib/python3.10/site-packages/airflow/example_dags/plugins/workday.py
[2024-12-04T15:17:36.739+0700] {logging_mixin.py:190} INFO - [2024-12-04T15:17:36.739+0700] {workday.py:41} WARNING - Could not import pandas. Holidays will not be considered.
[2024-12-04T15:17:36.740+0700] {processor.py:927} WARNING - No viable dags retrieved from /home/dea/weather-monitoring/venv/lib/python3.10/site-packages/airflow/example_dags/plugins/workday.py
[2024-12-04T15:17:36.852+0700] {processor.py:208} INFO - Processing /home/dea/weather-monitoring/venv/lib/python3.10/site-packages/airflow/example_dags/plugins/workday.py took 0.167 seconds
[2024-12-04T15:18:13.034+0700] {processor.py:186} INFO - Started process (PID=104138) to work on /home/dea/weather-monitoring/venv/lib/python3.10/site-packages/airflow/example_dags/plugins/workday.py
[2024-12-04T15:18:13.037+0700] {processor.py:914} INFO - Processing file /home/dea/weather-monitoring/venv/lib/python3.10/site-packages/airflow/example_dags/plugins/workday.py for tasks to queue
[2024-12-04T15:18:13.040+0700] {logging_mixin.py:190} INFO - [2024-12-04T15:18:13.039+0700] {dagbag.py:588} INFO - Filling up the DagBag from /home/dea/weather-monitoring/venv/lib/python3.10/site-packages/airflow/example_dags/plugins/workday.py
[2024-12-04T15:18:13.056+0700] {logging_mixin.py:190} INFO - [2024-12-04T15:18:13.053+0700] {workday.py:41} WARNING - Could not import pandas. Holidays will not be considered.
[2024-12-04T15:18:13.057+0700] {processor.py:927} WARNING - No viable dags retrieved from /home/dea/weather-monitoring/venv/lib/python3.10/site-packages/airflow/example_dags/plugins/workday.py
[2024-12-04T15:18:13.327+0700] {processor.py:208} INFO - Processing /home/dea/weather-monitoring/venv/lib/python3.10/site-packages/airflow/example_dags/plugins/workday.py took 0.331 seconds
[2024-12-04T15:19:09.484+0700] {processor.py:186} INFO - Started process (PID=105917) to work on /home/dea/weather-monitoring/venv/lib/python3.10/site-packages/airflow/example_dags/plugins/workday.py
[2024-12-04T15:19:09.515+0700] {processor.py:914} INFO - Processing file /home/dea/weather-monitoring/venv/lib/python3.10/site-packages/airflow/example_dags/plugins/workday.py for tasks to queue
[2024-12-04T15:19:09.526+0700] {logging_mixin.py:190} INFO - [2024-12-04T15:19:09.525+0700] {dagbag.py:588} INFO - Filling up the DagBag from /home/dea/weather-monitoring/venv/lib/python3.10/site-packages/airflow/example_dags/plugins/workday.py
[2024-12-04T15:19:09.556+0700] {logging_mixin.py:190} INFO - [2024-12-04T15:19:09.555+0700] {workday.py:41} WARNING - Could not import pandas. Holidays will not be considered.
[2024-12-04T15:19:09.556+0700] {processor.py:927} WARNING - No viable dags retrieved from /home/dea/weather-monitoring/venv/lib/python3.10/site-packages/airflow/example_dags/plugins/workday.py
[2024-12-04T15:19:09.712+0700] {processor.py:208} INFO - Processing /home/dea/weather-monitoring/venv/lib/python3.10/site-packages/airflow/example_dags/plugins/workday.py took 0.314 seconds
[2024-12-04T15:20:16.449+0700] {processor.py:186} INFO - Started process (PID=107942) to work on /home/dea/weather-monitoring/venv/lib/python3.10/site-packages/airflow/example_dags/plugins/workday.py
[2024-12-04T15:20:16.457+0700] {processor.py:914} INFO - Processing file /home/dea/weather-monitoring/venv/lib/python3.10/site-packages/airflow/example_dags/plugins/workday.py for tasks to queue
[2024-12-04T15:20:16.459+0700] {logging_mixin.py:190} INFO - [2024-12-04T15:20:16.459+0700] {dagbag.py:588} INFO - Filling up the DagBag from /home/dea/weather-monitoring/venv/lib/python3.10/site-packages/airflow/example_dags/plugins/workday.py
[2024-12-04T15:20:16.492+0700] {logging_mixin.py:190} INFO - [2024-12-04T15:20:16.492+0700] {workday.py:41} WARNING - Could not import pandas. Holidays will not be considered.
[2024-12-04T15:20:16.517+0700] {processor.py:927} WARNING - No viable dags retrieved from /home/dea/weather-monitoring/venv/lib/python3.10/site-packages/airflow/example_dags/plugins/workday.py
[2024-12-04T15:20:16.725+0700] {processor.py:208} INFO - Processing /home/dea/weather-monitoring/venv/lib/python3.10/site-packages/airflow/example_dags/plugins/workday.py took 0.387 seconds
