[2024-12-04T13:13:24.479+0700] {processor.py:186} INFO - Started process (PID=17055) to work on /home/dea/weather-monitoring/venv/lib/python3.10/site-packages/airflow/example_dags/example_branch_operator.py
[2024-12-04T13:13:24.481+0700] {processor.py:914} INFO - Processing file /home/dea/weather-monitoring/venv/lib/python3.10/site-packages/airflow/example_dags/example_branch_operator.py for tasks to queue
[2024-12-04T13:13:24.486+0700] {logging_mixin.py:190} INFO - [2024-12-04T13:13:24.485+0700] {dagbag.py:588} INFO - Filling up the DagBag from /home/dea/weather-monitoring/venv/lib/python3.10/site-packages/airflow/example_dags/example_branch_operator.py
[2024-12-04T13:13:24.493+0700] {processor.py:927} WARNING - No viable dags retrieved from /home/dea/weather-monitoring/venv/lib/python3.10/site-packages/airflow/example_dags/example_branch_operator.py
[2024-12-04T13:13:24.517+0700] {processor.py:208} INFO - Processing /home/dea/weather-monitoring/venv/lib/python3.10/site-packages/airflow/example_dags/example_branch_operator.py took 0.052 seconds
[2024-12-04T13:32:40.885+0700] {processor.py:186} INFO - Started process (PID=30723) to work on /home/dea/weather-monitoring/venv/lib/python3.10/site-packages/airflow/example_dags/example_branch_operator.py
[2024-12-04T13:32:40.886+0700] {processor.py:914} INFO - Processing file /home/dea/weather-monitoring/venv/lib/python3.10/site-packages/airflow/example_dags/example_branch_operator.py for tasks to queue
[2024-12-04T13:32:40.888+0700] {logging_mixin.py:190} INFO - [2024-12-04T13:32:40.888+0700] {dagbag.py:588} INFO - Filling up the DagBag from /home/dea/weather-monitoring/venv/lib/python3.10/site-packages/airflow/example_dags/example_branch_operator.py
[2024-12-04T13:32:40.892+0700] {processor.py:927} WARNING - No viable dags retrieved from /home/dea/weather-monitoring/venv/lib/python3.10/site-packages/airflow/example_dags/example_branch_operator.py
[2024-12-04T13:32:40.904+0700] {processor.py:208} INFO - Processing /home/dea/weather-monitoring/venv/lib/python3.10/site-packages/airflow/example_dags/example_branch_operator.py took 0.027 seconds
[2024-12-04T13:33:36.829+0700] {processor.py:186} INFO - Started process (PID=30928) to work on /home/dea/weather-monitoring/venv/lib/python3.10/site-packages/airflow/example_dags/example_branch_operator.py
[2024-12-04T13:33:36.831+0700] {processor.py:914} INFO - Processing file /home/dea/weather-monitoring/venv/lib/python3.10/site-packages/airflow/example_dags/example_branch_operator.py for tasks to queue
[2024-12-04T13:33:36.834+0700] {logging_mixin.py:190} INFO - [2024-12-04T13:33:36.833+0700] {dagbag.py:588} INFO - Filling up the DagBag from /home/dea/weather-monitoring/venv/lib/python3.10/site-packages/airflow/example_dags/example_branch_operator.py
[2024-12-04T13:33:36.839+0700] {processor.py:927} WARNING - No viable dags retrieved from /home/dea/weather-monitoring/venv/lib/python3.10/site-packages/airflow/example_dags/example_branch_operator.py
[2024-12-04T13:33:36.856+0700] {processor.py:208} INFO - Processing /home/dea/weather-monitoring/venv/lib/python3.10/site-packages/airflow/example_dags/example_branch_operator.py took 0.039 seconds
[2024-12-04T13:34:35.276+0700] {processor.py:186} INFO - Started process (PID=31180) to work on /home/dea/weather-monitoring/venv/lib/python3.10/site-packages/airflow/example_dags/example_branch_operator.py
[2024-12-04T13:34:35.279+0700] {processor.py:914} INFO - Processing file /home/dea/weather-monitoring/venv/lib/python3.10/site-packages/airflow/example_dags/example_branch_operator.py for tasks to queue
[2024-12-04T13:34:35.283+0700] {logging_mixin.py:190} INFO - [2024-12-04T13:34:35.283+0700] {dagbag.py:588} INFO - Filling up the DagBag from /home/dea/weather-monitoring/venv/lib/python3.10/site-packages/airflow/example_dags/example_branch_operator.py
[2024-12-04T13:34:35.290+0700] {processor.py:927} WARNING - No viable dags retrieved from /home/dea/weather-monitoring/venv/lib/python3.10/site-packages/airflow/example_dags/example_branch_operator.py
[2024-12-04T13:34:35.312+0700] {processor.py:208} INFO - Processing /home/dea/weather-monitoring/venv/lib/python3.10/site-packages/airflow/example_dags/example_branch_operator.py took 0.050 seconds
[2024-12-04T14:10:16.967+0700] {processor.py:186} INFO - Started process (PID=37471) to work on /home/dea/weather-monitoring/venv/lib/python3.10/site-packages/airflow/example_dags/example_branch_operator.py
[2024-12-04T14:10:16.969+0700] {processor.py:914} INFO - Processing file /home/dea/weather-monitoring/venv/lib/python3.10/site-packages/airflow/example_dags/example_branch_operator.py for tasks to queue
[2024-12-04T14:10:16.974+0700] {logging_mixin.py:190} INFO - [2024-12-04T14:10:16.973+0700] {dagbag.py:588} INFO - Filling up the DagBag from /home/dea/weather-monitoring/venv/lib/python3.10/site-packages/airflow/example_dags/example_branch_operator.py
[2024-12-04T14:10:16.982+0700] {processor.py:927} WARNING - No viable dags retrieved from /home/dea/weather-monitoring/venv/lib/python3.10/site-packages/airflow/example_dags/example_branch_operator.py
[2024-12-04T14:10:17.004+0700] {processor.py:208} INFO - Processing /home/dea/weather-monitoring/venv/lib/python3.10/site-packages/airflow/example_dags/example_branch_operator.py took 0.051 seconds
[2024-12-04T14:11:30.528+0700] {processor.py:186} INFO - Started process (PID=38002) to work on /home/dea/weather-monitoring/venv/lib/python3.10/site-packages/airflow/example_dags/example_branch_operator.py
[2024-12-04T14:11:30.530+0700] {processor.py:914} INFO - Processing file /home/dea/weather-monitoring/venv/lib/python3.10/site-packages/airflow/example_dags/example_branch_operator.py for tasks to queue
[2024-12-04T14:11:30.536+0700] {logging_mixin.py:190} INFO - [2024-12-04T14:11:30.534+0700] {dagbag.py:588} INFO - Filling up the DagBag from /home/dea/weather-monitoring/venv/lib/python3.10/site-packages/airflow/example_dags/example_branch_operator.py
[2024-12-04T14:11:30.544+0700] {processor.py:927} WARNING - No viable dags retrieved from /home/dea/weather-monitoring/venv/lib/python3.10/site-packages/airflow/example_dags/example_branch_operator.py
[2024-12-04T14:11:30.565+0700] {processor.py:208} INFO - Processing /home/dea/weather-monitoring/venv/lib/python3.10/site-packages/airflow/example_dags/example_branch_operator.py took 0.054 seconds
[2024-12-04T14:40:31.577+0700] {processor.py:186} INFO - Started process (PID=45743) to work on /home/dea/weather-monitoring/venv/lib/python3.10/site-packages/airflow/example_dags/example_branch_operator.py
[2024-12-04T14:40:31.579+0700] {processor.py:914} INFO - Processing file /home/dea/weather-monitoring/venv/lib/python3.10/site-packages/airflow/example_dags/example_branch_operator.py for tasks to queue
[2024-12-04T14:40:31.583+0700] {logging_mixin.py:190} INFO - [2024-12-04T14:40:31.583+0700] {dagbag.py:588} INFO - Filling up the DagBag from /home/dea/weather-monitoring/venv/lib/python3.10/site-packages/airflow/example_dags/example_branch_operator.py
[2024-12-04T14:40:31.590+0700] {processor.py:927} WARNING - No viable dags retrieved from /home/dea/weather-monitoring/venv/lib/python3.10/site-packages/airflow/example_dags/example_branch_operator.py
[2024-12-04T14:40:31.634+0700] {processor.py:208} INFO - Processing /home/dea/weather-monitoring/venv/lib/python3.10/site-packages/airflow/example_dags/example_branch_operator.py took 0.068 seconds
[2024-12-04T14:41:02.379+0700] {processor.py:186} INFO - Started process (PID=45966) to work on /home/dea/weather-monitoring/venv/lib/python3.10/site-packages/airflow/example_dags/example_branch_operator.py
[2024-12-04T14:41:02.381+0700] {processor.py:914} INFO - Processing file /home/dea/weather-monitoring/venv/lib/python3.10/site-packages/airflow/example_dags/example_branch_operator.py for tasks to queue
[2024-12-04T14:41:02.388+0700] {logging_mixin.py:190} INFO - [2024-12-04T14:41:02.387+0700] {dagbag.py:588} INFO - Filling up the DagBag from /home/dea/weather-monitoring/venv/lib/python3.10/site-packages/airflow/example_dags/example_branch_operator.py
[2024-12-04T14:41:02.395+0700] {processor.py:927} WARNING - No viable dags retrieved from /home/dea/weather-monitoring/venv/lib/python3.10/site-packages/airflow/example_dags/example_branch_operator.py
[2024-12-04T14:41:02.456+0700] {processor.py:208} INFO - Processing /home/dea/weather-monitoring/venv/lib/python3.10/site-packages/airflow/example_dags/example_branch_operator.py took 0.092 seconds
[2024-12-04T14:41:34.665+0700] {processor.py:186} INFO - Started process (PID=46266) to work on /home/dea/weather-monitoring/venv/lib/python3.10/site-packages/airflow/example_dags/example_branch_operator.py
[2024-12-04T14:41:34.672+0700] {processor.py:914} INFO - Processing file /home/dea/weather-monitoring/venv/lib/python3.10/site-packages/airflow/example_dags/example_branch_operator.py for tasks to queue
[2024-12-04T14:41:34.698+0700] {logging_mixin.py:190} INFO - [2024-12-04T14:41:34.695+0700] {dagbag.py:588} INFO - Filling up the DagBag from /home/dea/weather-monitoring/venv/lib/python3.10/site-packages/airflow/example_dags/example_branch_operator.py
[2024-12-04T14:41:34.781+0700] {processor.py:927} WARNING - No viable dags retrieved from /home/dea/weather-monitoring/venv/lib/python3.10/site-packages/airflow/example_dags/example_branch_operator.py
[2024-12-04T14:41:35.054+0700] {processor.py:208} INFO - Processing /home/dea/weather-monitoring/venv/lib/python3.10/site-packages/airflow/example_dags/example_branch_operator.py took 0.547 seconds
[2024-12-04T14:42:05.942+0700] {processor.py:186} INFO - Started process (PID=46571) to work on /home/dea/weather-monitoring/venv/lib/python3.10/site-packages/airflow/example_dags/example_branch_operator.py
[2024-12-04T14:42:05.995+0700] {processor.py:914} INFO - Processing file /home/dea/weather-monitoring/venv/lib/python3.10/site-packages/airflow/example_dags/example_branch_operator.py for tasks to queue
[2024-12-04T14:42:06.003+0700] {logging_mixin.py:190} INFO - [2024-12-04T14:42:06.002+0700] {dagbag.py:588} INFO - Filling up the DagBag from /home/dea/weather-monitoring/venv/lib/python3.10/site-packages/airflow/example_dags/example_branch_operator.py
[2024-12-04T14:42:06.095+0700] {processor.py:927} WARNING - No viable dags retrieved from /home/dea/weather-monitoring/venv/lib/python3.10/site-packages/airflow/example_dags/example_branch_operator.py
[2024-12-04T14:42:06.369+0700] {processor.py:208} INFO - Processing /home/dea/weather-monitoring/venv/lib/python3.10/site-packages/airflow/example_dags/example_branch_operator.py took 0.459 seconds
[2024-12-04T14:42:37.140+0700] {processor.py:186} INFO - Started process (PID=47178) to work on /home/dea/weather-monitoring/venv/lib/python3.10/site-packages/airflow/example_dags/example_branch_operator.py
[2024-12-04T14:42:37.142+0700] {processor.py:914} INFO - Processing file /home/dea/weather-monitoring/venv/lib/python3.10/site-packages/airflow/example_dags/example_branch_operator.py for tasks to queue
[2024-12-04T14:42:37.148+0700] {logging_mixin.py:190} INFO - [2024-12-04T14:42:37.147+0700] {dagbag.py:588} INFO - Filling up the DagBag from /home/dea/weather-monitoring/venv/lib/python3.10/site-packages/airflow/example_dags/example_branch_operator.py
[2024-12-04T14:42:37.157+0700] {processor.py:927} WARNING - No viable dags retrieved from /home/dea/weather-monitoring/venv/lib/python3.10/site-packages/airflow/example_dags/example_branch_operator.py
[2024-12-04T14:42:37.241+0700] {processor.py:208} INFO - Processing /home/dea/weather-monitoring/venv/lib/python3.10/site-packages/airflow/example_dags/example_branch_operator.py took 0.123 seconds
[2024-12-04T14:43:07.925+0700] {processor.py:186} INFO - Started process (PID=47638) to work on /home/dea/weather-monitoring/venv/lib/python3.10/site-packages/airflow/example_dags/example_branch_operator.py
[2024-12-04T14:43:07.929+0700] {processor.py:914} INFO - Processing file /home/dea/weather-monitoring/venv/lib/python3.10/site-packages/airflow/example_dags/example_branch_operator.py for tasks to queue
[2024-12-04T14:43:07.936+0700] {logging_mixin.py:190} INFO - [2024-12-04T14:43:07.935+0700] {dagbag.py:588} INFO - Filling up the DagBag from /home/dea/weather-monitoring/venv/lib/python3.10/site-packages/airflow/example_dags/example_branch_operator.py
[2024-12-04T14:43:07.961+0700] {processor.py:927} WARNING - No viable dags retrieved from /home/dea/weather-monitoring/venv/lib/python3.10/site-packages/airflow/example_dags/example_branch_operator.py
[2024-12-04T14:43:08.034+0700] {processor.py:208} INFO - Processing /home/dea/weather-monitoring/venv/lib/python3.10/site-packages/airflow/example_dags/example_branch_operator.py took 0.140 seconds
[2024-12-04T14:43:38.475+0700] {processor.py:186} INFO - Started process (PID=47783) to work on /home/dea/weather-monitoring/venv/lib/python3.10/site-packages/airflow/example_dags/example_branch_operator.py
[2024-12-04T14:43:38.477+0700] {processor.py:914} INFO - Processing file /home/dea/weather-monitoring/venv/lib/python3.10/site-packages/airflow/example_dags/example_branch_operator.py for tasks to queue
[2024-12-04T14:43:38.485+0700] {logging_mixin.py:190} INFO - [2024-12-04T14:43:38.484+0700] {dagbag.py:588} INFO - Filling up the DagBag from /home/dea/weather-monitoring/venv/lib/python3.10/site-packages/airflow/example_dags/example_branch_operator.py
[2024-12-04T14:43:38.497+0700] {processor.py:927} WARNING - No viable dags retrieved from /home/dea/weather-monitoring/venv/lib/python3.10/site-packages/airflow/example_dags/example_branch_operator.py
[2024-12-04T14:43:38.572+0700] {processor.py:208} INFO - Processing /home/dea/weather-monitoring/venv/lib/python3.10/site-packages/airflow/example_dags/example_branch_operator.py took 0.115 seconds
[2024-12-04T14:44:09.056+0700] {processor.py:186} INFO - Started process (PID=47913) to work on /home/dea/weather-monitoring/venv/lib/python3.10/site-packages/airflow/example_dags/example_branch_operator.py
[2024-12-04T14:44:09.058+0700] {processor.py:914} INFO - Processing file /home/dea/weather-monitoring/venv/lib/python3.10/site-packages/airflow/example_dags/example_branch_operator.py for tasks to queue
[2024-12-04T14:44:09.063+0700] {logging_mixin.py:190} INFO - [2024-12-04T14:44:09.063+0700] {dagbag.py:588} INFO - Filling up the DagBag from /home/dea/weather-monitoring/venv/lib/python3.10/site-packages/airflow/example_dags/example_branch_operator.py
[2024-12-04T14:44:09.075+0700] {processor.py:927} WARNING - No viable dags retrieved from /home/dea/weather-monitoring/venv/lib/python3.10/site-packages/airflow/example_dags/example_branch_operator.py
[2024-12-04T14:44:09.137+0700] {processor.py:208} INFO - Processing /home/dea/weather-monitoring/venv/lib/python3.10/site-packages/airflow/example_dags/example_branch_operator.py took 0.097 seconds
[2024-12-04T14:44:40.693+0700] {processor.py:186} INFO - Started process (PID=48144) to work on /home/dea/weather-monitoring/venv/lib/python3.10/site-packages/airflow/example_dags/example_branch_operator.py
[2024-12-04T14:44:40.698+0700] {processor.py:914} INFO - Processing file /home/dea/weather-monitoring/venv/lib/python3.10/site-packages/airflow/example_dags/example_branch_operator.py for tasks to queue
[2024-12-04T14:44:40.704+0700] {logging_mixin.py:190} INFO - [2024-12-04T14:44:40.703+0700] {dagbag.py:588} INFO - Filling up the DagBag from /home/dea/weather-monitoring/venv/lib/python3.10/site-packages/airflow/example_dags/example_branch_operator.py
[2024-12-04T14:44:40.721+0700] {processor.py:927} WARNING - No viable dags retrieved from /home/dea/weather-monitoring/venv/lib/python3.10/site-packages/airflow/example_dags/example_branch_operator.py
[2024-12-04T14:44:40.798+0700] {processor.py:208} INFO - Processing /home/dea/weather-monitoring/venv/lib/python3.10/site-packages/airflow/example_dags/example_branch_operator.py took 0.125 seconds
[2024-12-04T14:45:11.411+0700] {processor.py:186} INFO - Started process (PID=49000) to work on /home/dea/weather-monitoring/venv/lib/python3.10/site-packages/airflow/example_dags/example_branch_operator.py
[2024-12-04T14:45:11.413+0700] {processor.py:914} INFO - Processing file /home/dea/weather-monitoring/venv/lib/python3.10/site-packages/airflow/example_dags/example_branch_operator.py for tasks to queue
[2024-12-04T14:45:11.419+0700] {logging_mixin.py:190} INFO - [2024-12-04T14:45:11.418+0700] {dagbag.py:588} INFO - Filling up the DagBag from /home/dea/weather-monitoring/venv/lib/python3.10/site-packages/airflow/example_dags/example_branch_operator.py
[2024-12-04T14:45:11.439+0700] {processor.py:927} WARNING - No viable dags retrieved from /home/dea/weather-monitoring/venv/lib/python3.10/site-packages/airflow/example_dags/example_branch_operator.py
[2024-12-04T14:45:11.517+0700] {processor.py:208} INFO - Processing /home/dea/weather-monitoring/venv/lib/python3.10/site-packages/airflow/example_dags/example_branch_operator.py took 0.157 seconds
[2024-12-04T14:45:43.351+0700] {processor.py:186} INFO - Started process (PID=49880) to work on /home/dea/weather-monitoring/venv/lib/python3.10/site-packages/airflow/example_dags/example_branch_operator.py
[2024-12-04T14:45:43.354+0700] {processor.py:914} INFO - Processing file /home/dea/weather-monitoring/venv/lib/python3.10/site-packages/airflow/example_dags/example_branch_operator.py for tasks to queue
[2024-12-04T14:45:43.360+0700] {logging_mixin.py:190} INFO - [2024-12-04T14:45:43.359+0700] {dagbag.py:588} INFO - Filling up the DagBag from /home/dea/weather-monitoring/venv/lib/python3.10/site-packages/airflow/example_dags/example_branch_operator.py
[2024-12-04T14:45:43.389+0700] {processor.py:927} WARNING - No viable dags retrieved from /home/dea/weather-monitoring/venv/lib/python3.10/site-packages/airflow/example_dags/example_branch_operator.py
[2024-12-04T14:45:43.551+0700] {processor.py:208} INFO - Processing /home/dea/weather-monitoring/venv/lib/python3.10/site-packages/airflow/example_dags/example_branch_operator.py took 0.223 seconds
[2024-12-04T14:46:15.130+0700] {processor.py:186} INFO - Started process (PID=50529) to work on /home/dea/weather-monitoring/venv/lib/python3.10/site-packages/airflow/example_dags/example_branch_operator.py
[2024-12-04T14:46:15.147+0700] {processor.py:914} INFO - Processing file /home/dea/weather-monitoring/venv/lib/python3.10/site-packages/airflow/example_dags/example_branch_operator.py for tasks to queue
[2024-12-04T14:46:15.159+0700] {logging_mixin.py:190} INFO - [2024-12-04T14:46:15.158+0700] {dagbag.py:588} INFO - Filling up the DagBag from /home/dea/weather-monitoring/venv/lib/python3.10/site-packages/airflow/example_dags/example_branch_operator.py
[2024-12-04T14:46:15.171+0700] {processor.py:927} WARNING - No viable dags retrieved from /home/dea/weather-monitoring/venv/lib/python3.10/site-packages/airflow/example_dags/example_branch_operator.py
[2024-12-04T14:46:15.255+0700] {processor.py:208} INFO - Processing /home/dea/weather-monitoring/venv/lib/python3.10/site-packages/airflow/example_dags/example_branch_operator.py took 0.158 seconds
[2024-12-04T14:46:45.481+0700] {processor.py:186} INFO - Started process (PID=51246) to work on /home/dea/weather-monitoring/venv/lib/python3.10/site-packages/airflow/example_dags/example_branch_operator.py
[2024-12-04T14:46:45.488+0700] {processor.py:914} INFO - Processing file /home/dea/weather-monitoring/venv/lib/python3.10/site-packages/airflow/example_dags/example_branch_operator.py for tasks to queue
[2024-12-04T14:46:45.493+0700] {logging_mixin.py:190} INFO - [2024-12-04T14:46:45.492+0700] {dagbag.py:588} INFO - Filling up the DagBag from /home/dea/weather-monitoring/venv/lib/python3.10/site-packages/airflow/example_dags/example_branch_operator.py
[2024-12-04T14:46:45.503+0700] {processor.py:927} WARNING - No viable dags retrieved from /home/dea/weather-monitoring/venv/lib/python3.10/site-packages/airflow/example_dags/example_branch_operator.py
[2024-12-04T14:46:45.568+0700] {processor.py:208} INFO - Processing /home/dea/weather-monitoring/venv/lib/python3.10/site-packages/airflow/example_dags/example_branch_operator.py took 0.109 seconds
[2024-12-04T14:47:16.340+0700] {processor.py:186} INFO - Started process (PID=51757) to work on /home/dea/weather-monitoring/venv/lib/python3.10/site-packages/airflow/example_dags/example_branch_operator.py
[2024-12-04T14:47:16.342+0700] {processor.py:914} INFO - Processing file /home/dea/weather-monitoring/venv/lib/python3.10/site-packages/airflow/example_dags/example_branch_operator.py for tasks to queue
[2024-12-04T14:47:16.350+0700] {logging_mixin.py:190} INFO - [2024-12-04T14:47:16.349+0700] {dagbag.py:588} INFO - Filling up the DagBag from /home/dea/weather-monitoring/venv/lib/python3.10/site-packages/airflow/example_dags/example_branch_operator.py
[2024-12-04T14:47:16.357+0700] {processor.py:927} WARNING - No viable dags retrieved from /home/dea/weather-monitoring/venv/lib/python3.10/site-packages/airflow/example_dags/example_branch_operator.py
[2024-12-04T14:47:16.414+0700] {processor.py:208} INFO - Processing /home/dea/weather-monitoring/venv/lib/python3.10/site-packages/airflow/example_dags/example_branch_operator.py took 0.093 seconds
[2024-12-04T14:47:46.991+0700] {processor.py:186} INFO - Started process (PID=52236) to work on /home/dea/weather-monitoring/venv/lib/python3.10/site-packages/airflow/example_dags/example_branch_operator.py
[2024-12-04T14:47:46.999+0700] {processor.py:914} INFO - Processing file /home/dea/weather-monitoring/venv/lib/python3.10/site-packages/airflow/example_dags/example_branch_operator.py for tasks to queue
[2024-12-04T14:47:47.007+0700] {logging_mixin.py:190} INFO - [2024-12-04T14:47:47.006+0700] {dagbag.py:588} INFO - Filling up the DagBag from /home/dea/weather-monitoring/venv/lib/python3.10/site-packages/airflow/example_dags/example_branch_operator.py
[2024-12-04T14:47:47.019+0700] {processor.py:927} WARNING - No viable dags retrieved from /home/dea/weather-monitoring/venv/lib/python3.10/site-packages/airflow/example_dags/example_branch_operator.py
[2024-12-04T14:47:47.106+0700] {processor.py:208} INFO - Processing /home/dea/weather-monitoring/venv/lib/python3.10/site-packages/airflow/example_dags/example_branch_operator.py took 0.141 seconds
[2024-12-04T14:48:17.692+0700] {processor.py:186} INFO - Started process (PID=52669) to work on /home/dea/weather-monitoring/venv/lib/python3.10/site-packages/airflow/example_dags/example_branch_operator.py
[2024-12-04T14:48:17.694+0700] {processor.py:914} INFO - Processing file /home/dea/weather-monitoring/venv/lib/python3.10/site-packages/airflow/example_dags/example_branch_operator.py for tasks to queue
[2024-12-04T14:48:17.701+0700] {logging_mixin.py:190} INFO - [2024-12-04T14:48:17.700+0700] {dagbag.py:588} INFO - Filling up the DagBag from /home/dea/weather-monitoring/venv/lib/python3.10/site-packages/airflow/example_dags/example_branch_operator.py
[2024-12-04T14:48:17.709+0700] {processor.py:927} WARNING - No viable dags retrieved from /home/dea/weather-monitoring/venv/lib/python3.10/site-packages/airflow/example_dags/example_branch_operator.py
[2024-12-04T14:48:17.768+0700] {processor.py:208} INFO - Processing /home/dea/weather-monitoring/venv/lib/python3.10/site-packages/airflow/example_dags/example_branch_operator.py took 0.093 seconds
[2024-12-04T14:48:48.292+0700] {processor.py:186} INFO - Started process (PID=53018) to work on /home/dea/weather-monitoring/venv/lib/python3.10/site-packages/airflow/example_dags/example_branch_operator.py
[2024-12-04T14:48:48.294+0700] {processor.py:914} INFO - Processing file /home/dea/weather-monitoring/venv/lib/python3.10/site-packages/airflow/example_dags/example_branch_operator.py for tasks to queue
[2024-12-04T14:48:48.303+0700] {logging_mixin.py:190} INFO - [2024-12-04T14:48:48.302+0700] {dagbag.py:588} INFO - Filling up the DagBag from /home/dea/weather-monitoring/venv/lib/python3.10/site-packages/airflow/example_dags/example_branch_operator.py
[2024-12-04T14:48:48.314+0700] {processor.py:927} WARNING - No viable dags retrieved from /home/dea/weather-monitoring/venv/lib/python3.10/site-packages/airflow/example_dags/example_branch_operator.py
[2024-12-04T14:48:48.377+0700] {processor.py:208} INFO - Processing /home/dea/weather-monitoring/venv/lib/python3.10/site-packages/airflow/example_dags/example_branch_operator.py took 0.109 seconds
[2024-12-04T14:49:19.284+0700] {processor.py:186} INFO - Started process (PID=53471) to work on /home/dea/weather-monitoring/venv/lib/python3.10/site-packages/airflow/example_dags/example_branch_operator.py
[2024-12-04T14:49:19.286+0700] {processor.py:914} INFO - Processing file /home/dea/weather-monitoring/venv/lib/python3.10/site-packages/airflow/example_dags/example_branch_operator.py for tasks to queue
[2024-12-04T14:49:19.296+0700] {logging_mixin.py:190} INFO - [2024-12-04T14:49:19.295+0700] {dagbag.py:588} INFO - Filling up the DagBag from /home/dea/weather-monitoring/venv/lib/python3.10/site-packages/airflow/example_dags/example_branch_operator.py
[2024-12-04T14:49:19.304+0700] {processor.py:927} WARNING - No viable dags retrieved from /home/dea/weather-monitoring/venv/lib/python3.10/site-packages/airflow/example_dags/example_branch_operator.py
[2024-12-04T14:49:19.386+0700] {processor.py:208} INFO - Processing /home/dea/weather-monitoring/venv/lib/python3.10/site-packages/airflow/example_dags/example_branch_operator.py took 0.121 seconds
[2024-12-04T14:49:52.408+0700] {processor.py:186} INFO - Started process (PID=54117) to work on /home/dea/weather-monitoring/venv/lib/python3.10/site-packages/airflow/example_dags/example_branch_operator.py
[2024-12-04T14:49:52.411+0700] {processor.py:914} INFO - Processing file /home/dea/weather-monitoring/venv/lib/python3.10/site-packages/airflow/example_dags/example_branch_operator.py for tasks to queue
[2024-12-04T14:49:52.422+0700] {logging_mixin.py:190} INFO - [2024-12-04T14:49:52.417+0700] {dagbag.py:588} INFO - Filling up the DagBag from /home/dea/weather-monitoring/venv/lib/python3.10/site-packages/airflow/example_dags/example_branch_operator.py
[2024-12-04T14:49:52.454+0700] {processor.py:927} WARNING - No viable dags retrieved from /home/dea/weather-monitoring/venv/lib/python3.10/site-packages/airflow/example_dags/example_branch_operator.py
[2024-12-04T14:49:52.531+0700] {processor.py:208} INFO - Processing /home/dea/weather-monitoring/venv/lib/python3.10/site-packages/airflow/example_dags/example_branch_operator.py took 0.149 seconds
[2024-12-04T14:50:29.101+0700] {processor.py:186} INFO - Started process (PID=55127) to work on /home/dea/weather-monitoring/venv/lib/python3.10/site-packages/airflow/example_dags/example_branch_operator.py
[2024-12-04T14:50:29.109+0700] {processor.py:914} INFO - Processing file /home/dea/weather-monitoring/venv/lib/python3.10/site-packages/airflow/example_dags/example_branch_operator.py for tasks to queue
[2024-12-04T14:50:29.111+0700] {logging_mixin.py:190} INFO - [2024-12-04T14:50:29.111+0700] {dagbag.py:588} INFO - Filling up the DagBag from /home/dea/weather-monitoring/venv/lib/python3.10/site-packages/airflow/example_dags/example_branch_operator.py
[2024-12-04T14:50:29.129+0700] {processor.py:927} WARNING - No viable dags retrieved from /home/dea/weather-monitoring/venv/lib/python3.10/site-packages/airflow/example_dags/example_branch_operator.py
[2024-12-04T14:50:29.219+0700] {processor.py:208} INFO - Processing /home/dea/weather-monitoring/venv/lib/python3.10/site-packages/airflow/example_dags/example_branch_operator.py took 0.174 seconds
[2024-12-04T14:51:01.430+0700] {processor.py:186} INFO - Started process (PID=56028) to work on /home/dea/weather-monitoring/venv/lib/python3.10/site-packages/airflow/example_dags/example_branch_operator.py
[2024-12-04T14:51:01.432+0700] {processor.py:914} INFO - Processing file /home/dea/weather-monitoring/venv/lib/python3.10/site-packages/airflow/example_dags/example_branch_operator.py for tasks to queue
[2024-12-04T14:51:01.437+0700] {logging_mixin.py:190} INFO - [2024-12-04T14:51:01.436+0700] {dagbag.py:588} INFO - Filling up the DagBag from /home/dea/weather-monitoring/venv/lib/python3.10/site-packages/airflow/example_dags/example_branch_operator.py
[2024-12-04T14:51:01.445+0700] {processor.py:927} WARNING - No viable dags retrieved from /home/dea/weather-monitoring/venv/lib/python3.10/site-packages/airflow/example_dags/example_branch_operator.py
[2024-12-04T14:51:01.680+0700] {processor.py:208} INFO - Processing /home/dea/weather-monitoring/venv/lib/python3.10/site-packages/airflow/example_dags/example_branch_operator.py took 0.286 seconds
[2024-12-04T14:51:33.875+0700] {processor.py:186} INFO - Started process (PID=56989) to work on /home/dea/weather-monitoring/venv/lib/python3.10/site-packages/airflow/example_dags/example_branch_operator.py
[2024-12-04T14:51:33.928+0700] {processor.py:914} INFO - Processing file /home/dea/weather-monitoring/venv/lib/python3.10/site-packages/airflow/example_dags/example_branch_operator.py for tasks to queue
[2024-12-04T14:51:33.932+0700] {logging_mixin.py:190} INFO - [2024-12-04T14:51:33.931+0700] {dagbag.py:588} INFO - Filling up the DagBag from /home/dea/weather-monitoring/venv/lib/python3.10/site-packages/airflow/example_dags/example_branch_operator.py
[2024-12-04T14:51:34.120+0700] {processor.py:927} WARNING - No viable dags retrieved from /home/dea/weather-monitoring/venv/lib/python3.10/site-packages/airflow/example_dags/example_branch_operator.py
[2024-12-04T14:51:34.258+0700] {processor.py:208} INFO - Processing /home/dea/weather-monitoring/venv/lib/python3.10/site-packages/airflow/example_dags/example_branch_operator.py took 0.458 seconds
[2024-12-04T14:52:04.653+0700] {processor.py:186} INFO - Started process (PID=57724) to work on /home/dea/weather-monitoring/venv/lib/python3.10/site-packages/airflow/example_dags/example_branch_operator.py
[2024-12-04T14:52:04.656+0700] {processor.py:914} INFO - Processing file /home/dea/weather-monitoring/venv/lib/python3.10/site-packages/airflow/example_dags/example_branch_operator.py for tasks to queue
[2024-12-04T14:52:04.661+0700] {logging_mixin.py:190} INFO - [2024-12-04T14:52:04.660+0700] {dagbag.py:588} INFO - Filling up the DagBag from /home/dea/weather-monitoring/venv/lib/python3.10/site-packages/airflow/example_dags/example_branch_operator.py
[2024-12-04T14:52:04.703+0700] {processor.py:927} WARNING - No viable dags retrieved from /home/dea/weather-monitoring/venv/lib/python3.10/site-packages/airflow/example_dags/example_branch_operator.py
[2024-12-04T14:52:04.838+0700] {processor.py:208} INFO - Processing /home/dea/weather-monitoring/venv/lib/python3.10/site-packages/airflow/example_dags/example_branch_operator.py took 0.225 seconds
[2024-12-04T14:52:35.093+0700] {processor.py:186} INFO - Started process (PID=58255) to work on /home/dea/weather-monitoring/venv/lib/python3.10/site-packages/airflow/example_dags/example_branch_operator.py
[2024-12-04T14:52:35.103+0700] {processor.py:914} INFO - Processing file /home/dea/weather-monitoring/venv/lib/python3.10/site-packages/airflow/example_dags/example_branch_operator.py for tasks to queue
[2024-12-04T14:52:35.107+0700] {logging_mixin.py:190} INFO - [2024-12-04T14:52:35.106+0700] {dagbag.py:588} INFO - Filling up the DagBag from /home/dea/weather-monitoring/venv/lib/python3.10/site-packages/airflow/example_dags/example_branch_operator.py
[2024-12-04T14:52:35.153+0700] {processor.py:927} WARNING - No viable dags retrieved from /home/dea/weather-monitoring/venv/lib/python3.10/site-packages/airflow/example_dags/example_branch_operator.py
[2024-12-04T14:52:35.259+0700] {processor.py:208} INFO - Processing /home/dea/weather-monitoring/venv/lib/python3.10/site-packages/airflow/example_dags/example_branch_operator.py took 0.185 seconds
[2024-12-04T14:53:08.310+0700] {processor.py:186} INFO - Started process (PID=59007) to work on /home/dea/weather-monitoring/venv/lib/python3.10/site-packages/airflow/example_dags/example_branch_operator.py
[2024-12-04T14:53:08.323+0700] {processor.py:914} INFO - Processing file /home/dea/weather-monitoring/venv/lib/python3.10/site-packages/airflow/example_dags/example_branch_operator.py for tasks to queue
[2024-12-04T14:53:08.328+0700] {logging_mixin.py:190} INFO - [2024-12-04T14:53:08.327+0700] {dagbag.py:588} INFO - Filling up the DagBag from /home/dea/weather-monitoring/venv/lib/python3.10/site-packages/airflow/example_dags/example_branch_operator.py
[2024-12-04T14:53:08.355+0700] {processor.py:927} WARNING - No viable dags retrieved from /home/dea/weather-monitoring/venv/lib/python3.10/site-packages/airflow/example_dags/example_branch_operator.py
[2024-12-04T14:53:08.435+0700] {processor.py:208} INFO - Processing /home/dea/weather-monitoring/venv/lib/python3.10/site-packages/airflow/example_dags/example_branch_operator.py took 0.181 seconds
[2024-12-04T14:53:39.531+0700] {processor.py:186} INFO - Started process (PID=59845) to work on /home/dea/weather-monitoring/venv/lib/python3.10/site-packages/airflow/example_dags/example_branch_operator.py
[2024-12-04T14:53:39.560+0700] {processor.py:914} INFO - Processing file /home/dea/weather-monitoring/venv/lib/python3.10/site-packages/airflow/example_dags/example_branch_operator.py for tasks to queue
[2024-12-04T14:53:39.563+0700] {logging_mixin.py:190} INFO - [2024-12-04T14:53:39.562+0700] {dagbag.py:588} INFO - Filling up the DagBag from /home/dea/weather-monitoring/venv/lib/python3.10/site-packages/airflow/example_dags/example_branch_operator.py
[2024-12-04T14:53:39.588+0700] {processor.py:927} WARNING - No viable dags retrieved from /home/dea/weather-monitoring/venv/lib/python3.10/site-packages/airflow/example_dags/example_branch_operator.py
[2024-12-04T14:53:39.739+0700] {processor.py:208} INFO - Processing /home/dea/weather-monitoring/venv/lib/python3.10/site-packages/airflow/example_dags/example_branch_operator.py took 0.261 seconds
[2024-12-04T14:54:15.066+0700] {processor.py:186} INFO - Started process (PID=61040) to work on /home/dea/weather-monitoring/venv/lib/python3.10/site-packages/airflow/example_dags/example_branch_operator.py
[2024-12-04T14:54:15.082+0700] {processor.py:914} INFO - Processing file /home/dea/weather-monitoring/venv/lib/python3.10/site-packages/airflow/example_dags/example_branch_operator.py for tasks to queue
[2024-12-04T14:54:15.085+0700] {logging_mixin.py:190} INFO - [2024-12-04T14:54:15.084+0700] {dagbag.py:588} INFO - Filling up the DagBag from /home/dea/weather-monitoring/venv/lib/python3.10/site-packages/airflow/example_dags/example_branch_operator.py
[2024-12-04T14:54:15.116+0700] {processor.py:927} WARNING - No viable dags retrieved from /home/dea/weather-monitoring/venv/lib/python3.10/site-packages/airflow/example_dags/example_branch_operator.py
[2024-12-04T14:54:15.259+0700] {processor.py:208} INFO - Processing /home/dea/weather-monitoring/venv/lib/python3.10/site-packages/airflow/example_dags/example_branch_operator.py took 0.275 seconds
[2024-12-04T14:54:46.049+0700] {processor.py:186} INFO - Started process (PID=61825) to work on /home/dea/weather-monitoring/venv/lib/python3.10/site-packages/airflow/example_dags/example_branch_operator.py
[2024-12-04T14:54:46.102+0700] {processor.py:914} INFO - Processing file /home/dea/weather-monitoring/venv/lib/python3.10/site-packages/airflow/example_dags/example_branch_operator.py for tasks to queue
[2024-12-04T14:54:46.115+0700] {logging_mixin.py:190} INFO - [2024-12-04T14:54:46.114+0700] {dagbag.py:588} INFO - Filling up the DagBag from /home/dea/weather-monitoring/venv/lib/python3.10/site-packages/airflow/example_dags/example_branch_operator.py
[2024-12-04T14:54:46.141+0700] {processor.py:927} WARNING - No viable dags retrieved from /home/dea/weather-monitoring/venv/lib/python3.10/site-packages/airflow/example_dags/example_branch_operator.py
[2024-12-04T14:54:46.278+0700] {processor.py:208} INFO - Processing /home/dea/weather-monitoring/venv/lib/python3.10/site-packages/airflow/example_dags/example_branch_operator.py took 0.317 seconds
[2024-12-04T14:55:18.625+0700] {processor.py:186} INFO - Started process (PID=62593) to work on /home/dea/weather-monitoring/venv/lib/python3.10/site-packages/airflow/example_dags/example_branch_operator.py
[2024-12-04T14:55:18.629+0700] {processor.py:914} INFO - Processing file /home/dea/weather-monitoring/venv/lib/python3.10/site-packages/airflow/example_dags/example_branch_operator.py for tasks to queue
[2024-12-04T14:55:18.633+0700] {logging_mixin.py:190} INFO - [2024-12-04T14:55:18.632+0700] {dagbag.py:588} INFO - Filling up the DagBag from /home/dea/weather-monitoring/venv/lib/python3.10/site-packages/airflow/example_dags/example_branch_operator.py
[2024-12-04T14:55:18.712+0700] {processor.py:927} WARNING - No viable dags retrieved from /home/dea/weather-monitoring/venv/lib/python3.10/site-packages/airflow/example_dags/example_branch_operator.py
[2024-12-04T14:55:18.923+0700] {processor.py:208} INFO - Processing /home/dea/weather-monitoring/venv/lib/python3.10/site-packages/airflow/example_dags/example_branch_operator.py took 0.362 seconds
[2024-12-04T14:55:49.886+0700] {processor.py:186} INFO - Started process (PID=63228) to work on /home/dea/weather-monitoring/venv/lib/python3.10/site-packages/airflow/example_dags/example_branch_operator.py
[2024-12-04T14:55:49.889+0700] {processor.py:914} INFO - Processing file /home/dea/weather-monitoring/venv/lib/python3.10/site-packages/airflow/example_dags/example_branch_operator.py for tasks to queue
[2024-12-04T14:55:49.893+0700] {logging_mixin.py:190} INFO - [2024-12-04T14:55:49.892+0700] {dagbag.py:588} INFO - Filling up the DagBag from /home/dea/weather-monitoring/venv/lib/python3.10/site-packages/airflow/example_dags/example_branch_operator.py
[2024-12-04T14:55:49.902+0700] {processor.py:927} WARNING - No viable dags retrieved from /home/dea/weather-monitoring/venv/lib/python3.10/site-packages/airflow/example_dags/example_branch_operator.py
[2024-12-04T14:55:50.005+0700] {processor.py:208} INFO - Processing /home/dea/weather-monitoring/venv/lib/python3.10/site-packages/airflow/example_dags/example_branch_operator.py took 0.160 seconds
[2024-12-04T14:56:20.198+0700] {processor.py:186} INFO - Started process (PID=64000) to work on /home/dea/weather-monitoring/venv/lib/python3.10/site-packages/airflow/example_dags/example_branch_operator.py
[2024-12-04T14:56:20.205+0700] {processor.py:914} INFO - Processing file /home/dea/weather-monitoring/venv/lib/python3.10/site-packages/airflow/example_dags/example_branch_operator.py for tasks to queue
[2024-12-04T14:56:20.214+0700] {logging_mixin.py:190} INFO - [2024-12-04T14:56:20.213+0700] {dagbag.py:588} INFO - Filling up the DagBag from /home/dea/weather-monitoring/venv/lib/python3.10/site-packages/airflow/example_dags/example_branch_operator.py
[2024-12-04T14:56:20.231+0700] {processor.py:927} WARNING - No viable dags retrieved from /home/dea/weather-monitoring/venv/lib/python3.10/site-packages/airflow/example_dags/example_branch_operator.py
[2024-12-04T14:56:20.324+0700] {processor.py:208} INFO - Processing /home/dea/weather-monitoring/venv/lib/python3.10/site-packages/airflow/example_dags/example_branch_operator.py took 0.184 seconds
[2024-12-04T14:56:50.521+0700] {processor.py:186} INFO - Started process (PID=64774) to work on /home/dea/weather-monitoring/venv/lib/python3.10/site-packages/airflow/example_dags/example_branch_operator.py
[2024-12-04T14:56:50.541+0700] {processor.py:914} INFO - Processing file /home/dea/weather-monitoring/venv/lib/python3.10/site-packages/airflow/example_dags/example_branch_operator.py for tasks to queue
[2024-12-04T14:56:50.561+0700] {logging_mixin.py:190} INFO - [2024-12-04T14:56:50.546+0700] {dagbag.py:588} INFO - Filling up the DagBag from /home/dea/weather-monitoring/venv/lib/python3.10/site-packages/airflow/example_dags/example_branch_operator.py
[2024-12-04T14:56:50.603+0700] {processor.py:927} WARNING - No viable dags retrieved from /home/dea/weather-monitoring/venv/lib/python3.10/site-packages/airflow/example_dags/example_branch_operator.py
[2024-12-04T14:56:50.756+0700] {processor.py:208} INFO - Processing /home/dea/weather-monitoring/venv/lib/python3.10/site-packages/airflow/example_dags/example_branch_operator.py took 0.316 seconds
[2024-12-04T14:57:21.347+0700] {processor.py:186} INFO - Started process (PID=65514) to work on /home/dea/weather-monitoring/venv/lib/python3.10/site-packages/airflow/example_dags/example_branch_operator.py
[2024-12-04T14:57:21.350+0700] {processor.py:914} INFO - Processing file /home/dea/weather-monitoring/venv/lib/python3.10/site-packages/airflow/example_dags/example_branch_operator.py for tasks to queue
[2024-12-04T14:57:21.352+0700] {logging_mixin.py:190} INFO - [2024-12-04T14:57:21.351+0700] {dagbag.py:588} INFO - Filling up the DagBag from /home/dea/weather-monitoring/venv/lib/python3.10/site-packages/airflow/example_dags/example_branch_operator.py
[2024-12-04T14:57:21.366+0700] {processor.py:927} WARNING - No viable dags retrieved from /home/dea/weather-monitoring/venv/lib/python3.10/site-packages/airflow/example_dags/example_branch_operator.py
[2024-12-04T14:57:21.475+0700] {processor.py:208} INFO - Processing /home/dea/weather-monitoring/venv/lib/python3.10/site-packages/airflow/example_dags/example_branch_operator.py took 0.153 seconds
[2024-12-04T14:57:51.599+0700] {processor.py:186} INFO - Started process (PID=66189) to work on /home/dea/weather-monitoring/venv/lib/python3.10/site-packages/airflow/example_dags/example_branch_operator.py
[2024-12-04T14:57:51.602+0700] {processor.py:914} INFO - Processing file /home/dea/weather-monitoring/venv/lib/python3.10/site-packages/airflow/example_dags/example_branch_operator.py for tasks to queue
[2024-12-04T14:57:51.607+0700] {logging_mixin.py:190} INFO - [2024-12-04T14:57:51.604+0700] {dagbag.py:588} INFO - Filling up the DagBag from /home/dea/weather-monitoring/venv/lib/python3.10/site-packages/airflow/example_dags/example_branch_operator.py
[2024-12-04T14:57:51.616+0700] {processor.py:927} WARNING - No viable dags retrieved from /home/dea/weather-monitoring/venv/lib/python3.10/site-packages/airflow/example_dags/example_branch_operator.py
[2024-12-04T14:57:51.673+0700] {processor.py:208} INFO - Processing /home/dea/weather-monitoring/venv/lib/python3.10/site-packages/airflow/example_dags/example_branch_operator.py took 0.088 seconds
[2024-12-04T14:58:21.844+0700] {processor.py:186} INFO - Started process (PID=67050) to work on /home/dea/weather-monitoring/venv/lib/python3.10/site-packages/airflow/example_dags/example_branch_operator.py
[2024-12-04T14:58:21.846+0700] {processor.py:914} INFO - Processing file /home/dea/weather-monitoring/venv/lib/python3.10/site-packages/airflow/example_dags/example_branch_operator.py for tasks to queue
[2024-12-04T14:58:21.848+0700] {logging_mixin.py:190} INFO - [2024-12-04T14:58:21.848+0700] {dagbag.py:588} INFO - Filling up the DagBag from /home/dea/weather-monitoring/venv/lib/python3.10/site-packages/airflow/example_dags/example_branch_operator.py
[2024-12-04T14:58:21.854+0700] {processor.py:927} WARNING - No viable dags retrieved from /home/dea/weather-monitoring/venv/lib/python3.10/site-packages/airflow/example_dags/example_branch_operator.py
[2024-12-04T14:58:21.973+0700] {processor.py:208} INFO - Processing /home/dea/weather-monitoring/venv/lib/python3.10/site-packages/airflow/example_dags/example_branch_operator.py took 0.143 seconds
[2024-12-04T14:58:52.241+0700] {processor.py:186} INFO - Started process (PID=67807) to work on /home/dea/weather-monitoring/venv/lib/python3.10/site-packages/airflow/example_dags/example_branch_operator.py
[2024-12-04T14:58:52.243+0700] {processor.py:914} INFO - Processing file /home/dea/weather-monitoring/venv/lib/python3.10/site-packages/airflow/example_dags/example_branch_operator.py for tasks to queue
[2024-12-04T14:58:52.245+0700] {logging_mixin.py:190} INFO - [2024-12-04T14:58:52.244+0700] {dagbag.py:588} INFO - Filling up the DagBag from /home/dea/weather-monitoring/venv/lib/python3.10/site-packages/airflow/example_dags/example_branch_operator.py
[2024-12-04T14:58:52.260+0700] {processor.py:927} WARNING - No viable dags retrieved from /home/dea/weather-monitoring/venv/lib/python3.10/site-packages/airflow/example_dags/example_branch_operator.py
[2024-12-04T14:58:52.303+0700] {processor.py:208} INFO - Processing /home/dea/weather-monitoring/venv/lib/python3.10/site-packages/airflow/example_dags/example_branch_operator.py took 0.075 seconds
[2024-12-04T14:59:24.966+0700] {processor.py:186} INFO - Started process (PID=68981) to work on /home/dea/weather-monitoring/venv/lib/python3.10/site-packages/airflow/example_dags/example_branch_operator.py
[2024-12-04T14:59:24.983+0700] {processor.py:914} INFO - Processing file /home/dea/weather-monitoring/venv/lib/python3.10/site-packages/airflow/example_dags/example_branch_operator.py for tasks to queue
[2024-12-04T14:59:25.002+0700] {logging_mixin.py:190} INFO - [2024-12-04T14:59:25.002+0700] {dagbag.py:588} INFO - Filling up the DagBag from /home/dea/weather-monitoring/venv/lib/python3.10/site-packages/airflow/example_dags/example_branch_operator.py
[2024-12-04T14:59:25.048+0700] {processor.py:927} WARNING - No viable dags retrieved from /home/dea/weather-monitoring/venv/lib/python3.10/site-packages/airflow/example_dags/example_branch_operator.py
[2024-12-04T14:59:25.198+0700] {processor.py:208} INFO - Processing /home/dea/weather-monitoring/venv/lib/python3.10/site-packages/airflow/example_dags/example_branch_operator.py took 0.299 seconds
[2024-12-04T14:59:56.830+0700] {processor.py:186} INFO - Started process (PID=70010) to work on /home/dea/weather-monitoring/venv/lib/python3.10/site-packages/airflow/example_dags/example_branch_operator.py
[2024-12-04T14:59:56.848+0700] {processor.py:914} INFO - Processing file /home/dea/weather-monitoring/venv/lib/python3.10/site-packages/airflow/example_dags/example_branch_operator.py for tasks to queue
[2024-12-04T14:59:56.850+0700] {logging_mixin.py:190} INFO - [2024-12-04T14:59:56.849+0700] {dagbag.py:588} INFO - Filling up the DagBag from /home/dea/weather-monitoring/venv/lib/python3.10/site-packages/airflow/example_dags/example_branch_operator.py
[2024-12-04T14:59:56.874+0700] {processor.py:927} WARNING - No viable dags retrieved from /home/dea/weather-monitoring/venv/lib/python3.10/site-packages/airflow/example_dags/example_branch_operator.py
[2024-12-04T14:59:57.088+0700] {processor.py:208} INFO - Processing /home/dea/weather-monitoring/venv/lib/python3.10/site-packages/airflow/example_dags/example_branch_operator.py took 0.334 seconds
[2024-12-04T15:00:27.764+0700] {processor.py:186} INFO - Started process (PID=71396) to work on /home/dea/weather-monitoring/venv/lib/python3.10/site-packages/airflow/example_dags/example_branch_operator.py
[2024-12-04T15:00:27.766+0700] {processor.py:914} INFO - Processing file /home/dea/weather-monitoring/venv/lib/python3.10/site-packages/airflow/example_dags/example_branch_operator.py for tasks to queue
[2024-12-04T15:00:27.768+0700] {logging_mixin.py:190} INFO - [2024-12-04T15:00:27.768+0700] {dagbag.py:588} INFO - Filling up the DagBag from /home/dea/weather-monitoring/venv/lib/python3.10/site-packages/airflow/example_dags/example_branch_operator.py
[2024-12-04T15:00:27.793+0700] {processor.py:927} WARNING - No viable dags retrieved from /home/dea/weather-monitoring/venv/lib/python3.10/site-packages/airflow/example_dags/example_branch_operator.py
[2024-12-04T15:00:27.923+0700] {processor.py:208} INFO - Processing /home/dea/weather-monitoring/venv/lib/python3.10/site-packages/airflow/example_dags/example_branch_operator.py took 0.227 seconds
[2024-12-04T15:01:44.876+0700] {processor.py:186} INFO - Started process (PID=73668) to work on /home/dea/weather-monitoring/venv/lib/python3.10/site-packages/airflow/example_dags/example_branch_operator.py
[2024-12-04T15:01:44.883+0700] {processor.py:914} INFO - Processing file /home/dea/weather-monitoring/venv/lib/python3.10/site-packages/airflow/example_dags/example_branch_operator.py for tasks to queue
[2024-12-04T15:01:44.886+0700] {logging_mixin.py:190} INFO - [2024-12-04T15:01:44.885+0700] {dagbag.py:588} INFO - Filling up the DagBag from /home/dea/weather-monitoring/venv/lib/python3.10/site-packages/airflow/example_dags/example_branch_operator.py
[2024-12-04T15:01:44.942+0700] {processor.py:927} WARNING - No viable dags retrieved from /home/dea/weather-monitoring/venv/lib/python3.10/site-packages/airflow/example_dags/example_branch_operator.py
[2024-12-04T15:01:45.059+0700] {processor.py:208} INFO - Processing /home/dea/weather-monitoring/venv/lib/python3.10/site-packages/airflow/example_dags/example_branch_operator.py took 0.256 seconds
[2024-12-04T15:02:15.958+0700] {processor.py:186} INFO - Started process (PID=74995) to work on /home/dea/weather-monitoring/venv/lib/python3.10/site-packages/airflow/example_dags/example_branch_operator.py
[2024-12-04T15:02:15.970+0700] {processor.py:914} INFO - Processing file /home/dea/weather-monitoring/venv/lib/python3.10/site-packages/airflow/example_dags/example_branch_operator.py for tasks to queue
[2024-12-04T15:02:15.977+0700] {logging_mixin.py:190} INFO - [2024-12-04T15:02:15.976+0700] {dagbag.py:588} INFO - Filling up the DagBag from /home/dea/weather-monitoring/venv/lib/python3.10/site-packages/airflow/example_dags/example_branch_operator.py
[2024-12-04T15:02:15.997+0700] {processor.py:927} WARNING - No viable dags retrieved from /home/dea/weather-monitoring/venv/lib/python3.10/site-packages/airflow/example_dags/example_branch_operator.py
[2024-12-04T15:02:16.179+0700] {processor.py:208} INFO - Processing /home/dea/weather-monitoring/venv/lib/python3.10/site-packages/airflow/example_dags/example_branch_operator.py took 0.266 seconds
[2024-12-04T15:02:48.427+0700] {processor.py:186} INFO - Started process (PID=76001) to work on /home/dea/weather-monitoring/venv/lib/python3.10/site-packages/airflow/example_dags/example_branch_operator.py
[2024-12-04T15:02:48.430+0700] {processor.py:914} INFO - Processing file /home/dea/weather-monitoring/venv/lib/python3.10/site-packages/airflow/example_dags/example_branch_operator.py for tasks to queue
[2024-12-04T15:02:48.438+0700] {logging_mixin.py:190} INFO - [2024-12-04T15:02:48.437+0700] {dagbag.py:588} INFO - Filling up the DagBag from /home/dea/weather-monitoring/venv/lib/python3.10/site-packages/airflow/example_dags/example_branch_operator.py
[2024-12-04T15:02:48.450+0700] {processor.py:927} WARNING - No viable dags retrieved from /home/dea/weather-monitoring/venv/lib/python3.10/site-packages/airflow/example_dags/example_branch_operator.py
[2024-12-04T15:02:48.648+0700] {processor.py:208} INFO - Processing /home/dea/weather-monitoring/venv/lib/python3.10/site-packages/airflow/example_dags/example_branch_operator.py took 0.272 seconds
[2024-12-04T15:03:19.013+0700] {processor.py:186} INFO - Started process (PID=77282) to work on /home/dea/weather-monitoring/venv/lib/python3.10/site-packages/airflow/example_dags/example_branch_operator.py
[2024-12-04T15:03:19.022+0700] {processor.py:914} INFO - Processing file /home/dea/weather-monitoring/venv/lib/python3.10/site-packages/airflow/example_dags/example_branch_operator.py for tasks to queue
[2024-12-04T15:03:19.028+0700] {logging_mixin.py:190} INFO - [2024-12-04T15:03:19.027+0700] {dagbag.py:588} INFO - Filling up the DagBag from /home/dea/weather-monitoring/venv/lib/python3.10/site-packages/airflow/example_dags/example_branch_operator.py
[2024-12-04T15:03:19.045+0700] {processor.py:927} WARNING - No viable dags retrieved from /home/dea/weather-monitoring/venv/lib/python3.10/site-packages/airflow/example_dags/example_branch_operator.py
[2024-12-04T15:03:19.195+0700] {processor.py:208} INFO - Processing /home/dea/weather-monitoring/venv/lib/python3.10/site-packages/airflow/example_dags/example_branch_operator.py took 0.227 seconds
[2024-12-04T15:03:52.525+0700] {processor.py:186} INFO - Started process (PID=78380) to work on /home/dea/weather-monitoring/venv/lib/python3.10/site-packages/airflow/example_dags/example_branch_operator.py
[2024-12-04T15:03:52.535+0700] {processor.py:914} INFO - Processing file /home/dea/weather-monitoring/venv/lib/python3.10/site-packages/airflow/example_dags/example_branch_operator.py for tasks to queue
[2024-12-04T15:03:52.542+0700] {logging_mixin.py:190} INFO - [2024-12-04T15:03:52.541+0700] {dagbag.py:588} INFO - Filling up the DagBag from /home/dea/weather-monitoring/venv/lib/python3.10/site-packages/airflow/example_dags/example_branch_operator.py
[2024-12-04T15:03:52.567+0700] {processor.py:927} WARNING - No viable dags retrieved from /home/dea/weather-monitoring/venv/lib/python3.10/site-packages/airflow/example_dags/example_branch_operator.py
[2024-12-04T15:03:52.692+0700] {processor.py:208} INFO - Processing /home/dea/weather-monitoring/venv/lib/python3.10/site-packages/airflow/example_dags/example_branch_operator.py took 0.220 seconds
[2024-12-04T15:04:24.310+0700] {processor.py:186} INFO - Started process (PID=79443) to work on /home/dea/weather-monitoring/venv/lib/python3.10/site-packages/airflow/example_dags/example_branch_operator.py
[2024-12-04T15:04:24.333+0700] {processor.py:914} INFO - Processing file /home/dea/weather-monitoring/venv/lib/python3.10/site-packages/airflow/example_dags/example_branch_operator.py for tasks to queue
[2024-12-04T15:04:24.335+0700] {logging_mixin.py:190} INFO - [2024-12-04T15:04:24.335+0700] {dagbag.py:588} INFO - Filling up the DagBag from /home/dea/weather-monitoring/venv/lib/python3.10/site-packages/airflow/example_dags/example_branch_operator.py
[2024-12-04T15:04:24.362+0700] {processor.py:927} WARNING - No viable dags retrieved from /home/dea/weather-monitoring/venv/lib/python3.10/site-packages/airflow/example_dags/example_branch_operator.py
[2024-12-04T15:04:24.502+0700] {processor.py:208} INFO - Processing /home/dea/weather-monitoring/venv/lib/python3.10/site-packages/airflow/example_dags/example_branch_operator.py took 0.294 seconds
[2024-12-04T15:04:58.237+0700] {processor.py:186} INFO - Started process (PID=80624) to work on /home/dea/weather-monitoring/venv/lib/python3.10/site-packages/airflow/example_dags/example_branch_operator.py
[2024-12-04T15:04:58.256+0700] {processor.py:914} INFO - Processing file /home/dea/weather-monitoring/venv/lib/python3.10/site-packages/airflow/example_dags/example_branch_operator.py for tasks to queue
[2024-12-04T15:04:58.259+0700] {logging_mixin.py:190} INFO - [2024-12-04T15:04:58.258+0700] {dagbag.py:588} INFO - Filling up the DagBag from /home/dea/weather-monitoring/venv/lib/python3.10/site-packages/airflow/example_dags/example_branch_operator.py
[2024-12-04T15:04:58.309+0700] {processor.py:927} WARNING - No viable dags retrieved from /home/dea/weather-monitoring/venv/lib/python3.10/site-packages/airflow/example_dags/example_branch_operator.py
[2024-12-04T15:04:58.548+0700] {processor.py:208} INFO - Processing /home/dea/weather-monitoring/venv/lib/python3.10/site-packages/airflow/example_dags/example_branch_operator.py took 0.442 seconds
[2024-12-04T15:05:37.473+0700] {processor.py:186} INFO - Started process (PID=81882) to work on /home/dea/weather-monitoring/venv/lib/python3.10/site-packages/airflow/example_dags/example_branch_operator.py
[2024-12-04T15:05:37.514+0700] {processor.py:914} INFO - Processing file /home/dea/weather-monitoring/venv/lib/python3.10/site-packages/airflow/example_dags/example_branch_operator.py for tasks to queue
[2024-12-04T15:05:37.531+0700] {logging_mixin.py:190} INFO - [2024-12-04T15:05:37.531+0700] {dagbag.py:588} INFO - Filling up the DagBag from /home/dea/weather-monitoring/venv/lib/python3.10/site-packages/airflow/example_dags/example_branch_operator.py
[2024-12-04T15:05:37.612+0700] {processor.py:927} WARNING - No viable dags retrieved from /home/dea/weather-monitoring/venv/lib/python3.10/site-packages/airflow/example_dags/example_branch_operator.py
[2024-12-04T15:05:37.797+0700] {processor.py:208} INFO - Processing /home/dea/weather-monitoring/venv/lib/python3.10/site-packages/airflow/example_dags/example_branch_operator.py took 0.340 seconds
[2024-12-04T15:06:09.535+0700] {processor.py:186} INFO - Started process (PID=82662) to work on /home/dea/weather-monitoring/venv/lib/python3.10/site-packages/airflow/example_dags/example_branch_operator.py
[2024-12-04T15:06:09.558+0700] {processor.py:914} INFO - Processing file /home/dea/weather-monitoring/venv/lib/python3.10/site-packages/airflow/example_dags/example_branch_operator.py for tasks to queue
[2024-12-04T15:06:09.561+0700] {logging_mixin.py:190} INFO - [2024-12-04T15:06:09.560+0700] {dagbag.py:588} INFO - Filling up the DagBag from /home/dea/weather-monitoring/venv/lib/python3.10/site-packages/airflow/example_dags/example_branch_operator.py
[2024-12-04T15:06:09.602+0700] {processor.py:927} WARNING - No viable dags retrieved from /home/dea/weather-monitoring/venv/lib/python3.10/site-packages/airflow/example_dags/example_branch_operator.py
[2024-12-04T15:06:09.893+0700] {processor.py:208} INFO - Processing /home/dea/weather-monitoring/venv/lib/python3.10/site-packages/airflow/example_dags/example_branch_operator.py took 0.418 seconds
[2024-12-04T15:06:40.643+0700] {processor.py:186} INFO - Started process (PID=83555) to work on /home/dea/weather-monitoring/venv/lib/python3.10/site-packages/airflow/example_dags/example_branch_operator.py
[2024-12-04T15:06:40.670+0700] {processor.py:914} INFO - Processing file /home/dea/weather-monitoring/venv/lib/python3.10/site-packages/airflow/example_dags/example_branch_operator.py for tasks to queue
[2024-12-04T15:06:40.673+0700] {logging_mixin.py:190} INFO - [2024-12-04T15:06:40.672+0700] {dagbag.py:588} INFO - Filling up the DagBag from /home/dea/weather-monitoring/venv/lib/python3.10/site-packages/airflow/example_dags/example_branch_operator.py
[2024-12-04T15:06:40.712+0700] {processor.py:927} WARNING - No viable dags retrieved from /home/dea/weather-monitoring/venv/lib/python3.10/site-packages/airflow/example_dags/example_branch_operator.py
[2024-12-04T15:06:40.816+0700] {processor.py:208} INFO - Processing /home/dea/weather-monitoring/venv/lib/python3.10/site-packages/airflow/example_dags/example_branch_operator.py took 0.304 seconds
[2024-12-04T15:07:12.851+0700] {processor.py:186} INFO - Started process (PID=84467) to work on /home/dea/weather-monitoring/venv/lib/python3.10/site-packages/airflow/example_dags/example_branch_operator.py
[2024-12-04T15:07:12.854+0700] {processor.py:914} INFO - Processing file /home/dea/weather-monitoring/venv/lib/python3.10/site-packages/airflow/example_dags/example_branch_operator.py for tasks to queue
[2024-12-04T15:07:12.856+0700] {logging_mixin.py:190} INFO - [2024-12-04T15:07:12.856+0700] {dagbag.py:588} INFO - Filling up the DagBag from /home/dea/weather-monitoring/venv/lib/python3.10/site-packages/airflow/example_dags/example_branch_operator.py
[2024-12-04T15:07:12.864+0700] {processor.py:927} WARNING - No viable dags retrieved from /home/dea/weather-monitoring/venv/lib/python3.10/site-packages/airflow/example_dags/example_branch_operator.py
[2024-12-04T15:07:12.990+0700] {processor.py:208} INFO - Processing /home/dea/weather-monitoring/venv/lib/python3.10/site-packages/airflow/example_dags/example_branch_operator.py took 0.155 seconds
[2024-12-04T15:07:45.527+0700] {processor.py:186} INFO - Started process (PID=85368) to work on /home/dea/weather-monitoring/venv/lib/python3.10/site-packages/airflow/example_dags/example_branch_operator.py
[2024-12-04T15:07:45.543+0700] {processor.py:914} INFO - Processing file /home/dea/weather-monitoring/venv/lib/python3.10/site-packages/airflow/example_dags/example_branch_operator.py for tasks to queue
[2024-12-04T15:07:45.551+0700] {logging_mixin.py:190} INFO - [2024-12-04T15:07:45.550+0700] {dagbag.py:588} INFO - Filling up the DagBag from /home/dea/weather-monitoring/venv/lib/python3.10/site-packages/airflow/example_dags/example_branch_operator.py
[2024-12-04T15:07:45.583+0700] {processor.py:927} WARNING - No viable dags retrieved from /home/dea/weather-monitoring/venv/lib/python3.10/site-packages/airflow/example_dags/example_branch_operator.py
[2024-12-04T15:07:45.710+0700] {processor.py:208} INFO - Processing /home/dea/weather-monitoring/venv/lib/python3.10/site-packages/airflow/example_dags/example_branch_operator.py took 0.236 seconds
[2024-12-04T15:08:16.052+0700] {processor.py:186} INFO - Started process (PID=86199) to work on /home/dea/weather-monitoring/venv/lib/python3.10/site-packages/airflow/example_dags/example_branch_operator.py
[2024-12-04T15:08:16.062+0700] {processor.py:914} INFO - Processing file /home/dea/weather-monitoring/venv/lib/python3.10/site-packages/airflow/example_dags/example_branch_operator.py for tasks to queue
[2024-12-04T15:08:16.069+0700] {logging_mixin.py:190} INFO - [2024-12-04T15:08:16.068+0700] {dagbag.py:588} INFO - Filling up the DagBag from /home/dea/weather-monitoring/venv/lib/python3.10/site-packages/airflow/example_dags/example_branch_operator.py
[2024-12-04T15:08:16.091+0700] {processor.py:927} WARNING - No viable dags retrieved from /home/dea/weather-monitoring/venv/lib/python3.10/site-packages/airflow/example_dags/example_branch_operator.py
[2024-12-04T15:08:16.237+0700] {processor.py:208} INFO - Processing /home/dea/weather-monitoring/venv/lib/python3.10/site-packages/airflow/example_dags/example_branch_operator.py took 0.235 seconds
[2024-12-04T15:08:48.515+0700] {processor.py:186} INFO - Started process (PID=87009) to work on /home/dea/weather-monitoring/venv/lib/python3.10/site-packages/airflow/example_dags/example_branch_operator.py
[2024-12-04T15:08:48.530+0700] {processor.py:914} INFO - Processing file /home/dea/weather-monitoring/venv/lib/python3.10/site-packages/airflow/example_dags/example_branch_operator.py for tasks to queue
[2024-12-04T15:08:48.539+0700] {logging_mixin.py:190} INFO - [2024-12-04T15:08:48.538+0700] {dagbag.py:588} INFO - Filling up the DagBag from /home/dea/weather-monitoring/venv/lib/python3.10/site-packages/airflow/example_dags/example_branch_operator.py
[2024-12-04T15:08:48.589+0700] {processor.py:927} WARNING - No viable dags retrieved from /home/dea/weather-monitoring/venv/lib/python3.10/site-packages/airflow/example_dags/example_branch_operator.py
[2024-12-04T15:08:48.737+0700] {processor.py:208} INFO - Processing /home/dea/weather-monitoring/venv/lib/python3.10/site-packages/airflow/example_dags/example_branch_operator.py took 0.269 seconds
[2024-12-04T15:09:20.390+0700] {processor.py:186} INFO - Started process (PID=87877) to work on /home/dea/weather-monitoring/venv/lib/python3.10/site-packages/airflow/example_dags/example_branch_operator.py
[2024-12-04T15:09:20.396+0700] {processor.py:914} INFO - Processing file /home/dea/weather-monitoring/venv/lib/python3.10/site-packages/airflow/example_dags/example_branch_operator.py for tasks to queue
[2024-12-04T15:09:20.398+0700] {logging_mixin.py:190} INFO - [2024-12-04T15:09:20.398+0700] {dagbag.py:588} INFO - Filling up the DagBag from /home/dea/weather-monitoring/venv/lib/python3.10/site-packages/airflow/example_dags/example_branch_operator.py
[2024-12-04T15:09:20.404+0700] {processor.py:927} WARNING - No viable dags retrieved from /home/dea/weather-monitoring/venv/lib/python3.10/site-packages/airflow/example_dags/example_branch_operator.py
[2024-12-04T15:09:20.581+0700] {processor.py:208} INFO - Processing /home/dea/weather-monitoring/venv/lib/python3.10/site-packages/airflow/example_dags/example_branch_operator.py took 0.247 seconds
[2024-12-04T15:09:52.488+0700] {processor.py:186} INFO - Started process (PID=88803) to work on /home/dea/weather-monitoring/venv/lib/python3.10/site-packages/airflow/example_dags/example_branch_operator.py
[2024-12-04T15:09:52.499+0700] {processor.py:914} INFO - Processing file /home/dea/weather-monitoring/venv/lib/python3.10/site-packages/airflow/example_dags/example_branch_operator.py for tasks to queue
[2024-12-04T15:09:52.530+0700] {logging_mixin.py:190} INFO - [2024-12-04T15:09:52.529+0700] {dagbag.py:588} INFO - Filling up the DagBag from /home/dea/weather-monitoring/venv/lib/python3.10/site-packages/airflow/example_dags/example_branch_operator.py
[2024-12-04T15:09:52.568+0700] {processor.py:927} WARNING - No viable dags retrieved from /home/dea/weather-monitoring/venv/lib/python3.10/site-packages/airflow/example_dags/example_branch_operator.py
[2024-12-04T15:09:52.722+0700] {processor.py:208} INFO - Processing /home/dea/weather-monitoring/venv/lib/python3.10/site-packages/airflow/example_dags/example_branch_operator.py took 0.274 seconds
[2024-12-04T15:10:28.912+0700] {processor.py:186} INFO - Started process (PID=89692) to work on /home/dea/weather-monitoring/venv/lib/python3.10/site-packages/airflow/example_dags/example_branch_operator.py
[2024-12-04T15:10:28.945+0700] {processor.py:914} INFO - Processing file /home/dea/weather-monitoring/venv/lib/python3.10/site-packages/airflow/example_dags/example_branch_operator.py for tasks to queue
[2024-12-04T15:10:28.948+0700] {logging_mixin.py:190} INFO - [2024-12-04T15:10:28.947+0700] {dagbag.py:588} INFO - Filling up the DagBag from /home/dea/weather-monitoring/venv/lib/python3.10/site-packages/airflow/example_dags/example_branch_operator.py
[2024-12-04T15:10:28.990+0700] {processor.py:927} WARNING - No viable dags retrieved from /home/dea/weather-monitoring/venv/lib/python3.10/site-packages/airflow/example_dags/example_branch_operator.py
[2024-12-04T15:10:29.235+0700] {processor.py:208} INFO - Processing /home/dea/weather-monitoring/venv/lib/python3.10/site-packages/airflow/example_dags/example_branch_operator.py took 0.400 seconds
[2024-12-04T15:11:03.518+0700] {processor.py:186} INFO - Started process (PID=90604) to work on /home/dea/weather-monitoring/venv/lib/python3.10/site-packages/airflow/example_dags/example_branch_operator.py
[2024-12-04T15:11:03.525+0700] {processor.py:914} INFO - Processing file /home/dea/weather-monitoring/venv/lib/python3.10/site-packages/airflow/example_dags/example_branch_operator.py for tasks to queue
[2024-12-04T15:11:03.533+0700] {logging_mixin.py:190} INFO - [2024-12-04T15:11:03.532+0700] {dagbag.py:588} INFO - Filling up the DagBag from /home/dea/weather-monitoring/venv/lib/python3.10/site-packages/airflow/example_dags/example_branch_operator.py
[2024-12-04T15:11:03.554+0700] {processor.py:927} WARNING - No viable dags retrieved from /home/dea/weather-monitoring/venv/lib/python3.10/site-packages/airflow/example_dags/example_branch_operator.py
[2024-12-04T15:11:03.780+0700] {processor.py:208} INFO - Processing /home/dea/weather-monitoring/venv/lib/python3.10/site-packages/airflow/example_dags/example_branch_operator.py took 0.320 seconds
[2024-12-04T15:11:48.594+0700] {processor.py:186} INFO - Started process (PID=91774) to work on /home/dea/weather-monitoring/venv/lib/python3.10/site-packages/airflow/example_dags/example_branch_operator.py
[2024-12-04T15:11:48.618+0700] {processor.py:914} INFO - Processing file /home/dea/weather-monitoring/venv/lib/python3.10/site-packages/airflow/example_dags/example_branch_operator.py for tasks to queue
[2024-12-04T15:11:48.625+0700] {logging_mixin.py:190} INFO - [2024-12-04T15:11:48.625+0700] {dagbag.py:588} INFO - Filling up the DagBag from /home/dea/weather-monitoring/venv/lib/python3.10/site-packages/airflow/example_dags/example_branch_operator.py
[2024-12-04T15:11:48.635+0700] {processor.py:927} WARNING - No viable dags retrieved from /home/dea/weather-monitoring/venv/lib/python3.10/site-packages/airflow/example_dags/example_branch_operator.py
[2024-12-04T15:11:48.835+0700] {processor.py:208} INFO - Processing /home/dea/weather-monitoring/venv/lib/python3.10/site-packages/airflow/example_dags/example_branch_operator.py took 0.276 seconds
[2024-12-04T15:12:35.138+0700] {processor.py:186} INFO - Started process (PID=93301) to work on /home/dea/weather-monitoring/venv/lib/python3.10/site-packages/airflow/example_dags/example_branch_operator.py
[2024-12-04T15:12:35.146+0700] {processor.py:914} INFO - Processing file /home/dea/weather-monitoring/venv/lib/python3.10/site-packages/airflow/example_dags/example_branch_operator.py for tasks to queue
[2024-12-04T15:12:35.156+0700] {logging_mixin.py:190} INFO - [2024-12-04T15:12:35.149+0700] {dagbag.py:588} INFO - Filling up the DagBag from /home/dea/weather-monitoring/venv/lib/python3.10/site-packages/airflow/example_dags/example_branch_operator.py
[2024-12-04T15:12:35.196+0700] {processor.py:927} WARNING - No viable dags retrieved from /home/dea/weather-monitoring/venv/lib/python3.10/site-packages/airflow/example_dags/example_branch_operator.py
[2024-12-04T15:12:35.429+0700] {processor.py:208} INFO - Processing /home/dea/weather-monitoring/venv/lib/python3.10/site-packages/airflow/example_dags/example_branch_operator.py took 0.344 seconds
[2024-12-04T15:13:13.217+0700] {processor.py:186} INFO - Started process (PID=94504) to work on /home/dea/weather-monitoring/venv/lib/python3.10/site-packages/airflow/example_dags/example_branch_operator.py
[2024-12-04T15:13:13.227+0700] {processor.py:914} INFO - Processing file /home/dea/weather-monitoring/venv/lib/python3.10/site-packages/airflow/example_dags/example_branch_operator.py for tasks to queue
[2024-12-04T15:13:13.230+0700] {logging_mixin.py:190} INFO - [2024-12-04T15:13:13.229+0700] {dagbag.py:588} INFO - Filling up the DagBag from /home/dea/weather-monitoring/venv/lib/python3.10/site-packages/airflow/example_dags/example_branch_operator.py
[2024-12-04T15:13:13.242+0700] {processor.py:927} WARNING - No viable dags retrieved from /home/dea/weather-monitoring/venv/lib/python3.10/site-packages/airflow/example_dags/example_branch_operator.py
[2024-12-04T15:13:13.351+0700] {processor.py:208} INFO - Processing /home/dea/weather-monitoring/venv/lib/python3.10/site-packages/airflow/example_dags/example_branch_operator.py took 0.151 seconds
[2024-12-04T15:13:47.364+0700] {processor.py:186} INFO - Started process (PID=95448) to work on /home/dea/weather-monitoring/venv/lib/python3.10/site-packages/airflow/example_dags/example_branch_operator.py
[2024-12-04T15:13:47.395+0700] {processor.py:914} INFO - Processing file /home/dea/weather-monitoring/venv/lib/python3.10/site-packages/airflow/example_dags/example_branch_operator.py for tasks to queue
[2024-12-04T15:13:47.397+0700] {logging_mixin.py:190} INFO - [2024-12-04T15:13:47.397+0700] {dagbag.py:588} INFO - Filling up the DagBag from /home/dea/weather-monitoring/venv/lib/python3.10/site-packages/airflow/example_dags/example_branch_operator.py
[2024-12-04T15:13:47.407+0700] {processor.py:927} WARNING - No viable dags retrieved from /home/dea/weather-monitoring/venv/lib/python3.10/site-packages/airflow/example_dags/example_branch_operator.py
[2024-12-04T15:13:47.558+0700] {processor.py:208} INFO - Processing /home/dea/weather-monitoring/venv/lib/python3.10/site-packages/airflow/example_dags/example_branch_operator.py took 0.242 seconds
[2024-12-04T15:14:23.909+0700] {processor.py:186} INFO - Started process (PID=96615) to work on /home/dea/weather-monitoring/venv/lib/python3.10/site-packages/airflow/example_dags/example_branch_operator.py
[2024-12-04T15:14:23.924+0700] {processor.py:914} INFO - Processing file /home/dea/weather-monitoring/venv/lib/python3.10/site-packages/airflow/example_dags/example_branch_operator.py for tasks to queue
[2024-12-04T15:14:23.947+0700] {logging_mixin.py:190} INFO - [2024-12-04T15:14:23.926+0700] {dagbag.py:588} INFO - Filling up the DagBag from /home/dea/weather-monitoring/venv/lib/python3.10/site-packages/airflow/example_dags/example_branch_operator.py
[2024-12-04T15:14:24.003+0700] {processor.py:927} WARNING - No viable dags retrieved from /home/dea/weather-monitoring/venv/lib/python3.10/site-packages/airflow/example_dags/example_branch_operator.py
[2024-12-04T15:14:24.303+0700] {processor.py:208} INFO - Processing /home/dea/weather-monitoring/venv/lib/python3.10/site-packages/airflow/example_dags/example_branch_operator.py took 0.443 seconds
[2024-12-04T15:15:11.839+0700] {processor.py:186} INFO - Started process (PID=98434) to work on /home/dea/weather-monitoring/venv/lib/python3.10/site-packages/airflow/example_dags/example_branch_operator.py
[2024-12-04T15:15:11.847+0700] {processor.py:914} INFO - Processing file /home/dea/weather-monitoring/venv/lib/python3.10/site-packages/airflow/example_dags/example_branch_operator.py for tasks to queue
[2024-12-04T15:15:11.850+0700] {logging_mixin.py:190} INFO - [2024-12-04T15:15:11.849+0700] {dagbag.py:588} INFO - Filling up the DagBag from /home/dea/weather-monitoring/venv/lib/python3.10/site-packages/airflow/example_dags/example_branch_operator.py
[2024-12-04T15:15:11.884+0700] {processor.py:927} WARNING - No viable dags retrieved from /home/dea/weather-monitoring/venv/lib/python3.10/site-packages/airflow/example_dags/example_branch_operator.py
[2024-12-04T15:15:12.178+0700] {processor.py:208} INFO - Processing /home/dea/weather-monitoring/venv/lib/python3.10/site-packages/airflow/example_dags/example_branch_operator.py took 0.434 seconds
[2024-12-04T15:15:59.532+0700] {processor.py:186} INFO - Started process (PID=99541) to work on /home/dea/weather-monitoring/venv/lib/python3.10/site-packages/airflow/example_dags/example_branch_operator.py
[2024-12-04T15:15:59.552+0700] {processor.py:914} INFO - Processing file /home/dea/weather-monitoring/venv/lib/python3.10/site-packages/airflow/example_dags/example_branch_operator.py for tasks to queue
[2024-12-04T15:15:59.557+0700] {logging_mixin.py:190} INFO - [2024-12-04T15:15:59.556+0700] {dagbag.py:588} INFO - Filling up the DagBag from /home/dea/weather-monitoring/venv/lib/python3.10/site-packages/airflow/example_dags/example_branch_operator.py
[2024-12-04T15:15:59.595+0700] {processor.py:927} WARNING - No viable dags retrieved from /home/dea/weather-monitoring/venv/lib/python3.10/site-packages/airflow/example_dags/example_branch_operator.py
[2024-12-04T15:15:59.695+0700] {processor.py:208} INFO - Processing /home/dea/weather-monitoring/venv/lib/python3.10/site-packages/airflow/example_dags/example_branch_operator.py took 0.196 seconds
[2024-12-04T15:16:52.727+0700] {processor.py:186} INFO - Started process (PID=100970) to work on /home/dea/weather-monitoring/venv/lib/python3.10/site-packages/airflow/example_dags/example_branch_operator.py
[2024-12-04T15:16:52.739+0700] {processor.py:914} INFO - Processing file /home/dea/weather-monitoring/venv/lib/python3.10/site-packages/airflow/example_dags/example_branch_operator.py for tasks to queue
[2024-12-04T15:16:52.743+0700] {logging_mixin.py:190} INFO - [2024-12-04T15:16:52.743+0700] {dagbag.py:588} INFO - Filling up the DagBag from /home/dea/weather-monitoring/venv/lib/python3.10/site-packages/airflow/example_dags/example_branch_operator.py
[2024-12-04T15:16:52.781+0700] {processor.py:927} WARNING - No viable dags retrieved from /home/dea/weather-monitoring/venv/lib/python3.10/site-packages/airflow/example_dags/example_branch_operator.py
[2024-12-04T15:16:52.939+0700] {processor.py:208} INFO - Processing /home/dea/weather-monitoring/venv/lib/python3.10/site-packages/airflow/example_dags/example_branch_operator.py took 0.270 seconds
[2024-12-04T15:17:44.903+0700] {processor.py:186} INFO - Started process (PID=103092) to work on /home/dea/weather-monitoring/venv/lib/python3.10/site-packages/airflow/example_dags/example_branch_operator.py
[2024-12-04T15:17:44.937+0700] {processor.py:914} INFO - Processing file /home/dea/weather-monitoring/venv/lib/python3.10/site-packages/airflow/example_dags/example_branch_operator.py for tasks to queue
[2024-12-04T15:17:44.942+0700] {logging_mixin.py:190} INFO - [2024-12-04T15:17:44.942+0700] {dagbag.py:588} INFO - Filling up the DagBag from /home/dea/weather-monitoring/venv/lib/python3.10/site-packages/airflow/example_dags/example_branch_operator.py
[2024-12-04T15:17:45.028+0700] {processor.py:927} WARNING - No viable dags retrieved from /home/dea/weather-monitoring/venv/lib/python3.10/site-packages/airflow/example_dags/example_branch_operator.py
[2024-12-04T15:17:45.310+0700] {processor.py:208} INFO - Processing /home/dea/weather-monitoring/venv/lib/python3.10/site-packages/airflow/example_dags/example_branch_operator.py took 0.525 seconds
[2024-12-04T15:18:39.049+0700] {processor.py:186} INFO - Started process (PID=105057) to work on /home/dea/weather-monitoring/venv/lib/python3.10/site-packages/airflow/example_dags/example_branch_operator.py
[2024-12-04T15:18:39.062+0700] {processor.py:914} INFO - Processing file /home/dea/weather-monitoring/venv/lib/python3.10/site-packages/airflow/example_dags/example_branch_operator.py for tasks to queue
[2024-12-04T15:18:39.105+0700] {logging_mixin.py:190} INFO - [2024-12-04T15:18:39.092+0700] {dagbag.py:588} INFO - Filling up the DagBag from /home/dea/weather-monitoring/venv/lib/python3.10/site-packages/airflow/example_dags/example_branch_operator.py
[2024-12-04T15:18:39.207+0700] {processor.py:927} WARNING - No viable dags retrieved from /home/dea/weather-monitoring/venv/lib/python3.10/site-packages/airflow/example_dags/example_branch_operator.py
[2024-12-04T15:18:39.700+0700] {processor.py:208} INFO - Processing /home/dea/weather-monitoring/venv/lib/python3.10/site-packages/airflow/example_dags/example_branch_operator.py took 0.964 seconds
[2024-12-04T15:20:06.487+0700] {processor.py:186} INFO - Started process (PID=107384) to work on /home/dea/weather-monitoring/venv/lib/python3.10/site-packages/airflow/example_dags/example_branch_operator.py
[2024-12-04T15:20:06.511+0700] {processor.py:914} INFO - Processing file /home/dea/weather-monitoring/venv/lib/python3.10/site-packages/airflow/example_dags/example_branch_operator.py for tasks to queue
[2024-12-04T15:20:06.513+0700] {logging_mixin.py:190} INFO - [2024-12-04T15:20:06.513+0700] {dagbag.py:588} INFO - Filling up the DagBag from /home/dea/weather-monitoring/venv/lib/python3.10/site-packages/airflow/example_dags/example_branch_operator.py
[2024-12-04T15:20:06.522+0700] {processor.py:927} WARNING - No viable dags retrieved from /home/dea/weather-monitoring/venv/lib/python3.10/site-packages/airflow/example_dags/example_branch_operator.py
[2024-12-04T15:20:06.778+0700] {processor.py:208} INFO - Processing /home/dea/weather-monitoring/venv/lib/python3.10/site-packages/airflow/example_dags/example_branch_operator.py took 0.424 seconds
[2024-12-04T15:20:43.647+0700] {processor.py:186} INFO - Started process (PID=108774) to work on /home/dea/weather-monitoring/venv/lib/python3.10/site-packages/airflow/example_dags/example_branch_operator.py
[2024-12-04T15:20:43.797+0700] {processor.py:914} INFO - Processing file /home/dea/weather-monitoring/venv/lib/python3.10/site-packages/airflow/example_dags/example_branch_operator.py for tasks to queue
[2024-12-04T15:20:43.799+0700] {logging_mixin.py:190} INFO - [2024-12-04T15:20:43.799+0700] {dagbag.py:588} INFO - Filling up the DagBag from /home/dea/weather-monitoring/venv/lib/python3.10/site-packages/airflow/example_dags/example_branch_operator.py
                                                                                                                                                                                                                                                                                                                                                                                                                