[2024-12-04T13:13:37.665+0700] {processor.py:186} INFO - Started process (PID=17221) to work on /home/dea/weather-monitoring/venv/lib/python3.10/site-packages/airflow/example_dags/example_branch_operator_decorator.py
[2024-12-04T13:13:37.666+0700] {processor.py:914} INFO - Processing file /home/dea/weather-monitoring/venv/lib/python3.10/site-packages/airflow/example_dags/example_branch_operator_decorator.py for tasks to queue
[2024-12-04T13:13:37.672+0700] {logging_mixin.py:190} INFO - [2024-12-04T13:13:37.670+0700] {dagbag.py:588} INFO - Filling up the DagBag from /home/dea/weather-monitoring/venv/lib/python3.10/site-packages/airflow/example_dags/example_branch_operator_decorator.py
[2024-12-04T13:13:37.688+0700] {processor.py:927} WARNING - No viable dags retrieved from /home/dea/weather-monitoring/venv/lib/python3.10/site-packages/airflow/example_dags/example_branch_operator_decorator.py
[2024-12-04T13:13:37.714+0700] {processor.py:208} INFO - Processing /home/dea/weather-monitoring/venv/lib/python3.10/site-packages/airflow/example_dags/example_branch_operator_decorator.py took 0.060 seconds
[2024-12-04T13:32:49.959+0700] {processor.py:186} INFO - Started process (PID=30733) to work on /home/dea/weather-monitoring/venv/lib/python3.10/site-packages/airflow/example_dags/example_branch_operator_decorator.py
[2024-12-04T13:32:49.960+0700] {processor.py:914} INFO - Processing file /home/dea/weather-monitoring/venv/lib/python3.10/site-packages/airflow/example_dags/example_branch_operator_decorator.py for tasks to queue
[2024-12-04T13:32:49.963+0700] {logging_mixin.py:190} INFO - [2024-12-04T13:32:49.962+0700] {dagbag.py:588} INFO - Filling up the DagBag from /home/dea/weather-monitoring/venv/lib/python3.10/site-packages/airflow/example_dags/example_branch_operator_decorator.py
[2024-12-04T13:32:49.966+0700] {processor.py:927} WARNING - No viable dags retrieved from /home/dea/weather-monitoring/venv/lib/python3.10/site-packages/airflow/example_dags/example_branch_operator_decorator.py
[2024-12-04T13:32:49.978+0700] {processor.py:208} INFO - Processing /home/dea/weather-monitoring/venv/lib/python3.10/site-packages/airflow/example_dags/example_branch_operator_decorator.py took 0.026 seconds
[2024-12-04T13:33:46.002+0700] {processor.py:186} INFO - Started process (PID=30949) to work on /home/dea/weather-monitoring/venv/lib/python3.10/site-packages/airflow/example_dags/example_branch_operator_decorator.py
[2024-12-04T13:33:46.004+0700] {processor.py:914} INFO - Processing file /home/dea/weather-monitoring/venv/lib/python3.10/site-packages/airflow/example_dags/example_branch_operator_decorator.py for tasks to queue
[2024-12-04T13:33:46.008+0700] {logging_mixin.py:190} INFO - [2024-12-04T13:33:46.007+0700] {dagbag.py:588} INFO - Filling up the DagBag from /home/dea/weather-monitoring/venv/lib/python3.10/site-packages/airflow/example_dags/example_branch_operator_decorator.py
[2024-12-04T13:33:46.015+0700] {processor.py:927} WARNING - No viable dags retrieved from /home/dea/weather-monitoring/venv/lib/python3.10/site-packages/airflow/example_dags/example_branch_operator_decorator.py
[2024-12-04T13:33:46.029+0700] {processor.py:208} INFO - Processing /home/dea/weather-monitoring/venv/lib/python3.10/site-packages/airflow/example_dags/example_branch_operator_decorator.py took 0.042 seconds
[2024-12-04T13:34:43.816+0700] {processor.py:186} INFO - Started process (PID=31225) to work on /home/dea/weather-monitoring/venv/lib/python3.10/site-packages/airflow/example_dags/example_branch_operator_decorator.py
[2024-12-04T13:34:43.818+0700] {processor.py:914} INFO - Processing file /home/dea/weather-monitoring/venv/lib/python3.10/site-packages/airflow/example_dags/example_branch_operator_decorator.py for tasks to queue
[2024-12-04T13:34:43.824+0700] {logging_mixin.py:190} INFO - [2024-12-04T13:34:43.823+0700] {dagbag.py:588} INFO - Filling up the DagBag from /home/dea/weather-monitoring/venv/lib/python3.10/site-packages/airflow/example_dags/example_branch_operator_decorator.py
[2024-12-04T13:34:43.835+0700] {processor.py:927} WARNING - No viable dags retrieved from /home/dea/weather-monitoring/venv/lib/python3.10/site-packages/airflow/example_dags/example_branch_operator_decorator.py
[2024-12-04T13:34:43.848+0700] {processor.py:208} INFO - Processing /home/dea/weather-monitoring/venv/lib/python3.10/site-packages/airflow/example_dags/example_branch_operator_decorator.py took 0.047 seconds
[2024-12-04T14:10:26.647+0700] {processor.py:186} INFO - Started process (PID=37535) to work on /home/dea/weather-monitoring/venv/lib/python3.10/site-packages/airflow/example_dags/example_branch_operator_decorator.py
[2024-12-04T14:10:26.649+0700] {processor.py:914} INFO - Processing file /home/dea/weather-monitoring/venv/lib/python3.10/site-packages/airflow/example_dags/example_branch_operator_decorator.py for tasks to queue
[2024-12-04T14:10:26.654+0700] {logging_mixin.py:190} INFO - [2024-12-04T14:10:26.653+0700] {dagbag.py:588} INFO - Filling up the DagBag from /home/dea/weather-monitoring/venv/lib/python3.10/site-packages/airflow/example_dags/example_branch_operator_decorator.py
[2024-12-04T14:10:26.661+0700] {processor.py:927} WARNING - No viable dags retrieved from /home/dea/weather-monitoring/venv/lib/python3.10/site-packages/airflow/example_dags/example_branch_operator_decorator.py
[2024-12-04T14:10:26.679+0700] {processor.py:208} INFO - Processing /home/dea/weather-monitoring/venv/lib/python3.10/site-packages/airflow/example_dags/example_branch_operator_decorator.py took 0.045 seconds
[2024-12-04T14:11:42.220+0700] {processor.py:186} INFO - Started process (PID=38173) to work on /home/dea/weather-monitoring/venv/lib/python3.10/site-packages/airflow/example_dags/example_branch_operator_decorator.py
[2024-12-04T14:11:42.222+0700] {processor.py:914} INFO - Processing file /home/dea/weather-monitoring/venv/lib/python3.10/site-packages/airflow/example_dags/example_branch_operator_decorator.py for tasks to queue
[2024-12-04T14:11:42.227+0700] {logging_mixin.py:190} INFO - [2024-12-04T14:11:42.227+0700] {dagbag.py:588} INFO - Filling up the DagBag from /home/dea/weather-monitoring/venv/lib/python3.10/site-packages/airflow/example_dags/example_branch_operator_decorator.py
[2024-12-04T14:11:42.236+0700] {processor.py:927} WARNING - No viable dags retrieved from /home/dea/weather-monitoring/venv/lib/python3.10/site-packages/airflow/example_dags/example_branch_operator_decorator.py
[2024-12-04T14:11:42.256+0700] {processor.py:208} INFO - Processing /home/dea/weather-monitoring/venv/lib/python3.10/site-packages/airflow/example_dags/example_branch_operator_decorator.py took 0.054 seconds
[2024-12-04T14:40:34.981+0700] {processor.py:186} INFO - Started process (PID=45852) to work on /home/dea/weather-monitoring/venv/lib/python3.10/site-packages/airflow/example_dags/example_branch_operator_decorator.py
[2024-12-04T14:40:34.983+0700] {processor.py:914} INFO - Processing file /home/dea/weather-monitoring/venv/lib/python3.10/site-packages/airflow/example_dags/example_branch_operator_decorator.py for tasks to queue
[2024-12-04T14:40:34.987+0700] {logging_mixin.py:190} INFO - [2024-12-04T14:40:34.987+0700] {dagbag.py:588} INFO - Filling up the DagBag from /home/dea/weather-monitoring/venv/lib/python3.10/site-packages/airflow/example_dags/example_branch_operator_decorator.py
[2024-12-04T14:40:34.996+0700] {processor.py:927} WARNING - No viable dags retrieved from /home/dea/weather-monitoring/venv/lib/python3.10/site-packages/airflow/example_dags/example_branch_operator_decorator.py
[2024-12-04T14:40:35.039+0700] {processor.py:208} INFO - Processing /home/dea/weather-monitoring/venv/lib/python3.10/site-packages/airflow/example_dags/example_branch_operator_decorator.py took 0.071 seconds
[2024-12-04T14:41:06.114+0700] {processor.py:186} INFO - Started process (PID=45986) to work on /home/dea/weather-monitoring/venv/lib/python3.10/site-packages/airflow/example_dags/example_branch_operator_decorator.py
[2024-12-04T14:41:06.116+0700] {processor.py:914} INFO - Processing file /home/dea/weather-monitoring/venv/lib/python3.10/site-packages/airflow/example_dags/example_branch_operator_decorator.py for tasks to queue
[2024-12-04T14:41:06.123+0700] {logging_mixin.py:190} INFO - [2024-12-04T14:41:06.122+0700] {dagbag.py:588} INFO - Filling up the DagBag from /home/dea/weather-monitoring/venv/lib/python3.10/site-packages/airflow/example_dags/example_branch_operator_decorator.py
[2024-12-04T14:41:06.133+0700] {processor.py:927} WARNING - No viable dags retrieved from /home/dea/weather-monitoring/venv/lib/python3.10/site-packages/airflow/example_dags/example_branch_operator_decorator.py
[2024-12-04T14:41:06.209+0700] {processor.py:208} INFO - Processing /home/dea/weather-monitoring/venv/lib/python3.10/site-packages/airflow/example_dags/example_branch_operator_decorator.py took 0.130 seconds
[2024-12-04T14:41:37.923+0700] {processor.py:186} INFO - Started process (PID=46415) to work on /home/dea/weather-monitoring/venv/lib/python3.10/site-packages/airflow/example_dags/example_branch_operator_decorator.py
[2024-12-04T14:41:37.925+0700] {processor.py:914} INFO - Processing file /home/dea/weather-monitoring/venv/lib/python3.10/site-packages/airflow/example_dags/example_branch_operator_decorator.py for tasks to queue
[2024-12-04T14:41:37.936+0700] {logging_mixin.py:190} INFO - [2024-12-04T14:41:37.935+0700] {dagbag.py:588} INFO - Filling up the DagBag from /home/dea/weather-monitoring/venv/lib/python3.10/site-packages/airflow/example_dags/example_branch_operator_decorator.py
[2024-12-04T14:41:37.958+0700] {processor.py:927} WARNING - No viable dags retrieved from /home/dea/weather-monitoring/venv/lib/python3.10/site-packages/airflow/example_dags/example_branch_operator_decorator.py
[2024-12-04T14:41:38.046+0700] {processor.py:208} INFO - Processing /home/dea/weather-monitoring/venv/lib/python3.10/site-packages/airflow/example_dags/example_branch_operator_decorator.py took 0.147 seconds
[2024-12-04T14:42:12.135+0700] {processor.py:186} INFO - Started process (PID=46600) to work on /home/dea/weather-monitoring/venv/lib/python3.10/site-packages/airflow/example_dags/example_branch_operator_decorator.py
[2024-12-04T14:42:12.138+0700] {processor.py:914} INFO - Processing file /home/dea/weather-monitoring/venv/lib/python3.10/site-packages/airflow/example_dags/example_branch_operator_decorator.py for tasks to queue
[2024-12-04T14:42:12.147+0700] {logging_mixin.py:190} INFO - [2024-12-04T14:42:12.144+0700] {dagbag.py:588} INFO - Filling up the DagBag from /home/dea/weather-monitoring/venv/lib/python3.10/site-packages/airflow/example_dags/example_branch_operator_decorator.py
[2024-12-04T14:42:12.169+0700] {processor.py:927} WARNING - No viable dags retrieved from /home/dea/weather-monitoring/venv/lib/python3.10/site-packages/airflow/example_dags/example_branch_operator_decorator.py
[2024-12-04T14:42:12.219+0700] {processor.py:208} INFO - Processing /home/dea/weather-monitoring/venv/lib/python3.10/site-packages/airflow/example_dags/example_branch_operator_decorator.py took 0.109 seconds
[2024-12-04T14:42:42.859+0700] {processor.py:186} INFO - Started process (PID=47358) to work on /home/dea/weather-monitoring/venv/lib/python3.10/site-packages/airflow/example_dags/example_branch_operator_decorator.py
[2024-12-04T14:42:42.865+0700] {processor.py:914} INFO - Processing file /home/dea/weather-monitoring/venv/lib/python3.10/site-packages/airflow/example_dags/example_branch_operator_decorator.py for tasks to queue
[2024-12-04T14:42:42.873+0700] {logging_mixin.py:190} INFO - [2024-12-04T14:42:42.872+0700] {dagbag.py:588} INFO - Filling up the DagBag from /home/dea/weather-monitoring/venv/lib/python3.10/site-packages/airflow/example_dags/example_branch_operator_decorator.py
[2024-12-04T14:42:42.890+0700] {processor.py:927} WARNING - No viable dags retrieved from /home/dea/weather-monitoring/venv/lib/python3.10/site-packages/airflow/example_dags/example_branch_operator_decorator.py
[2024-12-04T14:42:42.953+0700] {processor.py:208} INFO - Processing /home/dea/weather-monitoring/venv/lib/python3.10/site-packages/airflow/example_dags/example_branch_operator_decorator.py took 0.116 seconds
[2024-12-04T14:43:13.468+0700] {processor.py:186} INFO - Started process (PID=47659) to work on /home/dea/weather-monitoring/venv/lib/python3.10/site-packages/airflow/example_dags/example_branch_operator_decorator.py
[2024-12-04T14:43:13.470+0700] {processor.py:914} INFO - Processing file /home/dea/weather-monitoring/venv/lib/python3.10/site-packages/airflow/example_dags/example_branch_operator_decorator.py for tasks to queue
[2024-12-04T14:43:13.478+0700] {logging_mixin.py:190} INFO - [2024-12-04T14:43:13.477+0700] {dagbag.py:588} INFO - Filling up the DagBag from /home/dea/weather-monitoring/venv/lib/python3.10/site-packages/airflow/example_dags/example_branch_operator_decorator.py
[2024-12-04T14:43:13.489+0700] {processor.py:927} WARNING - No viable dags retrieved from /home/dea/weather-monitoring/venv/lib/python3.10/site-packages/airflow/example_dags/example_branch_operator_decorator.py
[2024-12-04T14:43:13.550+0700] {processor.py:208} INFO - Processing /home/dea/weather-monitoring/venv/lib/python3.10/site-packages/airflow/example_dags/example_branch_operator_decorator.py took 0.102 seconds
[2024-12-04T14:43:43.799+0700] {processor.py:186} INFO - Started process (PID=47807) to work on /home/dea/weather-monitoring/venv/lib/python3.10/site-packages/airflow/example_dags/example_branch_operator_decorator.py
[2024-12-04T14:43:43.801+0700] {processor.py:914} INFO - Processing file /home/dea/weather-monitoring/venv/lib/python3.10/site-packages/airflow/example_dags/example_branch_operator_decorator.py for tasks to queue
[2024-12-04T14:43:43.808+0700] {logging_mixin.py:190} INFO - [2024-12-04T14:43:43.807+0700] {dagbag.py:588} INFO - Filling up the DagBag from /home/dea/weather-monitoring/venv/lib/python3.10/site-packages/airflow/example_dags/example_branch_operator_decorator.py
[2024-12-04T14:43:43.816+0700] {processor.py:927} WARNING - No viable dags retrieved from /home/dea/weather-monitoring/venv/lib/python3.10/site-packages/airflow/example_dags/example_branch_operator_decorator.py
[2024-12-04T14:43:43.870+0700] {processor.py:208} INFO - Processing /home/dea/weather-monitoring/venv/lib/python3.10/site-packages/airflow/example_dags/example_branch_operator_decorator.py took 0.090 seconds
[2024-12-04T14:44:14.143+0700] {processor.py:186} INFO - Started process (PID=47938) to work on /home/dea/weather-monitoring/venv/lib/python3.10/site-packages/airflow/example_dags/example_branch_operator_decorator.py
[2024-12-04T14:44:14.146+0700] {processor.py:914} INFO - Processing file /home/dea/weather-monitoring/venv/lib/python3.10/site-packages/airflow/example_dags/example_branch_operator_decorator.py for tasks to queue
[2024-12-04T14:44:14.156+0700] {logging_mixin.py:190} INFO - [2024-12-04T14:44:14.155+0700] {dagbag.py:588} INFO - Filling up the DagBag from /home/dea/weather-monitoring/venv/lib/python3.10/site-packages/airflow/example_dags/example_branch_operator_decorator.py
[2024-12-04T14:44:14.164+0700] {processor.py:927} WARNING - No viable dags retrieved from /home/dea/weather-monitoring/venv/lib/python3.10/site-packages/airflow/example_dags/example_branch_operator_decorator.py
[2024-12-04T14:44:14.214+0700] {processor.py:208} INFO - Processing /home/dea/weather-monitoring/venv/lib/python3.10/site-packages/airflow/example_dags/example_branch_operator_decorator.py took 0.094 seconds
[2024-12-04T14:44:45.952+0700] {processor.py:186} INFO - Started process (PID=48346) to work on /home/dea/weather-monitoring/venv/lib/python3.10/site-packages/airflow/example_dags/example_branch_operator_decorator.py
[2024-12-04T14:44:45.960+0700] {processor.py:914} INFO - Processing file /home/dea/weather-monitoring/venv/lib/python3.10/site-packages/airflow/example_dags/example_branch_operator_decorator.py for tasks to queue
[2024-12-04T14:44:45.972+0700] {logging_mixin.py:190} INFO - [2024-12-04T14:44:45.966+0700] {dagbag.py:588} INFO - Filling up the DagBag from /home/dea/weather-monitoring/venv/lib/python3.10/site-packages/airflow/example_dags/example_branch_operator_decorator.py
[2024-12-04T14:44:45.991+0700] {processor.py:927} WARNING - No viable dags retrieved from /home/dea/weather-monitoring/venv/lib/python3.10/site-packages/airflow/example_dags/example_branch_operator_decorator.py
[2024-12-04T14:44:46.108+0700] {processor.py:208} INFO - Processing /home/dea/weather-monitoring/venv/lib/python3.10/site-packages/airflow/example_dags/example_branch_operator_decorator.py took 0.175 seconds
[2024-12-04T14:45:16.659+0700] {processor.py:186} INFO - Started process (PID=49114) to work on /home/dea/weather-monitoring/venv/lib/python3.10/site-packages/airflow/example_dags/example_branch_operator_decorator.py
[2024-12-04T14:45:16.666+0700] {processor.py:914} INFO - Processing file /home/dea/weather-monitoring/venv/lib/python3.10/site-packages/airflow/example_dags/example_branch_operator_decorator.py for tasks to queue
[2024-12-04T14:45:16.687+0700] {logging_mixin.py:190} INFO - [2024-12-04T14:45:16.686+0700] {dagbag.py:588} INFO - Filling up the DagBag from /home/dea/weather-monitoring/venv/lib/python3.10/site-packages/airflow/example_dags/example_branch_operator_decorator.py
[2024-12-04T14:45:16.696+0700] {processor.py:927} WARNING - No viable dags retrieved from /home/dea/weather-monitoring/venv/lib/python3.10/site-packages/airflow/example_dags/example_branch_operator_decorator.py
[2024-12-04T14:45:16.859+0700] {processor.py:208} INFO - Processing /home/dea/weather-monitoring/venv/lib/python3.10/site-packages/airflow/example_dags/example_branch_operator_decorator.py took 0.226 seconds
[2024-12-04T14:45:47.394+0700] {processor.py:186} INFO - Started process (PID=49987) to work on /home/dea/weather-monitoring/venv/lib/python3.10/site-packages/airflow/example_dags/example_branch_operator_decorator.py
[2024-12-04T14:45:47.397+0700] {processor.py:914} INFO - Processing file /home/dea/weather-monitoring/venv/lib/python3.10/site-packages/airflow/example_dags/example_branch_operator_decorator.py for tasks to queue
[2024-12-04T14:45:47.404+0700] {logging_mixin.py:190} INFO - [2024-12-04T14:45:47.403+0700] {dagbag.py:588} INFO - Filling up the DagBag from /home/dea/weather-monitoring/venv/lib/python3.10/site-packages/airflow/example_dags/example_branch_operator_decorator.py
[2024-12-04T14:45:47.413+0700] {processor.py:927} WARNING - No viable dags retrieved from /home/dea/weather-monitoring/venv/lib/python3.10/site-packages/airflow/example_dags/example_branch_operator_decorator.py
[2024-12-04T14:45:47.489+0700] {processor.py:208} INFO - Processing /home/dea/weather-monitoring/venv/lib/python3.10/site-packages/airflow/example_dags/example_branch_operator_decorator.py took 0.115 seconds
[2024-12-04T14:46:17.661+0700] {processor.py:186} INFO - Started process (PID=50583) to work on /home/dea/weather-monitoring/venv/lib/python3.10/site-packages/airflow/example_dags/example_branch_operator_decorator.py
[2024-12-04T14:46:17.663+0700] {processor.py:914} INFO - Processing file /home/dea/weather-monitoring/venv/lib/python3.10/site-packages/airflow/example_dags/example_branch_operator_decorator.py for tasks to queue
[2024-12-04T14:46:17.670+0700] {logging_mixin.py:190} INFO - [2024-12-04T14:46:17.669+0700] {dagbag.py:588} INFO - Filling up the DagBag from /home/dea/weather-monitoring/venv/lib/python3.10/site-packages/airflow/example_dags/example_branch_operator_decorator.py
[2024-12-04T14:46:17.678+0700] {processor.py:927} WARNING - No viable dags retrieved from /home/dea/weather-monitoring/venv/lib/python3.10/site-packages/airflow/example_dags/example_branch_operator_decorator.py
[2024-12-04T14:46:17.792+0700] {processor.py:208} INFO - Processing /home/dea/weather-monitoring/venv/lib/python3.10/site-packages/airflow/example_dags/example_branch_operator_decorator.py took 0.151 seconds
[2024-12-04T14:46:47.953+0700] {processor.py:186} INFO - Started process (PID=51281) to work on /home/dea/weather-monitoring/venv/lib/python3.10/site-packages/airflow/example_dags/example_branch_operator_decorator.py
[2024-12-04T14:46:47.956+0700] {processor.py:914} INFO - Processing file /home/dea/weather-monitoring/venv/lib/python3.10/site-packages/airflow/example_dags/example_branch_operator_decorator.py for tasks to queue
[2024-12-04T14:46:47.962+0700] {logging_mixin.py:190} INFO - [2024-12-04T14:46:47.961+0700] {dagbag.py:588} INFO - Filling up the DagBag from /home/dea/weather-monitoring/venv/lib/python3.10/site-packages/airflow/example_dags/example_branch_operator_decorator.py
[2024-12-04T14:46:47.969+0700] {processor.py:927} WARNING - No viable dags retrieved from /home/dea/weather-monitoring/venv/lib/python3.10/site-packages/airflow/example_dags/example_branch_operator_decorator.py
[2024-12-04T14:46:48.052+0700] {processor.py:208} INFO - Processing /home/dea/weather-monitoring/venv/lib/python3.10/site-packages/airflow/example_dags/example_branch_operator_decorator.py took 0.114 seconds
[2024-12-04T14:47:18.800+0700] {processor.py:186} INFO - Started process (PID=51819) to work on /home/dea/weather-monitoring/venv/lib/python3.10/site-packages/airflow/example_dags/example_branch_operator_decorator.py
[2024-12-04T14:47:18.803+0700] {processor.py:914} INFO - Processing file /home/dea/weather-monitoring/venv/lib/python3.10/site-packages/airflow/example_dags/example_branch_operator_decorator.py for tasks to queue
[2024-12-04T14:47:18.810+0700] {logging_mixin.py:190} INFO - [2024-12-04T14:47:18.809+0700] {dagbag.py:588} INFO - Filling up the DagBag from /home/dea/weather-monitoring/venv/lib/python3.10/site-packages/airflow/example_dags/example_branch_operator_decorator.py
[2024-12-04T14:47:18.819+0700] {processor.py:927} WARNING - No viable dags retrieved from /home/dea/weather-monitoring/venv/lib/python3.10/site-packages/airflow/example_dags/example_branch_operator_decorator.py
[2024-12-04T14:47:18.862+0700] {processor.py:208} INFO - Processing /home/dea/weather-monitoring/venv/lib/python3.10/site-packages/airflow/example_dags/example_branch_operator_decorator.py took 0.083 seconds
[2024-12-04T14:47:49.248+0700] {processor.py:186} INFO - Started process (PID=52277) to work on /home/dea/weather-monitoring/venv/lib/python3.10/site-packages/airflow/example_dags/example_branch_operator_decorator.py
[2024-12-04T14:47:49.250+0700] {processor.py:914} INFO - Processing file /home/dea/weather-monitoring/venv/lib/python3.10/site-packages/airflow/example_dags/example_branch_operator_decorator.py for tasks to queue
[2024-12-04T14:47:49.256+0700] {logging_mixin.py:190} INFO - [2024-12-04T14:47:49.255+0700] {dagbag.py:588} INFO - Filling up the DagBag from /home/dea/weather-monitoring/venv/lib/python3.10/site-packages/airflow/example_dags/example_branch_operator_decorator.py
[2024-12-04T14:47:49.262+0700] {processor.py:927} WARNING - No viable dags retrieved from /home/dea/weather-monitoring/venv/lib/python3.10/site-packages/airflow/example_dags/example_branch_operator_decorator.py
[2024-12-04T14:47:49.318+0700] {processor.py:208} INFO - Processing /home/dea/weather-monitoring/venv/lib/python3.10/site-packages/airflow/example_dags/example_branch_operator_decorator.py took 0.086 seconds
[2024-12-04T14:48:20.070+0700] {processor.py:186} INFO - Started process (PID=52693) to work on /home/dea/weather-monitoring/venv/lib/python3.10/site-packages/airflow/example_dags/example_branch_operator_decorator.py
[2024-12-04T14:48:20.072+0700] {processor.py:914} INFO - Processing file /home/dea/weather-monitoring/venv/lib/python3.10/site-packages/airflow/example_dags/example_branch_operator_decorator.py for tasks to queue
[2024-12-04T14:48:20.078+0700] {logging_mixin.py:190} INFO - [2024-12-04T14:48:20.077+0700] {dagbag.py:588} INFO - Filling up the DagBag from /home/dea/weather-monitoring/venv/lib/python3.10/site-packages/airflow/example_dags/example_branch_operator_decorator.py
[2024-12-04T14:48:20.086+0700] {processor.py:927} WARNING - No viable dags retrieved from /home/dea/weather-monitoring/venv/lib/python3.10/site-packages/airflow/example_dags/example_branch_operator_decorator.py
[2024-12-04T14:48:20.142+0700] {processor.py:208} INFO - Processing /home/dea/weather-monitoring/venv/lib/python3.10/site-packages/airflow/example_dags/example_branch_operator_decorator.py took 0.092 seconds
[2024-12-04T14:48:50.516+0700] {processor.py:186} INFO - Started process (PID=53036) to work on /home/dea/weather-monitoring/venv/lib/python3.10/site-packages/airflow/example_dags/example_branch_operator_decorator.py
[2024-12-04T14:48:50.518+0700] {processor.py:914} INFO - Processing file /home/dea/weather-monitoring/venv/lib/python3.10/site-packages/airflow/example_dags/example_branch_operator_decorator.py for tasks to queue
[2024-12-04T14:48:50.523+0700] {logging_mixin.py:190} INFO - [2024-12-04T14:48:50.523+0700] {dagbag.py:588} INFO - Filling up the DagBag from /home/dea/weather-monitoring/venv/lib/python3.10/site-packages/airflow/example_dags/example_branch_operator_decorator.py
[2024-12-04T14:48:50.531+0700] {processor.py:927} WARNING - No viable dags retrieved from /home/dea/weather-monitoring/venv/lib/python3.10/site-packages/airflow/example_dags/example_branch_operator_decorator.py
[2024-12-04T14:48:50.590+0700] {processor.py:208} INFO - Processing /home/dea/weather-monitoring/venv/lib/python3.10/site-packages/airflow/example_dags/example_branch_operator_decorator.py took 0.090 seconds
[2024-12-04T14:49:21.515+0700] {processor.py:186} INFO - Started process (PID=53526) to work on /home/dea/weather-monitoring/venv/lib/python3.10/site-packages/airflow/example_dags/example_branch_operator_decorator.py
[2024-12-04T14:49:21.517+0700] {processor.py:914} INFO - Processing file /home/dea/weather-monitoring/venv/lib/python3.10/site-packages/airflow/example_dags/example_branch_operator_decorator.py for tasks to queue
[2024-12-04T14:49:21.524+0700] {logging_mixin.py:190} INFO - [2024-12-04T14:49:21.523+0700] {dagbag.py:588} INFO - Filling up the DagBag from /home/dea/weather-monitoring/venv/lib/python3.10/site-packages/airflow/example_dags/example_branch_operator_decorator.py
[2024-12-04T14:49:21.534+0700] {processor.py:927} WARNING - No viable dags retrieved from /home/dea/weather-monitoring/venv/lib/python3.10/site-packages/airflow/example_dags/example_branch_operator_decorator.py
[2024-12-04T14:49:21.592+0700] {processor.py:208} INFO - Processing /home/dea/weather-monitoring/venv/lib/python3.10/site-packages/airflow/example_dags/example_branch_operator_decorator.py took 0.101 seconds
[2024-12-04T14:49:53.946+0700] {processor.py:186} INFO - Started process (PID=54140) to work on /home/dea/weather-monitoring/venv/lib/python3.10/site-packages/airflow/example_dags/example_branch_operator_decorator.py
[2024-12-04T14:49:53.954+0700] {processor.py:914} INFO - Processing file /home/dea/weather-monitoring/venv/lib/python3.10/site-packages/airflow/example_dags/example_branch_operator_decorator.py for tasks to queue
[2024-12-04T14:49:53.980+0700] {logging_mixin.py:190} INFO - [2024-12-04T14:49:53.963+0700] {dagbag.py:588} INFO - Filling up the DagBag from /home/dea/weather-monitoring/venv/lib/python3.10/site-packages/airflow/example_dags/example_branch_operator_decorator.py
[2024-12-04T14:49:53.995+0700] {processor.py:927} WARNING - No viable dags retrieved from /home/dea/weather-monitoring/venv/lib/python3.10/site-packages/airflow/example_dags/example_branch_operator_decorator.py
[2024-12-04T14:49:54.099+0700] {processor.py:208} INFO - Processing /home/dea/weather-monitoring/venv/lib/python3.10/site-packages/airflow/example_dags/example_branch_operator_decorator.py took 0.190 seconds
[2024-12-04T14:50:32.853+0700] {processor.py:186} INFO - Started process (PID=55298) to work on /home/dea/weather-monitoring/venv/lib/python3.10/site-packages/airflow/example_dags/example_branch_operator_decorator.py
[2024-12-04T14:50:32.886+0700] {processor.py:914} INFO - Processing file /home/dea/weather-monitoring/venv/lib/python3.10/site-packages/airflow/example_dags/example_branch_operator_decorator.py for tasks to queue
[2024-12-04T14:50:32.908+0700] {logging_mixin.py:190} INFO - [2024-12-04T14:50:32.907+0700] {dagbag.py:588} INFO - Filling up the DagBag from /home/dea/weather-monitoring/venv/lib/python3.10/site-packages/airflow/example_dags/example_branch_operator_decorator.py
[2024-12-04T14:50:33.143+0700] {processor.py:927} WARNING - No viable dags retrieved from /home/dea/weather-monitoring/venv/lib/python3.10/site-packages/airflow/example_dags/example_branch_operator_decorator.py
[2024-12-04T14:50:33.477+0700] {processor.py:208} INFO - Processing /home/dea/weather-monitoring/venv/lib/python3.10/site-packages/airflow/example_dags/example_branch_operator_decorator.py took 0.729 seconds
[2024-12-04T14:51:05.046+0700] {processor.py:186} INFO - Started process (PID=56109) to work on /home/dea/weather-monitoring/venv/lib/python3.10/site-packages/airflow/example_dags/example_branch_operator_decorator.py
[2024-12-04T14:51:05.052+0700] {processor.py:914} INFO - Processing file /home/dea/weather-monitoring/venv/lib/python3.10/site-packages/airflow/example_dags/example_branch_operator_decorator.py for tasks to queue
[2024-12-04T14:51:05.055+0700] {logging_mixin.py:190} INFO - [2024-12-04T14:51:05.054+0700] {dagbag.py:588} INFO - Filling up the DagBag from /home/dea/weather-monitoring/venv/lib/python3.10/site-packages/airflow/example_dags/example_branch_operator_decorator.py
[2024-12-04T14:51:05.073+0700] {processor.py:927} WARNING - No viable dags retrieved from /home/dea/weather-monitoring/venv/lib/python3.10/site-packages/airflow/example_dags/example_branch_operator_decorator.py
[2024-12-04T14:51:05.167+0700] {processor.py:208} INFO - Processing /home/dea/weather-monitoring/venv/lib/python3.10/site-packages/airflow/example_dags/example_branch_operator_decorator.py took 0.143 seconds
[2024-12-04T14:51:38.672+0700] {processor.py:186} INFO - Started process (PID=57128) to work on /home/dea/weather-monitoring/venv/lib/python3.10/site-packages/airflow/example_dags/example_branch_operator_decorator.py
[2024-12-04T14:51:38.674+0700] {processor.py:914} INFO - Processing file /home/dea/weather-monitoring/venv/lib/python3.10/site-packages/airflow/example_dags/example_branch_operator_decorator.py for tasks to queue
[2024-12-04T14:51:38.678+0700] {logging_mixin.py:190} INFO - [2024-12-04T14:51:38.677+0700] {dagbag.py:588} INFO - Filling up the DagBag from /home/dea/weather-monitoring/venv/lib/python3.10/site-packages/airflow/example_dags/example_branch_operator_decorator.py
[2024-12-04T14:51:38.692+0700] {processor.py:927} WARNING - No viable dags retrieved from /home/dea/weather-monitoring/venv/lib/python3.10/site-packages/airflow/example_dags/example_branch_operator_decorator.py
[2024-12-04T14:51:38.819+0700] {processor.py:208} INFO - Processing /home/dea/weather-monitoring/venv/lib/python3.10/site-packages/airflow/example_dags/example_branch_operator_decorator.py took 0.178 seconds
[2024-12-04T14:52:09.135+0700] {processor.py:186} INFO - Started process (PID=57824) to work on /home/dea/weather-monitoring/venv/lib/python3.10/site-packages/airflow/example_dags/example_branch_operator_decorator.py
[2024-12-04T14:52:09.154+0700] {processor.py:914} INFO - Processing file /home/dea/weather-monitoring/venv/lib/python3.10/site-packages/airflow/example_dags/example_branch_operator_decorator.py for tasks to queue
[2024-12-04T14:52:09.159+0700] {logging_mixin.py:190} INFO - [2024-12-04T14:52:09.158+0700] {dagbag.py:588} INFO - Filling up the DagBag from /home/dea/weather-monitoring/venv/lib/python3.10/site-packages/airflow/example_dags/example_branch_operator_decorator.py
[2024-12-04T14:52:09.174+0700] {processor.py:927} WARNING - No viable dags retrieved from /home/dea/weather-monitoring/venv/lib/python3.10/site-packages/airflow/example_dags/example_branch_operator_decorator.py
[2024-12-04T14:52:09.261+0700] {processor.py:208} INFO - Processing /home/dea/weather-monitoring/venv/lib/python3.10/site-packages/airflow/example_dags/example_branch_operator_decorator.py took 0.186 seconds
[2024-12-04T14:52:39.579+0700] {processor.py:186} INFO - Started process (PID=58363) to work on /home/dea/weather-monitoring/venv/lib/python3.10/site-packages/airflow/example_dags/example_branch_operator_decorator.py
[2024-12-04T14:52:39.581+0700] {processor.py:914} INFO - Processing file /home/dea/weather-monitoring/venv/lib/python3.10/site-packages/airflow/example_dags/example_branch_operator_decorator.py for tasks to queue
[2024-12-04T14:52:39.586+0700] {logging_mixin.py:190} INFO - [2024-12-04T14:52:39.585+0700] {dagbag.py:588} INFO - Filling up the DagBag from /home/dea/weather-monitoring/venv/lib/python3.10/site-packages/airflow/example_dags/example_branch_operator_decorator.py
[2024-12-04T14:52:39.598+0700] {processor.py:927} WARNING - No viable dags retrieved from /home/dea/weather-monitoring/venv/lib/python3.10/site-packages/airflow/example_dags/example_branch_operator_decorator.py
[2024-12-04T14:52:39.683+0700] {processor.py:208} INFO - Processing /home/dea/weather-monitoring/venv/lib/python3.10/site-packages/airflow/example_dags/example_branch_operator_decorator.py took 0.123 seconds
[2024-12-04T14:53:12.110+0700] {processor.py:186} INFO - Started process (PID=59101) to work on /home/dea/weather-monitoring/venv/lib/python3.10/site-packages/airflow/example_dags/example_branch_operator_decorator.py
[2024-12-04T14:53:12.116+0700] {processor.py:914} INFO - Processing file /home/dea/weather-monitoring/venv/lib/python3.10/site-packages/airflow/example_dags/example_branch_operator_decorator.py for tasks to queue
[2024-12-04T14:53:12.134+0700] {logging_mixin.py:190} INFO - [2024-12-04T14:53:12.133+0700] {dagbag.py:588} INFO - Filling up the DagBag from /home/dea/weather-monitoring/venv/lib/python3.10/site-packages/airflow/example_dags/example_branch_operator_decorator.py
[2024-12-04T14:53:12.161+0700] {processor.py:927} WARNING - No viable dags retrieved from /home/dea/weather-monitoring/venv/lib/python3.10/site-packages/airflow/example_dags/example_branch_operator_decorator.py
[2024-12-04T14:53:12.412+0700] {processor.py:208} INFO - Processing /home/dea/weather-monitoring/venv/lib/python3.10/site-packages/airflow/example_dags/example_branch_operator_decorator.py took 0.380 seconds
[2024-12-04T14:53:43.576+0700] {processor.py:186} INFO - Started process (PID=59977) to work on /home/dea/weather-monitoring/venv/lib/python3.10/site-packages/airflow/example_dags/example_branch_operator_decorator.py
[2024-12-04T14:53:43.599+0700] {processor.py:914} INFO - Processing file /home/dea/weather-monitoring/venv/lib/python3.10/site-packages/airflow/example_dags/example_branch_operator_decorator.py for tasks to queue
[2024-12-04T14:53:43.611+0700] {logging_mixin.py:190} INFO - [2024-12-04T14:53:43.610+0700] {dagbag.py:588} INFO - Filling up the DagBag from /home/dea/weather-monitoring/venv/lib/python3.10/site-packages/airflow/example_dags/example_branch_operator_decorator.py
[2024-12-04T14:53:43.623+0700] {processor.py:927} WARNING - No viable dags retrieved from /home/dea/weather-monitoring/venv/lib/python3.10/site-packages/airflow/example_dags/example_branch_operator_decorator.py
[2024-12-04T14:53:43.676+0700] {processor.py:208} INFO - Processing /home/dea/weather-monitoring/venv/lib/python3.10/site-packages/airflow/example_dags/example_branch_operator_decorator.py took 0.122 seconds
[2024-12-04T14:54:19.545+0700] {processor.py:186} INFO - Started process (PID=61190) to work on /home/dea/weather-monitoring/venv/lib/python3.10/site-packages/airflow/example_dags/example_branch_operator_decorator.py
[2024-12-04T14:54:19.551+0700] {processor.py:914} INFO - Processing file /home/dea/weather-monitoring/venv/lib/python3.10/site-packages/airflow/example_dags/example_branch_operator_decorator.py for tasks to queue
[2024-12-04T14:54:19.556+0700] {logging_mixin.py:190} INFO - [2024-12-04T14:54:19.555+0700] {dagbag.py:588} INFO - Filling up the DagBag from /home/dea/weather-monitoring/venv/lib/python3.10/site-packages/airflow/example_dags/example_branch_operator_decorator.py
[2024-12-04T14:54:19.587+0700] {processor.py:927} WARNING - No viable dags retrieved from /home/dea/weather-monitoring/venv/lib/python3.10/site-packages/airflow/example_dags/example_branch_operator_decorator.py
[2024-12-04T14:54:19.698+0700] {processor.py:208} INFO - Processing /home/dea/weather-monitoring/venv/lib/python3.10/site-packages/airflow/example_dags/example_branch_operator_decorator.py took 0.171 seconds
[2024-12-04T14:54:50.331+0700] {processor.py:186} INFO - Started process (PID=61912) to work on /home/dea/weather-monitoring/venv/lib/python3.10/site-packages/airflow/example_dags/example_branch_operator_decorator.py
[2024-12-04T14:54:50.372+0700] {processor.py:914} INFO - Processing file /home/dea/weather-monitoring/venv/lib/python3.10/site-packages/airflow/example_dags/example_branch_operator_decorator.py for tasks to queue
[2024-12-04T14:54:50.379+0700] {logging_mixin.py:190} INFO - [2024-12-04T14:54:50.378+0700] {dagbag.py:588} INFO - Filling up the DagBag from /home/dea/weather-monitoring/venv/lib/python3.10/site-packages/airflow/example_dags/example_branch_operator_decorator.py
[2024-12-04T14:54:50.396+0700] {processor.py:927} WARNING - No viable dags retrieved from /home/dea/weather-monitoring/venv/lib/python3.10/site-packages/airflow/example_dags/example_branch_operator_decorator.py
[2024-12-04T14:54:50.583+0700] {processor.py:208} INFO - Processing /home/dea/weather-monitoring/venv/lib/python3.10/site-packages/airflow/example_dags/example_branch_operator_decorator.py took 0.291 seconds
[2024-12-04T14:55:24.882+0700] {processor.py:186} INFO - Started process (PID=62698) to work on /home/dea/weather-monitoring/venv/lib/python3.10/site-packages/airflow/example_dags/example_branch_operator_decorator.py
[2024-12-04T14:55:24.894+0700] {processor.py:914} INFO - Processing file /home/dea/weather-monitoring/venv/lib/python3.10/site-packages/airflow/example_dags/example_branch_operator_decorator.py for tasks to queue
[2024-12-04T14:55:24.898+0700] {logging_mixin.py:190} INFO - [2024-12-04T14:55:24.897+0700] {dagbag.py:588} INFO - Filling up the DagBag from /home/dea/weather-monitoring/venv/lib/python3.10/site-packages/airflow/example_dags/example_branch_operator_decorator.py
[2024-12-04T14:55:24.907+0700] {processor.py:927} WARNING - No viable dags retrieved from /home/dea/weather-monitoring/venv/lib/python3.10/site-packages/airflow/example_dags/example_branch_operator_decorator.py
[2024-12-04T14:55:25.096+0700] {processor.py:208} INFO - Processing /home/dea/weather-monitoring/venv/lib/python3.10/site-packages/airflow/example_dags/example_branch_operator_decorator.py took 0.251 seconds
[2024-12-04T14:55:55.632+0700] {processor.py:186} INFO - Started process (PID=63383) to work on /home/dea/weather-monitoring/venv/lib/python3.10/site-packages/airflow/example_dags/example_branch_operator_decorator.py
[2024-12-04T14:55:55.649+0700] {processor.py:914} INFO - Processing file /home/dea/weather-monitoring/venv/lib/python3.10/site-packages/airflow/example_dags/example_branch_operator_decorator.py for tasks to queue
[2024-12-04T14:55:55.657+0700] {logging_mixin.py:190} INFO - [2024-12-04T14:55:55.656+0700] {dagbag.py:588} INFO - Filling up the DagBag from /home/dea/weather-monitoring/venv/lib/python3.10/site-packages/airflow/example_dags/example_branch_operator_decorator.py
[2024-12-04T14:55:55.676+0700] {processor.py:927} WARNING - No viable dags retrieved from /home/dea/weather-monitoring/venv/lib/python3.10/site-packages/airflow/example_dags/example_branch_operator_decorator.py
[2024-12-04T14:55:55.745+0700] {processor.py:208} INFO - Processing /home/dea/weather-monitoring/venv/lib/python3.10/site-packages/airflow/example_dags/example_branch_operator_decorator.py took 0.185 seconds
[2024-12-04T14:56:26.886+0700] {processor.py:186} INFO - Started process (PID=64235) to work on /home/dea/weather-monitoring/venv/lib/python3.10/site-packages/airflow/example_dags/example_branch_operator_decorator.py
[2024-12-04T14:56:26.910+0700] {processor.py:914} INFO - Processing file /home/dea/weather-monitoring/venv/lib/python3.10/site-packages/airflow/example_dags/example_branch_operator_decorator.py for tasks to queue
[2024-12-04T14:56:26.919+0700] {logging_mixin.py:190} INFO - [2024-12-04T14:56:26.918+0700] {dagbag.py:588} INFO - Filling up the DagBag from /home/dea/weather-monitoring/venv/lib/python3.10/site-packages/airflow/example_dags/example_branch_operator_decorator.py
[2024-12-04T14:56:26.929+0700] {processor.py:927} WARNING - No viable dags retrieved from /home/dea/weather-monitoring/venv/lib/python3.10/site-packages/airflow/example_dags/example_branch_operator_decorator.py
[2024-12-04T14:56:27.031+0700] {processor.py:208} INFO - Processing /home/dea/weather-monitoring/venv/lib/python3.10/site-packages/airflow/example_dags/example_branch_operator_decorator.py took 0.227 seconds
[2024-12-04T14:56:57.239+0700] {processor.py:186} INFO - Started process (PID=64937) to work on /home/dea/weather-monitoring/venv/lib/python3.10/site-packages/airflow/example_dags/example_branch_operator_decorator.py
[2024-12-04T14:56:57.241+0700] {processor.py:914} INFO - Processing file /home/dea/weather-monitoring/venv/lib/python3.10/site-packages/airflow/example_dags/example_branch_operator_decorator.py for tasks to queue
[2024-12-04T14:56:57.243+0700] {logging_mixin.py:190} INFO - [2024-12-04T14:56:57.242+0700] {dagbag.py:588} INFO - Filling up the DagBag from /home/dea/weather-monitoring/venv/lib/python3.10/site-packages/airflow/example_dags/example_branch_operator_decorator.py
[2024-12-04T14:56:57.248+0700] {processor.py:927} WARNING - No viable dags retrieved from /home/dea/weather-monitoring/venv/lib/python3.10/site-packages/airflow/example_dags/example_branch_operator_decorator.py
[2024-12-04T14:56:57.286+0700] {processor.py:208} INFO - Processing /home/dea/weather-monitoring/venv/lib/python3.10/site-packages/airflow/example_dags/example_branch_operator_decorator.py took 0.058 seconds
[2024-12-04T14:57:28.456+0700] {processor.py:186} INFO - Started process (PID=65711) to work on /home/dea/weather-monitoring/venv/lib/python3.10/site-packages/airflow/example_dags/example_branch_operator_decorator.py
[2024-12-04T14:57:28.458+0700] {processor.py:914} INFO - Processing file /home/dea/weather-monitoring/venv/lib/python3.10/site-packages/airflow/example_dags/example_branch_operator_decorator.py for tasks to queue
[2024-12-04T14:57:28.461+0700] {logging_mixin.py:190} INFO - [2024-12-04T14:57:28.460+0700] {dagbag.py:588} INFO - Filling up the DagBag from /home/dea/weather-monitoring/venv/lib/python3.10/site-packages/airflow/example_dags/example_branch_operator_decorator.py
[2024-12-04T14:57:28.467+0700] {processor.py:927} WARNING - No viable dags retrieved from /home/dea/weather-monitoring/venv/lib/python3.10/site-packages/airflow/example_dags/example_branch_operator_decorator.py
[2024-12-04T14:57:28.513+0700] {processor.py:208} INFO - Processing /home/dea/weather-monitoring/venv/lib/python3.10/site-packages/airflow/example_dags/example_branch_operator_decorator.py took 0.071 seconds
[2024-12-04T14:57:59.216+0700] {processor.py:186} INFO - Started process (PID=66412) to work on /home/dea/weather-monitoring/venv/lib/python3.10/site-packages/airflow/example_dags/example_branch_operator_decorator.py
[2024-12-04T14:57:59.238+0700] {processor.py:914} INFO - Processing file /home/dea/weather-monitoring/venv/lib/python3.10/site-packages/airflow/example_dags/example_branch_operator_decorator.py for tasks to queue
[2024-12-04T14:57:59.240+0700] {logging_mixin.py:190} INFO - [2024-12-04T14:57:59.240+0700] {dagbag.py:588} INFO - Filling up the DagBag from /home/dea/weather-monitoring/venv/lib/python3.10/site-packages/airflow/example_dags/example_branch_operator_decorator.py
[2024-12-04T14:57:59.246+0700] {processor.py:927} WARNING - No viable dags retrieved from /home/dea/weather-monitoring/venv/lib/python3.10/site-packages/airflow/example_dags/example_branch_operator_decorator.py
[2024-12-04T14:57:59.315+0700] {processor.py:208} INFO - Processing /home/dea/weather-monitoring/venv/lib/python3.10/site-packages/airflow/example_dags/example_branch_operator_decorator.py took 0.127 seconds
[2024-12-04T14:58:29.702+0700] {processor.py:186} INFO - Started process (PID=67273) to work on /home/dea/weather-monitoring/venv/lib/python3.10/site-packages/airflow/example_dags/example_branch_operator_decorator.py
[2024-12-04T14:58:29.705+0700] {processor.py:914} INFO - Processing file /home/dea/weather-monitoring/venv/lib/python3.10/site-packages/airflow/example_dags/example_branch_operator_decorator.py for tasks to queue
[2024-12-04T14:58:29.709+0700] {logging_mixin.py:190} INFO - [2024-12-04T14:58:29.708+0700] {dagbag.py:588} INFO - Filling up the DagBag from /home/dea/weather-monitoring/venv/lib/python3.10/site-packages/airflow/example_dags/example_branch_operator_decorator.py
[2024-12-04T14:58:29.717+0700] {processor.py:927} WARNING - No viable dags retrieved from /home/dea/weather-monitoring/venv/lib/python3.10/site-packages/airflow/example_dags/example_branch_operator_decorator.py
[2024-12-04T14:58:29.762+0700] {processor.py:208} INFO - Processing /home/dea/weather-monitoring/venv/lib/python3.10/site-packages/airflow/example_dags/example_branch_operator_decorator.py took 0.083 seconds
[2024-12-04T14:59:02.914+0700] {processor.py:186} INFO - Started process (PID=68313) to work on /home/dea/weather-monitoring/venv/lib/python3.10/site-packages/airflow/example_dags/example_branch_operator_decorator.py
[2024-12-04T14:59:02.939+0700] {processor.py:914} INFO - Processing file /home/dea/weather-monitoring/venv/lib/python3.10/site-packages/airflow/example_dags/example_branch_operator_decorator.py for tasks to queue
[2024-12-04T14:59:02.942+0700] {logging_mixin.py:190} INFO - [2024-12-04T14:59:02.941+0700] {dagbag.py:588} INFO - Filling up the DagBag from /home/dea/weather-monitoring/venv/lib/python3.10/site-packages/airflow/example_dags/example_branch_operator_decorator.py
[2024-12-04T14:59:02.969+0700] {processor.py:927} WARNING - No viable dags retrieved from /home/dea/weather-monitoring/venv/lib/python3.10/site-packages/airflow/example_dags/example_branch_operator_decorator.py
[2024-12-04T14:59:03.106+0700] {processor.py:208} INFO - Processing /home/dea/weather-monitoring/venv/lib/python3.10/site-packages/airflow/example_dags/example_branch_operator_decorator.py took 0.268 seconds
[2024-12-04T14:59:35.911+0700] {processor.py:186} INFO - Started process (PID=69353) to work on /home/dea/weather-monitoring/venv/lib/python3.10/site-packages/airflow/example_dags/example_branch_operator_decorator.py
[2024-12-04T14:59:35.936+0700] {processor.py:914} INFO - Processing file /home/dea/weather-monitoring/venv/lib/python3.10/site-packages/airflow/example_dags/example_branch_operator_decorator.py for tasks to queue
[2024-12-04T14:59:35.942+0700] {logging_mixin.py:190} INFO - [2024-12-04T14:59:35.941+0700] {dagbag.py:588} INFO - Filling up the DagBag from /home/dea/weather-monitoring/venv/lib/python3.10/site-packages/airflow/example_dags/example_branch_operator_decorator.py
[2024-12-04T14:59:35.971+0700] {processor.py:927} WARNING - No viable dags retrieved from /home/dea/weather-monitoring/venv/lib/python3.10/site-packages/airflow/example_dags/example_branch_operator_decorator.py
[2024-12-04T14:59:36.077+0700] {processor.py:208} INFO - Processing /home/dea/weather-monitoring/venv/lib/python3.10/site-packages/airflow/example_dags/example_branch_operator_decorator.py took 0.205 seconds
[2024-12-04T15:00:07.410+0700] {processor.py:186} INFO - Started process (PID=70444) to work on /home/dea/weather-monitoring/venv/lib/python3.10/site-packages/airflow/example_dags/example_branch_operator_decorator.py
[2024-12-04T15:00:07.446+0700] {processor.py:914} INFO - Processing file /home/dea/weather-monitoring/venv/lib/python3.10/site-packages/airflow/example_dags/example_branch_operator_decorator.py for tasks to queue
[2024-12-04T15:00:07.450+0700] {logging_mixin.py:190} INFO - [2024-12-04T15:00:07.449+0700] {dagbag.py:588} INFO - Filling up the DagBag from /home/dea/weather-monitoring/venv/lib/python3.10/site-packages/airflow/example_dags/example_branch_operator_decorator.py
[2024-12-04T15:00:07.470+0700] {processor.py:927} WARNING - No viable dags retrieved from /home/dea/weather-monitoring/venv/lib/python3.10/site-packages/airflow/example_dags/example_branch_operator_decorator.py
[2024-12-04T15:00:07.709+0700] {processor.py:208} INFO - Processing /home/dea/weather-monitoring/venv/lib/python3.10/site-packages/airflow/example_dags/example_branch_operator_decorator.py took 0.363 seconds
[2024-12-04T15:00:39.463+0700] {processor.py:186} INFO - Started process (PID=71922) to work on /home/dea/weather-monitoring/venv/lib/python3.10/site-packages/airflow/example_dags/example_branch_operator_decorator.py
[2024-12-04T15:00:39.482+0700] {processor.py:914} INFO - Processing file /home/dea/weather-monitoring/venv/lib/python3.10/site-packages/airflow/example_dags/example_branch_operator_decorator.py for tasks to queue
[2024-12-04T15:00:39.497+0700] {logging_mixin.py:190} INFO - [2024-12-04T15:00:39.496+0700] {dagbag.py:588} INFO - Filling up the DagBag from /home/dea/weather-monitoring/venv/lib/python3.10/site-packages/airflow/example_dags/example_branch_operator_decorator.py
[2024-12-04T15:00:39.532+0700] {processor.py:927} WARNING - No viable dags retrieved from /home/dea/weather-monitoring/venv/lib/python3.10/site-packages/airflow/example_dags/example_branch_operator_decorator.py
[2024-12-04T15:00:39.687+0700] {processor.py:208} INFO - Processing /home/dea/weather-monitoring/venv/lib/python3.10/site-packages/airflow/example_dags/example_branch_operator_decorator.py took 0.296 seconds
[2024-12-04T15:01:48.403+0700] {processor.py:186} INFO - Started process (PID=73819) to work on /home/dea/weather-monitoring/venv/lib/python3.10/site-packages/airflow/example_dags/example_branch_operator_decorator.py
[2024-12-04T15:01:48.426+0700] {processor.py:914} INFO - Processing file /home/dea/weather-monitoring/venv/lib/python3.10/site-packages/airflow/example_dags/example_branch_operator_decorator.py for tasks to queue
[2024-12-04T15:01:48.431+0700] {logging_mixin.py:190} INFO - [2024-12-04T15:01:48.429+0700] {dagbag.py:588} INFO - Filling up the DagBag from /home/dea/weather-monitoring/venv/lib/python3.10/site-packages/airflow/example_dags/example_branch_operator_decorator.py
[2024-12-04T15:01:48.459+0700] {processor.py:927} WARNING - No viable dags retrieved from /home/dea/weather-monitoring/venv/lib/python3.10/site-packages/airflow/example_dags/example_branch_operator_decorator.py
[2024-12-04T15:01:48.561+0700] {processor.py:208} INFO - Processing /home/dea/weather-monitoring/venv/lib/python3.10/site-packages/airflow/example_dags/example_branch_operator_decorator.py took 0.234 seconds
[2024-12-04T15:02:20.680+0700] {processor.py:186} INFO - Started process (PID=75124) to work on /home/dea/weather-monitoring/venv/lib/python3.10/site-packages/airflow/example_dags/example_branch_operator_decorator.py
[2024-12-04T15:02:20.705+0700] {processor.py:914} INFO - Processing file /home/dea/weather-monitoring/venv/lib/python3.10/site-packages/airflow/example_dags/example_branch_operator_decorator.py for tasks to queue
[2024-12-04T15:02:20.722+0700] {logging_mixin.py:190} INFO - [2024-12-04T15:02:20.721+0700] {dagbag.py:588} INFO - Filling up the DagBag from /home/dea/weather-monitoring/venv/lib/python3.10/site-packages/airflow/example_dags/example_branch_operator_decorator.py
[2024-12-04T15:02:20.758+0700] {processor.py:927} WARNING - No viable dags retrieved from /home/dea/weather-monitoring/venv/lib/python3.10/site-packages/airflow/example_dags/example_branch_operator_decorator.py
[2024-12-04T15:02:20.906+0700] {processor.py:208} INFO - Processing /home/dea/weather-monitoring/venv/lib/python3.10/site-packages/airflow/example_dags/example_branch_operator_decorator.py took 0.332 seconds
[2024-12-04T15:02:53.233+0700] {processor.py:186} INFO - Started process (PID=76151) to work on /home/dea/weather-monitoring/venv/lib/python3.10/site-packages/airflow/example_dags/example_branch_operator_decorator.py
[2024-12-04T15:02:53.250+0700] {processor.py:914} INFO - Processing file /home/dea/weather-monitoring/venv/lib/python3.10/site-packages/airflow/example_dags/example_branch_operator_decorator.py for tasks to queue
[2024-12-04T15:02:53.252+0700] {logging_mixin.py:190} INFO - [2024-12-04T15:02:53.251+0700] {dagbag.py:588} INFO - Filling up the DagBag from /home/dea/weather-monitoring/venv/lib/python3.10/site-packages/airflow/example_dags/example_branch_operator_decorator.py
[2024-12-04T15:02:53.276+0700] {processor.py:927} WARNING - No viable dags retrieved from /home/dea/weather-monitoring/venv/lib/python3.10/site-packages/airflow/example_dags/example_branch_operator_decorator.py
[2024-12-04T15:02:53.364+0700] {processor.py:208} INFO - Processing /home/dea/weather-monitoring/venv/lib/python3.10/site-packages/airflow/example_dags/example_branch_operator_decorator.py took 0.152 seconds
[2024-12-04T15:03:25.105+0700] {processor.py:186} INFO - Started process (PID=77493) to work on /home/dea/weather-monitoring/venv/lib/python3.10/site-packages/airflow/example_dags/example_branch_operator_decorator.py
[2024-12-04T15:03:25.109+0700] {processor.py:914} INFO - Processing file /home/dea/weather-monitoring/venv/lib/python3.10/site-packages/airflow/example_dags/example_branch_operator_decorator.py for tasks to queue
[2024-12-04T15:03:25.112+0700] {logging_mixin.py:190} INFO - [2024-12-04T15:03:25.111+0700] {dagbag.py:588} INFO - Filling up the DagBag from /home/dea/weather-monitoring/venv/lib/python3.10/site-packages/airflow/example_dags/example_branch_operator_decorator.py
[2024-12-04T15:03:25.129+0700] {processor.py:927} WARNING - No viable dags retrieved from /home/dea/weather-monitoring/venv/lib/python3.10/site-packages/airflow/example_dags/example_branch_operator_decorator.py
[2024-12-04T15:03:25.215+0700] {processor.py:208} INFO - Processing /home/dea/weather-monitoring/venv/lib/python3.10/site-packages/airflow/example_dags/example_branch_operator_decorator.py took 0.154 seconds
[2024-12-04T15:03:57.291+0700] {processor.py:186} INFO - Started process (PID=78542) to work on /home/dea/weather-monitoring/venv/lib/python3.10/site-packages/airflow/example_dags/example_branch_operator_decorator.py
[2024-12-04T15:03:57.306+0700] {processor.py:914} INFO - Processing file /home/dea/weather-monitoring/venv/lib/python3.10/site-packages/airflow/example_dags/example_branch_operator_decorator.py for tasks to queue
[2024-12-04T15:03:57.328+0700] {logging_mixin.py:190} INFO - [2024-12-04T15:03:57.324+0700] {dagbag.py:588} INFO - Filling up the DagBag from /home/dea/weather-monitoring/venv/lib/python3.10/site-packages/airflow/example_dags/example_branch_operator_decorator.py
[2024-12-04T15:03:57.370+0700] {processor.py:927} WARNING - No viable dags retrieved from /home/dea/weather-monitoring/venv/lib/python3.10/site-packages/airflow/example_dags/example_branch_operator_decorator.py
[2024-12-04T15:03:57.512+0700] {processor.py:208} INFO - Processing /home/dea/weather-monitoring/venv/lib/python3.10/site-packages/airflow/example_dags/example_branch_operator_decorator.py took 0.328 seconds
[2024-12-04T15:04:28.054+0700] {processor.py:186} INFO - Started process (PID=79596) to work on /home/dea/weather-monitoring/venv/lib/python3.10/site-packages/airflow/example_dags/example_branch_operator_decorator.py
[2024-12-04T15:04:28.074+0700] {processor.py:914} INFO - Processing file /home/dea/weather-monitoring/venv/lib/python3.10/site-packages/airflow/example_dags/example_branch_operator_decorator.py for tasks to queue
[2024-12-04T15:04:28.090+0700] {logging_mixin.py:190} INFO - [2024-12-04T15:04:28.089+0700] {dagbag.py:588} INFO - Filling up the DagBag from /home/dea/weather-monitoring/venv/lib/python3.10/site-packages/airflow/example_dags/example_branch_operator_decorator.py
[2024-12-04T15:04:28.097+0700] {processor.py:927} WARNING - No viable dags retrieved from /home/dea/weather-monitoring/venv/lib/python3.10/site-packages/airflow/example_dags/example_branch_operator_decorator.py
[2024-12-04T15:04:28.258+0700] {processor.py:208} INFO - Processing /home/dea/weather-monitoring/venv/lib/python3.10/site-packages/airflow/example_dags/example_branch_operator_decorator.py took 0.275 seconds
[2024-12-04T15:05:03.760+0700] {processor.py:186} INFO - Started process (PID=80762) to work on /home/dea/weather-monitoring/venv/lib/python3.10/site-packages/airflow/example_dags/example_branch_operator_decorator.py
[2024-12-04T15:05:03.767+0700] {processor.py:914} INFO - Processing file /home/dea/weather-monitoring/venv/lib/python3.10/site-packages/airflow/example_dags/example_branch_operator_decorator.py for tasks to queue
[2024-12-04T15:05:03.769+0700] {logging_mixin.py:190} INFO - [2024-12-04T15:05:03.769+0700] {dagbag.py:588} INFO - Filling up the DagBag from /home/dea/weather-monitoring/venv/lib/python3.10/site-packages/airflow/example_dags/example_branch_operator_decorator.py
[2024-12-04T15:05:03.789+0700] {processor.py:927} WARNING - No viable dags retrieved from /home/dea/weather-monitoring/venv/lib/python3.10/site-packages/airflow/example_dags/example_branch_operator_decorator.py
[2024-12-04T15:05:03.963+0700] {processor.py:208} INFO - Processing /home/dea/weather-monitoring/venv/lib/python3.10/site-packages/airflow/example_dags/example_branch_operator_decorator.py took 0.284 seconds
[2024-12-04T15:05:43.251+0700] {processor.py:186} INFO - Started process (PID=82026) to work on /home/dea/weather-monitoring/venv/lib/python3.10/site-packages/airflow/example_dags/example_branch_operator_decorator.py
[2024-12-04T15:05:43.281+0700] {processor.py:914} INFO - Processing file /home/dea/weather-monitoring/venv/lib/python3.10/site-packages/airflow/example_dags/example_branch_operator_decorator.py for tasks to queue
[2024-12-04T15:05:43.284+0700] {logging_mixin.py:190} INFO - [2024-12-04T15:05:43.284+0700] {dagbag.py:588} INFO - Filling up the DagBag from /home/dea/weather-monitoring/venv/lib/python3.10/site-packages/airflow/example_dags/example_branch_operator_decorator.py
[2024-12-04T15:05:43.322+0700] {processor.py:927} WARNING - No viable dags retrieved from /home/dea/weather-monitoring/venv/lib/python3.10/site-packages/airflow/example_dags/example_branch_operator_decorator.py
[2024-12-04T15:05:43.615+0700] {processor.py:208} INFO - Processing /home/dea/weather-monitoring/venv/lib/python3.10/site-packages/airflow/example_dags/example_branch_operator_decorator.py took 0.553 seconds
[2024-12-04T15:06:15.215+0700] {processor.py:186} INFO - Started process (PID=82842) to work on /home/dea/weather-monitoring/venv/lib/python3.10/site-packages/airflow/example_dags/example_branch_operator_decorator.py
[2024-12-04T15:06:15.227+0700] {processor.py:914} INFO - Processing file /home/dea/weather-monitoring/venv/lib/python3.10/site-packages/airflow/example_dags/example_branch_operator_decorator.py for tasks to queue
[2024-12-04T15:06:15.230+0700] {logging_mixin.py:190} INFO - [2024-12-04T15:06:15.229+0700] {dagbag.py:588} INFO - Filling up the DagBag from /home/dea/weather-monitoring/venv/lib/python3.10/site-packages/airflow/example_dags/example_branch_operator_decorator.py
[2024-12-04T15:06:15.236+0700] {processor.py:927} WARNING - No viable dags retrieved from /home/dea/weather-monitoring/venv/lib/python3.10/site-packages/airflow/example_dags/example_branch_operator_decorator.py
[2024-12-04T15:06:15.412+0700] {processor.py:208} INFO - Processing /home/dea/weather-monitoring/venv/lib/python3.10/site-packages/airflow/example_dags/example_branch_operator_decorator.py took 0.212 seconds
[2024-12-04T15:06:46.544+0700] {processor.py:186} INFO - Started process (PID=83730) to work on /home/dea/weather-monitoring/venv/lib/python3.10/site-packages/airflow/example_dags/example_branch_operator_decorator.py
[2024-12-04T15:06:46.646+0700] {processor.py:914} INFO - Processing file /home/dea/weather-monitoring/venv/lib/python3.10/site-packages/airflow/example_dags/example_branch_operator_decorator.py for tasks to queue
[2024-12-04T15:06:46.666+0700] {logging_mixin.py:190} INFO - [2024-12-04T15:06:46.665+0700] {dagbag.py:588} INFO - Filling up the DagBag from /home/dea/weather-monitoring/venv/lib/python3.10/site-packages/airflow/example_dags/example_branch_operator_decorator.py
[2024-12-04T15:06:46.703+0700] {processor.py:927} WARNING - No viable dags retrieved from /home/dea/weather-monitoring/venv/lib/python3.10/site-packages/airflow/example_dags/example_branch_operator_decorator.py
[2024-12-04T15:06:46.919+0700] {processor.py:208} INFO - Processing /home/dea/weather-monitoring/venv/lib/python3.10/site-packages/airflow/example_dags/example_branch_operator_decorator.py took 0.442 seconds
[2024-12-04T15:07:17.842+0700] {processor.py:186} INFO - Started process (PID=84605) to work on /home/dea/weather-monitoring/venv/lib/python3.10/site-packages/airflow/example_dags/example_branch_operator_decorator.py
[2024-12-04T15:07:17.862+0700] {processor.py:914} INFO - Processing file /home/dea/weather-monitoring/venv/lib/python3.10/site-packages/airflow/example_dags/example_branch_operator_decorator.py for tasks to queue
[2024-12-04T15:07:17.883+0700] {logging_mixin.py:190} INFO - [2024-12-04T15:07:17.881+0700] {dagbag.py:588} INFO - Filling up the DagBag from /home/dea/weather-monitoring/venv/lib/python3.10/site-packages/airflow/example_dags/example_branch_operator_decorator.py
[2024-12-04T15:07:17.941+0700] {processor.py:927} WARNING - No viable dags retrieved from /home/dea/weather-monitoring/venv/lib/python3.10/site-packages/airflow/example_dags/example_branch_operator_decorator.py
[2024-12-04T15:07:18.121+0700] {processor.py:208} INFO - Processing /home/dea/weather-monitoring/venv/lib/python3.10/site-packages/airflow/example_dags/example_branch_operator_decorator.py took 0.349 seconds
[2024-12-04T15:07:49.584+0700] {processor.py:186} INFO - Started process (PID=85477) to work on /home/dea/weather-monitoring/venv/lib/python3.10/site-packages/airflow/example_dags/example_branch_operator_decorator.py
[2024-12-04T15:07:49.586+0700] {processor.py:914} INFO - Processing file /home/dea/weather-monitoring/venv/lib/python3.10/site-packages/airflow/example_dags/example_branch_operator_decorator.py for tasks to queue
[2024-12-04T15:07:49.590+0700] {logging_mixin.py:190} INFO - [2024-12-04T15:07:49.589+0700] {dagbag.py:588} INFO - Filling up the DagBag from /home/dea/weather-monitoring/venv/lib/python3.10/site-packages/airflow/example_dags/example_branch_operator_decorator.py
[2024-12-04T15:07:49.606+0700] {processor.py:927} WARNING - No viable dags retrieved from /home/dea/weather-monitoring/venv/lib/python3.10/site-packages/airflow/example_dags/example_branch_operator_decorator.py
[2024-12-04T15:07:49.701+0700] {processor.py:208} INFO - Processing /home/dea/weather-monitoring/venv/lib/python3.10/site-packages/airflow/example_dags/example_branch_operator_decorator.py took 0.140 seconds
[2024-12-04T15:08:23.018+0700] {processor.py:186} INFO - Started process (PID=86343) to work on /home/dea/weather-monitoring/venv/lib/python3.10/site-packages/airflow/example_dags/example_branch_operator_decorator.py
[2024-12-04T15:08:23.022+0700] {processor.py:914} INFO - Processing file /home/dea/weather-monitoring/venv/lib/python3.10/site-packages/airflow/example_dags/example_branch_operator_decorator.py for tasks to queue
[2024-12-04T15:08:23.025+0700] {logging_mixin.py:190} INFO - [2024-12-04T15:08:23.024+0700] {dagbag.py:588} INFO - Filling up the DagBag from /home/dea/weather-monitoring/venv/lib/python3.10/site-packages/airflow/example_dags/example_branch_operator_decorator.py
[2024-12-04T15:08:23.047+0700] {processor.py:927} WARNING - No viable dags retrieved from /home/dea/weather-monitoring/venv/lib/python3.10/site-packages/airflow/example_dags/example_branch_operator_decorator.py
[2024-12-04T15:08:23.168+0700] {processor.py:208} INFO - Processing /home/dea/weather-monitoring/venv/lib/python3.10/site-packages/airflow/example_dags/example_branch_operator_decorator.py took 0.355 seconds
[2024-12-04T15:08:53.986+0700] {processor.py:186} INFO - Started process (PID=87158) to work on /home/dea/weather-monitoring/venv/lib/python3.10/site-packages/airflow/example_dags/example_branch_operator_decorator.py
[2024-12-04T15:08:53.994+0700] {processor.py:914} INFO - Processing file /home/dea/weather-monitoring/venv/lib/python3.10/site-packages/airflow/example_dags/example_branch_operator_decorator.py for tasks to queue
[2024-12-04T15:08:53.996+0700] {logging_mixin.py:190} INFO - [2024-12-04T15:08:53.996+0700] {dagbag.py:588} INFO - Filling up the DagBag from /home/dea/weather-monitoring/venv/lib/python3.10/site-packages/airflow/example_dags/example_branch_operator_decorator.py
[2024-12-04T15:08:54.010+0700] {processor.py:927} WARNING - No viable dags retrieved from /home/dea/weather-monitoring/venv/lib/python3.10/site-packages/airflow/example_dags/example_branch_operator_decorator.py
[2024-12-04T15:08:54.171+0700] {processor.py:208} INFO - Processing /home/dea/weather-monitoring/venv/lib/python3.10/site-packages/airflow/example_dags/example_branch_operator_decorator.py took 0.205 seconds
[2024-12-04T15:09:24.665+0700] {processor.py:186} INFO - Started process (PID=87981) to work on /home/dea/weather-monitoring/venv/lib/python3.10/site-packages/airflow/example_dags/example_branch_operator_decorator.py
[2024-12-04T15:09:24.668+0700] {processor.py:914} INFO - Processing file /home/dea/weather-monitoring/venv/lib/python3.10/site-packages/airflow/example_dags/example_branch_operator_decorator.py for tasks to queue
[2024-12-04T15:09:24.674+0700] {logging_mixin.py:190} INFO - [2024-12-04T15:09:24.673+0700] {dagbag.py:588} INFO - Filling up the DagBag from /home/dea/weather-monitoring/venv/lib/python3.10/site-packages/airflow/example_dags/example_branch_operator_decorator.py
[2024-12-04T15:09:24.681+0700] {processor.py:927} WARNING - No viable dags retrieved from /home/dea/weather-monitoring/venv/lib/python3.10/site-packages/airflow/example_dags/example_branch_operator_decorator.py
[2024-12-04T15:09:24.893+0700] {processor.py:208} INFO - Processing /home/dea/weather-monitoring/venv/lib/python3.10/site-packages/airflow/example_dags/example_branch_operator_decorator.py took 0.257 seconds
[2024-12-04T15:09:56.856+0700] {processor.py:186} INFO - Started process (PID=88911) to work on /home/dea/weather-monitoring/venv/lib/python3.10/site-packages/airflow/example_dags/example_branch_operator_decorator.py
[2024-12-04T15:09:56.867+0700] {processor.py:914} INFO - Processing file /home/dea/weather-monitoring/venv/lib/python3.10/site-packages/airflow/example_dags/example_branch_operator_decorator.py for tasks to queue
[2024-12-04T15:09:56.870+0700] {logging_mixin.py:190} INFO - [2024-12-04T15:09:56.869+0700] {dagbag.py:588} INFO - Filling up the DagBag from /home/dea/weather-monitoring/venv/lib/python3.10/site-packages/airflow/example_dags/example_branch_operator_decorator.py
[2024-12-04T15:09:56.876+0700] {processor.py:927} WARNING - No viable dags retrieved from /home/dea/weather-monitoring/venv/lib/python3.10/site-packages/airflow/example_dags/example_branch_operator_decorator.py
[2024-12-04T15:09:56.941+0700] {processor.py:208} INFO - Processing /home/dea/weather-monitoring/venv/lib/python3.10/site-packages/airflow/example_dags/example_branch_operator_decorator.py took 0.125 seconds
[2024-12-04T15:10:35.170+0700] {processor.py:186} INFO - Started process (PID=89869) to work on /home/dea/weather-monitoring/venv/lib/python3.10/site-packages/airflow/example_dags/example_branch_operator_decorator.py
[2024-12-04T15:10:35.182+0700] {processor.py:914} INFO - Processing file /home/dea/weather-monitoring/venv/lib/python3.10/site-packages/airflow/example_dags/example_branch_operator_decorator.py for tasks to queue
[2024-12-04T15:10:35.184+0700] {logging_mixin.py:190} INFO - [2024-12-04T15:10:35.184+0700] {dagbag.py:588} INFO - Filling up the DagBag from /home/dea/weather-monitoring/venv/lib/python3.10/site-packages/airflow/example_dags/example_branch_operator_decorator.py
[2024-12-04T15:10:35.215+0700] {processor.py:927} WARNING - No viable dags retrieved from /home/dea/weather-monitoring/venv/lib/python3.10/site-packages/airflow/example_dags/example_branch_operator_decorator.py
[2024-12-04T15:10:35.322+0700] {processor.py:208} INFO - Processing /home/dea/weather-monitoring/venv/lib/python3.10/site-packages/airflow/example_dags/example_branch_operator_decorator.py took 0.234 seconds
[2024-12-04T15:11:12.060+0700] {processor.py:186} INFO - Started process (PID=90815) to work on /home/dea/weather-monitoring/venv/lib/python3.10/site-packages/airflow/example_dags/example_branch_operator_decorator.py
[2024-12-04T15:11:12.102+0700] {processor.py:914} INFO - Processing file /home/dea/weather-monitoring/venv/lib/python3.10/site-packages/airflow/example_dags/example_branch_operator_decorator.py for tasks to queue
[2024-12-04T15:11:12.143+0700] {logging_mixin.py:190} INFO - [2024-12-04T15:11:12.105+0700] {dagbag.py:588} INFO - Filling up the DagBag from /home/dea/weather-monitoring/venv/lib/python3.10/site-packages/airflow/example_dags/example_branch_operator_decorator.py
[2024-12-04T15:11:12.282+0700] {processor.py:927} WARNING - No viable dags retrieved from /home/dea/weather-monitoring/venv/lib/python3.10/site-packages/airflow/example_dags/example_branch_operator_decorator.py
[2024-12-04T15:11:12.409+0700] {processor.py:208} INFO - Processing /home/dea/weather-monitoring/venv/lib/python3.10/site-packages/airflow/example_dags/example_branch_operator_decorator.py took 0.499 seconds
[2024-12-04T15:12:01.968+0700] {processor.py:186} INFO - Started process (PID=92255) to work on /home/dea/weather-monitoring/venv/lib/python3.10/site-packages/airflow/example_dags/example_branch_operator_decorator.py
[2024-12-04T15:12:01.975+0700] {processor.py:914} INFO - Processing file /home/dea/weather-monitoring/venv/lib/python3.10/site-packages/airflow/example_dags/example_branch_operator_decorator.py for tasks to queue
[2024-12-04T15:12:01.978+0700] {logging_mixin.py:190} INFO - [2024-12-04T15:12:01.977+0700] {dagbag.py:588} INFO - Filling up the DagBag from /home/dea/weather-monitoring/venv/lib/python3.10/site-packages/airflow/example_dags/example_branch_operator_decorator.py
[2024-12-04T15:12:02.058+0700] {processor.py:927} WARNING - No viable dags retrieved from /home/dea/weather-monitoring/venv/lib/python3.10/site-packages/airflow/example_dags/example_branch_operator_decorator.py
[2024-12-04T15:12:02.678+0700] {processor.py:208} INFO - Processing /home/dea/weather-monitoring/venv/lib/python3.10/site-packages/airflow/example_dags/example_branch_operator_decorator.py took 0.811 seconds
[2024-12-04T15:12:44.966+0700] {processor.py:186} INFO - Started process (PID=93580) to work on /home/dea/weather-monitoring/venv/lib/python3.10/site-packages/airflow/example_dags/example_branch_operator_decorator.py
[2024-12-04T15:12:44.992+0700] {processor.py:914} INFO - Processing file /home/dea/weather-monitoring/venv/lib/python3.10/site-packages/airflow/example_dags/example_branch_operator_decorator.py for tasks to queue
[2024-12-04T15:12:45.022+0700] {logging_mixin.py:190} INFO - [2024-12-04T15:12:45.017+0700] {dagbag.py:588} INFO - Filling up the DagBag from /home/dea/weather-monitoring/venv/lib/python3.10/site-packages/airflow/example_dags/example_branch_operator_decorator.py
[2024-12-04T15:12:45.089+0700] {processor.py:927} WARNING - No viable dags retrieved from /home/dea/weather-monitoring/venv/lib/python3.10/site-packages/airflow/example_dags/example_branch_operator_decorator.py
[2024-12-04T15:12:45.332+0700] {processor.py:208} INFO - Processing /home/dea/weather-monitoring/venv/lib/python3.10/site-packages/airflow/example_dags/example_branch_operator_decorator.py took 0.543 seconds
[2024-12-04T15:13:21.043+0700] {processor.py:186} INFO - Started process (PID=94723) to work on /home/dea/weather-monitoring/venv/lib/python3.10/site-packages/airflow/example_dags/example_branch_operator_decorator.py
[2024-12-04T15:13:21.065+0700] {processor.py:914} INFO - Processing file /home/dea/weather-monitoring/venv/lib/python3.10/site-packages/airflow/example_dags/example_branch_operator_decorator.py for tasks to queue
[2024-12-04T15:13:21.077+0700] {logging_mixin.py:190} INFO - [2024-12-04T15:13:21.077+0700] {dagbag.py:588} INFO - Filling up the DagBag from /home/dea/weather-monitoring/venv/lib/python3.10/site-packages/airflow/example_dags/example_branch_operator_decorator.py
[2024-12-04T15:13:21.142+0700] {processor.py:927} WARNING - No viable dags retrieved from /home/dea/weather-monitoring/venv/lib/python3.10/site-packages/airflow/example_dags/example_branch_operator_decorator.py
[2024-12-04T15:13:21.402+0700] {processor.py:208} INFO - Processing /home/dea/weather-monitoring/venv/lib/python3.10/site-packages/airflow/example_dags/example_branch_operator_decorator.py took 0.526 seconds
[2024-12-04T15:13:52.779+0700] {processor.py:186} INFO - Started process (PID=95599) to work on /home/dea/weather-monitoring/venv/lib/python3.10/site-packages/airflow/example_dags/example_branch_operator_decorator.py
[2024-12-04T15:13:52.787+0700] {processor.py:914} INFO - Processing file /home/dea/weather-monitoring/venv/lib/python3.10/site-packages/airflow/example_dags/example_branch_operator_decorator.py for tasks to queue
[2024-12-04T15:13:52.801+0700] {logging_mixin.py:190} INFO - [2024-12-04T15:13:52.800+0700] {dagbag.py:588} INFO - Filling up the DagBag from /home/dea/weather-monitoring/venv/lib/python3.10/site-packages/airflow/example_dags/example_branch_operator_decorator.py
[2024-12-04T15:13:52.818+0700] {processor.py:927} WARNING - No viable dags retrieved from /home/dea/weather-monitoring/venv/lib/python3.10/site-packages/airflow/example_dags/example_branch_operator_decorator.py
[2024-12-04T15:13:52.976+0700] {processor.py:208} INFO - Processing /home/dea/weather-monitoring/venv/lib/python3.10/site-packages/airflow/example_dags/example_branch_operator_decorator.py took 0.264 seconds
[2024-12-04T15:14:32.622+0700] {processor.py:186} INFO - Started process (PID=96938) to work on /home/dea/weather-monitoring/venv/lib/python3.10/site-packages/airflow/example_dags/example_branch_operator_decorator.py
[2024-12-04T15:14:32.638+0700] {processor.py:914} INFO - Processing file /home/dea/weather-monitoring/venv/lib/python3.10/site-packages/airflow/example_dags/example_branch_operator_decorator.py for tasks to queue
[2024-12-04T15:14:32.644+0700] {logging_mixin.py:190} INFO - [2024-12-04T15:14:32.643+0700] {dagbag.py:588} INFO - Filling up the DagBag from /home/dea/weather-monitoring/venv/lib/python3.10/site-packages/airflow/example_dags/example_branch_operator_decorator.py
[2024-12-04T15:14:32.698+0700] {processor.py:927} WARNING - No viable dags retrieved from /home/dea/weather-monitoring/venv/lib/python3.10/site-packages/airflow/example_dags/example_branch_operator_decorator.py
[2024-12-04T15:14:32.874+0700] {processor.py:208} INFO - Processing /home/dea/weather-monitoring/venv/lib/python3.10/site-packages/airflow/example_dags/example_branch_operator_decorator.py took 0.336 seconds
[2024-12-04T15:15:16.152+0700] {processor.py:186} INFO - Started process (PID=98572) to work on /home/dea/weather-monitoring/venv/lib/python3.10/site-packages/airflow/example_dags/example_branch_operator_decorator.py
[2024-12-04T15:15:16.158+0700] {processor.py:914} INFO - Processing file /home/dea/weather-monitoring/venv/lib/python3.10/site-packages/airflow/example_dags/example_branch_operator_decorator.py for tasks to queue
[2024-12-04T15:15:16.173+0700] {logging_mixin.py:190} INFO - [2024-12-04T15:15:16.160+0700] {dagbag.py:588} INFO - Filling up the DagBag from /home/dea/weather-monitoring/venv/lib/python3.10/site-packages/airflow/example_dags/example_branch_operator_decorator.py
[2024-12-04T15:15:16.179+0700] {processor.py:927} WARNING - No viable dags retrieved from /home/dea/weather-monitoring/venv/lib/python3.10/site-packages/airflow/example_dags/example_branch_operator_decorator.py
[2024-12-04T15:15:16.243+0700] {processor.py:208} INFO - Processing /home/dea/weather-monitoring/venv/lib/python3.10/site-packages/airflow/example_dags/example_branch_operator_decorator.py took 0.114 seconds
[2024-12-04T15:16:13.768+0700] {processor.py:186} INFO - Started process (PID=99922) to work on /home/dea/weather-monitoring/venv/lib/python3.10/site-packages/airflow/example_dags/example_branch_operator_decorator.py
[2024-12-04T15:16:13.806+0700] {processor.py:914} INFO - Processing file /home/dea/weather-monitoring/venv/lib/python3.10/site-packages/airflow/example_dags/example_branch_operator_decorator.py for tasks to queue
[2024-12-04T15:16:13.829+0700] {logging_mixin.py:190} INFO - [2024-12-04T15:16:13.808+0700] {dagbag.py:588} INFO - Filling up the DagBag from /home/dea/weather-monitoring/venv/lib/python3.10/site-packages/airflow/example_dags/example_branch_operator_decorator.py
[2024-12-04T15:16:13.887+0700] {processor.py:927} WARNING - No viable dags retrieved from /home/dea/weather-monitoring/venv/lib/python3.10/site-packages/airflow/example_dags/example_branch_operator_decorator.py
[2024-12-04T15:16:14.266+0700] {processor.py:208} INFO - Processing /home/dea/weather-monitoring/venv/lib/python3.10/site-packages/airflow/example_dags/example_branch_operator_decorator.py took 0.592 seconds
[2024-12-04T15:17:03.382+0700] {processor.py:186} INFO - Started process (PID=101508) to work on /home/dea/weather-monitoring/venv/lib/python3.10/site-packages/airflow/example_dags/example_branch_operator_decorator.py
[2024-12-04T15:17:03.392+0700] {processor.py:914} INFO - Processing file /home/dea/weather-monitoring/venv/lib/python3.10/site-packages/airflow/example_dags/example_branch_operator_decorator.py for tasks to queue
[2024-12-04T15:17:03.395+0700] {logging_mixin.py:190} INFO - [2024-12-04T15:17:03.394+0700] {dagbag.py:588} INFO - Filling up the DagBag from /home/dea/weather-monitoring/venv/lib/python3.10/site-packages/airflow/example_dags/example_branch_operator_decorator.py
[2024-12-04T15:17:03.435+0700] {processor.py:927} WARNING - No viable dags retrieved from /home/dea/weather-monitoring/venv/lib/python3.10/site-packages/airflow/example_dags/example_branch_operator_decorator.py
[2024-12-04T15:17:03.702+0700] {processor.py:208} INFO - Processing /home/dea/weather-monitoring/venv/lib/python3.10/site-packages/airflow/example_dags/example_branch_operator_decorator.py took 0.444 seconds
[2024-12-04T15:17:54.226+0700] {processor.py:186} INFO - Started process (PID=103334) to work on /home/dea/weather-monitoring/venv/lib/python3.10/site-packages/airflow/example_dags/example_branch_operator_decorator.py
[2024-12-04T15:17:54.238+0700] {processor.py:914} INFO - Processing file /home/dea/weather-monitoring/venv/lib/python3.10/site-packages/airflow/example_dags/example_branch_operator_decorator.py for tasks to queue
[2024-12-04T15:17:54.248+0700] {logging_mixin.py:190} INFO - [2024-12-04T15:17:54.248+0700] {dagbag.py:588} INFO - Filling up the DagBag from /home/dea/weather-monitoring/venv/lib/python3.10/site-packages/airflow/example_dags/example_branch_operator_decorator.py
[2024-12-04T15:17:54.321+0700] {processor.py:927} WARNING - No viable dags retrieved from /home/dea/weather-monitoring/venv/lib/python3.10/site-packages/airflow/example_dags/example_branch_operator_decorator.py
[2024-12-04T15:17:54.730+0700] {processor.py:208} INFO - Processing /home/dea/weather-monitoring/venv/lib/python3.10/site-packages/airflow/example_dags/example_branch_operator_decorator.py took 0.617 seconds
[2024-12-04T15:18:58.086+0700] {processor.py:186} INFO - Started process (PID=105598) to work on /home/dea/weather-monitoring/venv/lib/python3.10/site-packages/airflow/example_dags/example_branch_operator_decorator.py
[2024-12-04T15:18:58.094+0700] {processor.py:914} INFO - Processing file /home/dea/weather-monitoring/venv/lib/python3.10/site-packages/airflow/example_dags/example_branch_operator_decorator.py for tasks to queue
[2024-12-04T15:18:58.097+0700] {logging_mixin.py:190} INFO - [2024-12-04T15:18:58.096+0700] {dagbag.py:588} INFO - Filling up the DagBag from /home/dea/weather-monitoring/venv/lib/python3.10/site-packages/airflow/example_dags/example_branch_operator_decorator.py
[2024-12-04T15:18:58.123+0700] {processor.py:927} WARNING - No viable dags retrieved from /home/dea/weather-monitoring/venv/lib/python3.10/site-packages/airflow/example_dags/example_branch_operator_decorator.py
[2024-12-04T15:18:58.461+0700] {processor.py:208} INFO - Processing /home/dea/weather-monitoring/venv/lib/python3.10/site-packages/airflow/example_dags/example_branch_operator_decorator.py took 0.538 seconds
[2024-12-04T15:20:11.015+0700] {processor.py:186} INFO - Started process (PID=107619) to work on /home/dea/weather-monitoring/venv/lib/python3.10/site-packages/airflow/example_dags/example_branch_operator_decorator.py
[2024-12-04T15:20:11.029+0700] {processor.py:914} INFO - Processing file /home/dea/weather-monitoring/venv/lib/python3.10/site-packages/airflow/example_dags/example_branch_operator_decorator.py for tasks to queue
[2024-12-04T15:20:11.032+0700] {logging_mixin.py:190} INFO - [2024-12-04T15:20:11.031+0700] {dagbag.py:588} INFO - Filling up the DagBag from /home/dea/weather-monitoring/venv/lib/python3.10/site-packages/airflow/example_dags/example_branch_operator_decorator.py
[2024-12-04T15:20:11.086+0700] {processor.py:927} WARNING - No viable dags retrieved from /home/dea/weather-monitoring/venv/lib/python3.10/site-packages/airflow/example_dags/example_branch_operator_decorator.py
[2024-12-04T15:20:11.274+0700] {processor.py:208} INFO - Processing /home/dea/weather-monitoring/venv/lib/python3.10/site-packages/airflow/example_dags/example_branch_operator_decorator.py took 0.377 seconds
